date==dltp3l=2022-01-05
day industry code name turnover_ratio pe_ratio industry_cnt inc_revenue_year_rank inc_revenue_annual_rank cfo_sales_rank leverage_ratio_rank
dltp2022-01-05 000004 18.18 2021-12-06 19.53 2021-12-22 18.78 2021-12-27 21.99 2022-01-05 2
dltp2022-01-05 000088 5.1 2021-11-29 5.41 2021-12-03 5.25 2021-12-27 5.39 2022-01-05 2
dltp2022-01-05 000158 6.75 2021-12-20 7.21 2021-12-24 6.88 2021-12-29 7.22 2022-01-04 2
dltp2022-01-05 000506 3.14 2021-12-27 3.33 2021-12-29 3.21 2021-12-31 3.53 2022-01-04 2
dltp2022-01-05 000507 6.07 2021-11-08 6.7 2021-12-21 6.39 2021-12-24 6.58 2022-01-05 2
dltp2022-01-05 000520 3.22 2021-11-10 3.47 2021-12-06 3.35 2021-12-14 3.58 2022-01-05 3
dltp2022-01-05 000629 3.4 2021-11-16 3.94 2021-12-14 3.52 2021-12-29 4.3 2022-01-05 3
dltp2022-01-05 000651 35.25 2021-12-20 35.93 2021-12-22 35.6 2021-12-24 39.05 2022-01-05 2
dltp2022-01-05 000719 7.12 2021-12-06 7.53 2021-12-20 7.25 2021-12-29 8.43 2022-01-05 3
dltp2022-01-05 000789 11.15 2021-11-29 12.5 2021-12-21 12.15 2021-12-29 12.87 2022-01-05 2
dltp2022-01-05 000793 2.27 2021-10-28 2.7 2021-11-16 2.36 2021-12-06 2.98 2022-01-04 3
dltp2022-01-05 000796 7.11 2021-12-07 7.38 2021-12-22 7.24 2021-12-23 8.29 2022-01-05 2
dltp2022-01-05 000833 6.36 2021-12-20 6.71 2021-12-22 6.39 2021-12-24 7.01 2022-01-04 3
dltp2022-01-05 000839 2.36 2021-12-07 2.57 2021-12-21 2.4 2021-12-29 2.78 2022-01-04 3
dltp2022-01-05 000848 10.15 2021-12-06 11.46 2021-12-14 10.55 2021-12-20 11.94 2022-01-04 3
dltp2022-01-05 000869 30.83 2021-11-30 33.03 2021-12-24 31.8 2021-12-30 33.37 2022-01-04 2
dltp2022-01-05 000876 14.18 2021-12-16 15.02 2021-12-23 14.52 2021-12-30 17.1 2022-01-05 3
dltp2022-01-05 000885 10.27 2021-12-20 10.69 2021-12-22 10.36 2021-12-28 11.2 2022-01-05 3
dltp2022-01-05 000888 5.91 2021-11-02 6.28 2021-11-23 5.93 2021-11-29 6.99 2022-01-04 3
dltp2022-01-05 000895 29.65 2021-12-06 31.65 2021-12-13 30.11 2021-12-17 33.38 2022-01-05 2
dltp2022-01-05 000970 10.9 2021-10-28 15.8 2021-11-29 13.03 2021-12-24 16.35 2022-01-04 3
dltp2022-01-05 001201 36.3 2021-11-30 37.13 2021-12-03 36.52 2021-12-06 39.75 2022-01-04 2
dltp2022-01-05 002040 5.71 2021-10-27 5.97 2021-11-23 5.82 2021-11-29 6.38 2022-01-05 3
dltp2022-01-05 002054 8.92 2021-12-07 9.17 2021-12-13 8.99 2021-12-20 9.81 2022-01-05 1
dltp2022-01-05 002066 8.88 2021-10-28 10.81 2021-12-21 10.24 2021-12-24 11.38 2022-01-05 3
dltp2022-01-05 002103 4.33 2021-12-07 4.89 2021-12-16 4.56 2021-12-29 5.09 2022-01-05 3
dltp2022-01-05 002105 8.99 2021-10-28 10.37 2021-11-22 9.04 2021-12-09 10.99 2022-01-04 3
dltp2022-01-05 002124 6.08 2021-12-17 6.52 2021-12-24 6.28 2021-12-29 6.85 2022-01-04 3
dltp2022-01-05 002131 2.35 2021-12-06 2.55 2021-12-22 2.39 2021-12-29 2.65 2022-01-05 3
dltp2022-01-05 002154 4.71 2021-12-20 5.17 2021-12-28 4.95 2021-12-30 5.7 2022-01-05 2
dltp2022-01-05 002157 9.03 2021-12-20 9.6 2021-12-27 9.41 2021-12-30 10.39 2022-01-05 3
dltp2022-01-05 002177 6.33 2021-12-24 6.54 2021-12-28 6.42 2021-12-29 7.37 2022-01-05 3
dltp2022-01-05 002324 13.05 2021-12-24 13.33 2021-12-29 13.3 2021-12-30 14.31 2022-01-05 3
dltp2022-01-05 002353 38.91 2021-12-21 40.25 2021-12-24 39.43 2021-12-27 41.37 2022-01-05 1
dltp2022-01-05 002366 4.02 2021-11-18 4.96 2021-12-01 4.41 2021-12-07 5.31 2021-12-21 2
dltp2022-01-05 002404 5.59 2021-12-24 5.68 2021-12-28 5.66 2021-12-29 6 2022-01-05 2
dltp2022-01-05 002417 4.09 2021-10-28 4.96 2021-11-17 4.64 2021-12-08 5.62 2022-01-05 2
dltp2022-01-05 002447 1.76 2021-11-04 1.92 2021-11-12 1.8 2021-11-26 2.06 2022-01-05 3
dltp2022-01-05 002457 7.37 2021-10-28 7.74 2021-11-23 7.51 2021-11-29 8.71 2022-01-05 2
dltp2022-01-05 002470 2.66 2021-12-20 2.81 2021-12-22 2.68 2021-12-24 3.16 2022-01-04 3
dltp2022-01-05 002473 9.75 2021-12-07 13.07 2021-12-21 11.15 2021-12-29 13.2 2022-01-05 1
dltp2022-01-05 002476 4.39 2021-12-24 4.61 2021-12-29 4.49 2021-12-31 4.86 2022-01-05 2
dltp2022-01-05 002489 3.39 2021-11-29 3.46 2021-12-01 3.4 2021-12-07 3.66 2022-01-04 2
dltp2022-01-05 002494 3.91 2021-12-13 4.3 2021-12-21 4.02 2021-12-24 4.85 2022-01-04 3
dltp2022-01-05 002516 5.99 2021-12-17 6.22 2021-12-21 6.03 2021-12-24 6.59 2022-01-04 3
dltp2022-01-05 002556 9.6 2021-10-15 12.28 2021-12-01 11.15 2021-12-24 12.87 2021-12-31 3
dltp2022-01-05 002558 9.36 2021-10-27 11.52 2021-11-16 9.82 2021-12-06 13.13 2022-01-05 3
dltp2022-01-05 002561 6.82 2021-11-05 7.02 2021-11-19 6.88 2021-11-29 7.38 2022-01-04 2
dltp2022-01-05 002613 3.12 2021-10-28 3.53 2021-12-07 3.4 2021-12-13 3.89 2022-01-05 3
dltp2022-01-05 002656 2.74 2021-12-27 2.86 2021-12-29 2.77 2021-12-31 2.92 2022-01-05 1
dltp2022-01-05 002702 5.54 2021-12-02 6.23 2021-12-14 5.85 2021-12-24 6.29 2022-01-05 2
dltp2022-01-05 002712 4.47 2021-12-07 5.06 2021-12-22 4.72 2021-12-29 5.25 2022-01-04 3
dltp2022-01-05 002755 10.64 2021-11-03 11.94 2021-11-22 11.26 2021-12-07 13.21 2022-01-05 3
dltp2022-01-05 002760 24.67 2021-12-09 26.67 2021-12-22 25.03 2021-12-24 27.83 2022-01-04 2
dltp2022-01-05 002761 7.3 2021-12-14 7.64 2021-12-21 7.43 2021-12-24 7.7 2022-01-04 2
dltp2022-01-05 002789 11.3 2021-12-10 12.11 2021-12-17 11.37 2021-12-27 12.3 2022-01-04 3
dltp2022-01-05 002811 7.95 2021-11-09 9.52 2021-12-21 8.99 2021-12-31 9.28 2022-01-04 3
dltp2022-01-05 002835 10.03 2021-12-24 10.58 2021-12-28 10.43 2021-12-29 11.49 2022-01-05 2
dltp2022-01-05 002908 13.12 2021-11-02 15.36 2021-11-26 14.08 2021-12-07 16.6 2022-01-04 3
dltp2022-01-05 002921 15.68 2021-12-07 17.38 2021-12-13 16.57 2021-12-24 19.5 2022-01-05 3
dltp2022-01-05 002950 13.12 2021-11-08 14.47 2021-11-30 13.53 2021-12-17 16.35 2021-12-31 3
dltp2022-01-05 002955 16.56 2021-09-29 20.49 2021-11-25 18.73 2021-12-06 23.11 2021-12-16 1
dltp2022-01-05 002959 56.88 2021-12-03 63.42 2021-12-10 58.34 2021-12-20 68 2022-01-05 1
dltp2022-01-05 002963 14.77 2021-10-28 17.24 2021-12-21 16.67 2021-12-29 19.07 2022-01-05 3
dltp2022-01-05 003018 10.67 2021-12-08 11.16 2021-12-21 10.76 2021-12-24 11.37 2022-01-04 2
dltp2022-01-05 003020 42.84 2021-12-13 47.72 2021-12-15 44.19 2021-12-30 48.93 2022-01-05 3
dltp2022-01-05 003037 10.13 2021-11-16 11.63 2021-12-21 10.75 2021-12-28 11.46 2022-01-04 3
dltp2022-01-05 003040 22.31 2021-11-03 28.9 2021-12-17 25.88 2021-12-24 28.06 2022-01-05 2
dltp2022-01-05 600004 11.03 2021-12-17 11.36 2021-12-22 11.1 2021-12-24 12.83 2022-01-05 2
dltp2022-01-05 600017 2.61 2021-11-29 2.89 2021-12-14 2.76 2021-12-28 2.87 2022-01-04 2
dltp2022-01-05 600018 4.73 2021-11-29 5.82 2021-12-09 5.42 2021-12-27 6.07 2022-01-05 3
dltp2022-01-05 600054 8.9 2021-12-06 9.3 2021-12-10 9.14 2021-12-17 10.12 2022-01-04 2
dltp2022-01-05 600080 7.24 2021-12-16 7.6 2021-12-22 7.39 2021-12-23 8.64 2022-01-04 3
dltp2022-01-05 600128 6.59 2021-12-07 7.98 2021-12-24 6.98 2021-12-29 8.15 2022-01-04 1
dltp2022-01-05 600138 9.58 2021-11-29 10.04 2021-12-10 9.83 2021-12-14 10.94 2022-01-04 2
dltp2022-01-05 600208 2.86 2021-12-14 3.16 2021-12-21 2.95 2021-12-29 3.1 2022-01-05 2
dltp2022-01-05 600265 18.53 2021-11-03 19.58 2021-11-17 18.64 2021-11-29 21.5 2022-01-04 3
dltp2022-01-05 600269 3.25 2021-11-05 3.3 2021-11-25 3.26 2021-11-29 3.48 2022-01-04 2
dltp2022-01-05 600280 2.75 2021-12-08 2.99 2021-12-24 2.79 2021-12-29 3.06 2022-01-04 3
dltp2022-01-05 600305 15.28 2021-12-17 15.57 2021-12-22 15.44 2021-12-23 16.28 2021-12-27 2
dltp2022-01-05 600313 4.73 2021-10-28 5.52 2021-11-12 4.88 2021-12-06 5.81 2022-01-04 2
dltp2022-01-05 600361 4.89 2021-11-05 5.78 2021-12-22 5.41 2021-12-28 5.78 2022-01-04 3
dltp2022-01-05 600397 2.83 2021-12-14 3.05 2021-12-21 2.88 2021-12-31 3.06 2022-01-04 2
dltp2022-01-05 600423 3.78 2021-12-09 4.09 2021-12-17 3.95 2021-12-20 4.63 2022-01-05 3
dltp2022-01-05 600467 2.54 2021-10-28 2.94 2021-11-12 2.64 2021-12-07 2.95 2022-01-04 3
dltp2022-01-05 600477 3.67 2021-12-02 4.2 2021-12-14 3.88 2021-12-29 4.54 2022-01-04 3
dltp2022-01-05 600493 5.76 2021-12-14 6.25 2021-12-21 5.83 2021-12-24 6.58 2022-01-05 3
dltp2022-01-05 600496 3.89 2021-11-18 4.32 2021-12-22 4.12 2021-12-29 4.75 2022-01-05 3
dltp2022-01-05 600505 8.14 2021-11-16 10.27 2021-12-17 8.84 2021-12-22 11.01 2022-01-04 2
dltp2022-01-05 600526 5.98 2021-12-24 6.02 2021-12-28 6 2021-12-30 6.37 2022-01-04 3
dltp2022-01-05 600573 8.48 2021-11-29 10.16 2021-12-21 9.42 2021-12-29 10.55 2022-01-05 3
dltp2022-01-05 600598 14.08 2021-11-26 14.78 2021-12-24 14.28 2021-12-29 15.35 2022-01-04 2
dltp2022-01-05 600628 7.24 2021-11-10 7.5 2021-11-24 7.3 2021-11-29 7.97 2022-01-04 3
dltp2022-01-05 600633 6.9 2021-10-21 8.91 2021-12-16 8.07 2021-12-29 9.69 2022-01-04 3
dltp2022-01-05 600652 2.08 2021-10-28 3.03 2021-12-17 2.75 2021-12-31 2.92 2022-01-05 3
dltp2022-01-05 600671 8.14 2021-11-03 8.86 2021-12-07 8.48 2021-12-24 9.9 2022-01-05 3
dltp2022-01-05 600717 4.13 2021-12-24 4.17 2021-12-27 4.16 2021-12-30 4.3 2022-01-05 2
dltp2022-01-05 600728 7.72 2021-12-20 8.01 2021-12-22 7.77 2021-12-27 9.02 2022-01-04 3
dltp2022-01-05 600757 5.05 2021-10-28 5.54 2021-12-22 5.14 2021-12-29 5.78 2022-01-04 3
dltp2022-01-05 600784 6.24 2021-12-20 6.54 2021-12-22 6.25 2021-12-27 6.55 2022-01-04 2
dltp2022-01-05 600792 4.09 2021-12-28 4.14 2021-12-29 4.12 2021-12-31 4.29 2022-01-04 2
dltp2022-01-05 600795 2.45 2021-11-16 3.09 2021-12-23 2.86 2021-12-29 3.17 2021-12-31 3
dltp2022-01-05 600804 5.95 2021-12-10 6.46 2021-12-22 5.98 2021-12-29 6.57 2022-01-05 2
dltp2022-01-05 600861 20.16 2021-11-29 23.2 2021-12-06 21.69 2021-12-20 24.7 2022-01-04 3
dltp2022-01-05 600965 6.18 2021-12-15 6.4 2021-12-23 6.26 2021-12-28 6.83 2022-01-04 2
dltp2022-01-05 600983 8.36 2021-12-07 8.88 2021-12-14 8.42 2021-12-29 8.77 2022-01-05 2
dltp2022-01-05 601018 3.69 2021-11-29 4.21 2021-12-06 3.93 2021-12-24 4.18 2022-01-05 3
dltp2022-01-05 601166 18.3 2021-12-03 19.59 2021-12-13 18.85 2021-12-27 20.07 2022-01-05 2
dltp2022-01-05 601228 3.27 2021-12-24 3.3 2021-12-28 3.28 2021-12-30 3.41 2022-01-05 3
dltp2022-01-05 601298 5.47 2021-11-30 5.96 2021-12-03 5.66 2021-12-30 5.82 2022-01-05 2
dltp2022-01-05 601368 4.79 2021-11-02 5.48 2021-11-26 5.23 2021-12-24 5.56 2022-01-04 3
dltp2022-01-05 601789 3.49 2021-11-29 3.67 2021-12-03 3.58 2021-12-14 3.92 2022-01-04 3
dltp2022-01-05 601827 8.7 2021-12-10 9.11 2021-12-17 8.72 2021-12-29 9.19 2022-01-05 3
dltp2022-01-05 601933 3.85 2021-10-27 4.2 2021-11-11 3.88 2021-12-20 4.29 2022-01-05 3
dltp2022-01-05 601939 5.76 2021-11-30 5.91 2021-12-28 5.86 2021-12-31 6.03 2022-01-05 2
dltp2022-01-05 601963 8.62 2021-11-30 8.99 2021-12-09 8.76 2021-12-20 9.03 2022-01-05 3
dltp2022-01-05 601997 6.49 2021-12-29 6.52 2021-12-30 6.51 2021-12-31 6.58 2022-01-05 2
dltp2022-01-05 603021 4.27 2021-11-03 5.44 2021-12-22 5.16 2021-12-31 5.45 2022-01-04 2
dltp2022-01-05 603036 9.23 2021-12-13 10.16 2021-12-16 9.68 2021-12-24 10.7 2022-01-05 2
dltp2022-01-05 603059 22.51 2021-12-17 23.2 2021-12-21 22.61 2021-12-23 24.3 2022-01-05 2
dltp2022-01-05 603167 7.77 2021-12-13 8.02 2021-12-22 7.82 2021-12-27 8.17 2022-01-04 3
dltp2022-01-05 603189 20.1 2021-12-29 20.71 2021-12-30 20.56 2021-12-31 22.62 2022-01-04 3
dltp2022-01-05 603196 7.8 2021-12-24 8.24 2021-12-28 7.98 2021-12-31 8.55 2022-01-05 2
dltp2022-01-05 603327 15.85 2021-12-24 16.34 2021-12-28 16.27 2021-12-29 17.69 2022-01-04 3
dltp2022-01-05 603336 7.67 2021-11-24 8.46 2021-12-14 7.72 2021-12-30 8.59 2022-01-04 2
dltp2022-01-05 603355 28.88 2021-12-17 31.54 2021-12-28 29.32 2021-12-31 31.05 2022-01-05 1
dltp2022-01-05 603388 8 2021-12-24 8.45 2021-12-28 8.03 2021-12-29 8.38 2022-01-05 2
dltp2022-01-05 603458 12.08 2021-12-09 13.25 2021-12-20 12.19 2021-12-24 13.65 2022-01-04 3
dltp2022-01-05 603477 11.51 2021-09-14 15.81 2021-10-22 12.05 2021-12-07 17.05 2022-01-04 2
dltp2022-01-05 603488 8.34 2021-12-13 9.03 2021-12-22 8.76 2021-12-24 9.79 2022-01-04 2
dltp2022-01-05 603616 5.27 2021-11-29 6.44 2021-12-21 6.05 2021-12-31 6.78 2022-01-05 3
dltp2022-01-05 603629 20.77 2021-12-15 23.02 2021-12-17 21.78 2021-12-27 23.7 2022-01-04 2
dltp2022-01-05 603739 16.78 2021-10-28 18.45 2021-11-24 17.04 2021-12-07 19.15 2022-01-05 1
dltp2022-01-05 603797 6.73 2021-12-07 7.15 2021-12-21 6.87 2021-12-28 7.12 2022-01-04 3
dltp2022-01-05 605098 48 2021-11-24 57.7 2021-12-02 53.03 2021-12-28 59.3 2022-01-05 1
dltp2022-01-05 605266 72.2 2021-12-20 77.6 2021-12-27 74 2021-12-30 83.54 2022-01-05 2
dltp2022-01-05 605268 11.47 2021-12-06 12.94 2021-12-17 12.48 2021-12-30 13.66 2022-01-05 3
date==xc=2022-01-05
day industry code name turnover_ratio pe_ratio industry_cnt inc_revenue_year_rank inc_revenue_annual_rank cfo_sales_rank leverage_ratio_rank
xc2022-01-05 000557 []
xc2022-01-05 000951 []
xc2022-01-05 000990 []
xc2022-01-05 002213 []
xc2022-01-05 600099 []
xc2022-01-05 600642 []
xc2022-01-05 601168 []
xc2022-01-05 603301 []
xc2022-01-05 603755 []
xc2022-01-05 603800 []
date==qkht=2022-01-05
day industry code name turnover_ratio pe_ratio industry_cnt inc_revenue_year_rank inc_revenue_annual_rank cfo_sales_rank leverage_ratio_rank
qkht2022-01-05 000048 [-1 16.88] [0000-00-00 2021-01-18] [17.73]
qkht2022-01-05 000151 [-1 8.28] [0000-00-00 2021-12-20] [8.9]
qkht2022-01-05 000166 [-1 4.9] [0000-00-00 2021-09-03] [5.12]
qkht2022-01-05 000416 [-1 3.4 3.88] [0000-00-00 2018-10-22 2021-10-22] [4]
qkht2022-01-05 000426 [-1 4.17 4.77 6.22 6.87] [0000-00-00 2019-12-03 2020-03-20 2021-04-15 2021-05-06] [7.18]
qkht2022-01-05 000498 [-1 4.69 5.39 5.72 6.04] [0000-00-00 2021-01-29 2021-07-15 2021-10-15 2021-12-02] [6.39]
qkht2022-01-05 000509 [-1 0.92 1.59 1.64 2.15 2.93 3.06] [0000-00-00 2020-05-21 2020-07-14 2020-07-15 2021-02-10 2022-01-04 2022-01-05] [3.21]
qkht2022-01-05 000514 [-1 3.19 3.45 3.8] [0000-00-00 2021-12-15 2021-12-16 2021-12-17] [3.95]
qkht2022-01-05 000525 [-1 4.41 4.63 5.41 5.66 5.94 6.24 6.55 6.88 9.24] [0000-00-00 2021-09-01 2021-09-02 2021-11-22 2021-11-23 2021-11-24 2021-11-25 2021-11-26 2021-11-29 2022-01-05] [9.7]
qkht2022-01-05 000545 [-1 2.48 4.11] [0000-00-00 2021-02-09 2022-01-05] [4.25]
qkht2022-01-05 000552 [-1 3.04 3.32 3.53] [0000-00-00 2021-12-16 2021-12-17 2022-01-04] [3.64]
qkht2022-01-05 000597 [-1 4.77 6.22] [0000-00-00 2021-06-21 2022-01-04] [6.62]
qkht2022-01-05 000625 [-1 9.62 12.17 13.26 14.5] [0000-00-00 2020-10-09 2020-11-16 2020-11-17 2021-04-16] [15.11]
qkht2022-01-05 000656 [-1 4.3] [0000-00-00 2021-12-06] [4.67]
qkht2022-01-05 000663 [-1 3.63 3.89 6.49 8.94] [0000-00-00 2020-05-18 2021-01-21 2021-05-24 2021-06-07] [9.18]
qkht2022-01-05 000673 [-1 1.54 2.17 2.35] [0000-00-00 2021-11-04 2021-12-30 2022-01-04] [2.53]
qkht2022-01-05 000717 [-1 3.39 4.41] [0000-00-00 2020-04-30 2021-12-23] [4.67]
qkht2022-01-05 000723 [-1 6.64 7.05 9.99 12.5 14.85] [0000-00-00 2021-01-27 2021-06-25 2021-08-06 2021-11-22 2021-12-02] [16.85]
qkht2022-01-05 000731 [-1 4.3 4.69 5.82 9.3] [0000-00-00 2021-02-18 2021-04-01 2021-07-13 2021-12-30] [9.74]
qkht2022-01-05 000757 [-1 4.5] [0000-00-00 2021-12-16] [4.67]
qkht2022-01-05 000812 [-1 3.8 8.51] [0000-00-00 2021-11-24 2021-12-15] [9.25]
qkht2022-01-05 000912 [-1 3.66 4.22 5.43 5.93] [0000-00-00 2021-01-28 2021-07-08 2021-12-22 2021-12-23] [6.33]
qkht2022-01-05 000966 [-1 2.75 6.31 7.11] [0000-00-00 2018-11-09 2021-03-22 2021-11-09] [7.2]
qkht2022-01-05 000970 [-1 9.25 13.37 14.59] [0000-00-00 2021-06-24 2021-12-30 2021-12-31] [15.08]
qkht2022-01-05 000980 [-1 1.18 1.2 1.26 1.32 1.45 1.52 1.6 1.68 1.92 2.12 2.23 2.34 2.71 2.85 2.99 3.31 3.73 4.12 4.33 4.87 5.11 5.35 5.49 5.76 6.05 6.35 6.67] [0000-00-00 2021-01-12 2021-01-13 2021-01-14 2021-01-15 2021-01-25 2021-01-26 2021-01-27 2021-01-28 2021-02-18 2021-02-22 2021-02-23 2021-02-24 2021-03-01 2021-03-02 2021-03-03 2021-03-10 2021-04-27 2021-04-29 2021-04-30 2021-06-08 2021-06-09 2021-12-28 2021-12-29 2021-12-30 2021-12-31 2022-01-04 2022-01-05] [7]
qkht2022-01-05 000999 [-1 22.9 31.7 34.24] [0000-00-00 2019-02-25 2021-12-31 2022-01-04] [36.68]
qkht2022-01-05 001208 [-1 5.28 5.81 6.39 7.03 7.73 8.5 10.46 11.51 12.66 13.93] [0000-00-00 2021-06-25 2021-06-28 2021-06-29 2021-06-30 2021-07-01 2021-07-02 2021-08-06 2021-08-09 2021-08-10 2021-08-11] [14.36]
qkht2022-01-05 001914 [-1 5.72 9.67 11.47 14.72 19.05] [0000-00-00 2018-10-22 2019-04-29 2021-11-11 2021-12-06 2021-12-31] [19.45]
qkht2022-01-05 002028 [-1 14.7 16.44 43.35] [0000-00-00 2020-02-20 2020-03-31 2021-11-15] [45.73]
qkht2022-01-05 002054 [-1 5.01 5.32 9.58] [0000-00-00 2018-11-06 2019-02-11 2022-01-05] [9.81]
qkht2022-01-05 002064 [-1 9.97] [0000-00-00 2021-12-28] [10.5]
qkht2022-01-05 002066 [-1 10.79] [0000-00-00 2021-12-31] [11.38]
qkht2022-01-05 002086 [-1 2.03 2.13 2.41 2.53 2.93 3.23] [0000-00-00 2021-12-06 2021-12-07 2021-12-27 2021-12-28 2021-12-31 2022-01-05] [3.39]
qkht2022-01-05 002119 [-1 8.77 13.42] [0000-00-00 2021-04-01 2021-06-28] [14.12]
qkht2022-01-05 002121 [-1 3.54 3.72 5.24] [0000-00-00 2021-05-17 2021-05-18 2021-12-30] [5.46]
qkht2022-01-05 002135 [-1 6.96 7.86 10.95] [0000-00-00 2021-06-24 2021-08-24 2021-12-31] [11.46]
qkht2022-01-05 002136 [-1 9.29 11.91 16.47] [0000-00-00 2021-05-07 2021-06-07 2022-01-05] [17.01]
qkht2022-01-05 002139 [-1 3.88 6.61 15.72] [0000-00-00 2019-01-07 2020-10-09 2021-11-15] [16.71]
qkht2022-01-05 002155 [-1 6.62 9.92] [0000-00-00 2018-11-29 2021-08-13] [10.57]
qkht2022-01-05 002168 [-1 4.41] [0000-00-00 2022-01-04] [4.66]
qkht2022-01-05 002178 [-1 4.27 4.7] [0000-00-00 2021-12-20 2021-12-21] [5.18]
qkht2022-01-05 002204 [-1 4.17] [0000-00-00 2021-12-28] [4.33]
qkht2022-01-05 002267 [-1 7.19] [0000-00-00 2021-12-22] [7.29]
qkht2022-01-05 002357 [-1 5.18 6.07] [0000-00-00 2021-12-13 2021-12-15] [6.45]
qkht2022-01-05 002362 [-1 17.43] [0000-00-00 2022-01-04] [17.68]
qkht2022-01-05 002404 [-1 5.77] [0000-00-00 2022-01-04] [6]
qkht2022-01-05 002412 [-1 6.99] [0000-00-00 2022-01-05] [7.2]
qkht2022-01-05 002415 [-1 24.25 25.81 48.53] [0000-00-00 2019-06-19 2019-07-22 2021-12-06] [51.33]
qkht2022-01-05 002464 [-1 1.52 1.54 1.62 1.7 2.05 2.39 2.51 2.82 3.62 3.8 3.99 4.19] [0000-00-00 2021-05-24 2021-05-25 2021-05-26 2021-05-27 2021-06-03 2021-06-22 2021-06-23 2021-08-10 2021-11-04 2021-11-05 2021-11-08 2021-11-09] [4.37]
qkht2022-01-05 002470 [-1 1.14 1.16 1.41 1.46 1.98 2.59 2.81 2.95] [0000-00-00 2021-02-01 2021-02-02 2021-06-03 2021-06-04 2021-08-16 2021-12-02 2021-12-29 2021-12-30] [3.1]
qkht2022-01-05 002479 [-1 5.65] [0000-00-00 2021-12-09] [5.97]
qkht2022-01-05 002496 [-1 2.16 2.27 2.33 2.45 2.79] [0000-00-00 2020-05-28 2021-04-30 2021-05-06 2021-05-07 2022-01-04] [2.83]
qkht2022-01-05 002518 [-1 23.48] [0000-00-00 2021-07-29] [23.91]
qkht2022-01-05 002533 [-1 4.86 7.92] [0000-00-00 2021-02-18 2021-10-26] [8.15]
qkht2022-01-05 002535 [-1 1.81] [0000-00-00 2021-12-28] [1.89]
qkht2022-01-05 002565 [-1 2.83 3.06 6.42] [0000-00-00 2019-01-17 2019-01-18 2021-12-30] [6.74]
qkht2022-01-05 002577 [-1 11.94] [0000-00-00 2022-01-04] [12.13]
qkht2022-01-05 002584 [-1 10.37] [0000-00-00 2021-12-30] [10.49]
qkht2022-01-05 002586 [-1 2.45 2.82 3.27 3.41] [0000-00-00 2021-10-21 2021-12-01 2021-12-30 2021-12-31] [3.52]
qkht2022-01-05 002590 [-1 7.34 9.3] [0000-00-00 2021-11-11 2021-12-13] [9.78]
qkht2022-01-05 002601 [-1 27.17] [0000-00-00 2021-11-30] [28.3]
qkht2022-01-05 002603 [-1 8.96 9.71 10.27 11.19 18.46] [0000-00-00 2020-01-20 2020-01-21 2020-03-16 2020-03-17 2021-12-31] [19.55]
qkht2022-01-05 002612 [-1 8.51 10.8 14.44 15.88 29.26] [0000-00-00 2020-06-08 2020-11-05 2020-12-08 2020-12-09 2021-10-11] [29.89]
qkht2022-01-05 002667 [-1 17.51] [0000-00-00 2021-08-02] [18.28]
qkht2022-01-05 002706 [-1 3.79 6.54 14.6 16.33] [0000-00-00 2018-10-22 2020-02-20 2021-10-20 2021-11-01] [16.9]
qkht2022-01-05 002722 [-1 13.1 16.19] [0000-00-00 2021-10-12 2022-01-05] [16.51]
qkht2022-01-05 002746 [-1 7.88 8.67] [0000-00-00 2021-12-29 2021-12-30] [9.36]
qkht2022-01-05 002748 [-1 4.89 8.5 10.76] [0000-00-00 2021-02-18 2021-09-08 2021-11-09] [10.94]
qkht2022-01-05 002770 [-1 1.75 2.24 2.3 2.42] [0000-00-00 2021-08-02 2021-12-31 2022-01-04 2022-01-05] [2.53]
qkht2022-01-05 002776 [-1 3.33] [0000-00-00 2021-11-03] [3.48]
qkht2022-01-05 002822 [-1 5.31 5.75] [0000-00-00 2021-12-02 2021-12-21] [6.06]
qkht2022-01-05 002825 [-1 19.77 20.72] [0000-00-00 2021-12-07 2021-12-08] [21.8]
qkht2022-01-05 002920 [-1 18.31 37.24 40.75 125.19] [0000-00-00 2019-01-09 2020-04-30 2020-05-06 2021-11-22] [130.38]
qkht2022-01-05 002932 [-1 19.83 21.81 34.23 41.17 45.01 51.47 64.09 72.96] [0000-00-00 2018-07-11 2018-07-12 2020-06-15 2020-06-29 2021-01-06 2021-01-13 2021-10-12 2021-12-30] [75.91]
qkht2022-01-05 002943 [-1 21.44 25.39 27.93 45.99] [0000-00-00 2021-11-11 2021-11-16 2021-11-17 2021-12-09] [48.2]
qkht2022-01-05 003022 [-1 13.55 17.1 21.09 32.22] [0000-00-00 2021-01-06 2021-01-18 2021-01-22 2021-07-08] [33.39]
qkht2022-01-05 003036 [-1 8.24 9.06 12.08] [0000-00-00 2021-01-29 2021-02-01 2021-12-14] [12.6]
qkht2022-01-05 600010 [-1 1.86 2.62] [0000-00-00 2021-07-12 2021-11-23] [2.67]
qkht2022-01-05 600026 [-1 5.93] [0000-00-00 2022-01-04] [6.05]
qkht2022-01-05 600030 [-1 14.78 15.27 24.9] [0000-00-00 2018-10-22 2019-01-10 2021-12-06] [25.94]
qkht2022-01-05 600085 [-1 23.39 41.09 44.98] [0000-00-00 2020-12-31 2021-12-31 2022-01-04] [48.4]
qkht2022-01-05 600121 [-1 2.57 3.39 4.8] [0000-00-00 2020-11-23 2020-11-30 2022-01-04] [4.89]
qkht2022-01-05 600122 [-1 1.67 1.84 1.93] [0000-00-00 2021-12-01 2021-12-03 2021-12-06] [1.96]
qkht2022-01-05 600132 [-1 25.02 61.4 69.58 138.9] [0000-00-00 2018-12-03 2020-06-22 2020-08-17 2021-10-29] [140.48]
qkht2022-01-05 600139 [-1 2.49] [0000-00-00 2022-01-04] [2.61]
qkht2022-01-05 600150 [-1 23.83] [0000-00-00 2021-12-29] [24.54]
qkht2022-01-05 600187 [-1 2.13 2.58] [0000-00-00 2021-02-18 2022-01-04] [2.61]
qkht2022-01-05 600190 [-1 2.85] [0000-00-00 2022-01-04] [2.88]
qkht2022-01-05 600191 [-1 3.09 3.49] [0000-00-00 2021-09-06 2021-11-17] [3.7]
qkht2022-01-05 600208 [-1 2.89 3.02] [0000-00-00 2021-12-16 2022-01-05] [3.1]
qkht2022-01-05 600265 [-1 16.86 17.31 20.42] [0000-00-00 2021-07-02 2021-07-05 2021-12-31] [21.13]
qkht2022-01-05 600275 [-1 2.37 2.57] [0000-00-00 2021-03-16 2021-12-29] [2.68]
qkht2022-01-05 600288 [-1 8.06 8.46 12.86] [0000-00-00 2019-02-25 2019-03-04 2021-12-14] [13.62]
qkht2022-01-05 600289 [-1 2.09 2.73 3.08 3.42 3.92] [0000-00-00 2018-10-22 2019-12-02 2021-08-10 2021-11-02 2021-12-28] [4.02]
qkht2022-01-05 600291 [-1 3.65 3.73 4.42 4.87 5.1 5.8] [0000-00-00 2021-09-06 2021-09-07 2021-09-29 2021-10-08 2021-10-11 2021-10-25] [5.95]
qkht2022-01-05 600300 [-1 3.98] [0000-00-00 2021-12-31] [4.09]
qkht2022-01-05 600301 [-1 4.49 4.71 5.92 9.02 9.33 9.8 11.4 11.79] [0000-00-00 2018-10-22 2018-10-23 2021-02-18 2021-08-23 2021-08-24 2021-08-25 2021-11-25 2021-11-26] [12.21]
qkht2022-01-05 600306 [-1 4.08 4.28 6.38 6.51 6.84 7.18 7.54 7.92 8.32 8.74 9.18 15.3 17.5] [0000-00-00 2020-10-09 2020-10-12 2021-05-31 2021-06-01 2021-06-02 2021-06-03 2021-06-04 2021-06-07 2021-06-08 2021-06-09 2021-06-10 2021-11-08 2022-01-04] [17.68]
qkht2022-01-05 600343 [-1 12.31] [0000-00-00 2021-12-30] [12.76]
qkht2022-01-05 600366 [-1 5.09 11.99] [0000-00-00 2020-03-25 2021-11-18] [12.58]
qkht2022-01-05 600388 [-1 7.48 8.19] [0000-00-00 2018-10-22 2021-12-15] [8.68]
qkht2022-01-05 600397 [-1 2.91] [0000-00-00 2022-01-04] [2.99]
qkht2022-01-05 600406 [-1 11.95 36.65] [0000-00-00 2018-08-28 2021-11-12] [37.64]
qkht2022-01-05 600408 [-1 1.73 2.13 3.52] [0000-00-00 2020-10-09 2020-12-14 2021-12-22] [3.67]
qkht2022-01-05 600444 [-1 16.72] [0000-00-00 2021-12-29] [16.93]
qkht2022-01-05 600460 [-1 17.81 24.4 31.04 39.16 46.56] [0000-00-00 2020-12-03 2021-04-01 2021-04-29 2021-06-07 2021-06-18] [49.9]
qkht2022-01-05 600505 [-1 3.8 9.79] [0000-00-00 2018-10-22 2021-12-31] [10.02]
qkht2022-01-05 600518 [-1 1.86 2.1 2.51 2.8 2.94] [0000-00-00 2021-04-23 2021-05-12 2021-05-27 2021-12-30 2021-12-31] [3.4]
qkht2022-01-05 600526 [-1 3.9 4.86 6.04] [0000-00-00 2021-02-18 2021-03-16 2021-12-31] [6.21]
qkht2022-01-05 600531 [-1 4.43 4.61 5.67] [0000-00-00 2020-07-21 2020-10-30 2021-12-28] [5.95]
qkht2022-01-05 600540 [-1 5.2 5.93] [0000-00-00 2021-09-16 2021-12-24] [6.1]
qkht2022-01-05 600566 [-1 14.68 16.22 28.34] [0000-00-00 2021-08-23 2021-11-01 2022-01-04] [28.97]
qkht2022-01-05 600584 [-1 9.77 23.04 25.16 28.85] [0000-00-00 2019-02-11 2020-04-30 2020-05-06 2020-06-22] [30.45]
qkht2022-01-05 600595 [-1 1.54 1.77 1.92 2.02 2.12 2.23 2.58 3.23 4.14 4.27] [0000-00-00 2020-07-06 2020-08-24 2021-01-18 2021-01-19 2021-01-20 2021-01-21 2021-02-18 2021-06-24 2021-12-30 2021-12-31] [4.56]
qkht2022-01-05 600599 [-1 6.76 7.93 8.23 8.64] [0000-00-00 2021-06-24 2021-12-31 2022-01-04 2022-01-05] [9.07]
qkht2022-01-05 600605 [-1 5.67 8.93] [0000-00-00 2018-10-22 2021-12-17] [9.67]
qkht2022-01-05 600628 [-1 7.83] [0000-00-00 2022-01-04] [7.9]
qkht2022-01-05 600640 [-1 11.87 14.73] [0000-00-00 2021-11-05 2021-12-31] [15.46]
qkht2022-01-05 600668 [-1 14.52 15.97 17.57] [0000-00-00 2021-12-28 2021-12-29 2021-12-30] [18.1]
qkht2022-01-05 600671 [-1 9.43] [0000-00-00 2022-01-05] [9.9]
qkht2022-01-05 600688 [-1 3.43 4] [0000-00-00 2021-09-03 2021-11-15] [4.18]
qkht2022-01-05 600696 [-1 3.34 5.74 5.94 6.24 8.88 9.16 10.61 12.22 12.83 22.3 26.99 33.77] [0000-00-00 2018-10-22 2019-04-01 2019-04-02 2019-04-03 2020-12-15 2020-12-16 2020-12-31 2021-02-24 2021-02-25 2021-05-25 2021-10-29 2021-12-09] [34.61]
qkht2022-01-05 600698 [-1 3.34 3.65 4.02 4.42 4.86] [0000-00-00 2021-12-06 2021-12-07 2021-12-08 2021-12-09 2021-12-10] [5.35]
qkht2022-01-05 600702 [-1 29.68 34.04 49.33 74.6 78.33 102.91 121 127.05 208.38] [0000-00-00 2020-09-30 2020-10-15 2020-11-11 2021-03-29 2021-03-30 2021-04-16 2021-04-30 2021-05-06 2021-11-24] [214.7]
qkht2022-01-05 600703 [-1 21.89 34.9] [0000-00-00 2020-10-30 2021-12-22] [35.78]
qkht2022-01-05 600728 [-1 7.17 8.45] [0000-00-00 2021-07-14 2022-01-04] [8.89]
qkht2022-01-05 600744 [-1 4 4.4 5.55] [0000-00-00 2021-03-11 2021-03-12 2021-11-09] [5.74]
qkht2022-01-05 600771 [-1 26.03 37.58] [0000-00-00 2021-06-21 2021-12-20] [40.24]
qkht2022-01-05 600792 [-1 2.89 4.15] [0000-00-00 2020-11-03 2022-01-04] [4.26]
qkht2022-01-05 600881 [-1 3.16] [0000-00-00 2021-10-11] [3.28]
qkht2022-01-05 600903 [-1 9.3] [0000-00-00 2021-08-23] [9.67]
qkht2022-01-05 600939 [-1 3.59 3.92] [0000-00-00 2021-12-15 2021-12-16] [4.12]
qkht2022-01-05 600992 [-1 10.89] [0000-00-00 2022-01-05] [11.21]
qkht2022-01-05 600997 [-1 5.3 7.17] [0000-00-00 2021-01-18 2022-01-04] [7.24]
qkht2022-01-05 601015 [-1 3.01 3.49 4.5 4.95 5.45 6.37 6.53] [0000-00-00 2020-12-08 2021-01-18 2021-01-19 2021-01-20 2021-01-21 2021-11-18 2022-01-04] [6.61]
qkht2022-01-05 601118 [-1 5.08] [0000-00-00 2021-10-08] [5.34]
qkht2022-01-05 601218 [-1 5.32] [0000-00-00 2021-11-01] [5.43]
qkht2022-01-05 601228 [-1 3.21] [0000-00-00 2021-12-03] [3.41]
qkht2022-01-05 601319 [-1 4.55] [0000-00-00 2018-11-19] [4.77]
qkht2022-01-05 601678 [-1 5.71 7.46] [0000-00-00 2021-04-08 2021-11-18] [7.73]
qkht2022-01-05 601717 [-1 7 11.09] [0000-00-00 2020-08-18 2021-12-31] [11.54]
qkht2022-01-05 601888 [-1 76.73 139.01 152.9 204.38] [0000-00-00 2020-04-17 2020-06-30 2020-07-01 2021-12-06] [214.2]
qkht2022-01-05 601908 [-1 3.6 4.71 8.57] [0000-00-00 2020-05-29 2020-09-07 2021-06-22] [8.93]
qkht2022-01-05 601919 [-1 2.82 3.4 5.29 15.1 18.9] [0000-00-00 2020-07-03 2020-08-03 2020-11-05 2021-11-29 2022-01-04] [19.22]
qkht2022-01-05 601968 [-1 9.65] [0000-00-00 2021-12-31] [10.08]
qkht2022-01-05 603010 [-1 11.91 23.98] [0000-00-00 2020-08-03 2021-11-10] [25.09]
qkht2022-01-05 603013 [-1 11.49 16.06] [0000-00-00 2020-03-25 2021-11-22] [16.72]
qkht2022-01-05 603071 [-1 22.2] [0000-00-00 2021-12-17] [23.68]
qkht2022-01-05 603080 [-1 9.96 13.95 15.32 15.73] [0000-00-00 2021-02-18 2021-08-23 2021-11-22 2021-12-22] [16.35]
qkht2022-01-05 603167 [-1 7.95] [0000-00-00 2022-01-04] [8.15]
qkht2022-01-05 603169 [-1 8.1] [0000-00-00 2021-12-16] [8.9]
qkht2022-01-05 603219 [-1 13.77 15.15 16.67 18.34] [0000-00-00 2021-11-23 2021-11-24 2021-11-25 2021-11-26] [20.07]
qkht2022-01-05 603286 [-1 17.74] [0000-00-00 2021-11-15] [18.58]
qkht2022-01-05 603333 [-1 10.5] [0000-00-00 2022-01-04] [11.22]
qkht2022-01-05 603386 [-1 19.43] [0000-00-00 2021-11-05] [20.48]
qkht2022-01-05 603396 [-1 19.09 47.48 51.92 97.23] [0000-00-00 2020-05-06 2021-06-29 2021-06-30 2021-08-05] [103.06]
qkht2022-01-05 603501 [-1 38.24 45.18 139.81 274.82] [0000-00-00 2019-02-25 2019-06-19 2020-03-25 2021-12-02] [286]
qkht2022-01-05 603616 [-1 6.66] [0000-00-00 2022-01-05] [6.78]
qkht2022-01-05 603637 [-1 8.81] [0000-00-00 2021-12-02] [9.54]
qkht2022-01-05 603773 [-1 20.56] [0000-00-00 2022-01-04] [21.26]
qkht2022-01-05 603803 [-1 7.26] [0000-00-00 2021-12-29] [7.53]
qkht2022-01-05 603815 [-1 7.32] [0000-00-00 2019-10-22] [7.67]
qkht2022-01-05 603917 [-1 10.04 14.94 18.68] [0000-00-00 2021-09-22 2021-11-09 2021-11-15] [19.28]
qkht2022-01-05 605020 [-1 9.98 10.98 12.08 13.29 14.62 16.08 17.69 19.46 21.41 23.55 25.91 28.5] [0000-00-00 2021-07-12 2021-07-13 2021-07-14 2021-07-15 2021-07-16 2021-07-19 2021-07-20 2021-07-21 2021-07-22 2021-07-23 2021-07-26 2021-07-27] [29.72]
qkht2022-01-05 605333 [-1 7.6 8.35 9.19 10.11 11.12 12.75 13.98 15.38 18.61] [0000-00-00 2020-08-19 2020-08-20 2020-08-21 2020-08-24 2020-08-25 2021-11-05 2021-11-08 2021-11-09 2021-11-11] [19.43]
qkht2022-01-05 605555 [-1 35.52] [0000-00-00 2021-11-04] [37.02]
 cost is :157230869 
