date==dltp3l=2022-03-23  ma_n= 20
day industry code name turnover_ratio pe_ratio industry_cnt inc_revenue_year_rank inc_revenue_annual_rank cfo_sales_rank leverage_ratio_rank
dltp2022-03-23 000048 17.36 2022-01-19 22.83 2022-02-10 19.65 2022-03-17 22.48 2022-03-22 2
dltp2022-03-23 000611 3.01 2022-02-24 3.45 2022-03-11 3.19 2022-03-15 3.6 2022-03-23 0
dltp2022-03-23 000705 7.5 2022-01-27 9.38 2022-03-07 7.91 2022-03-09 10.6 2022-03-22 3
dltp2022-03-23 000975 8.1 2022-01-27 9.55 2022-03-09 8.12 2022-03-15 9.2 2022-03-23 2
dltp2022-03-23 002061 5.54 2022-01-28 7.59 2022-02-22 5.89 2022-03-15 7.35 2022-03-21 2
dltp2022-03-23 002200 7.71 2022-03-11 8.17 2022-03-16 8.05 2022-03-17 9.05 2022-03-23 0
dltp2022-03-23 002296 6.83 2022-01-27 7.97 2022-03-03 7 2022-03-15 7.9 2022-03-23 3
dltp2022-03-23 002418 3.11 2022-03-15 3.41 2022-03-21 3.34 2022-03-22 3.43 2022-03-23 0
dltp2022-03-23 002578 3.74 2022-01-27 4.65 2022-03-02 3.93 2022-03-15 4.75 2022-03-23 2
dltp2022-03-23 002639 9.51 2022-02-22 12.78 2022-03-07 9.72 2022-03-15 13.5 2022-03-23 0
dltp2022-03-23 002660 7.07 2022-01-27 8.08 2022-03-03 7.26 2022-03-15 8.26 2022-03-22 3
dltp2022-03-23 600080 7.41 2022-03-09 8.28 2022-03-11 7.94 2022-03-15 8.31 2022-03-21 0
dltp2022-03-23 600119 7.37 2022-03-09 8 2022-03-11 7.47 2022-03-15 8.37 2022-03-21 3
dltp2022-03-23 600133 5.12 2022-01-25 5.8 2022-02-18 5.16 2022-03-15 6.11 2022-03-22 3
dltp2022-03-23 600267 13.01 2022-02-17 14.58 2022-03-04 13.2 2022-03-09 15.72 2022-03-23 1
dltp2022-03-23 600285 12.19 2022-03-09 13.71 2022-03-21 13.47 2022-03-22 13.87 2022-03-23 1
dltp2022-03-23 600372 18.06 2022-03-09 19.3 2022-03-16 18.4 2022-03-18 19.6 2022-03-23 1
dltp2022-03-23 600671 8.93 2022-03-09 9.4 2022-03-14 9 2022-03-15 9.6 2022-03-23 1
dltp2022-03-23 600766 4.37 2022-02-11 5.8 2022-03-09 5.1 2022-03-18 5.9 2022-03-23 1
dltp2022-03-23 600814 6.27 2022-01-25 8.09 2022-02-16 6.59 2022-03-15 8.22 2022-03-23 3
dltp2022-03-23 600830 4.85 2022-01-27 6.8 2022-02-25 5.65 2022-03-15 7.7 2022-03-22 2
dltp2022-03-23 600860 13.75 2022-02-11 20.1 2022-03-07 14.82 2022-03-15 21.67 2022-03-23 0
dltp2022-03-23 600898 4.84 2022-01-27 5.8 2022-03-03 5.29 2022-03-15 6.39 2022-03-23 0
dltp2022-03-23 600993 20.19 2022-03-15 22.26 2022-03-21 21.98 2022-03-22 23.12 2022-03-23 1
dltp2022-03-23 601886 5.43 2022-02-07 6.82 2022-02-16 5.57 2022-03-15 6.96 2022-03-21 3
dltp2022-03-23 603105 13.01 2022-03-15 13.93 2022-03-18 13.56 2022-03-22 14.5 2022-03-23 1
dltp2022-03-23 603108 10.52 2022-03-09 12.07 2022-03-11 11.49 2022-03-17 12.89 2022-03-23 1
dltp2022-03-23 603500 8.2 2022-01-27 9.7 2022-02-21 8.56 2022-03-15 10.32 2022-03-23 3
dltp2022-03-23 603520 52.53 2022-03-08 55.64 2022-03-14 52.8 2022-03-16 63 2022-03-21 3
dltp2022-03-23 603667 11.6 2022-03-15 13.54 2022-03-21 13.35 2022-03-22 13.34 2022-03-23 2
dltp2022-03-23 603676 9.12 2022-03-09 9.93 2022-03-11 9.21 2022-03-15 10.44 2022-03-23 3
dltp2022-03-23 603999 5.43 2022-03-04 6.1 2022-03-10 5.58 2022-03-15 6.29 2022-03-23 1
date==dltp3l=2022-03-23  ma_n= 30
day industry code name turnover_ratio pe_ratio industry_cnt inc_revenue_year_rank inc_revenue_annual_rank cfo_sales_rank leverage_ratio_rank
dltp2022-03-23 000019 6.56 2022-01-27 7.97 2022-03-02 7.11 2022-03-15 8.26 2022-03-21 3
dltp2022-03-23 000048 17.36 2022-01-19 22.83 2022-02-10 19.65 2022-03-17 22.48 2022-03-22 2
dltp2022-03-23 000510 5.34 2022-01-24 7.04 2022-03-03 6.37 2022-03-15 7.54 2022-03-23 1
dltp2022-03-23 000611 3.01 2022-02-24 3.45 2022-03-11 3.19 2022-03-15 3.6 2022-03-23 0
dltp2022-03-23 000705 7.5 2022-01-27 9.38 2022-03-07 7.91 2022-03-09 10.6 2022-03-22 3
dltp2022-03-23 000975 8.1 2022-01-27 9.55 2022-03-09 8.12 2022-03-15 9.2 2022-03-23 2
dltp2022-03-23 002200 8 2022-03-15 8.17 2022-03-16 8.05 2022-03-17 9.05 2022-03-23 0
dltp2022-03-23 002219 2.68 2022-01-27 3.12 2022-03-08 2.75 2022-03-17 3.33 2022-03-23 1
dltp2022-03-23 002418 3.11 2022-03-15 3.41 2022-03-21 3.34 2022-03-22 3.43 2022-03-23 0
dltp2022-03-23 002476 4.31 2022-01-27 5.18 2022-03-03 4.43 2022-03-15 5.31 2022-03-23 1
dltp2022-03-23 002578 3.93 2022-03-15 4.37 2022-03-18 4.32 2022-03-22 4.75 2022-03-23 2
dltp2022-03-23 002586 3.15 2022-03-04 3.62 2022-03-14 3.37 2022-03-17 3.71 2022-03-23 1
dltp2022-03-23 002639 9.51 2022-02-22 12.78 2022-03-07 9.72 2022-03-15 13.5 2022-03-23 0
dltp2022-03-23 002694 4.19 2022-01-27 5.38 2022-02-10 4.52 2022-03-15 5.89 2022-03-21 3
dltp2022-03-23 002796 7.76 2022-03-15 8.85 2022-03-21 8.8 2022-03-22 9.68 2022-03-23 3
dltp2022-03-23 600119 7.47 2022-03-15 7.64 2022-03-17 7.61 2022-03-18 8.37 2022-03-21 3
dltp2022-03-23 600246 9.34 2022-03-09 9.93 2022-03-11 9.43 2022-03-15 10.68 2022-03-23 2
dltp2022-03-23 600285 12.19 2022-03-09 13.71 2022-03-21 13.47 2022-03-22 13.87 2022-03-23 1
dltp2022-03-23 600671 8.93 2022-03-09 9.4 2022-03-14 9 2022-03-15 9.6 2022-03-23 1
dltp2022-03-23 600830 4.85 2022-01-27 6.8 2022-02-25 5.65 2022-03-15 7.7 2022-03-22 2
dltp2022-03-23 600898 5.12 2022-02-17 5.8 2022-03-03 5.29 2022-03-15 6.39 2022-03-23 0
dltp2022-03-23 601002 4.86 2022-01-25 5.59 2022-03-11 4.88 2022-03-15 6.09 2022-03-22 3
dltp2022-03-23 603105 13.01 2022-03-15 13.93 2022-03-18 13.56 2022-03-22 14.5 2022-03-23 1
dltp2022-03-23 603520 52.53 2022-03-08 55.64 2022-03-14 52.8 2022-03-16 63 2022-03-21 3
dltp2022-03-23 603676 9.12 2022-03-09 9.93 2022-03-11 9.21 2022-03-15 10.44 2022-03-23 3
dltp2022-03-23 603999 5.37 2022-02-28 5.52 2022-03-02 5.43 2022-03-04 6.29 2022-03-23 1
date==dltp3l=2022-03-23  ma_n= 60
day industry code name turnover_ratio pe_ratio industry_cnt inc_revenue_year_rank inc_revenue_annual_rank cfo_sales_rank leverage_ratio_rank
dltp2022-03-23 000019 6.75 2022-02-17 7.97 2022-03-02 7.11 2022-03-15 8.26 2022-03-21 3
dltp2022-03-23 000055 4.03 2022-03-15 4.66 2022-03-21 4.63 2022-03-22 4.65 2022-03-23 3
dltp2022-03-23 000608 2.74 2021-11-02 3.84 2022-01-26 2.86 2022-03-15 3.83 2022-03-23 3
dltp2022-03-23 002061 5.07 2021-11-08 7.59 2022-02-22 5.89 2022-03-15 7.35 2022-03-21 2
dltp2022-03-23 002200 7.25 2022-02-07 8.6 2022-02-21 7.71 2022-03-11 9.05 2022-03-23 0
dltp2022-03-23 002309 6.97 2022-03-15 7.21 2022-03-21 7.12 2022-03-22 7.83 2022-03-23 2
dltp2022-03-23 002578 3.74 2022-01-27 4.65 2022-03-02 3.93 2022-03-15 4.75 2022-03-23 2
dltp2022-03-23 002586 3.15 2022-03-04 3.62 2022-03-14 3.37 2022-03-17 3.71 2022-03-23 1
dltp2022-03-23 002626 26.42 2022-02-24 33.06 2022-03-04 27.22 2022-03-09 33.91 2022-03-21 3
dltp2022-03-23 002639 9.51 2022-02-22 12.78 2022-03-07 9.72 2022-03-15 13.5 2022-03-23 0
dltp2022-03-23 600080 7.21 2022-02-11 8.24 2022-03-02 7.41 2022-03-09 8.31 2022-03-21 0
dltp2022-03-23 600119 7.37 2022-03-09 8 2022-03-11 7.47 2022-03-15 8.37 2022-03-21 3
dltp2022-03-23 600267 13.01 2022-02-17 14.58 2022-03-04 13.2 2022-03-09 15.72 2022-03-23 1
dltp2022-03-23 600671 8.93 2022-03-09 9.4 2022-03-14 9 2022-03-15 9.6 2022-03-23 1
dltp2022-03-23 600684 3.26 2022-01-27 4.42 2022-03-07 3.53 2022-03-15 4.62 2022-03-23 2
dltp2022-03-23 600814 6.05 2021-12-13 8.09 2022-02-16 6.59 2022-03-15 8.22 2022-03-23 3
dltp2022-03-23 601002 4.86 2022-01-25 5.59 2022-03-11 4.88 2022-03-15 6.09 2022-03-22 3
dltp2022-03-23 603183 5.55 2022-01-27 6.62 2022-02-16 5.63 2022-03-15 7.41 2022-03-21 3
dltp2022-03-23 603439 13.33 2022-01-28 15.92 2022-03-07 14.58 2022-03-08 17.91 2022-03-22 2
dltp2022-03-23 603676 9.12 2022-03-09 9.93 2022-03-11 9.21 2022-03-15 10.44 2022-03-23 3
dltp3l cost is :874589236 
date==xc=2022-03-23
day industry code name turnover_ratio pe_ratio industry_cnt inc_revenue_year_rank inc_revenue_annual_rank cfo_sales_rank leverage_ratio_rank
xc2022-03-23 001266 []
xc2022-03-23 002333 []
xc2022-03-23 002738 []
xc2022-03-23 600811 []
xc2022-03-23 603029 []
xc cost is :929397307 
date==qkht=2022-03-23
day industry code name turnover_ratio pe_ratio industry_cnt inc_revenue_year_rank inc_revenue_annual_rank cfo_sales_rank leverage_ratio_rank
qkht2022-03-23 000036 [-1 2.82 3.62] [0000-00-00 2018-10-31 2022-03-17] [4.05]
qkht2022-03-23 000063 [-1 12.21 17.52 23.86] [0000-00-00 2018-07-12 2018-11-02 2022-03-23] [25.99]
qkht2022-03-23 000502 [-1 5.13] [0000-00-00 2022-03-23] [5.39]
qkht2022-03-23 000507 [-1 5.14] [0000-00-00 2021-02-18] [5.65]
qkht2022-03-23 000517 [-1 2.52 2.83] [0000-00-00 2022-03-17 2022-03-21] [3.76]
qkht2022-03-23 000525 [-1 4.41 4.63 5.41 5.66 5.94 6.24 7.44] [0000-00-00 2021-09-01 2021-09-02 2021-11-22 2021-11-23 2021-11-24 2021-11-25 2022-03-23] [7.81]
qkht2022-03-23 000558 [-1 2.61 3.19] [0000-00-00 2021-08-04 2022-03-21] [3.78]
qkht2022-03-23 000611 [-1 2.76 3.51] [0000-00-00 2021-06-03 2022-03-23] [3.6]
qkht2022-03-23 000639 [-1 4.71 5.18 5.7] [0000-00-00 2022-03-21 2022-03-22 2022-03-23] [6.27]
qkht2022-03-23 000709 [-1 2.07 2.16] [0000-00-00 2021-02-18 2021-02-22] [2.36]
qkht2022-03-23 000723 [-1 6.64 7.05 9.99 13.75] [0000-00-00 2021-01-27 2021-06-25 2021-08-06 2022-03-23] [14.18]
qkht2022-03-23 000811 [-1 6.63 11.79 12.58] [0000-00-00 2021-03-01 2022-03-17 2022-03-23] [12.85]
qkht2022-03-23 000852 [-1 4.02 5.36 6.45] [0000-00-00 2021-02-18 2021-09-06 2022-03-23] [7.04]
qkht2022-03-23 002002 [-1 3.17 4.91] [0000-00-00 2021-02-18 2022-03-23] [5.07]
qkht2022-03-23 002026 [-1 13.29] [0000-00-00 2022-03-17] [14.35]
qkht2022-03-23 002081 [-1 5.06] [0000-00-00 2022-03-17] [5.58]
qkht2022-03-23 002086 [-1 2.03 2.13 2.36 2.48] [0000-00-00 2021-12-06 2021-12-07 2022-03-11 2022-03-14] [2.78]
qkht2022-03-23 002126 [-1 8.36 9.38] [0000-00-00 2020-04-30 2022-03-10] [9.78]
qkht2022-03-23 002169 [-1 4.13 8.94] [0000-00-00 2019-02-25 2022-03-17] [9.46]
qkht2022-03-23 002175 [-1 1.35 1.38 1.55 1.63 2.28 2.35 2.47] [0000-00-00 2021-04-21 2021-04-22 2021-05-07 2021-05-10 2022-03-21 2022-03-22 2022-03-23] [2.59]
qkht2022-03-23 002183 [-1 4.02 4.44] [0000-00-00 2021-02-08 2021-04-15] [4.89]
qkht2022-03-23 002200 [-1 8.66] [0000-00-00 2022-03-23] [9.05]
qkht2022-03-23 002202 [-1 10.2 13.79] [0000-00-00 2020-10-09 2022-03-23] [14.04]
qkht2022-03-23 002219 [-1 1.63 1.71 2.07 2.27 2.36 2.48 2.89 3.03 3.18] [0000-00-00 2021-02-03 2021-02-04 2021-03-16 2021-03-29 2021-03-30 2021-03-31 2022-03-21 2022-03-22 2022-03-23] [3.33]
qkht2022-03-23 002274 [-1 3.84 5.93 10.6] [0000-00-00 2019-02-01 2021-02-22 2022-03-23] [11.14]
qkht2022-03-23 002309 [-1 6.18 7.24] [0000-00-00 2021-11-11 2022-03-23] [7.83]
qkht2022-03-23 002384 [-1 11.97 18.41] [0000-00-00 2019-02-12 2022-03-17] [20.15]
qkht2022-03-23 002482 [-1 2.59 3.14] [0000-00-00 2022-03-21 2022-03-23] [3.45]
qkht2022-03-23 002498 [-1 1.93 2.7 4.07] [0000-00-00 2019-01-03 2020-02-11 2022-03-23] [4.43]
qkht2022-03-23 002568 [-1 11.76 23.38 31.85 37] [0000-00-00 2019-07-25 2020-04-24 2020-07-06 2022-03-23] [38.55]
qkht2022-03-23 002640 [-1 1.89 2.56 2.79] [0000-00-00 2021-05-27 2021-11-30 2022-03-21] [3.07]
qkht2022-03-23 002665 [-1 3.71] [0000-00-00 2022-03-23] [4]
qkht2022-03-23 002733 [-1 16.23] [0000-00-00 2022-03-23] [16.97]
qkht2022-03-23 002766 [-1 2.17 2.37 2.6 2.73 3.17 3.78 3.97 4.17] [0000-00-00 2019-12-04 2019-12-13 2019-12-20 2019-12-23 2020-12-17 2022-03-21 2022-03-22 2022-03-23] [4.38]
qkht2022-03-23 002815 [-1 11.78] [0000-00-00 2021-10-28] [13.38]
qkht2022-03-23 002857 [-1 14.54] [0000-00-00 2022-02-07] [15.42]
qkht2022-03-23 002915 [-1 20.38 22.23 24.45 26.9] [0000-00-00 2022-03-17 2022-03-18 2022-03-21 2022-03-22] [31.3]
qkht2022-03-23 600082 [-1 3.17] [0000-00-00 2022-03-17] [3.57]
qkht2022-03-23 600218 [-1 5.03 6.51 9.56 10.85] [0000-00-00 2019-01-14 2019-01-22 2022-03-17 2022-03-23] [11.76]
qkht2022-03-23 600318 [-1 9.15 11.88] [0000-00-00 2021-11-25 2022-03-17] [13.72]
qkht2022-03-23 600337 [-1 3.12] [0000-00-00 2022-03-17] [3.35]
qkht2022-03-23 600365 [-1 2.31 3.85 4.29] [0000-00-00 2021-03-23 2021-12-02 2022-01-11] [4.85]
qkht2022-03-23 600478 [-1 5.15] [0000-00-00 2022-03-17] [5.77]
qkht2022-03-23 600552 [-1 4.09 5.78 6.93 10.4] [0000-00-00 2019-02-13 2020-06-30 2021-07-12 2022-03-17] [11.36]
qkht2022-03-23 600684 [-1 3.15 3.88] [0000-00-00 2021-11-25 2022-03-17] [4.62]
qkht2022-03-23 600760 [-1 27.57 30.32 33.35 51.66] [0000-00-00 2020-07-07 2020-07-08 2020-07-09 2022-03-10] [58.75]
qkht2022-03-23 600763 [-1 49.19 125.04] [0000-00-00 2019-01-28 2022-03-17] [133.98]
qkht2022-03-23 600765 [-1 7.01 8.6 35.36 41.07] [0000-00-00 2018-10-26 2020-04-30 2021-10-25 2022-03-10] [45.7]
qkht2022-03-23 600766 [-1 5.36 5.63] [0000-00-00 2022-03-22 2022-03-23] [5.9]
qkht2022-03-23 600821 [-1 3.66 7.33] [0000-00-00 2020-05-13 2021-09-22] [8.14]
qkht2022-03-23 600866 [-1 3 6.38 7.02] [0000-00-00 2018-10-22 2022-03-22 2022-03-23] [7.72]
qkht2022-03-23 600875 [-1 9.02 14.45] [0000-00-00 2020-07-06 2022-03-23] [14.73]
qkht2022-03-23 600898 [-1 5.88 6.09] [0000-00-00 2022-03-22 2022-03-23] [6.39]
qkht2022-03-23 600956 [-1 4.47 4.92 5.41 5.94 6.54 9.81 12.5 13.06] [0000-00-00 2020-06-30 2020-07-01 2020-07-02 2020-07-03 2020-07-06 2021-03-22 2022-03-17 2022-03-23] [13.57]
qkht2022-03-23 600989 [-1 8.52 10.95 14.96] [0000-00-00 2020-07-03 2020-11-17 2022-03-23] [15.26]
qkht2022-03-23 600993 [-1 20.86] [0000-00-00 2022-03-17] [23.12]
qkht2022-03-23 601512 [-1 8.2] [0000-00-00 2022-03-17] [8.88]
qkht2022-03-23 601668 [-1 4.87] [0000-00-00 2022-03-17] [5.26]
qkht2022-03-23 601677 [-1 11.21 14.48 35.43 38.2] [0000-00-00 2020-10-13 2021-02-03 2022-03-17 2022-03-21] [41.83]
qkht2022-03-23 601798 [-1 4.57 7.43] [0000-00-00 2018-12-03 2022-03-23] [8.07]
qkht2022-03-23 601882 [-1 10.24 19.5] [0000-00-00 2021-01-27 2022-03-17] [20.8]
qkht2022-03-23 603032 [-1 8.27 12.65 12.98 13.63 14.66 16.16 18.83 19.77 20.76 24.12 25.33 26.6 33.46 37.8 39.69 41.67 55.41 58.18 61.09] [0000-00-00 2021-02-22 2021-06-07 2021-06-08 2021-06-09 2021-06-15 2021-06-17 2021-07-16 2021-07-19 2021-07-20 2021-08-03 2021-08-04 2021-08-05 2021-09-24 2021-10-25 2021-10-26 2021-10-27 2022-03-18 2022-03-21 2022-03-22] [67.35]
qkht2022-03-23 603083 [-1 11.72] [0000-00-00 2021-04-26] [13.75]
qkht2022-03-23 603100 [-1 10.54 11.29 15.09] [0000-00-00 2021-01-11 2021-01-12 2022-03-17] [15.49]
qkht2022-03-23 603217 [-1 26.41 34.49 38.72] [0000-00-00 2021-04-28 2021-07-16 2022-02-16] [44.65]
qkht2022-03-23 603399 [-1 3.58 7.21 7.89 19.93 21.43] [0000-00-00 2021-02-10 2022-01-07 2022-01-10 2022-03-22 2022-03-23] [23.57]
qkht2022-03-23 603489 [-1 69.03 109.21 160.8] [0000-00-00 2020-04-15 2020-06-05 2022-03-17] [176.49]
qkht2022-03-23 603529 [-1 36.41] [0000-00-00 2022-03-21] [39.86]
qkht2022-03-23 603577 [-1 10.15] [0000-00-00 2022-03-23] [10.48]
qkht2022-03-23 603579 [-1 25.34] [0000-00-00 2022-03-17] [26.46]
qkht2022-03-23 603682 [-1 5.63] [0000-00-00 2022-03-17] [6.28]
qkht2022-03-23 603776 [-1 13.04 15.01] [0000-00-00 2021-01-18 2022-03-23] [15.94]
qkht2022-03-23 603798 [-1 10.4] [0000-00-00 2022-03-23] [11.34]
qkht2022-03-23 603920 [-1 10.43 16.41] [0000-00-00 2019-08-12 2022-03-17] [17.6]
qkht2022-03-23 603985 [-1 8.5 12.06 17.12 21.31 30.49] [0000-00-00 2020-04-20 2020-07-06 2021-08-02 2021-09-03 2021-09-16] [33.04]
qkht2022-03-23 605358 [-1 7.07 7.78 8.56 9.42 10.36 11.4 12.54 13.79 15.17 16.69 18.36 20.2 22.22 24.43 26.88 29.57 32.52 35.78 39.36 43.29 89.5] [0000-00-00 2020-09-14 2020-09-15 2020-09-16 2020-09-17 2020-09-18 2020-09-21 2020-09-22 2020-09-23 2020-09-24 2020-09-25 2020-09-28 2020-09-29 2020-09-30 2020-10-09 2020-10-12 2020-10-13 2020-10-14 2020-10-15 2020-10-16 2020-10-19 2021-06-07] [100.23]
date==stars=2022-03-23
stars_2022-03-23 000063 []
stars_2022-03-23 000100 []
stars_2022-03-23 000338 []
stars_2022-03-23 000976 []
stars_2022-03-23 002060 []
stars_2022-03-23 002080 []
stars_2022-03-23 002139 []
stars_2022-03-23 002175 []
stars_2022-03-23 002274 []
stars_2022-03-23 002280 []
stars_2022-03-23 002335 []
stars_2022-03-23 002377 []
stars_2022-03-23 002429 []
stars_2022-03-23 002493 []
stars_2022-03-23 002529 []
stars_2022-03-23 002594 []
stars_2022-03-23 002613 []
stars_2022-03-23 002641 []
stars_2022-03-23 002677 []
stars_2022-03-23 002795 []
stars_2022-03-23 002864 []
stars_2022-03-23 002879 []
stars_2022-03-23 600009 []
stars_2022-03-23 600478 []
stars_2022-03-23 600588 []
stars_2022-03-23 600690 []
stars_2022-03-23 600841 []
stars_2022-03-23 600866 []
stars_2022-03-23 600989 []
stars_2022-03-23 601233 []
stars_2022-03-23 601600 []
stars_2022-03-23 603032 []
stars_2022-03-23 603158 []
stars_2022-03-23 603261 []
 cost is :1053674981 


git config --global http.proxy 'socks5://127.0.0.1:7890'
git config --global https.proxy 'socks5://127.0.0.1:7890'