date==dltp3l=2022-03-24  ma_n= 20
day industry code name turnover_ratio pe_ratio industry_cnt inc_revenue_year_rank inc_revenue_annual_rank cfo_sales_rank leverage_ratio_rank
dltp2022-03-24 000028 30.77 2022-03-15 33.42 2022-03-21 32.73 2022-03-23 34.93 2022-03-24 1
dltp2022-03-24 000048 17.36 2022-01-19 22.83 2022-02-10 19.65 2022-03-17 22.48 2022-03-22 3
dltp2022-03-24 000411 12.42 2022-01-27 14.52 2022-03-07 12.95 2022-03-15 14.92 2022-03-24 1
dltp2022-03-24 000518 3.28 2022-03-09 3.54 2022-03-11 3.31 2022-03-15 3.69 2022-03-24 1
dltp2022-03-24 000582 7.04 2022-03-15 7.71 2022-03-21 7.5 2022-03-23 7.78 2022-03-24 1
dltp2022-03-24 000611 3.01 2022-02-24 3.45 2022-03-11 3.19 2022-03-15 3.78 2022-03-24 0
dltp2022-03-24 000712 13.86 2022-03-15 15.48 2022-03-22 14.68 2022-03-23 14.89 2022-03-24 3
dltp2022-03-24 000908 3.73 2022-01-27 4.37 2022-03-11 3.9 2022-03-15 4.64 2022-03-24 1
dltp2022-03-24 000975 8.1 2022-01-27 9.55 2022-03-09 8.12 2022-03-15 9.8 2022-03-24 3
dltp2022-03-24 002061 5.54 2022-01-28 7.59 2022-02-22 5.89 2022-03-15 7.35 2022-03-21 3
dltp2022-03-24 002102 3.38 2022-03-10 3.46 2022-03-14 3.39 2022-03-15 3.89 2022-03-24 2
dltp2022-03-24 002226 5.45 2022-03-09 5.87 2022-03-14 5.66 2022-03-15 6.67 2022-03-24 1
dltp2022-03-24 002296 6.83 2022-01-27 7.97 2022-03-03 7 2022-03-15 7.9 2022-03-23 3
dltp2022-03-24 002545 10.41 2022-03-16 11.51 2022-03-21 11.32 2022-03-23 11.81 2022-03-24 1
dltp2022-03-24 002578 3.74 2022-01-27 4.65 2022-03-02 3.93 2022-03-15 5.02 2022-03-24 3
dltp2022-03-24 002639 9.51 2022-02-22 12.78 2022-03-07 9.72 2022-03-15 13.5 2022-03-23 1
dltp2022-03-24 600084 3.95 2022-01-25 4.32 2022-03-11 4.13 2022-03-15 4.8 2022-03-24 3
dltp2022-03-24 600671 8.93 2022-03-09 9.4 2022-03-14 9 2022-03-15 9.87 2022-03-24 2
dltp2022-03-24 600689 7.44 2022-03-15 8.01 2022-03-22 7.79 2022-03-23 8.57 2022-03-24 1
dltp2022-03-24 600693 3.6 2022-03-15 3.79 2022-03-22 3.77 2022-03-23 3.83 2022-03-24 1
dltp2022-03-24 600753 13.11 2022-01-27 16.09 2022-03-03 13.76 2022-03-09 17.61 2022-03-23 2
dltp2022-03-24 600789 6.3 2022-03-09 6.81 2022-03-11 6.4 2022-03-15 7.11 2022-03-24 1
dltp2022-03-24 600814 6.27 2022-01-25 8.09 2022-02-16 6.59 2022-03-15 8.22 2022-03-23 3
dltp2022-03-24 600830 4.85 2022-01-27 6.8 2022-02-25 5.65 2022-03-15 7.7 2022-03-22 2
dltp2022-03-24 600881 2.9 2022-03-15 3.01 2022-03-18 2.99 2022-03-21 3.12 2022-03-24 2
dltp2022-03-24 600988 14.95 2022-02-21 17.84 2022-03-14 16.05 2022-03-16 18.71 2022-03-24 1
dltp2022-03-24 603278 8.26 2022-03-15 9.43 2022-03-18 9.26 2022-03-21 9.65 2022-03-24 1
dltp2022-03-24 603387 18.61 2022-03-09 21.78 2022-03-11 19.19 2022-03-23 21.11 2022-03-24 1
dltp2022-03-24 603676 9.12 2022-03-09 9.93 2022-03-11 9.21 2022-03-15 10.61 2022-03-24 3
date==dltp3l=2022-03-24  ma_n= 30
day industry code name turnover_ratio pe_ratio industry_cnt inc_revenue_year_rank inc_revenue_annual_rank cfo_sales_rank leverage_ratio_rank
dltp2022-03-24 000028 30.77 2022-03-15 33.42 2022-03-21 32.73 2022-03-23 34.93 2022-03-24 1
dltp2022-03-24 000048 17.36 2022-01-19 22.83 2022-02-10 19.65 2022-03-17 22.48 2022-03-22 3
dltp2022-03-24 000411 12.42 2022-01-27 14.52 2022-03-07 12.95 2022-03-15 14.92 2022-03-24 1
dltp2022-03-24 000518 3.28 2022-03-09 3.54 2022-03-11 3.31 2022-03-15 3.69 2022-03-24 1
dltp2022-03-24 000611 3.01 2022-02-24 3.45 2022-03-11 3.19 2022-03-15 3.78 2022-03-24 0
dltp2022-03-24 000712 13.86 2022-03-15 15.48 2022-03-22 14.68 2022-03-23 14.89 2022-03-24 3
dltp2022-03-24 000756 8.55 2022-03-15 9.41 2022-03-21 9.17 2022-03-23 9.62 2022-03-24 1
dltp2022-03-24 000975 8.1 2022-01-27 9.55 2022-03-09 8.12 2022-03-15 9.8 2022-03-24 3
dltp2022-03-24 002102 3.38 2022-03-10 3.46 2022-03-14 3.39 2022-03-15 3.89 2022-03-24 2
dltp2022-03-24 002219 2.68 2022-01-27 3.12 2022-03-08 2.75 2022-03-17 3.33 2022-03-23 2
dltp2022-03-24 002440 7.76 2022-03-15 8.81 2022-03-22 8.66 2022-03-23 9.23 2022-03-24 3
dltp2022-03-24 002476 4.31 2022-01-27 5.18 2022-03-03 4.43 2022-03-15 5.84 2022-03-24 2
dltp2022-03-24 002597 34.06 2022-03-09 40.11 2022-03-21 38.99 2022-03-23 40.36 2022-03-24 0
dltp2022-03-24 002639 9.51 2022-02-22 12.78 2022-03-07 9.72 2022-03-15 13.5 2022-03-23 1
dltp2022-03-24 002796 7.76 2022-03-15 8.85 2022-03-21 8.8 2022-03-22 9.68 2022-03-23 3
dltp2022-03-24 600084 4.1 2022-02-15 4.32 2022-03-11 4.13 2022-03-15 4.8 2022-03-24 3
dltp2022-03-24 600200 6.72 2022-03-09 6.94 2022-03-11 6.75 2022-03-15 7.4 2022-03-24 1
dltp2022-03-24 600246 9.34 2022-03-09 9.93 2022-03-11 9.43 2022-03-15 10.68 2022-03-23 3
dltp2022-03-24 600511 25.89 2022-03-09 28.9 2022-03-21 27.78 2022-03-23 30.56 2022-03-24 1
dltp2022-03-24 600671 8.93 2022-03-09 9.4 2022-03-14 9 2022-03-15 9.87 2022-03-24 2
dltp2022-03-24 600689 7.44 2022-03-15 7.71 2022-03-16 7.62 2022-03-17 8.57 2022-03-24 1
dltp2022-03-24 600753 13.11 2022-01-27 16.09 2022-03-03 13.76 2022-03-09 17.61 2022-03-23 2
dltp2022-03-24 600789 6.3 2022-03-09 6.81 2022-03-11 6.4 2022-03-15 7.11 2022-03-24 1
dltp2022-03-24 600830 4.85 2022-01-27 6.8 2022-02-25 5.65 2022-03-15 7.7 2022-03-22 2
dltp2022-03-24 600881 2.9 2022-03-15 3.01 2022-03-18 2.99 2022-03-21 3.12 2022-03-24 2
dltp2022-03-24 601002 4.86 2022-01-25 5.59 2022-03-11 4.88 2022-03-15 6.09 2022-03-22 3
dltp2022-03-24 603387 18.61 2022-03-09 21.78 2022-03-11 19.19 2022-03-23 21.11 2022-03-24 1
dltp2022-03-24 603676 9.12 2022-03-09 9.93 2022-03-11 9.21 2022-03-15 10.61 2022-03-24 3
dltp2022-03-24 603709 15.19 2022-03-15 16.54 2022-03-22 16.43 2022-03-23 16.69 2022-03-24 1
date==dltp3l=2022-03-24  ma_n= 60
day industry code name turnover_ratio pe_ratio industry_cnt inc_revenue_year_rank inc_revenue_annual_rank cfo_sales_rank leverage_ratio_rank
dltp2022-03-24 000518 3.28 2022-03-09 3.54 2022-03-11 3.31 2022-03-15 3.69 2022-03-24 1
dltp2022-03-24 000608 2.74 2021-11-02 3.84 2022-01-26 2.86 2022-03-15 4.21 2022-03-24 3
dltp2022-03-24 000908 3.84 2022-02-17 4.37 2022-03-11 3.9 2022-03-15 4.64 2022-03-24 1
dltp2022-03-24 002061 5.07 2021-11-08 7.59 2022-02-22 5.89 2022-03-15 7.35 2022-03-21 3
dltp2022-03-24 002200 7.25 2022-02-07 8.6 2022-02-21 7.71 2022-03-11 9.5 2022-03-24 0
dltp2022-03-24 002226 5.45 2022-03-09 5.87 2022-03-14 5.66 2022-03-15 6.67 2022-03-24 1
dltp2022-03-24 002309 6.97 2022-03-15 7.21 2022-03-21 7.12 2022-03-22 7.83 2022-03-23 3
dltp2022-03-24 002578 3.74 2022-01-27 4.65 2022-03-02 3.93 2022-03-15 5.02 2022-03-24 3
dltp2022-03-24 002588 5.37 2022-01-25 6.53 2022-02-23 5.78 2022-03-15 6.5 2022-03-24 1
dltp2022-03-24 002639 9.51 2022-02-22 12.78 2022-03-07 9.72 2022-03-15 13.5 2022-03-23 1
dltp2022-03-24 600084 3.98 2022-01-28 4.32 2022-03-11 4.13 2022-03-15 4.8 2022-03-24 3
dltp2022-03-24 600547 18.56 2022-01-27 21.82 2022-03-09 18.85 2022-03-16 21.02 2022-03-24 1
dltp2022-03-24 600671 8.93 2022-03-09 9.4 2022-03-14 9 2022-03-15 9.87 2022-03-24 2
dltp2022-03-24 600689 6.68 2021-12-07 7.62 2022-01-19 6.71 2022-01-27 8.57 2022-03-24 1
dltp2022-03-24 600814 6.05 2021-12-13 8.09 2022-02-16 6.59 2022-03-15 8.22 2022-03-23 3
dltp2022-03-24 601002 4.86 2022-01-25 5.59 2022-03-11 4.88 2022-03-15 6.09 2022-03-22 3
dltp2022-03-24 603676 9.12 2022-03-09 9.93 2022-03-11 9.21 2022-03-15 10.61 2022-03-24 3
dltp2022-03-24 603739 16.66 2022-01-27 19.34 2022-02-25 17.08 2022-03-15 19.19 2022-03-24 3
dltp3l cost is :184071605 
date==xc=2022-03-24
day industry code name turnover_ratio pe_ratio industry_cnt inc_revenue_year_rank inc_revenue_annual_rank cfo_sales_rank leverage_ratio_rank
xc2022-03-24 002333 []
xc2022-03-24 002462 []
xc2022-03-24 002788 []
xc2022-03-24 002865 []
xc2022-03-24 603029 []
xc2022-03-24 603360 []
xc cost is :227800516 
date==qkht=2022-03-24
day industry code name turnover_ratio pe_ratio industry_cnt inc_revenue_year_rank inc_revenue_annual_rank cfo_sales_rank leverage_ratio_rank
qkht2022-03-24 000513 [-1 26.37 37.74] [0000-00-00 2019-10-25 2022-03-21] [41.76]
qkht2022-03-24 000523 [-1 2.32 3.14] [0000-00-00 2021-02-22 2022-03-21] [3.47]
qkht2022-03-24 000582 [-1 7.32 7.56] [0000-00-00 2022-03-21 2022-03-24] [7.78]
qkht2022-03-24 000608 [-1 3.01 3.83] [0000-00-00 2022-03-17 2022-03-24] [4.21]
qkht2022-03-24 000611 [-1 2.76 3.51 3.6] [0000-00-00 2021-06-03 2022-03-23 2022-03-24] [3.78]
qkht2022-03-24 000635 [-1 7.47 8.13 9.08] [0000-00-00 2021-02-18 2021-02-22 2022-03-23] [10.23]
qkht2022-03-24 000965 [-1 3.25 3.94 4.76 5.24] [0000-00-00 2022-03-17 2022-03-21 2022-03-23 2022-03-24] [5.76]
qkht2022-03-24 000975 [-1 5.45 5.91 6.66 7.15 9.26] [0000-00-00 2018-11-29 2018-12-10 2019-05-31 2019-06-03 2022-03-24] [9.8]
qkht2022-03-24 002102 [-1 2.78 3.7] [0000-00-00 2021-08-06 2022-03-24] [3.89]
qkht2022-03-24 002166 [-1 9] [0000-00-00 2022-03-22] [9.86]
qkht2022-03-24 002175 [-1 1.35 1.38 1.55 1.63 2.28 2.35 2.47 2.59] [0000-00-00 2021-04-21 2021-04-22 2021-05-07 2021-05-10 2022-03-21 2022-03-22 2022-03-23 2022-03-24] [2.72]
qkht2022-03-24 002192 [-1 15.15 16.65 17.48 19.19 25.88 32.74 41.44 47.63 78.32 111.09] [0000-00-00 2020-07-01 2020-10-09 2020-10-20 2020-10-27 2020-11-23 2020-12-18 2021-03-18 2021-04-15 2021-07-05 2022-03-17] [130.38]
qkht2022-03-24 002194 [-1 3.46 3.58 3.76 7.54 9.53] [0000-00-00 2018-10-31 2018-11-01 2018-11-02 2019-02-21 2022-03-24] [10.48]
qkht2022-03-24 002200 [-1 8.66 9.05] [0000-00-00 2022-03-23 2022-03-24] [9.5]
qkht2022-03-24 002370 [-1 6.83] [0000-00-00 2022-03-24] [7.51]
qkht2022-03-24 002476 [-1 5.31] [0000-00-00 2022-03-24] [5.84]
qkht2022-03-24 002550 [-1 5.29] [0000-00-00 2022-03-11] [6.15]
qkht2022-03-24 002709 [-1 12.42 80 90.18] [0000-00-00 2020-04-07 2021-05-28 2022-03-10] [101]
qkht2022-03-24 002737 [-1 15.21] [0000-00-00 2022-03-21] [16.16]
qkht2022-03-24 002761 [-1 8.61 9.47 12.61 15.94 17.53 28.6 31.46] [0000-00-00 2022-02-08 2022-02-09 2022-02-14 2022-02-17 2022-02-18 2022-03-16 2022-03-17] [36.28]
qkht2022-03-24 002766 [-1 2.17 2.37 2.6 2.73 3.17 3.78 3.97 4.17 4.38] [0000-00-00 2019-12-04 2019-12-13 2019-12-20 2019-12-23 2020-12-17 2022-03-21 2022-03-22 2022-03-23 2022-03-24] [4.6]
qkht2022-03-24 002864 [-1 29.81 32.79 36.07 39.68 43.65 48.02] [0000-00-00 2022-03-17 2022-03-18 2022-03-21 2022-03-22 2022-03-23 2022-03-24] [52.82]
qkht2022-03-24 002943 [-1 21.44 25.39 31.25] [0000-00-00 2021-11-11 2021-11-16 2022-03-18] [36.95]
qkht2022-03-24 003007 [-1 20.11 22.12] [0000-00-00 2022-02-21 2022-02-22] [25.87]
qkht2022-03-24 600084 [-1 2.57 2.9 3.05 4.57] [0000-00-00 2021-04-29 2021-05-07 2021-05-10 2022-03-24] [4.8]
qkht2022-03-24 600242 [-1 2.29] [0000-00-00 2022-03-21] [2.56]
qkht2022-03-24 600392 [-1 12.4 13.64 15.44] [0000-00-00 2021-01-21 2021-01-22 2022-03-17] [16.92]
qkht2022-03-24 600490 [-1 4.5] [0000-00-00 2022-03-24] [4.6]
qkht2022-03-24 600497 [-1 3.56 5.09] [0000-00-00 2020-07-03 2022-03-24] [5.35]
qkht2022-03-24 600547 [-1 13.1 15.3 15.84 19.58] [0000-00-00 2018-11-29 2019-05-31 2019-06-03 2022-03-24] [21.02]
qkht2022-03-24 600604 [-1 3.85 4.24 4.67 4.94] [0000-00-00 2018-11-06 2018-11-07 2018-11-08 2022-03-17] [5.95]
qkht2022-03-24 600657 [-1 4.76 5.24] [0000-00-00 2022-03-23 2022-03-24] [5.76]
qkht2022-03-24 600766 [-1 5.36 5.63] [0000-00-00 2022-03-22 2022-03-23] [6.2]
qkht2022-03-24 600803 [-1 14.75 15.35] [0000-00-00 2022-03-17 2022-03-21] [16.59]
qkht2022-03-24 600818 [-1 14.17 15.59 17.15] [0000-00-00 2022-03-08 2022-03-09 2022-03-10] [20.16]
qkht2022-03-24 600866 [-1 3 6.38 7.02 7.72] [0000-00-00 2018-10-22 2022-03-22 2022-03-23 2022-03-24] [8.49]
qkht2022-03-24 600898 [-1 5.88 6.09 6.39] [0000-00-00 2022-03-22 2022-03-23 2022-03-24] [6.71]
qkht2022-03-24 600956 [-1 4.47 4.92 5.41 5.94 6.54 9.81 12.5 13.06] [0000-00-00 2020-06-30 2020-07-01 2020-07-02 2020-07-03 2020-07-06 2021-03-22 2022-03-17 2022-03-23] [14.21]
qkht2022-03-24 600988 [-1 7.83 8.95 9.77 10.55 17.8] [0000-00-00 2020-03-24 2020-05-15 2020-06-22 2020-06-23 2022-03-24] [18.71]
qkht2022-03-24 601113 [-1 3.11 4.15] [0000-00-00 2021-03-24 2022-03-21] [4.76]
qkht2022-03-24 603056 [-1 6.71 7.39 8.13 8.94 12.66 16.85] [0000-00-00 2018-01-17 2018-01-18 2018-01-19 2018-01-22 2022-03-14 2022-03-17] [18.39]
qkht2022-03-24 603129 [-1 19.31 21.14 116.95] [0000-00-00 2019-08-23 2019-08-26 2022-03-24] [121.02]
qkht2022-03-24 603179 [-1 10.81 34.88] [0000-00-00 2019-11-11 2022-03-10] [36.98]
qkht2022-03-24 603213 [-1 8.63 9.49 10.44 11.48 13.89 15.28 17.16 18.59] [0000-00-00 2021-11-12 2021-11-15 2021-11-16 2021-11-17 2021-11-19 2021-11-22 2022-03-23 2022-03-24] [19.28]
qkht2022-03-24 603278 [-1 7.98 9.39] [0000-00-00 2021-04-01 2022-03-24] [9.65]
qkht2022-03-24 603348 [-1 18.26 31.88 34.52 38.02] [0000-00-00 2020-06-22 2021-10-29 2021-11-01 2022-03-17] [39.51]
qkht2022-03-24 603399 [-1 3.58 7.21 7.89 19.93 21.43] [0000-00-00 2021-02-10 2022-01-07 2022-01-10 2022-03-22 2022-03-23] [24.98]
qkht2022-03-24 603489 [-1 69.03 109.21 160.8] [0000-00-00 2020-04-15 2020-06-05 2022-03-17] [185.3]
qkht2022-03-24 603500 [-1 7.8 8.88 9.14 10.03] [0000-00-00 2021-01-15 2022-03-21 2022-03-22 2022-03-23] [11.35]
qkht2022-03-24 603786 [-1 48.1] [0000-00-00 2022-03-17] [51.42]
qkht2022-03-24 603912 [-1 15.37 16.7 17.27 19] [0000-00-00 2022-02-09 2022-02-18 2022-02-21 2022-02-22] [22.12]
qkht2022-03-24 605007 [-1 14.31 15.74] [0000-00-00 2020-11-11 2020-11-12] [17.99]
qkht2022-03-24 605068 [-1 23.1 23.97] [0000-00-00 2022-03-17 2022-03-24] [24.5]
qkht2022-03-24 605499 [-1 66.63 73.29 80.62 88.68 97.55 107.31 118.04 129.84] [0000-00-00 2021-05-28 2021-05-31 2021-06-01 2021-06-02 2021-06-03 2021-06-04 2021-06-07 2021-06-08] [139.9]
date==stars=2022-03-24
stars_2022-03-24 002060 []
stars_2022-03-24 002080 []
stars_2022-03-24 002175 []
stars_2022-03-24 002309 []
stars_2022-03-24 002350 []
stars_2022-03-24 002429 []
stars_2022-03-24 002493 []
stars_2022-03-24 002594 []
stars_2022-03-24 002738 []
stars_2022-03-24 002799 []
stars_2022-03-24 002864 []
stars_2022-03-24 002879 []
stars_2022-03-24 600211 []
stars_2022-03-24 600478 []
stars_2022-03-24 600777 []
stars_2022-03-24 600841 []
stars_2022-03-24 600866 []
stars_2022-03-24 600898 []
stars_2022-03-24 601233 []
stars_2022-03-24 601600 []
stars_2022-03-24 603032 []
stars_2022-03-24 603158 []
stars_2022-03-24 603261 []
stars_2022-03-24 603353 []
stars_2022-03-24 603439 []
stars_2022-03-24 605388 []
 cost is :331475796 
