date==dltp3l=2022-03-25  ma_n= 20
day industry code name turnover_ratio pe_ratio industry_cnt inc_revenue_year_rank inc_revenue_annual_rank cfo_sales_rank leverage_ratio_rank
dltp2022-03-25 000028 30.77 2022-03-15 33.42 2022-03-21 32.73 2022-03-23 35.01 2022-03-25 2
dltp2022-03-25 000404 4.12 2022-03-15 4.62 2022-03-22 4.49 2022-03-24 4.77 2022-03-25 1
dltp2022-03-25 000518 3.28 2022-03-09 3.54 2022-03-11 3.31 2022-03-15 3.69 2022-03-24 2
dltp2022-03-25 000529 5.47 2022-03-15 5.99 2022-03-23 5.93 2022-03-24 6.15 2022-03-25 1
dltp2022-03-25 000908 3.73 2022-01-27 4.37 2022-03-11 3.9 2022-03-15 4.64 2022-03-24 2
dltp2022-03-25 000911 9.29 2022-03-15 9.62 2022-03-16 9.48 2022-03-17 10.85 2022-03-25 1
dltp2022-03-25 000952 7.04 2022-03-09 7.72 2022-03-14 7.27 2022-03-15 8.22 2022-03-25 2
dltp2022-03-25 000955 4.9 2022-03-15 5.2 2022-03-21 4.94 2022-03-24 5.19 2022-03-25 1
dltp2022-03-25 000973 4.47 2022-01-27 5.17 2022-03-10 4.74 2022-03-15 5.23 2022-03-25 1
dltp2022-03-25 002144 9.27 2022-03-15 10.03 2022-03-22 9.81 2022-03-24 10.79 2022-03-25 1
dltp2022-03-25 002226 5.45 2022-03-09 5.87 2022-03-14 5.66 2022-03-15 6.67 2022-03-24 2
dltp2022-03-25 002296 6.83 2022-01-27 7.97 2022-03-03 7 2022-03-15 7.9 2022-03-23 3
dltp2022-03-25 002357 5.15 2022-03-15 5.74 2022-03-23 5.6 2022-03-24 5.76 2022-03-25 1
dltp2022-03-25 002403 6.86 2022-03-17 7.13 2022-03-22 6.92 2022-03-24 7.39 2022-03-25 1
dltp2022-03-25 002574 4.59 2022-03-15 5.13 2022-03-22 4.96 2022-03-24 5.1 2022-03-25 1
dltp2022-03-25 002578 3.74 2022-01-27 4.65 2022-03-02 3.93 2022-03-15 5.02 2022-03-24 3
dltp2022-03-25 002639 9.51 2022-02-22 12.78 2022-03-07 9.72 2022-03-15 13.5 2022-03-23 2
dltp2022-03-25 002692 3.08 2022-01-27 3.5 2022-02-18 3.15 2022-03-15 3.68 2022-03-25 1
dltp2022-03-25 002696 5.54 2022-03-09 5.95 2022-03-11 5.65 2022-03-15 6.27 2022-03-21 1
dltp2022-03-25 002940 34.42 2022-03-09 36.34 2022-03-11 34.67 2022-03-15 38.59 2022-03-25 3
dltp2022-03-25 002956 15.66 2022-03-17 16.25 2022-03-21 15.95 2022-03-24 16.6 2022-03-25 1
dltp2022-03-25 002987 32.71 2022-03-15 35 2022-03-23 33.75 2022-03-24 35.13 2022-03-25 0
dltp2022-03-25 600084 3.95 2022-01-25 4.32 2022-03-11 4.13 2022-03-15 4.86 2022-03-25 3
dltp2022-03-25 600099 8.67 2022-03-15 9.36 2022-03-22 9.1 2022-03-24 9.4 2022-03-25 1
dltp2022-03-25 600222 6.61 2022-03-16 7.04 2022-03-21 6.87 2022-03-22 7.8 2022-03-25 3
dltp2022-03-25 600354 5.34 2022-03-15 6.04 2022-03-21 5.84 2022-03-23 6.19 2022-03-25 2
dltp2022-03-25 600448 3.3 2022-03-09 3.71 2022-03-14 3.42 2022-03-23 3.74 2022-03-25 2
dltp2022-03-25 600467 2.68 2022-03-15 3 2022-03-21 2.91 2022-03-24 3.09 2022-03-25 1
dltp2022-03-25 600493 5.4 2022-01-27 6.17 2022-03-03 5.45 2022-03-15 6.25 2022-03-25 3
dltp2022-03-25 600556 7.83 2022-03-15 8.95 2022-03-17 8.82 2022-03-18 9.2 2022-03-25 1
dltp2022-03-25 600671 8.93 2022-03-09 9.4 2022-03-14 9 2022-03-15 9.87 2022-03-24 3
dltp2022-03-25 600698 4.25 2022-02-22 5.2 2022-03-03 4.47 2022-03-17 5.57 2022-03-25 1
dltp2022-03-25 600753 13.11 2022-01-27 16.09 2022-03-03 13.76 2022-03-09 18 2022-03-25 2
dltp2022-03-25 600789 6.3 2022-03-09 6.81 2022-03-11 6.4 2022-03-15 7.16 2022-03-25 3
dltp2022-03-25 600830 4.85 2022-01-27 6.8 2022-02-25 5.65 2022-03-15 7.7 2022-03-22 3
dltp2022-03-25 603090 19.06 2022-01-28 24.4 2022-03-11 22.26 2022-03-24 23.59 2022-03-25 1
dltp2022-03-25 603278 8.26 2022-03-15 9.43 2022-03-18 9.26 2022-03-21 9.9 2022-03-25 2
dltp2022-03-25 603387 18.61 2022-03-09 21.78 2022-03-11 19.19 2022-03-23 21.11 2022-03-24 2
dltp2022-03-25 603398 16.02 2022-01-27 23.25 2022-03-02 20.45 2022-03-16 22.54 2022-03-25 1
dltp2022-03-25 603958 5.94 2022-03-15 6.46 2022-03-23 6.35 2022-03-24 6.54 2022-03-25 1
date==dltp3l=2022-03-25  ma_n= 30
day industry code name turnover_ratio pe_ratio industry_cnt inc_revenue_year_rank inc_revenue_annual_rank cfo_sales_rank leverage_ratio_rank
dltp2022-03-25 000028 30.77 2022-03-15 33.42 2022-03-21 32.73 2022-03-23 35.01 2022-03-25 2
dltp2022-03-25 000404 4.12 2022-03-15 4.62 2022-03-22 4.49 2022-03-24 4.77 2022-03-25 1
dltp2022-03-25 000518 3.28 2022-03-09 3.54 2022-03-11 3.31 2022-03-15 3.69 2022-03-24 2
dltp2022-03-25 000756 8.55 2022-03-15 9.41 2022-03-21 9.17 2022-03-23 10.04 2022-03-25 2
dltp2022-03-25 000813 3.37 2022-03-15 3.73 2022-03-21 3.63 2022-03-23 3.83 2022-03-25 2
dltp2022-03-25 000911 9.29 2022-03-15 9.62 2022-03-16 9.48 2022-03-17 10.85 2022-03-25 1
dltp2022-03-25 000952 7.04 2022-03-09 7.72 2022-03-14 7.27 2022-03-15 8.22 2022-03-25 2
dltp2022-03-25 000955 4.9 2022-03-15 5.2 2022-03-21 4.94 2022-03-24 5.19 2022-03-25 1
dltp2022-03-25 000973 4.73 2022-02-24 5.17 2022-03-10 4.74 2022-03-15 5.23 2022-03-25 1
dltp2022-03-25 002118 2.9 2022-01-27 3.39 2022-03-03 3.02 2022-03-15 3.61 2022-03-25 3
dltp2022-03-25 002144 9.27 2022-03-15 10.03 2022-03-22 9.81 2022-03-24 10.79 2022-03-25 1
dltp2022-03-25 002219 2.68 2022-01-27 3.12 2022-03-08 2.75 2022-03-17 3.33 2022-03-23 3
dltp2022-03-25 002357 5.15 2022-03-15 5.74 2022-03-23 5.6 2022-03-24 5.76 2022-03-25 1
dltp2022-03-25 002403 6.69 2022-03-09 7.26 2022-03-14 6.86 2022-03-17 7.39 2022-03-25 1
dltp2022-03-25 002440 7.76 2022-03-15 8.81 2022-03-22 8.66 2022-03-23 9.23 2022-03-24 3
dltp2022-03-25 002476 4.31 2022-01-27 5.18 2022-03-03 4.43 2022-03-15 5.84 2022-03-24 3
dltp2022-03-25 002574 4.59 2022-03-15 5.13 2022-03-22 4.96 2022-03-24 5.1 2022-03-25 1
dltp2022-03-25 002586 3.15 2022-03-04 3.62 2022-03-14 3.37 2022-03-17 3.91 2022-03-25 1
dltp2022-03-25 002639 9.51 2022-02-22 12.78 2022-03-07 9.72 2022-03-15 13.5 2022-03-23 2
dltp2022-03-25 002696 5.54 2022-03-09 5.95 2022-03-11 5.65 2022-03-15 6.27 2022-03-21 1
dltp2022-03-25 002796 7.76 2022-03-15 8.85 2022-03-21 8.8 2022-03-22 9.68 2022-03-23 3
dltp2022-03-25 002801 18.25 2022-01-27 22.42 2022-03-04 18.9 2022-03-15 24.2 2022-03-24 3
dltp2022-03-25 002868 10.32 2022-03-16 11.31 2022-03-22 10.96 2022-03-24 12.06 2022-03-25 1
dltp2022-03-25 002956 15.66 2022-03-17 16.25 2022-03-21 15.95 2022-03-24 16.6 2022-03-25 1
dltp2022-03-25 600007 12.32 2022-03-15 14.81 2022-03-23 13.75 2022-03-24 15.13 2022-03-25 3
dltp2022-03-25 600084 4.1 2022-02-15 4.32 2022-03-11 4.13 2022-03-15 4.86 2022-03-25 3
dltp2022-03-25 600099 8.67 2022-03-15 8.96 2022-03-16 8.75 2022-03-17 9.4 2022-03-25 1
dltp2022-03-25 600200 6.72 2022-03-09 6.94 2022-03-11 6.75 2022-03-15 7.4 2022-03-24 2
dltp2022-03-25 600222 6.61 2022-03-16 7.04 2022-03-21 6.87 2022-03-22 7.8 2022-03-25 3
dltp2022-03-25 600354 5.34 2022-03-15 6.04 2022-03-21 5.84 2022-03-23 6.19 2022-03-25 2
dltp2022-03-25 600448 3.21 2022-02-24 3.52 2022-03-03 3.3 2022-03-09 3.74 2022-03-25 2
dltp2022-03-25 600467 2.68 2022-03-15 3 2022-03-21 2.91 2022-03-24 3.09 2022-03-25 1
dltp2022-03-25 600511 25.89 2022-03-09 28.9 2022-03-21 27.78 2022-03-23 32.66 2022-03-25 2
dltp2022-03-25 600512 3.17 2022-01-28 4.26 2022-02-21 3.63 2022-03-15 4.21 2022-03-25 1
dltp2022-03-25 600556 7.83 2022-03-15 9.19 2022-03-22 8.79 2022-03-24 9.2 2022-03-25 1
dltp2022-03-25 600671 8.93 2022-03-09 9.4 2022-03-14 9 2022-03-15 9.87 2022-03-24 3
dltp2022-03-25 600698 4.2 2022-01-27 5.2 2022-03-03 4.47 2022-03-17 5.57 2022-03-25 1
dltp2022-03-25 600753 13.11 2022-01-27 16.09 2022-03-03 13.76 2022-03-09 18 2022-03-25 2
dltp2022-03-25 600789 6.3 2022-03-09 6.81 2022-03-11 6.4 2022-03-15 7.16 2022-03-25 3
dltp2022-03-25 600830 4.85 2022-01-27 6.8 2022-02-25 5.65 2022-03-15 7.7 2022-03-22 3
dltp2022-03-25 601010 3.07 2022-03-15 3.27 2022-03-22 3.22 2022-03-24 3.33 2022-03-25 1
dltp2022-03-25 601900 7.65 2022-03-15 8.37 2022-03-18 8.18 2022-03-21 8.55 2022-03-25 1
dltp2022-03-25 603387 18.61 2022-03-09 21.78 2022-03-11 19.19 2022-03-23 21.11 2022-03-24 2
dltp2022-03-25 603398 20.45 2022-03-16 21.54 2022-03-18 21.13 2022-03-22 22.54 2022-03-25 1
dltp2022-03-25 603590 27.37 2022-03-15 29.16 2022-03-21 28.97 2022-03-22 30.19 2022-03-25 2
dltp2022-03-25 603958 5.94 2022-03-15 6.46 2022-03-23 6.35 2022-03-24 6.54 2022-03-25 1
date==dltp3l=2022-03-25  ma_n= 60
day industry code name turnover_ratio pe_ratio industry_cnt inc_revenue_year_rank inc_revenue_annual_rank cfo_sales_rank leverage_ratio_rank
dltp2022-03-25 000404 4.12 2022-03-15 4.62 2022-03-22 4.49 2022-03-24 4.77 2022-03-25 1
dltp2022-03-25 000518 3.28 2022-03-09 3.54 2022-03-11 3.31 2022-03-15 3.69 2022-03-24 2
dltp2022-03-25 000908 3.84 2022-02-17 4.37 2022-03-11 3.9 2022-03-15 4.64 2022-03-24 2
dltp2022-03-25 000952 7.04 2022-03-09 7.72 2022-03-14 7.27 2022-03-15 8.22 2022-03-25 2
dltp2022-03-25 000955 4.9 2022-03-15 5.2 2022-03-21 4.94 2022-03-24 5.19 2022-03-25 1
dltp2022-03-25 002144 9.27 2022-03-15 10.03 2022-03-22 9.81 2022-03-24 10.79 2022-03-25 1
dltp2022-03-25 002200 7.25 2022-02-07 8.6 2022-02-21 7.71 2022-03-11 9.55 2022-03-25 1
dltp2022-03-25 002226 5.45 2022-03-09 5.87 2022-03-14 5.66 2022-03-15 6.67 2022-03-24 2
dltp2022-03-25 002403 6.86 2022-03-17 7.13 2022-03-22 6.92 2022-03-24 7.39 2022-03-25 1
dltp2022-03-25 002569 7.15 2022-01-27 8.01 2022-03-02 7.43 2022-03-15 7.96 2022-03-25 1
dltp2022-03-25 002578 3.74 2022-01-27 4.65 2022-03-02 3.93 2022-03-15 5.02 2022-03-24 3
dltp2022-03-25 002586 3.15 2022-03-04 3.62 2022-03-14 3.37 2022-03-17 3.91 2022-03-25 1
dltp2022-03-25 002588 5.37 2022-01-25 6.53 2022-02-23 5.78 2022-03-15 6.6 2022-03-25 2
dltp2022-03-25 002639 9.51 2022-02-22 12.78 2022-03-07 9.72 2022-03-15 13.5 2022-03-23 2
dltp2022-03-25 002692 3.08 2022-01-27 3.5 2022-02-18 3.15 2022-03-15 3.68 2022-03-25 1
dltp2022-03-25 002696 5.54 2022-03-09 5.95 2022-03-11 5.65 2022-03-15 6.27 2022-03-21 1
dltp2022-03-25 002832 23.81 2022-03-15 24.96 2022-03-18 24.71 2022-03-21 25.65 2022-03-23 1
dltp2022-03-25 002868 10.32 2022-03-16 11.31 2022-03-22 10.96 2022-03-24 12.06 2022-03-25 1
dltp2022-03-25 002940 34.42 2022-03-09 37.39 2022-03-21 36.42 2022-03-24 38.59 2022-03-25 3
dltp2022-03-25 600007 12.32 2022-03-15 14.81 2022-03-23 13.75 2022-03-24 15.13 2022-03-25 3
dltp2022-03-25 600084 3.98 2022-01-28 4.32 2022-03-11 4.13 2022-03-15 4.86 2022-03-25 3
dltp2022-03-25 600099 7.15 2021-12-06 9.07 2022-01-07 7.63 2022-01-27 9.77 2022-03-11 1
dltp2022-03-25 600448 3.21 2022-02-24 3.52 2022-03-03 3.3 2022-03-09 3.74 2022-03-25 2
dltp2022-03-25 600467 2.68 2022-03-15 3 2022-03-21 2.91 2022-03-24 3.09 2022-03-25 1
dltp2022-03-25 600547 18.56 2022-01-27 21.82 2022-03-09 18.85 2022-03-16 21.55 2022-03-25 2
dltp2022-03-25 600671 8.93 2022-03-09 9.4 2022-03-14 9 2022-03-15 9.87 2022-03-24 3
dltp2022-03-25 601700 4.82 2022-03-15 5.74 2022-03-23 5.64 2022-03-24 5.8 2022-03-25 3
dltp2022-03-25 601900 8.18 2022-03-21 8.34 2022-03-23 8.24 2022-03-24 8.55 2022-03-25 1
dltp3l cost is :144407667 
date==xc=2022-03-25
day industry code name turnover_ratio pe_ratio industry_cnt inc_revenue_year_rank inc_revenue_annual_rank cfo_sales_rank leverage_ratio_rank
xc2022-03-25 002333 []
xc2022-03-25 002788 []
xc2022-03-25 600327 []
xc2022-03-25 600676 []
xc2022-03-25 603029 []
xc2022-03-25 603360 []
xc cost is :193941562 
date==qkht=2022-03-25
day industry code name turnover_ratio pe_ratio industry_cnt inc_revenue_year_rank inc_revenue_annual_rank cfo_sales_rank leverage_ratio_rank
qkht2022-03-25 000011 [-1 9.95] [0000-00-00 2022-03-17] [11.5]
qkht2022-03-25 000611 [-1 2.76 3.51 3.6 3.78] [0000-00-00 2021-06-03 2022-03-23 2022-03-24 2022-03-25] [3.97]
qkht2022-03-25 000635 [-1 7.47 8.13 9.08] [0000-00-00 2021-02-18 2021-02-22 2022-03-23] [10.65]
qkht2022-03-25 000668 [-1 7.52 14.8] [0000-00-00 2018-10-22 2022-03-25] [16.1]
qkht2022-03-25 000786 [-1 17.29 22.38 27.2] [0000-00-00 2019-08-20 2020-07-02 2022-03-17] [28.49]
qkht2022-03-25 002060 [-1 2.96 4.67 5.09 5.69 6.26 6.89 7.58 8.34] [0000-00-00 2021-03-01 2022-02-07 2022-02-16 2022-03-21 2022-03-22 2022-03-23 2022-03-24 2022-03-25] [9.17]
qkht2022-03-25 002102 [-1 2.78 3.7 3.89] [0000-00-00 2021-08-06 2022-03-24 2022-03-25] [4.08]
qkht2022-03-25 002175 [-1 1.35 1.38 1.55 1.63 2.28 2.35 2.47 2.59] [0000-00-00 2021-04-21 2021-04-22 2021-05-07 2021-05-10 2022-03-21 2022-03-22 2022-03-23 2022-03-24] [2.86]
qkht2022-03-25 002287 [-1 19.41 26.72] [0000-00-00 2020-06-15 2022-03-25] [29.27]
qkht2022-03-25 002315 [-1 14.88] [0000-00-00 2022-03-21] [15.82]
qkht2022-03-25 002370 [-1 6.83 7.51] [0000-00-00 2022-03-24 2022-03-25] [8.26]
qkht2022-03-25 002377 [-1 3.21] [0000-00-00 2022-03-17] [3.41]
qkht2022-03-25 002586 [-1 2.45 2.82 3.78] [0000-00-00 2021-10-21 2021-12-01 2022-03-25] [3.91]
qkht2022-03-25 002622 [-1 2.87 3.27] [0000-00-00 2021-05-18 2022-03-17] [3.64]
qkht2022-03-25 002640 [-1 1.89 2.56 2.79] [0000-00-00 2021-05-27 2021-11-30 2022-03-21] [3.13]
qkht2022-03-25 002725 [-1 7.72 9.81] [0000-00-00 2021-12-07 2022-03-25] [10.79]
qkht2022-03-25 002864 [-1 29.81 32.79 36.07 39.68 43.65 48.02 52.82] [0000-00-00 2022-03-17 2022-03-18 2022-03-21 2022-03-22 2022-03-23 2022-03-24 2022-03-25] [58.1]
qkht2022-03-25 002907 [-1 16.08 17.69] [0000-00-00 2022-03-24 2022-03-25] [19.34]
qkht2022-03-25 002959 [-1 37.01 41.6 44.55] [0000-00-00 2019-08-26 2022-03-17 2022-03-25] [47.64]
qkht2022-03-25 002975 [-1 24.59 27.04 29.75 32.72 36 39.59] [0000-00-00 2020-02-06 2020-02-07 2020-02-10 2020-02-11 2020-02-12 2020-02-13] [44.07]
qkht2022-03-25 600062 [-1 12.96] [0000-00-00 2022-03-24] [15.02]
qkht2022-03-25 600067 [-1 3.89 4.28 4.71] [0000-00-00 2022-03-23 2022-03-24 2022-03-25] [5.18]
qkht2022-03-25 600083 [-1 3.6 3.78 3.97 6.07 6.83 8.03 8.43 9.8] [0000-00-00 2020-06-29 2020-06-30 2020-07-01 2022-01-27 2022-02-08 2022-02-18 2022-02-21 2022-03-21] [11.04]
qkht2022-03-25 600094 [-1 3.63] [0000-00-00 2022-03-17] [4.12]
qkht2022-03-25 600149 [-1 5.36] [0000-00-00 2022-03-21] [6.11]
qkht2022-03-25 600156 [-1 4.93] [0000-00-00 2022-03-25] [5.42]
qkht2022-03-25 600165 [-1 8.73] [0000-00-00 2022-03-25] [9.07]
qkht2022-03-25 600173 [-1 3.03 4.4 5.23 5.67] [0000-00-00 2018-10-22 2021-03-26 2022-03-17 2022-03-21] [6.25]
qkht2022-03-25 600215 [-1 6.04 7.57] [0000-00-00 2021-04-06 2022-03-21] [8.22]
qkht2022-03-25 600257 [-1 5.17 5.73] [0000-00-00 2021-04-12 2022-03-17] [6.4]
qkht2022-03-25 600367 [-1 6.4 15.39 16.69 21.29 22.86] [0000-00-00 2021-02-18 2022-01-24 2022-01-25 2022-03-24 2022-03-25] [24.47]
qkht2022-03-25 600511 [-1 30.56] [0000-00-00 2022-03-25] [32.66]
qkht2022-03-25 600630 [-1 5.71] [0000-00-00 2022-03-25] [6.28]
qkht2022-03-25 600657 [-1 4.76 5.24] [0000-00-00 2022-03-23 2022-03-24] [6.08]
qkht2022-03-25 600684 [-1 3.15 3.88] [0000-00-00 2021-11-25 2022-03-17] [4.42]
qkht2022-03-25 600706 [-1 11.87] [0000-00-00 2022-03-17] [13]
qkht2022-03-25 600734 [-1 0.98 1.06 1.17 1.23 1.29 1.35 1.42 1.49 1.56 1.64 1.72 1.81 1.9 2 2.1 2.21 2.32 2.44 2.56 2.69 2.82 2.96 3.11 3.27] [0000-00-00 2021-02-02 2021-02-08 2021-02-18 2022-02-15 2022-02-16 2022-02-17 2022-02-18 2022-02-21 2022-02-22 2022-02-23 2022-02-24 2022-02-25 2022-02-28 2022-03-01 2022-03-02 2022-03-03 2022-03-04 2022-03-10 2022-03-11 2022-03-14 2022-03-15 2022-03-16 2022-03-17 2022-03-25] [3.43]
qkht2022-03-25 603229 [-1 31.11 64.9] [0000-00-00 2021-11-11 2022-03-21] [72.64]
qkht2022-03-25 603326 [-1 6.1 6.82 8.61] [0000-00-00 2018-10-26 2018-12-03 2021-01-15] [9.5]
qkht2022-03-25 603500 [-1 7.8 8.88 9.14 10.03] [0000-00-00 2021-01-15 2022-03-21 2022-03-22 2022-03-23] [11.91]
date==stars=2022-03-25
stars_2022-03-25 000537 []
stars_2022-03-25 000585 []
stars_2022-03-25 000611 []
stars_2022-03-25 000919 []
stars_2022-03-25 000960 []
stars_2022-03-25 000993 []
stars_2022-03-25 002060 []
stars_2022-03-25 002175 []
stars_2022-03-25 002219 []
stars_2022-03-25 002299 []
stars_2022-03-25 002350 []
stars_2022-03-25 002454 []
stars_2022-03-25 002766 []
stars_2022-03-25 002811 []
stars_2022-03-25 002864 []
stars_2022-03-25 002879 []
stars_2022-03-25 600116 []
stars_2022-03-25 600478 []
stars_2022-03-25 600777 []
stars_2022-03-25 600841 []
stars_2022-03-25 600856 []
stars_2022-03-25 600898 []
stars_2022-03-25 601600 []
stars_2022-03-25 603158 []
stars_2022-03-25 603261 []
stars_2022-03-25 603353 []
 cost is :295216130 
