date==dltp3l=2022-04-13  ma_n= 20
day industry code name turnover_ratio pe_ratio industry_cnt inc_revenue_year_rank inc_revenue_annual_rank cfo_sales_rank leverage_ratio_rank
dltp-00-2022-04-13 000001 13.68 2022-03-15 15.2 2022-03-24 14.68 2022-03-29 16.4 2022-04-08 0 false
dltp-00-2022-04-13 000048 17.36 2022-01-19 22.83 2022-02-10 19.65 2022-03-17 23.99 2022-04-12 0 false
dltp-00-2022-04-13 000059 6.39 2022-04-07 6.56 2022-04-08 6.48 2022-04-11 6.62 2022-04-13 0 false
dltp-00-2022-04-13 000089 6.47 2022-03-15 7.09 2022-04-06 6.87 2022-04-11 7.16 2022-04-12 0 false
dltp-00-2022-04-13 000099 6.38 2022-03-15 7.03 2022-04-06 6.77 2022-04-11 7.02 2022-04-12 0 false
dltp-00-2022-04-13 000166 4.24 2022-03-15 4.48 2022-04-06 4.36 2022-04-11 4.47 2022-04-12 0 false
dltp-00-2022-04-13 000404 4.12 2022-03-15 4.62 2022-03-22 4.49 2022-03-24 4.96 2022-03-31 0 false
dltp-00-2022-04-13 000416 3.83 2022-03-24 3.9 2022-03-28 3.83 2022-03-29 4.27 2022-04-12 0 false
dltp-00-2022-04-13 000419 4.68 2022-03-15 5.1 2022-03-22 4.95 2022-03-24 5.58 2022-04-12 0 false
dltp-00-2022-04-13 000540 2.2 2022-03-15 2.42 2022-03-23 2.36 2022-03-24 2.65 2022-04-06 0 false
dltp-00-2022-04-13 000559 5.05 2022-03-15 5.5 2022-03-30 5.31 2022-04-07 5.56 2022-04-12 0 false
dltp-00-2022-04-13 000571 1.98 2022-03-25 2.1 2022-04-08 2.04 2022-04-11 2.08 2022-04-13 0 false
dltp-00-2022-04-13 000600 4.03 2022-03-15 4.22 2022-04-06 4.15 2022-04-07 4.21 2022-04-08 0 false
dltp-00-2022-04-13 000603 11.98 2022-03-16 13.85 2022-03-25 12.94 2022-04-07 14.34 2022-04-12 0 false
dltp-00-2022-04-13 000609 4.33 2022-03-15 4.73 2022-03-23 4.57 2022-03-29 4.99 2022-04-12 0 false
dltp-00-2022-04-13 000610 8.1 2022-03-15 9.67 2022-04-06 8.96 2022-04-11 9.86 2022-04-12 0 false
dltp-00-2022-04-13 000616 1.78 2022-03-24 1.82 2022-03-28 1.78 2022-03-29 1.89 2022-04-08 0 false
dltp-00-2022-04-13 000637 5.04 2022-03-30 5.18 2022-03-31 5.07 2022-04-01 5.42 2022-04-08 0 false
dltp-00-2022-04-13 000686 7.35 2022-03-15 7.91 2022-04-06 7.7 2022-04-11 7.91 2022-04-12 0 false
dltp-00-2022-04-13 000702 4.9 2022-03-15 5.75 2022-04-06 5.4 2022-04-11 5.75 2022-04-12 0 false
dltp-00-2022-04-13 000713 8.47 2022-01-25 10.19 2022-02-21 8.57 2022-03-15 10.27 2022-04-11 0 false
dltp-00-2022-04-13 000721 4.37 2022-03-08 4.91 2022-03-21 4.61 2022-03-31 5.39 2022-04-12 0 false
dltp-00-2022-04-13 000735 5.91 2022-03-15 6.45 2022-03-23 6.34 2022-03-24 7.04 2022-04-06 0 false
dltp-00-2022-04-13 000753 3.12 2022-03-15 3.48 2022-03-23 3.43 2022-03-24 3.93 2022-04-06 0 false
dltp-00-2022-04-13 000755 4.44 2022-03-31 4.54 2022-04-06 4.46 2022-04-07 4.69 2022-04-08 0 false
dltp-00-2022-04-13 000758 4.45 2022-03-15 4.79 2022-04-06 4.54 2022-04-11 4.75 2022-04-13 0 false
dltp-00-2022-04-13 000778 4.46 2022-03-15 4.95 2022-03-21 4.59 2022-03-25 5.36 2022-04-08 0 false
dltp-00-2022-04-13 000779 10.2 2022-03-14 12.05 2022-03-21 10.58 2022-04-01 12.2 2022-04-12 0 false
dltp-00-2022-04-13 000786 25.74 2022-03-15 29.38 2022-03-22 27.64 2022-03-29 32.27 2022-04-06 0 false
dltp-00-2022-04-13 000792 28.7 2022-03-15 32.05 2022-03-29 29.3 2022-04-06 31.86 2022-04-08 0 false
dltp-00-2022-04-13 000793 2.52 2022-03-15 2.84 2022-03-23 2.74 2022-03-24 3.03 2022-04-06 0 false
dltp-00-2022-04-13 000816 3.43 2022-03-15 3.79 2022-03-29 3.67 2022-03-30 4 2022-03-31 0 false
dltp-00-2022-04-13 000822 6.29 2022-03-15 7.13 2022-03-30 6.74 2022-04-07 7.7 2022-04-13 0 false
dltp2022-04-13 000878 10.7 2022-03-15 11.73 2022-04-08 11.2 2022-04-11 12.11 2022-04-13 1 false
dltp-00-2022-04-13 000900 3.93 2022-03-15 4.19 2022-03-28 4.16 2022-03-29 4.69 2022-04-11 0 false
dltp-00-2022-04-13 000937 6.84 2022-03-23 7.19 2022-03-28 6.89 2022-03-30 7.49 2022-04-08 0 false
dltp-00-2022-04-13 000975 8.1 2022-01-27 9.55 2022-03-09 8.12 2022-03-15 10.51 2022-04-12 0 false
dltp-00-2022-04-13 000978 5.56 2022-03-15 6.91 2022-03-21 6.3 2022-04-11 6.93 2022-04-12 0 false
dltp-00-2022-04-13 000983 9.99 2022-03-15 12.86 2022-03-29 11.53 2022-04-11 12.78 2022-04-13 0 false
dltp2022-04-13 000985 12.34 2022-03-15 14.06 2022-04-06 13.06 2022-04-11 13.74 2022-04-13 1 false
dltp-00-2022-04-13 002021 1.62 2022-03-15 1.74 2022-04-06 1.7 2022-04-07 1.78 2022-04-08 0 false
dltp-00-2022-04-13 002029 5.03 2022-03-15 5.44 2022-03-25 5.32 2022-03-29 5.78 2022-04-06 0 false
dltp-00-2022-04-13 002081 4.93 2022-03-15 5.68 2022-03-22 5.3 2022-03-29 5.7 2022-04-06 0 false
dltp2022-04-13 002089 1.99 2022-01-25 2.55 2022-02-28 2.08 2022-03-22 2.63 2022-04-13 0 true
dltp-00-2022-04-13 002097 7.14 2022-03-15 7.56 2022-04-06 7.37 2022-04-07 7.75 2022-04-12 0 false
dltp2022-04-13 002098 6.41 2022-03-15 7.29 2022-04-06 6.88 2022-04-11 7.85 2022-04-13 1 false
dltp-00-2022-04-13 002116 8.57 2022-03-14 9.95 2022-03-21 8.99 2022-03-29 10.75 2022-04-12 0 false
dltp-00-2022-04-13 002122 2.34 2022-03-03 2.53 2022-03-22 2.34 2022-04-01 2.59 2022-04-11 0 false
dltp-00-2022-04-13 002142 32.02 2022-03-15 36.3 2022-03-24 35.89 2022-03-28 39.7 2022-04-11 0 false
dltp-00-2022-04-13 002144 9.27 2022-03-15 10.03 2022-03-22 9.81 2022-03-24 11.1 2022-04-12 0 false
dltp-00-2022-04-13 002159 10.58 2022-03-24 11.48 2022-04-06 10.71 2022-04-11 11.78 2022-04-12 0 false
dltp-00-2022-04-13 002186 8.23 2022-03-15 8.94 2022-03-21 8.8 2022-03-24 9.8 2022-04-12 0 false
dltp-00-2022-04-13 002204 3.66 2022-03-15 4.09 2022-04-06 3.89 2022-04-11 4.07 2022-04-12 0 false
dltp-00-2022-04-13 002215 5.97 2022-03-15 6.3 2022-03-16 6.28 2022-03-17 6.88 2022-03-29 0 false
dltp-00-2022-04-13 002216 14.62 2022-03-24 15.24 2022-04-06 14.69 2022-04-08 15.99 2022-04-13 0 false
dltp-00-2022-04-13 002264 4.27 2022-03-15 4.8 2022-03-21 4.57 2022-03-29 5.24 2022-04-12 0 false
dltp-00-2022-04-13 002267 5.86 2022-03-15 6.44 2022-04-06 6.16 2022-04-11 6.71 2022-04-13 0 false
dltp-00-2022-04-13 002278 5.38 2022-03-15 6.2 2022-03-21 6.09 2022-03-23 6.44 2022-04-12 0 false
dltp-00-2022-04-13 002295 6.48 2022-03-15 7.08 2022-04-06 6.75 2022-04-11 7.01 2022-04-12 0 false
dltp-00-2022-04-13 002319 12.46 2022-03-16 13 2022-03-25 12.88 2022-03-30 14.41 2022-04-13 0 false
dltp-00-2022-04-13 002336 6.35 2022-03-15 7.4 2022-03-21 6.75 2022-03-24 7.57 2022-04-12 0 false
dltp-00-2022-04-13 002342 3.66 2022-03-15 4.05 2022-04-06 3.84 2022-04-11 4.06 2022-04-12 0 false
dltp-00-2022-04-13 002344 4.1 2022-03-15 4.44 2022-03-28 4.4 2022-03-29 4.67 2022-04-06 0 false
dltp-00-2022-04-13 002352 42.82 2022-03-29 49.06 2022-04-06 47.63 2022-04-07 52.5 2022-04-13 0 false
dltp-00-2022-04-13 002357 5.51 2022-03-30 5.91 2022-04-06 5.55 2022-04-11 5.87 2022-04-13 0 false
dltp-00-2022-04-13 002358 2.56 2022-03-15 2.8 2022-03-22 2.72 2022-03-28 3.06 2022-04-11 0 false
dltp-00-2022-04-13 002431 2.97 2022-03-15 3.27 2022-03-22 3.19 2022-03-24 3.5 2022-04-12 0 false
dltp2022-04-13 002432 58.9 2022-03-22 80.5 2022-03-30 63.08 2022-04-08 81.92 2022-04-13 0 true
dltp-00-2022-04-13 002443 7.36 2022-03-15 7.98 2022-04-06 7.7 2022-04-07 8.34 2022-04-12 0 false
dltp-00-2022-04-13 002457 9.05 2022-03-04 11.13 2022-03-21 9.87 2022-04-01 11.31 2022-04-12 0 false
dltp-00-2022-04-13 002468 7.17 2022-03-15 7.6 2022-04-06 7.32 2022-04-08 7.85 2022-04-13 0 false
dltp-00-2022-04-13 002470 2.65 2022-03-28 2.72 2022-03-29 2.65 2022-04-06 2.77 2022-04-08 0 false
dltp-00-2022-04-13 002478 4 2022-03-15 4.4 2022-03-18 4.34 2022-03-21 4.68 2022-04-06 0 false
dltp-00-2022-04-13 002492 5.85 2022-03-15 6.39 2022-03-23 6.07 2022-03-30 6.94 2022-04-13 0 false
dltp-00-2022-04-13 002500 5.36 2022-03-15 5.74 2022-04-06 5.5 2022-04-11 5.69 2022-04-12 0 false
dltp-00-2022-04-13 002501 1.71 2022-03-25 1.75 2022-04-06 1.73 2022-04-07 1.81 2022-04-08 0 false
dltp-00-2022-04-13 002507 28.87 2022-03-15 32.59 2022-03-23 31.4 2022-03-25 34.32 2022-04-12 0 false
dltp-00-2022-04-13 002523 2.73 2022-03-24 2.78 2022-03-28 2.74 2022-03-29 2.91 2022-04-12 0 false
dltp-00-2022-04-13 002562 4.56 2022-03-17 5.4 2022-03-21 5.09 2022-03-24 5.43 2022-04-12 0 false
dltp-00-2022-04-13 002574 4.96 2022-03-24 5.17 2022-04-06 5 2022-04-11 5.25 2022-04-12 0 false
dltp2022-04-13 002575 4.07 2022-03-15 4.42 2022-03-23 4.19 2022-03-29 4.61 2022-04-13 1 false
dltp-00-2022-04-13 002638 1.82 2022-03-15 2 2022-03-22 1.91 2022-03-31 2.05 2022-04-12 0 false
dltp-00-2022-04-13 002639 9.72 2022-03-15 13.5 2022-03-23 11.05 2022-04-01 13.38 2022-04-12 0 false
dltp-00-2022-04-13 002660 7.56 2022-03-29 8.28 2022-04-06 7.77 2022-04-11 8.55 2022-04-12 0 false
dltp-00-2022-04-13 002661 10.77 2022-03-15 11.91 2022-03-29 11.17 2022-04-08 12 2022-04-13 0 false
dltp-00-2022-04-13 002682 4.44 2022-03-15 5.34 2022-03-22 4.86 2022-03-31 5.4 2022-04-12 0 false
dltp-00-2022-04-13 002692 3.08 2022-01-27 3.5 2022-02-18 3.15 2022-03-15 3.9 2022-04-12 0 false
dltp-00-2022-04-13 002695 10.62 2022-03-15 11.55 2022-04-06 11.1 2022-04-08 12.2 2022-04-13 0 false
dltp-00-2022-04-13 002702 5.03 2022-03-15 6.16 2022-03-28 5.43 2022-04-08 6.2 2022-04-12 0 false
dltp-00-2022-04-13 002716 2.89 2022-03-31 3.01 2022-04-08 2.99 2022-04-11 3.06 2022-04-13 0 false
dltp-00-2022-04-13 002726 8.57 2022-02-07 9.36 2022-03-01 8.91 2022-03-15 9.77 2022-03-30 0 false
dltp-00-2022-04-13 002736 9.58 2022-03-15 10.09 2022-04-06 9.77 2022-04-11 10.01 2022-04-12 0 false
dltp-00-2022-04-13 002740 3.8 2022-03-15 4.16 2022-03-28 4.05 2022-04-01 4.37 2022-04-13 0 false
dltp-00-2022-04-13 002749 8.33 2022-03-15 9.43 2022-03-29 9.23 2022-03-30 10.17 2022-04-12 0 false
dltp-00-2022-04-13 002776 2.6 2022-03-01 3.25 2022-03-10 2.87 2022-03-21 3.5 2022-04-12 0 false
dltp-00-2022-04-13 002783 7.51 2022-03-15 8.29 2022-04-06 8.06 2022-04-07 8.94 2022-04-11 0 false
dltp-00-2022-04-13 002841 63.41 2022-03-29 68.76 2022-04-08 67.13 2022-04-11 70.91 2022-04-12 0 false
dltp-00-2022-04-13 002856 10.3 2022-03-15 11.5 2022-03-22 10.82 2022-03-29 12.34 2022-04-06 0 false
dltp-00-2022-04-13 002861 11.61 2022-03-15 12.57 2022-03-21 11.88 2022-03-29 14.3 2022-04-13 0 false
dltp-00-2022-04-13 002883 11.11 2022-04-01 11.44 2022-04-06 11.19 2022-04-07 11.88 2022-04-12 0 false
dltp-00-2022-04-13 002888 10.85 2022-03-15 11.78 2022-03-23 11.33 2022-03-29 12.66 2022-04-12 0 false
dltp-00-2022-04-13 002895 20.38 2022-03-15 22.95 2022-03-30 20.94 2022-03-31 25.2 2022-04-11 0 false
dltp-00-2022-04-13 002909 6.19 2022-03-15 6.58 2022-03-21 6.43 2022-03-25 7.1 2022-04-08 0 false
dltp-00-2022-04-13 002919 26.29 2022-03-16 29.05 2022-03-31 26.93 2022-04-11 31.4 2022-04-13 0 false
dltp-00-2022-04-13 002926 7.95 2022-03-15 8.5 2022-04-06 8.27 2022-04-07 8.48 2022-04-12 0 false
dltp2022-04-13 002939 9.25 2022-03-29 9.86 2022-04-06 9.36 2022-04-11 10.06 2022-04-13 1 false
dltp2022-04-13 002940 34.42 2022-03-09 36.34 2022-03-11 34.67 2022-03-15 38.59 2022-04-08 3 false
dltp-00-2022-04-13 002941 11.4 2022-01-28 17.01 2022-03-10 14.17 2022-03-29 18.86 2022-04-11 0 false
dltp-00-2022-04-13 002942 16.81 2022-03-28 17.53 2022-04-06 17.18 2022-04-07 18.5 2022-04-13 0 false
dltp-00-2022-04-13 002949 14.85 2022-03-29 15.41 2022-03-31 14.96 2022-04-01 16.5 2022-04-11 0 false
dltp-00-2022-04-13 002968 30.51 2022-03-15 34.15 2022-03-23 33.16 2022-03-25 37.55 2022-04-07 0 false
dltp-00-2022-04-13 003002 12.25 2022-03-15 13.11 2022-03-31 12.36 2022-04-01 14.47 2022-04-11 0 false
dltp-00-2022-04-13 003023 23.34 2022-03-15 25.06 2022-04-06 23.93 2022-04-11 24.83 2022-04-12 0 false
dltp-00-2022-04-13 003032 14.2 2022-03-15 15.79 2022-03-28 14.82 2022-03-31 16.8 2022-04-12 0 false
dltp-00-2022-04-13 600004 12.25 2022-03-31 12.82 2022-04-01 12.43 2022-04-11 13.31 2022-04-12 0 false
dltp-00-2022-04-13 600018 5.31 2022-03-08 5.72 2022-03-16 5.41 2022-03-29 6.27 2022-04-08 0 false
dltp-00-2022-04-13 600020 3.08 2022-03-15 3.22 2022-03-28 3.17 2022-03-29 3.43 2022-04-12 0 false
dltp-00-2022-04-13 600054 9.43 2022-03-15 11.6 2022-03-30 10.72 2022-04-11 11.69 2022-04-12 0 false
dltp-00-2022-04-13 600057 7.89 2022-03-17 8.42 2022-03-22 8.32 2022-03-23 9.34 2022-04-13 0 false
dltp-00-2022-04-13 600061 6.7 2022-03-15 7.16 2022-04-06 6.97 2022-04-11 7.17 2022-04-12 0 false
dltp-00-2022-04-13 600073 6.69 2022-03-15 7.59 2022-04-06 7.21 2022-04-08 7.93 2022-04-11 0 false
dltp-00-2022-04-13 600117 3.43 2022-03-15 3.82 2022-03-22 3.63 2022-03-29 3.89 2022-04-08 0 false
dltp-00-2022-04-13 600119 7.47 2022-03-15 8.56 2022-04-06 8.07 2022-04-08 9 2022-04-13 0 false
dltp-00-2022-04-13 600122 1.76 2022-03-14 1.98 2022-03-21 1.82 2022-04-01 2.05 2022-04-08 0 false
dltp-00-2022-04-13 600123 9.46 2022-01-28 13.15 2022-03-07 10.69 2022-03-16 14.86 2022-04-13 0 false
dltp-00-2022-04-13 600177 6.19 2022-03-15 6.67 2022-03-18 6.54 2022-03-21 6.98 2022-04-12 0 false
dltp-00-2022-04-13 600180 6.51 2022-03-15 7.17 2022-04-06 6.8 2022-04-08 7.57 2022-04-13 0 false
dltp-00-2022-04-13 600229 6.77 2022-03-25 7.01 2022-03-29 6.8 2022-03-30 7.13 2022-04-06 0 false
dltp-00-2022-04-13 600238 12.15 2022-03-15 13.37 2022-04-08 12.53 2022-04-11 14.18 2022-04-13 0 false
dltp-00-2022-04-13 600249 5.81 2022-04-07 6.01 2022-04-08 5.82 2022-04-11 6.14 2022-04-12 0 false
dltp-00-2022-04-13 600256 5.77 2022-01-28 8.13 2022-03-03 6.8 2022-03-15 9.06 2022-04-13 0 false
dltp-00-2022-04-13 600269 3.34 2022-03-15 3.65 2022-03-28 3.48 2022-03-30 3.68 2022-04-12 0 false
dltp-00-2022-04-13 600282 3.43 2022-03-15 3.77 2022-03-22 3.53 2022-03-29 3.92 2022-04-08 0 false
dltp-00-2022-04-13 600283 11.8 2022-03-15 13.04 2022-03-21 12.28 2022-03-24 14.16 2022-04-12 0 false
dltp-00-2022-04-13 600295 21.45 2022-01-27 28.42 2022-03-07 22.19 2022-03-16 31.6 2022-04-11 0 false
dltp-00-2022-04-13 600311 1.6 2022-03-15 1.66 2022-04-06 1.64 2022-04-07 1.71 2022-04-13 0 false
dltp-00-2022-04-13 600321 1.91 2022-01-27 2.38 2022-02-17 1.96 2022-03-15 2.44 2022-04-06 0 false
dltp-00-2022-04-13 600346 19.27 2022-03-09 21.09 2022-04-01 20.98 2022-04-06 23.6 2022-04-11 0 false
dltp-00-2022-04-13 600348 10.24 2022-03-15 11.82 2022-03-22 11.61 2022-03-23 12.88 2022-04-13 0 false
dltp-00-2022-04-13 600354 5.34 2022-03-15 6.04 2022-03-21 5.84 2022-03-23 6.86 2022-04-11 0 false
dltp-00-2022-04-13 600356 6.85 2022-03-15 7.44 2022-03-28 7.33 2022-03-29 7.55 2022-04-06 0 false
dltp-00-2022-04-13 600361 4.98 2022-03-15 5.42 2022-04-06 5.1 2022-04-11 5.55 2022-04-12 0 false
dltp-00-2022-04-13 600367 19.98 2022-03-15 24.47 2022-03-25 20.97 2022-03-29 25.9 2022-04-08 0 false
dltp-00-2022-04-13 600369 4.17 2022-03-15 4.44 2022-04-06 4.27 2022-04-11 4.41 2022-04-12 0 false
dltp-00-2022-04-13 600377 8.25 2022-03-15 8.6 2022-04-06 8.41 2022-04-11 8.61 2022-04-12 0 false
dltp-00-2022-04-13 600378 33.84 2022-02-15 39.42 2022-02-28 34.23 2022-03-15 41.65 2022-03-24 0 false
dltp-00-2022-04-13 600419 12.11 2022-03-15 13.82 2022-04-01 13.07 2022-04-11 13.71 2022-04-12 0 false
dltp2022-04-13 600420 9.28 2022-03-16 11.92 2022-03-22 10.02 2022-04-11 11.06 2022-04-13 1 false
dltp-00-2022-04-13 600426 30.54 2022-03-15 33 2022-03-29 32.39 2022-03-30 34.19 2022-04-11 0 false
dltp-00-2022-04-13 600444 12.34 2022-03-15 14.2 2022-03-23 12.76 2022-04-01 14.4 2022-04-08 0 false
dltp-00-2022-04-13 600448 3.3 2022-03-09 3.71 2022-03-14 3.42 2022-03-23 3.78 2022-04-13 0 false
dltp-00-2022-04-13 600462 2.1 2022-03-15 2.28 2022-03-25 2.2 2022-03-29 2.3 2022-04-08 0 false
dltp-00-2022-04-13 600467 2.68 2022-03-15 3 2022-03-21 2.91 2022-03-24 3.2 2022-04-06 0 false
dltp2022-04-13 600476 11.97 2022-03-15 13.15 2022-03-21 12.62 2022-03-24 14.3 2022-04-13 1 false
dltp-00-2022-04-13 600478 4.98 2022-03-15 5.77 2022-03-23 5.32 2022-03-31 6.35 2022-04-11 0 false
dltp-00-2022-04-13 600486 103.67 2022-03-09 120.19 2022-03-14 112.99 2022-03-23 132 2022-04-08 0 false
dltp-00-2022-04-13 600493 5.4 2022-01-27 6.17 2022-03-03 5.45 2022-03-15 6.27 2022-04-06 0 false
dltp-00-2022-04-13 600496 4.45 2022-03-25 4.51 2022-03-28 4.46 2022-03-29 4.98 2022-04-11 0 false
dltp-00-2022-04-13 600497 4.53 2022-03-15 5.35 2022-03-24 5.15 2022-03-31 5.76 2022-04-13 0 false
dltp-00-2022-04-13 600506 11.81 2022-03-24 11.93 2022-03-29 11.86 2022-03-30 12.95 2022-04-12 0 false
dltp-00-2022-04-13 600507 7.34 2022-03-15 8.6 2022-03-18 8.13 2022-03-25 8.96 2022-04-06 0 false
dltp-00-2022-04-13 600519 1603 2022-03-15 1752.19 2022-03-23 1660.8 2022-03-28 1784 2022-04-08 0 false
dltp-00-2022-04-13 600531 5.39 2022-04-07 5.49 2022-04-08 5.41 2022-04-11 5.61 2022-04-13 0 false
dltp-00-2022-04-13 600540 5.05 2022-03-15 6.15 2022-03-29 5.57 2022-04-08 6.12 2022-04-13 0 false
dltp-00-2022-04-13 600557 10.12 2021-12-08 14.56 2022-01-11 10.29 2022-02-22 16.18 2022-04-12 0 false
dltp-00-2022-04-13 600561 5.67 2022-03-30 6.08 2022-04-06 5.74 2022-04-11 6.08 2022-04-13 0 false
dltp-00-2022-04-13 600573 9.57 2022-03-29 10.6 2022-04-06 10.2 2022-04-11 11.17 2022-04-13 0 false
dltp-00-2022-04-13 600575 3.2 2022-03-17 3.41 2022-03-22 3.24 2022-03-25 3.4 2022-04-08 0 false
dltp-00-2022-04-13 600582 4.02 2022-02-15 4.59 2022-03-07 4.16 2022-03-16 5.01 2022-03-23 0 false
dltp-00-2022-04-13 600595 3.98 2022-03-15 4.28 2022-03-21 4.13 2022-03-31 4.46 2022-04-13 0 false
dltp-00-2022-04-13 600596 26.22 2022-03-31 27.19 2022-04-01 26.9 2022-04-06 28.3 2022-04-08 0 false
dltp-00-2022-04-13 600598 13.14 2022-01-27 15.27 2022-03-03 13.18 2022-03-16 16 2022-04-13 0 false
dltp-00-2022-04-13 600610 13.2 2022-03-28 13.8 2022-03-29 13.21 2022-03-31 14.55 2022-04-08 0 false
dltp-00-2022-04-13 600650 9.41 2022-03-09 10.11 2022-03-11 9.42 2022-03-15 10.97 2022-04-13 0 false
dltp-00-2022-04-13 600705 3.76 2022-03-15 3.92 2022-03-16 3.9 2022-03-17 4.23 2022-04-06 0 false
dltp-00-2022-04-13 600710 5.85 2022-04-07 5.9 2022-04-08 5.86 2022-04-11 6.09 2022-04-13 0 false
dltp-00-2022-04-13 600719 3.65 2022-03-15 4.11 2022-04-06 3.9 2022-04-11 4.09 2022-04-12 0 false
dltp-00-2022-04-13 600721 7.3 2022-03-16 8.36 2022-03-24 7.9 2022-03-28 9.22 2022-04-11 0 false
dltp-00-2022-04-13 600722 5.42 2022-03-15 6.11 2022-03-25 6.01 2022-03-28 6.35 2022-04-08 0 false
dltp-00-2022-04-13 600726 2.4 2022-03-24 2.51 2022-04-06 2.42 2022-04-11 2.62 2022-04-12 0 false
dltp-00-2022-04-13 600727 9.05 2022-03-28 9.79 2022-03-29 9.44 2022-03-30 10.39 2022-04-11 0 false
dltp-00-2022-04-13 600740 5.2 2022-01-28 6.45 2022-03-07 5.22 2022-03-15 6.86 2022-04-13 0 false
dltp-00-2022-04-13 600746 12.77 2022-03-09 13.61 2022-03-24 13.18 2022-03-29 14.2 2022-04-13 0 false
dltp-00-2022-04-13 600753 13.11 2022-01-27 16.09 2022-03-03 13.76 2022-03-09 18 2022-03-25 0 false
dltp-00-2022-04-13 600754 45.72 2022-03-15 51.83 2022-04-01 49.1 2022-04-11 54.01 2022-04-12 0 false
dltp-00-2022-04-13 600768 8.88 2022-03-15 9.87 2022-04-07 9.62 2022-04-11 10.24 2022-04-12 0 false
dltp-00-2022-04-13 600778 4.4 2022-02-24 5.14 2022-03-18 4.75 2022-04-08 5.8 2022-04-13 0 false
dltp-00-2022-04-13 600790 3.23 2022-01-27 3.75 2022-03-03 3.34 2022-03-15 3.97 2022-04-06 0 false
dltp-00-2022-04-13 600792 4.13 2022-03-31 4.32 2022-04-08 4.13 2022-04-11 4.62 2022-04-13 0 false
dltp-00-2022-04-13 600811 3.07 2022-03-15 3.33 2022-03-21 3.18 2022-03-24 3.43 2022-03-29 0 false
dltp-00-2022-04-13 600814 6.27 2022-01-25 8.09 2022-02-16 6.59 2022-03-15 8.47 2022-04-12 0 false
dltp-00-2022-04-13 600827 9.85 2022-03-15 11.01 2022-03-22 10.65 2022-03-29 12.51 2022-04-12 0 false
dltp2022-04-13 600834 8.25 2022-03-15 9.05 2022-04-06 8.55 2022-04-11 8.96 2022-04-13 1 false
dltp-00-2022-04-13 600848 12.6 2022-03-15 13.69 2022-03-28 13.6 2022-03-29 14.69 2022-04-06 0 false
dltp-00-2022-04-13 600854 4.42 2022-03-15 5.09 2022-03-25 4.89 2022-03-30 5.14 2022-04-13 0 false
dltp-00-2022-04-13 600858 4.6 2022-03-15 4.94 2022-03-22 4.84 2022-03-24 5.61 2022-04-12 0 false
dltp-00-2022-04-13 600870 4.23 2022-03-15 4.5 2022-03-25 4.34 2022-03-30 4.88 2022-04-07 0 false
dltp-00-2022-04-13 600874 6.35 2022-03-16 7.21 2022-03-22 6.79 2022-03-30 7.73 2022-04-08 0 false
dltp-00-2022-04-13 600936 3.03 2022-03-15 3.41 2022-03-28 3.28 2022-03-30 3.78 2022-04-12 0 false
dltp-00-2022-04-13 600962 9.61 2022-04-01 10.11 2022-04-06 9.87 2022-04-11 10.18 2022-04-12 0 false
dltp2022-04-13 600969 7.05 2022-03-15 8.21 2022-03-31 7.59 2022-04-11 8.54 2022-04-13 1 false
dltp-00-2022-04-13 600971 6.19 2022-01-28 7.47 2022-03-07 6.53 2022-03-15 8.1 2022-04-13 0 false
dltp-00-2022-04-13 600985 11.25 2022-01-28 14.42 2022-03-10 12.45 2022-03-15 16.23 2022-04-01 0 false
dltp-00-2022-04-13 600996 7.63 2022-03-15 8.78 2022-03-28 8.19 2022-03-30 9.58 2022-04-12 0 false
dltp-00-2022-04-13 600998 13.03 2022-03-29 13.28 2022-04-06 13.08 2022-04-08 13.6 2022-04-13 0 false
dltp-00-2022-04-13 601015 5.53 2022-03-15 6.15 2022-04-07 5.94 2022-04-11 6.19 2022-04-13 0 false
dltp-00-2022-04-13 601019 5.83 2022-01-27 6.6 2022-02-24 5.94 2022-03-15 6.76 2022-04-06 0 false
dltp-00-2022-04-13 601086 4.03 2022-03-30 4.15 2022-03-31 4.08 2022-04-01 4.48 2022-04-12 0 false
dltp-00-2022-04-13 601098 9.34 2022-03-25 10.05 2022-04-06 9.6 2022-04-11 10.15 2022-04-12 0 false
dltp-00-2022-04-13 601101 8.15 2022-02-25 10.45 2022-03-07 8.75 2022-03-15 11.02 2022-04-08 0 false
dltp-00-2022-04-13 601107 4.25 2022-03-15 4.64 2022-03-30 4.54 2022-03-31 4.76 2022-04-08 0 false
dltp-00-2022-04-13 601111 8.97 2022-03-29 9.5 2022-03-30 9.11 2022-03-31 10.25 2022-04-12 0 false
dltp-00-2022-04-13 601116 7.76 2021-11-29 10.49 2022-01-13 7.76 2022-03-15 11.18 2022-04-12 0 false
dltp-00-2022-04-13 601188 3.17 2022-03-15 3.41 2022-04-06 3.34 2022-04-07 3.44 2022-04-12 0 false
dltp-00-2022-04-13 601211 14.84 2022-03-15 15.91 2022-04-06 15.45 2022-04-11 15.79 2022-04-12 0 false
dltp-00-2022-04-13 601212 2.86 2022-04-07 2.92 2022-04-08 2.86 2022-04-11 2.94 2022-04-13 0 false
dltp-00-2022-04-13 601226 5.82 2022-03-25 5.99 2022-03-28 5.88 2022-03-29 6.08 2022-04-12 0 false
dltp-00-2022-04-13 601236 8.94 2022-03-10 9.59 2022-03-25 9.35 2022-03-28 10.83 2022-04-13 0 false
dltp-00-2022-04-13 601238 10.54 2022-03-15 11.38 2022-04-06 11.02 2022-04-07 11.83 2022-04-08 0 false
dltp-00-2022-04-13 601319 4.27 2022-03-15 4.55 2022-03-22 4.46 2022-03-25 4.68 2022-04-12 0 false
dltp-00-2022-04-13 601333 2.04 2022-03-15 2.21 2022-04-06 2.14 2022-04-11 2.22 2022-04-12 0 false
dltp-00-2022-04-13 601390 5.21 2021-11-22 6.72 2022-02-10 5.55 2022-03-15 6.94 2022-04-12 0 false
dltp-00-2022-04-13 601606 10.08 2022-03-15 10.57 2022-04-06 10.35 2022-04-07 11.07 2022-04-11 0 false
dltp-00-2022-04-13 601696 12.13 2022-03-29 13.96 2022-04-01 13.24 2022-04-11 15.11 2022-04-13 0 false
dltp-00-2022-04-13 601800 8.37 2022-03-15 9.64 2022-03-30 9.15 2022-04-01 10.09 2022-04-11 0 false
dltp-00-2022-04-13 601801 4.72 2022-03-15 5.04 2022-03-18 4.95 2022-03-21 5.5 2022-04-06 0 false
dltp-00-2022-04-13 601838 14.22 2022-03-21 14.79 2022-03-22 14.27 2022-03-29 16.12 2022-04-12 0 false
dltp-00-2022-04-13 601881 9.47 2022-03-15 10.17 2022-03-23 9.78 2022-03-29 10.41 2022-04-12 0 false
dltp-00-2022-04-13 601952 10.39 2022-01-27 13.6 2022-03-07 11.82 2022-03-16 14.69 2022-03-29 0 false
dltp-00-2022-04-13 601958 6.26 2022-01-27 7.3 2022-03-07 6.4 2022-03-15 7.48 2022-04-13 0 false
dltp-00-2022-04-13 603006 8.74 2022-03-15 9.67 2022-04-06 8.99 2022-04-11 9.59 2022-04-13 0 false
dltp-00-2022-04-13 603018 8.12 2022-03-29 8.5 2022-03-31 8.37 2022-04-01 9.14 2022-04-12 0 false
dltp-00-2022-04-13 603043 19.34 2022-03-15 21.12 2022-03-30 20.84 2022-03-31 22.13 2022-04-06 0 false
dltp-00-2022-04-13 603066 7.95 2022-03-15 8.4 2022-04-06 8.1 2022-04-08 8.8 2022-04-13 0 false
dltp-00-2022-04-13 603099 8.27 2022-03-15 9.55 2022-03-21 9.06 2022-03-24 9.99 2022-04-12 0 false
dltp-00-2022-04-13 603103 10.87 2022-03-15 11.96 2022-04-06 11.13 2022-04-11 11.92 2022-04-12 0 false
dltp-00-2022-04-13 603156 22.51 2022-03-28 23.34 2022-04-06 22.59 2022-04-11 23.33 2022-04-12 0 false
dltp-00-2022-04-13 603166 6.62 2022-04-07 6.83 2022-04-08 6.75 2022-04-11 6.92 2022-04-13 0 false
dltp-00-2022-04-13 603177 17.25 2022-03-16 20.12 2022-03-21 19.6 2022-03-23 21.87 2022-03-31 0 false
dltp-00-2022-04-13 603199 21.18 2022-03-15 27.52 2022-04-06 25.52 2022-04-11 27.86 2022-04-12 0 false
dltp-00-2022-04-13 603200 19.79 2022-03-24 21.35 2022-03-31 20.7 2022-04-01 22.77 2022-04-06 0 false
dltp-00-2022-04-13 603221 8.28 2022-03-15 9.2 2022-03-25 8.72 2022-03-29 9.27 2022-04-06 0 false
dltp-00-2022-04-13 603298 12.86 2022-03-15 13.92 2022-04-08 13.28 2022-04-11 13.89 2022-04-13 0 false
dltp-00-2022-04-13 603315 23.94 2022-03-29 25.22 2022-04-06 24.23 2022-04-11 25.71 2022-04-12 0 false
dltp-00-2022-04-13 603329 12.69 2022-03-15 13.47 2022-04-06 12.93 2022-04-07 14.73 2022-04-13 0 false
dltp-00-2022-04-13 603383 26.01 2022-03-15 29.45 2022-04-07 26.09 2022-04-11 29.7 2022-04-13 0 false
dltp-00-2022-04-13 603392 240.56 2022-03-08 255.36 2022-03-11 246 2022-03-15 290 2022-04-12 0 false
dltp-00-2022-04-13 603499 7.61 2022-03-24 7.8 2022-03-28 7.65 2022-03-29 8.02 2022-04-06 0 false
dltp-00-2022-04-13 603555 2.99 2022-03-15 3.39 2022-03-30 3.22 2022-03-31 3.36 2022-04-11 0 false
dltp-00-2022-04-13 603612 17.04 2022-03-15 19.63 2022-03-23 18.26 2022-03-29 20.55 2022-04-08 0 false
dltp2022-04-13 603619 14.48 2022-04-01 15.5 2022-04-06 14.7 2022-04-08 16.6 2022-04-13 0 true
dltp-00-2022-04-13 603708 12.53 2022-03-29 13.22 2022-04-06 12.61 2022-04-08 14.15 2022-04-12 0 false
dltp-00-2022-04-13 603721 12.47 2022-03-15 13.7 2022-03-28 13.5 2022-03-31 14.58 2022-04-07 0 false
dltp-00-2022-04-13 603808 11.82 2022-03-09 12.63 2022-03-11 11.91 2022-03-24 13.7 2022-04-13 0 false
dltp-00-2022-04-13 603813 14.85 2022-03-15 17.2 2022-04-06 16.15 2022-04-08 17.06 2022-04-13 0 false
dltp-00-2022-04-13 603817 6.13 2022-03-24 6.49 2022-04-06 6.35 2022-04-07 6.48 2022-04-12 0 false
dltp-00-2022-04-13 603836 20.15 2022-03-15 21.2 2022-04-06 20.87 2022-04-07 23.3 2022-04-13 0 false
dltp-00-2022-04-13 603916 19.68 2022-03-15 21.31 2022-03-31 20.91 2022-04-01 23.08 2022-04-08 0 false
dltp-00-2022-04-13 603969 5.18 2022-04-07 5.38 2022-04-08 5.24 2022-04-11 5.47 2022-04-12 0 false
dltp-00-2022-04-13 603970 23.8 2022-03-15 26.28 2022-03-24 24.56 2022-03-31 27.2 2022-04-13 0 false
dltp-00-2022-04-13 603977 7.95 2022-03-15 8.5 2022-04-06 8.29 2022-04-07 9.67 2022-04-11 0 false
dltp2022-04-13 603998 5.71 2022-03-15 7.19 2022-04-06 6.23 2022-04-08 6.91 2022-04-12 1 false
dltp-00-2022-04-13 605006 10.93 2022-03-15 11.94 2022-03-23 11.8 2022-03-24 12.86 2022-04-08 0 false
dltp2022-04-13 605090 26.29 2022-03-15 28.59 2022-04-06 26.87 2022-04-11 30.51 2022-04-13 1 true
dltp-00-2022-04-13 605108 15.23 2022-03-15 17.5 2022-03-21 16.53 2022-03-24 19.09 2022-04-13 0 false
dltp-00-2022-04-13 605158 6.56 2022-03-15 6.94 2022-03-31 6.86 2022-04-01 7.25 2022-04-07 0 false
dltp-00-2022-04-13 605318 14.1 2022-03-15 15.61 2022-03-22 14.83 2022-03-29 16.3 2022-04-12 0 false
dltp-00-2022-04-13 605598 13.96 2022-03-15 14.85 2022-03-31 14.63 2022-04-01 16.42 2022-04-12 0 false
date==dltp3l=2022-04-13  ma_n= 30
day industry code name turnover_ratio pe_ratio industry_cnt inc_revenue_year_rank inc_revenue_annual_rank cfo_sales_rank leverage_ratio_rank
dltp-00-2022-04-13 000010 3.25 2022-03-15 3.63 2022-04-06 3.46 2022-04-07 3.63 2022-04-12 0 false
dltp-00-2022-04-13 000034 13.49 2022-03-15 15.27 2022-04-06 14.6 2022-04-07 15.68 2022-04-12 0 false
dltp-00-2022-04-13 000046 1.6 2022-03-15 1.81 2022-03-18 1.78 2022-03-21 2.04 2022-04-08 0 false
dltp-00-2022-04-13 000048 17.36 2022-01-19 22.83 2022-02-10 19.65 2022-03-17 23.99 2022-04-12 0 false
dltp-00-2022-04-13 000090 5.7 2022-03-15 6.33 2022-03-23 6.26 2022-03-24 7 2022-04-06 0 false
dltp-00-2022-04-13 000157 6.48 2022-03-15 6.85 2022-04-06 6.7 2022-04-07 7.14 2022-04-08 0 false
dltp-00-2022-04-13 000404 4.12 2022-03-15 4.62 2022-03-22 4.49 2022-03-24 4.96 2022-03-31 0 false
dltp-00-2022-04-13 000416 3.83 2022-03-29 4.11 2022-04-06 3.88 2022-04-11 4.27 2022-04-12 0 false
dltp-00-2022-04-13 000507 5.36 2022-03-15 6.07 2022-04-06 5.85 2022-04-11 6.22 2022-04-12 0 false
dltp-00-2022-04-13 000516 6.61 2022-03-16 8.13 2022-03-24 7.89 2022-03-29 8.74 2022-04-12 0 false
dltp-00-2022-04-13 000520 3.46 2022-03-15 3.81 2022-04-06 3.65 2022-04-11 3.89 2022-04-13 0 false
dltp-00-2022-04-13 000540 2.36 2022-03-24 2.41 2022-03-28 2.37 2022-03-29 2.65 2022-04-06 0 false
dltp-00-2022-04-13 000544 6.03 2022-03-15 6.49 2022-04-06 6.34 2022-04-07 6.61 2022-04-12 0 false
dltp-00-2022-04-13 000561 6.8 2022-03-15 7.35 2022-04-08 7.1 2022-04-11 7.35 2022-04-12 0 false
dltp-00-2022-04-13 000595 3.08 2022-03-15 3.48 2022-03-22 3.11 2022-03-31 3.84 2022-04-11 0 false
dltp-00-2022-04-13 000603 11.98 2022-03-16 13.85 2022-03-25 12.94 2022-04-07 14.34 2022-04-12 0 false
dltp-00-2022-04-13 000609 4.33 2022-03-15 4.73 2022-03-23 4.57 2022-03-29 4.99 2022-04-12 0 false
dltp-00-2022-04-13 000610 8.1 2022-03-15 9.67 2022-04-06 8.96 2022-04-11 9.86 2022-04-12 0 false
dltp-00-2022-04-13 000627 3 2022-03-15 3.26 2022-04-06 3.15 2022-04-11 3.26 2022-04-12 0 false
dltp2022-04-13 000630 3.32 2022-03-15 3.87 2022-03-24 3.7 2022-04-01 4.24 2022-04-13 1 false
dltp-00-2022-04-13 000637 5.04 2022-03-30 5.18 2022-03-31 5.07 2022-04-01 5.42 2022-04-08 0 false
dltp-00-2022-04-13 000680 3.75 2022-03-15 4.15 2022-04-06 4.05 2022-04-07 4.43 2022-04-12 0 false
dltp-00-2022-04-13 000713 8.47 2022-01-25 10.19 2022-02-21 8.57 2022-03-15 10.27 2022-04-11 0 false
dltp-00-2022-04-13 000715 4.6 2022-03-15 5.16 2022-03-22 5.01 2022-03-24 5.81 2022-04-12 0 false
dltp-00-2022-04-13 000757 4.11 2022-03-15 4.34 2022-03-23 4.28 2022-03-24 4.62 2022-04-06 0 false
dltp-00-2022-04-13 000779 10.2 2022-03-14 12.05 2022-03-21 10.58 2022-04-01 12.2 2022-04-12 0 false
dltp-00-2022-04-13 000785 4.18 2022-03-15 4.62 2022-04-06 4.45 2022-04-11 4.62 2022-04-12 0 false
dltp-00-2022-04-13 000820 3.2 2022-03-15 3.59 2022-03-24 3.37 2022-04-01 3.72 2022-04-08 0 false
dltp-00-2022-04-13 000822 6.29 2022-03-15 7.13 2022-03-30 6.74 2022-04-07 7.7 2022-04-13 0 false
dltp-00-2022-04-13 000828 9.53 2022-03-15 10.85 2022-03-24 10.5 2022-03-29 11.18 2022-04-01 0 false
dltp-00-2022-04-13 000863 2.76 2021-12-06 4.5 2022-01-10 3.05 2022-03-15 5.03 2022-03-31 0 false
dltp-00-2022-04-13 000906 10.59 2022-03-16 11.98 2022-04-06 11.41 2022-04-12 11.9 2022-04-13 0 false
dltp-00-2022-04-13 000923 12.95 2022-03-15 15.63 2022-04-06 14.76 2022-04-11 15.93 2022-04-13 0 false
dltp-00-2022-04-13 000937 5.1 2022-01-28 7.44 2022-03-07 6.24 2022-03-16 7.49 2022-04-08 0 false
dltp-00-2022-04-13 000948 13.55 2022-03-29 15.54 2022-04-06 14.82 2022-04-07 16.3 2022-04-08 0 false
dltp2022-04-13 000957 4.59 2022-03-15 4.99 2022-04-06 4.66 2022-04-11 4.99 2022-04-13 1 false
dltp-00-2022-04-13 000975 8.1 2022-01-27 9.55 2022-03-09 8.12 2022-03-15 10.51 2022-04-12 0 false
dltp-00-2022-04-13 000976 4.58 2022-03-15 5.04 2022-04-07 4.86 2022-04-08 5.08 2022-04-12 0 false
dltp-00-2022-04-13 000978 5.56 2022-03-15 6.91 2022-03-21 6.3 2022-04-11 6.93 2022-04-12 0 false
dltp-00-2022-04-13 000983 9.99 2022-03-15 12.86 2022-03-29 11.53 2022-04-11 12.78 2022-04-13 0 false
dltp2022-04-13 001317 46.8 2022-03-15 55.46 2022-03-25 47.14 2022-04-08 62.74 2022-04-13 0 true
dltp-00-2022-04-13 002010 6.26 2022-03-29 6.95 2022-04-11 6.72 2022-04-12 6.89 2022-04-13 0 false
dltp-00-2022-04-13 002024 3.15 2022-03-15 3.57 2022-04-06 3.37 2022-04-11 3.6 2022-04-12 0 false
dltp-00-2022-04-13 002032 43.7 2022-03-15 49.39 2022-03-25 48.08 2022-03-29 53.4 2022-04-01 0 false
dltp-00-2022-04-13 002084 4.9 2022-03-29 5.23 2022-03-31 5.05 2022-04-01 5.31 2022-04-07 0 false
dltp2022-04-13 002089 2.08 2022-03-22 2.36 2022-03-25 2.25 2022-03-28 2.63 2022-04-13 0 true
dltp2022-04-13 002098 6.41 2022-03-15 7.29 2022-04-06 6.88 2022-04-11 7.85 2022-04-13 1 false
dltp-00-2022-04-13 002114 7.33 2022-03-15 8.23 2022-04-08 8.18 2022-04-11 8.72 2022-04-13 0 false
dltp-00-2022-04-13 002116 8.57 2022-03-14 9.95 2022-03-21 8.99 2022-03-29 10.75 2022-04-12 0 false
dltp-00-2022-04-13 002122 2.25 2022-02-15 2.53 2022-03-22 2.34 2022-04-01 2.59 2022-04-11 0 false
dltp-00-2022-04-13 002144 9.27 2022-03-15 10.03 2022-03-22 9.81 2022-03-24 11.1 2022-04-12 0 false
dltp-00-2022-04-13 002170 5.41 2022-03-15 6.24 2022-03-29 5.95 2022-04-01 6.36 2022-04-12 0 false
dltp-00-2022-04-13 002183 4.57 2022-03-15 5.18 2022-04-06 5.01 2022-04-07 5.44 2022-04-13 0 false
dltp-00-2022-04-13 002187 7.56 2022-03-15 8.48 2022-03-22 8.07 2022-03-29 9.36 2022-04-12 0 false
dltp-00-2022-04-13 002204 3.85 2022-04-01 4.09 2022-04-06 3.89 2022-04-11 4.07 2022-04-12 0 false
dltp-00-2022-04-13 002215 5.63 2022-01-25 6.45 2022-02-23 5.97 2022-03-15 6.88 2022-03-29 0 false
dltp-00-2022-04-13 002219 2.68 2022-01-27 3.12 2022-03-08 2.75 2022-03-17 3.55 2022-04-07 0 false
dltp-00-2022-04-13 002278 5.38 2022-03-15 6.3 2022-03-29 6.12 2022-04-01 6.44 2022-04-12 0 false
dltp-00-2022-04-13 002319 12.46 2022-03-16 13 2022-03-25 12.88 2022-03-30 14.41 2022-04-13 0 false
dltp-00-2022-04-13 002336 6.24 2022-03-11 6.86 2022-03-14 6.35 2022-03-15 7.57 2022-04-12 0 false
dltp-00-2022-04-13 002357 5.51 2022-03-30 5.91 2022-04-06 5.55 2022-04-11 5.87 2022-04-13 0 false
dltp-00-2022-04-13 002358 2.56 2022-03-15 2.8 2022-03-22 2.72 2022-03-28 3.06 2022-04-11 0 false
dltp-00-2022-04-13 002419 5.76 2022-03-15 6.5 2022-04-06 6.32 2022-04-07 7.26 2022-04-12 0 false
dltp-00-2022-04-13 002443 7.36 2022-03-15 7.98 2022-04-06 7.7 2022-04-07 8.34 2022-04-12 0 false
dltp-00-2022-04-13 002446 5.26 2022-03-15 6 2022-04-06 5.7 2022-04-11 6.04 2022-04-13 0 false
dltp-00-2022-04-13 002462 12.28 2021-11-26 14.36 2022-01-04 12.7 2022-01-27 16.12 2022-03-21 0 false
dltp-00-2022-04-13 002476 4.31 2022-01-27 5.18 2022-03-03 4.43 2022-03-15 5.84 2022-03-24 0 false
dltp-00-2022-04-13 002478 4 2022-03-15 4.4 2022-03-18 4.34 2022-03-21 4.68 2022-04-06 0 false
dltp-00-2022-04-13 002492 5.85 2022-03-15 6.39 2022-03-23 6.07 2022-03-30 6.94 2022-04-13 0 false
dltp-00-2022-04-13 002507 28.87 2022-03-15 32.59 2022-03-23 31.4 2022-03-25 34.32 2022-04-12 0 false
dltp-00-2022-04-13 002523 2.55 2022-03-15 2.85 2022-04-06 2.77 2022-04-07 2.91 2022-04-12 0 false
dltp-00-2022-04-13 002538 7.82 2022-03-15 9.14 2022-03-29 8.72 2022-03-31 9.35 2022-04-11 0 false
dltp-00-2022-04-13 002542 2.76 2022-03-15 3.08 2022-03-28 3.02 2022-03-29 3.41 2022-04-08 0 false
dltp-00-2022-04-13 002557 44.68 2022-03-15 53.75 2022-03-31 52.83 2022-04-07 57.89 2022-04-12 0 false
dltp2022-04-13 002575 4.19 2022-03-29 4.44 2022-03-31 4.28 2022-04-06 4.61 2022-04-13 1 false
dltp-00-2022-04-13 002628 3.58 2022-03-15 4.07 2022-03-28 3.93 2022-03-29 4.42 2022-04-11 0 false
dltp-00-2022-04-13 002638 1.82 2022-03-15 2 2022-03-22 1.91 2022-03-31 2.05 2022-04-12 0 false
dltp-00-2022-04-13 002639 9.72 2022-03-15 13.5 2022-03-23 11.05 2022-04-01 13.38 2022-04-12 0 false
dltp-00-2022-04-13 002640 2.69 2022-03-16 3.07 2022-03-23 2.98 2022-03-24 3.15 2022-04-13 0 false
dltp-00-2022-04-13 002659 4.03 2022-03-30 4.35 2022-04-06 4.3 2022-04-07 4.56 2022-04-12 0 false
dltp-00-2022-04-13 002660 7.56 2022-03-29 8.28 2022-04-06 7.77 2022-04-11 8.55 2022-04-12 0 false
dltp-00-2022-04-13 002661 10.77 2022-03-15 11.91 2022-03-29 11.17 2022-04-08 12 2022-04-13 0 false
dltp-00-2022-04-13 002663 1.82 2022-03-15 2.04 2022-03-28 2.01 2022-03-29 2.13 2022-04-12 0 false
dltp-00-2022-04-13 002682 4.44 2022-03-15 5.34 2022-03-22 4.86 2022-03-31 5.4 2022-04-12 0 false
dltp-00-2022-04-13 002702 5.03 2022-03-15 6.16 2022-03-28 5.43 2022-04-08 6.2 2022-04-12 0 false
dltp-00-2022-04-13 002736 9.58 2022-03-15 10.09 2022-04-06 9.77 2022-04-11 10.01 2022-04-12 0 false
dltp-00-2022-04-13 002740 3.8 2022-03-15 4.3 2022-04-06 4.12 2022-04-08 4.37 2022-04-13 0 false
dltp-00-2022-04-13 002770 2.38 2022-03-15 2.63 2022-03-23 2.55 2022-03-28 2.84 2022-04-08 0 false
dltp-00-2022-04-13 002772 7.65 2022-04-08 7.77 2022-04-11 7.73 2022-04-12 7.75 2022-04-13 0 false
dltp-00-2022-04-13 002818 11.32 2022-03-24 12.03 2022-04-06 11.8 2022-04-11 12.07 2022-04-12 0 false
dltp-00-2022-04-13 002856 10.3 2022-03-15 11.5 2022-03-22 10.82 2022-03-29 12.34 2022-04-06 0 false
dltp-00-2022-04-13 002861 11.61 2022-03-15 12.57 2022-03-21 11.88 2022-03-29 14.3 2022-04-13 0 false
dltp-00-2022-04-13 002883 10.57 2022-03-15 11.44 2022-04-06 11.19 2022-04-07 11.88 2022-04-12 0 false
dltp-00-2022-04-13 002905 7.06 2022-03-24 7.34 2022-03-28 7.16 2022-03-29 8.03 2022-04-12 0 false
dltp-00-2022-04-13 002942 16.81 2022-03-28 18.16 2022-04-11 17.89 2022-04-12 18.5 2022-04-13 0 false
dltp-00-2022-04-13 002972 15.81 2022-03-15 18.02 2022-03-21 16.73 2022-03-29 18.23 2022-04-06 0 false
dltp-00-2022-04-13 003032 14.2 2022-03-15 16.38 2022-04-07 15.27 2022-04-11 16.8 2022-04-12 0 false
dltp-00-2022-04-13 600000 7.63 2022-03-15 8.17 2022-04-06 8.01 2022-04-11 8.11 2022-04-12 0 false
dltp-00-2022-04-13 600029 5.91 2022-03-15 6.75 2022-04-08 6.46 2022-04-11 6.98 2022-04-12 0 false
dltp-00-2022-04-13 600054 9.43 2022-03-15 11.6 2022-03-30 10.72 2022-04-11 11.69 2022-04-12 0 false
dltp-00-2022-04-13 600057 7.89 2022-03-17 8.42 2022-03-22 8.32 2022-03-23 9.34 2022-04-13 0 false
dltp-00-2022-04-13 600073 6.69 2022-03-15 7.59 2022-04-06 7.21 2022-04-08 7.93 2022-04-11 0 false
dltp-00-2022-04-13 600075 6.75 2022-03-15 7.33 2022-03-31 7.24 2022-04-01 7.99 2022-04-12 0 false
dltp-00-2022-04-13 600123 9.46 2022-01-28 13.15 2022-03-07 10.69 2022-03-16 14.86 2022-04-13 0 false
dltp-00-2022-04-13 600138 10.9 2022-03-15 12.92 2022-04-06 11.97 2022-04-11 12.84 2022-04-12 0 false
dltp-00-2022-04-13 600155 9.32 2022-03-31 9.48 2022-04-06 9.32 2022-04-07 9.73 2022-04-12 0 false
dltp-00-2022-04-13 600197 24.5 2022-03-15 28.19 2022-04-01 25.9 2022-04-11 28.1 2022-04-13 0 false
dltp-00-2022-04-13 600199 22.4 2022-03-29 26.75 2022-04-07 23.73 2022-04-11 27.78 2022-04-13 0 false
dltp-00-2022-04-13 600226 2.13 2022-03-15 2.2 2022-03-16 2.17 2022-03-17 2.41 2022-04-08 0 false
dltp-00-2022-04-13 600229 6.74 2022-03-17 7.01 2022-03-29 6.8 2022-03-30 7.13 2022-04-06 0 false
dltp-00-2022-04-13 600238 12.15 2022-03-15 13.37 2022-04-08 12.53 2022-04-11 14.18 2022-04-13 0 false
dltp-00-2022-04-13 600249 4.73 2021-11-12 5.59 2022-01-10 4.76 2022-01-27 6.29 2022-03-29 0 false
dltp-00-2022-04-13 600256 6.34 2022-02-16 8.13 2022-03-03 6.8 2022-03-15 9.06 2022-04-13 0 false
dltp-00-2022-04-13 600269 3.34 2022-03-15 3.65 2022-03-28 3.48 2022-03-30 3.68 2022-04-12 0 false
dltp-00-2022-04-13 600273 10.01 2022-04-07 10.2 2022-04-08 10.03 2022-04-11 10.55 2022-04-13 0 false
dltp-00-2022-04-13 600283 11.8 2022-03-15 13.59 2022-03-31 12.64 2022-04-07 14.16 2022-04-12 0 false
dltp-00-2022-04-13 600284 6.08 2022-01-25 6.91 2022-03-03 6.45 2022-03-15 7.76 2022-04-12 0 false
dltp-00-2022-04-13 600295 21.45 2022-01-27 28.42 2022-03-07 22.19 2022-03-16 31.6 2022-04-11 0 false
dltp-00-2022-04-13 600321 1.96 2022-03-15 2.19 2022-03-23 2.12 2022-03-24 2.44 2022-04-06 0 false
dltp-00-2022-04-13 600328 14.01 2022-03-15 16.77 2022-03-30 16.01 2022-04-07 18.92 2022-04-13 0 false
dltp-00-2022-04-13 600348 11.61 2022-03-23 12.14 2022-03-29 11.82 2022-04-06 12.88 2022-04-13 0 false
dltp-00-2022-04-13 600354 5.34 2022-03-15 6.04 2022-03-21 5.84 2022-03-23 6.86 2022-04-11 0 false
dltp-00-2022-04-13 600365 4.37 2022-03-17 4.85 2022-03-23 4.57 2022-04-07 4.93 2022-04-13 0 false
dltp-00-2022-04-13 600367 19.98 2022-03-15 24.47 2022-03-25 20.97 2022-03-29 25.9 2022-04-08 0 false
dltp-00-2022-04-13 600419 12.11 2022-03-15 13.82 2022-04-01 13.07 2022-04-11 13.71 2022-04-12 0 false
dltp2022-04-13 600420 9.02 2022-03-09 11.92 2022-03-22 10.02 2022-04-11 11.06 2022-04-13 1 false
dltp-00-2022-04-13 600448 3.21 2022-02-24 3.52 2022-03-03 3.3 2022-03-09 3.78 2022-04-13 0 false
dltp-00-2022-04-13 600467 2.68 2022-03-15 3 2022-03-21 2.91 2022-03-24 3.2 2022-04-06 0 false
dltp2022-04-13 600476 12.62 2022-03-24 13.09 2022-03-28 12.94 2022-03-29 14.3 2022-04-13 1 false
dltp-00-2022-04-13 600486 103.67 2022-03-09 120.19 2022-03-14 112.99 2022-03-23 132 2022-04-08 0 false
dltp-00-2022-04-13 600496 4.2 2022-03-15 4.61 2022-03-30 4.56 2022-04-01 4.98 2022-04-11 0 false
dltp-00-2022-04-13 600506 10.61 2022-01-25 12.98 2022-03-08 11.07 2022-03-17 12.95 2022-04-12 0 false
dltp-00-2022-04-13 600507 7.34 2022-03-15 8.6 2022-03-18 8.13 2022-03-25 8.96 2022-04-06 0 false
dltp-00-2022-04-13 600508 9.24 2022-03-15 10.45 2022-03-22 9.93 2022-04-11 10.56 2022-04-13 0 false
dltp-00-2022-04-13 600512 3.17 2022-01-28 4.26 2022-02-21 3.63 2022-03-15 4.49 2022-04-12 0 false
dltp-00-2022-04-13 600519 1603 2022-03-15 1784 2022-04-08 1720 2022-04-11 1782 2022-04-12 0 false
dltp-00-2022-04-13 600528 7.56 2022-03-15 8.21 2022-04-06 8.06 2022-04-07 8.36 2022-04-08 0 false
dltp-00-2022-04-13 600540 5.05 2022-03-15 6.15 2022-03-29 5.57 2022-04-08 6.12 2022-04-13 0 false
dltp-00-2022-04-13 600561 5.67 2022-03-30 6.08 2022-04-06 5.74 2022-04-11 6.08 2022-04-13 0 false
dltp-00-2022-04-13 600567 2.87 2022-03-15 3.08 2022-04-06 3.02 2022-04-11 3.08 2022-04-12 0 false
dltp-00-2022-04-13 600573 9.02 2022-02-28 10.79 2022-03-21 9.57 2022-03-29 11.17 2022-04-13 0 false
dltp-00-2022-04-13 600582 4.02 2022-02-15 4.59 2022-03-07 4.16 2022-03-16 5.01 2022-03-23 0 false
dltp-00-2022-04-13 600595 3.98 2022-03-15 4.28 2022-03-21 4.13 2022-03-31 4.46 2022-04-13 0 false
dltp-00-2022-04-13 600596 26.22 2022-03-31 27.19 2022-04-01 26.9 2022-04-06 28.3 2022-04-08 0 false
dltp-00-2022-04-13 600598 13.14 2022-01-27 15.27 2022-03-03 13.18 2022-03-16 16 2022-04-13 0 false
dltp-00-2022-04-13 600599 8.23 2022-03-15 9.44 2022-04-01 9.14 2022-04-11 9.79 2022-04-13 0 false
dltp-00-2022-04-13 600610 13.2 2022-03-28 13.8 2022-03-29 13.21 2022-03-31 14.55 2022-04-08 0 false
dltp2022-04-13 600618 11 2022-03-15 12.1 2022-03-29 11.6 2022-04-07 13.53 2022-04-13 1 false
dltp-00-2022-04-13 600650 9.41 2022-03-09 10.11 2022-03-11 9.42 2022-03-15 10.97 2022-04-13 0 false
dltp-00-2022-04-13 600655 8.82 2022-03-15 10.41 2022-03-23 9.83 2022-03-25 10.42 2022-04-12 0 false
dltp-00-2022-04-13 600671 8.93 2022-03-09 9.4 2022-03-14 9 2022-03-15 9.87 2022-03-24 0 false
dltp-00-2022-04-13 600690 20.77 2022-03-15 23.75 2022-04-01 22.55 2022-04-11 23.87 2022-04-13 0 false
dltp-00-2022-04-13 600697 11.83 2022-03-15 13.47 2022-04-06 13 2022-04-08 14.18 2022-04-12 0 false
dltp-00-2022-04-13 600704 4.92 2022-03-15 5.43 2022-04-06 5.28 2022-04-07 5.59 2022-04-13 0 false
dltp-00-2022-04-13 600705 3.76 2022-03-15 3.92 2022-03-16 3.9 2022-03-17 4.23 2022-04-06 0 false
dltp-00-2022-04-13 600710 5.63 2022-03-15 6 2022-04-06 5.85 2022-04-07 6.09 2022-04-13 0 false
dltp-00-2022-04-13 600719 3.65 2022-03-15 4.11 2022-04-06 3.9 2022-04-11 4.09 2022-04-12 0 false
dltp-00-2022-04-13 600721 7.3 2022-03-16 8.36 2022-03-24 7.9 2022-03-28 9.22 2022-04-11 0 false
dltp-00-2022-04-13 600753 13.11 2022-01-27 16.09 2022-03-03 13.76 2022-03-09 18 2022-03-25 0 false
dltp-00-2022-04-13 600778 4.4 2022-02-24 5.14 2022-03-18 4.75 2022-04-08 5.8 2022-04-13 0 false
dltp-00-2022-04-13 600792 4.13 2022-03-31 4.32 2022-04-08 4.13 2022-04-11 4.62 2022-04-13 0 false
dltp-00-2022-04-13 600796 4.97 2022-01-25 5.76 2022-03-07 5.28 2022-03-15 6.21 2022-04-12 0 false
dltp-00-2022-04-13 600805 3.73 2022-03-15 4.1 2022-03-31 4.06 2022-04-01 4.2 2022-04-07 0 false
dltp-00-2022-04-13 600831 6.09 2022-03-15 6.8 2022-04-06 6.51 2022-04-08 6.82 2022-04-12 0 false
dltp2022-04-13 600834 8.25 2022-03-15 9.05 2022-04-06 8.55 2022-04-11 8.96 2022-04-13 1 false
dltp-00-2022-04-13 600846 7.48 2022-03-15 8.17 2022-03-22 8.07 2022-03-24 8.68 2022-04-06 0 false
dltp-00-2022-04-13 600854 4.89 2022-03-30 5.1 2022-04-06 4.9 2022-04-11 5.14 2022-04-13 0 false
dltp-00-2022-04-13 600870 4.23 2022-03-15 4.5 2022-03-25 4.34 2022-03-30 4.88 2022-04-07 0 false
dltp-00-2022-04-13 600873 7.16 2022-01-27 8.5 2022-03-03 7.9 2022-03-18 9.2 2022-03-30 0 false
dltp-00-2022-04-13 600874 6.35 2022-03-16 7.21 2022-03-22 6.79 2022-03-30 7.73 2022-04-08 0 false
dltp2022-04-13 600892 3.22 2022-03-15 3.55 2022-04-06 3.28 2022-04-11 3.97 2022-04-13 1 true
dltp-00-2022-04-13 600936 3.03 2022-03-15 3.41 2022-03-28 3.28 2022-03-30 3.78 2022-04-12 0 false
dltp-00-2022-04-13 600962 8.33 2022-01-27 10.24 2022-03-25 9.61 2022-04-01 10.18 2022-04-12 0 false
dltp2022-04-13 600969 7.15 2022-03-17 8.21 2022-03-31 7.59 2022-04-11 8.54 2022-04-13 1 false
dltp-00-2022-04-13 600971 6.19 2022-01-28 7.47 2022-03-07 6.53 2022-03-15 8.1 2022-04-13 0 false
dltp-00-2022-04-13 600985 11.25 2022-01-28 14.42 2022-03-10 12.45 2022-03-15 16.23 2022-04-01 0 false
dltp-00-2022-04-13 600996 8.19 2022-03-30 9.04 2022-04-07 8.47 2022-04-08 9.58 2022-04-12 0 false
dltp-00-2022-04-13 601008 3.71 2022-02-24 4.83 2022-03-03 4.1 2022-03-29 4.94 2022-04-12 0 false
dltp-00-2022-04-13 601010 3.07 2022-03-15 3.27 2022-03-22 3.22 2022-03-24 3.62 2022-04-12 0 false
dltp-00-2022-04-13 601098 9.34 2022-03-25 10.05 2022-04-06 9.6 2022-04-11 10.15 2022-04-12 0 false
dltp-00-2022-04-13 601101 7.37 2022-01-28 10.45 2022-03-07 8.75 2022-03-15 11.02 2022-04-08 0 false
dltp-00-2022-04-13 601111 8.42 2022-03-15 9.83 2022-04-01 9.49 2022-04-11 10.25 2022-04-12 0 false
dltp-00-2022-04-13 601116 7.76 2021-11-29 10.49 2022-01-13 7.76 2022-03-15 11.18 2022-04-12 0 false
dltp-00-2022-04-13 601118 4.68 2022-03-15 5.06 2022-04-06 4.93 2022-04-07 5.1 2022-04-12 0 false
dltp-00-2022-04-13 601288 2.93 2022-03-17 2.99 2022-03-24 2.98 2022-03-25 3.1 2022-04-08 0 false
dltp-00-2022-04-13 601298 5.23 2022-03-15 5.74 2022-04-06 5.52 2022-04-11 5.75 2022-04-12 0 false
dltp-00-2022-04-13 601595 9.48 2022-03-15 10.64 2022-04-06 9.95 2022-04-11 10.54 2022-04-12 0 false
dltp-00-2022-04-13 601599 3.41 2022-03-24 3.48 2022-03-28 3.42 2022-03-30 3.72 2022-04-12 0 false
dltp-00-2022-04-13 601696 10.73 2022-03-09 14.08 2022-03-16 12.13 2022-03-29 15.11 2022-04-13 0 false
dltp-00-2022-04-13 601800 8.37 2022-03-15 9.64 2022-03-30 9.15 2022-04-01 10.09 2022-04-11 0 false
dltp-00-2022-04-13 601838 14.22 2022-03-21 14.79 2022-03-22 14.27 2022-03-29 16.12 2022-04-12 0 false
dltp-00-2022-04-13 601880 1.68 2022-03-15 1.79 2022-04-06 1.75 2022-04-11 1.82 2022-04-12 0 false
dltp-00-2022-04-13 601901 6.48 2022-03-15 7.14 2022-04-01 6.88 2022-04-07 7.08 2022-04-12 0 false
dltp-00-2022-04-13 601952 11.37 2022-02-23 13.6 2022-03-07 11.82 2022-03-16 14.69 2022-03-29 0 false
dltp-00-2022-04-13 601958 6.26 2022-01-27 7.3 2022-03-07 6.4 2022-03-15 7.48 2022-04-13 0 false
dltp-00-2022-04-13 601975 1.8 2022-03-15 1.99 2022-04-06 1.91 2022-04-11 1.99 2022-04-12 0 false
dltp-00-2022-04-13 601985 7.37 2022-03-15 8.03 2022-03-18 7.43 2022-03-25 8.12 2022-04-07 0 false
dltp-00-2022-04-13 601999 5.97 2022-03-15 6.59 2022-03-28 6.45 2022-03-29 6.97 2022-04-06 0 false
dltp-00-2022-04-13 603006 8.74 2022-03-15 9.67 2022-04-06 8.99 2022-04-11 9.59 2022-04-13 0 false
dltp-00-2022-04-13 603043 19.34 2022-03-15 22.13 2022-04-06 21.06 2022-04-08 22.1 2022-04-12 0 false
dltp-00-2022-04-13 603095 23.4 2022-03-15 25.45 2022-03-31 25.2 2022-04-01 27.11 2022-04-06 0 false
dltp-00-2022-04-13 603099 8.27 2022-03-15 9.68 2022-04-06 9.25 2022-04-11 9.99 2022-04-12 0 false
dltp-00-2022-04-13 603101 5.56 2022-03-15 6.21 2022-04-06 6.02 2022-04-08 6.55 2022-04-12 0 false
dltp-00-2022-04-13 603116 5.36 2022-03-15 5.85 2022-04-06 5.68 2022-04-11 5.85 2022-04-13 0 false
dltp-00-2022-04-13 603167 7.32 2022-03-15 7.86 2022-04-06 7.66 2022-04-11 7.96 2022-04-12 0 false
dltp-00-2022-04-13 603177 17.25 2022-03-16 20.12 2022-03-21 19.6 2022-03-23 21.87 2022-03-31 0 false
dltp-00-2022-04-13 603200 19.79 2022-03-24 21.35 2022-03-31 20.7 2022-04-01 22.77 2022-04-06 0 false
dltp-00-2022-04-13 603219 14.18 2022-03-15 18.91 2022-03-25 16.42 2022-03-29 19.65 2022-04-12 0 false
dltp-00-2022-04-13 603221 8.28 2022-03-15 9.2 2022-03-25 8.72 2022-03-29 9.27 2022-04-06 0 false
dltp-00-2022-04-13 603315 23.94 2022-03-29 25.22 2022-04-06 24.23 2022-04-11 25.71 2022-04-12 0 false
dltp-00-2022-04-13 603358 19.19 2022-03-09 20 2022-03-14 19.25 2022-03-15 22.25 2022-04-06 0 false
dltp-00-2022-04-13 603383 26.01 2022-03-15 29.45 2022-04-07 26.09 2022-04-11 29.7 2022-04-13 0 false
dltp-00-2022-04-13 603555 3.22 2022-03-31 3.31 2022-04-01 3.24 2022-04-07 3.36 2022-04-11 0 false
dltp-00-2022-04-13 603565 23.49 2022-03-16 27.64 2022-04-01 26.14 2022-04-08 28.15 2022-04-13 0 false
dltp2022-04-13 603569 7.14 2022-02-09 10.51 2022-03-07 7.95 2022-03-29 10.75 2022-04-13 0 true
dltp-00-2022-04-13 603586 10.79 2022-03-15 11.65 2022-04-07 11.46 2022-04-11 12.64 2022-04-13 0 false
dltp-00-2022-04-13 603612 18.26 2022-03-29 19.54 2022-03-30 18.68 2022-04-07 20.55 2022-04-08 0 false
dltp2022-04-13 603619 13.14 2022-03-15 16.16 2022-03-23 14.48 2022-04-01 16.6 2022-04-13 0 true
dltp-00-2022-04-13 603639 18.55 2022-03-15 20.95 2022-03-31 20.38 2022-04-01 22.44 2022-04-13 0 false
dltp-00-2022-04-13 603708 12.5 2022-03-08 13.22 2022-04-06 12.61 2022-04-08 14.15 2022-04-12 0 false
dltp-00-2022-04-13 603808 11.82 2022-03-09 12.63 2022-03-11 11.91 2022-03-24 13.7 2022-04-13 0 false
dltp-00-2022-04-13 603813 14.85 2022-03-15 17.2 2022-04-06 16.15 2022-04-08 17.06 2022-04-13 0 false
dltp-00-2022-04-13 603863 8.49 2022-03-15 9.26 2022-03-24 9.06 2022-03-29 9.49 2022-04-13 0 false
dltp-00-2022-04-13 603878 6.11 2022-03-15 6.76 2022-04-06 6.59 2022-04-11 6.8 2022-04-12 0 false
dltp-00-2022-04-13 603949 24.6 2022-03-14 26.8 2022-03-24 25.49 2022-04-07 26.74 2022-04-08 0 false
dltp-00-2022-04-13 603969 4.99 2022-03-25 5.18 2022-03-28 5.03 2022-03-29 5.47 2022-04-12 0 false
dltp-00-2022-04-13 603970 23.8 2022-03-15 26.28 2022-03-24 24.56 2022-03-31 27.2 2022-04-13 0 false
dltp2022-04-13 603993 4.62 2022-03-15 5.41 2022-04-08 5.13 2022-04-11 5.45 2022-04-13 1 false
dltp2022-04-13 603998 5.71 2022-03-15 7.19 2022-04-06 6.23 2022-04-08 6.91 2022-04-12 1 false
dltp-00-2022-04-13 605018 15.42 2022-01-28 19.08 2022-03-02 16 2022-03-17 19.9 2022-04-12 0 false
dltp2022-04-13 605050 11.28 2022-03-15 12.59 2022-04-06 11.77 2022-04-11 12.75 2022-04-13 1 false
dltp-00-2022-04-13 605188 7.24 2022-03-15 7.83 2022-04-06 7.66 2022-04-08 8.47 2022-04-12 0 false
dltp-00-2022-04-13 605318 14.1 2022-03-15 15.5 2022-03-31 15.17 2022-04-01 16.3 2022-04-12 0 false
date==dltp3l=2022-04-13  ma_n= 60
day industry code name turnover_ratio pe_ratio industry_cnt inc_revenue_year_rank inc_revenue_annual_rank cfo_sales_rank leverage_ratio_rank
dltp-00-2022-04-13 000056 7.81 2022-04-07 8.08 2022-04-08 7.83 2022-04-11 8.34 2022-04-12 0 false
dltp-00-2022-04-13 000404 4.12 2022-03-15 4.62 2022-03-22 4.49 2022-03-24 4.96 2022-03-31 0 false
dltp-00-2022-04-13 000416 3.83 2022-03-29 4.11 2022-04-06 3.88 2022-04-11 4.27 2022-04-12 0 false
dltp2022-04-13 000430 5.08 2021-12-06 7.19 2022-02-14 5.58 2022-03-15 7.79 2022-04-13 1 true
dltp-00-2022-04-13 000498 6.14 2021-12-30 9.63 2022-02-08 7.55 2022-03-15 10.15 2022-04-11 0 false
dltp-00-2022-04-13 000520 3.46 2022-03-15 3.81 2022-04-06 3.65 2022-04-11 3.89 2022-04-13 0 false
dltp-00-2022-04-13 000544 6.03 2022-03-15 6.49 2022-04-06 6.34 2022-04-07 6.61 2022-04-12 0 false
dltp2022-04-13 000567 15.17 2022-03-15 18.18 2022-04-06 16.36 2022-04-07 17.1 2022-04-13 0 true
dltp-00-2022-04-13 000572 4.42 2022-03-15 5.91 2022-03-29 5.29 2022-04-07 5.93 2022-04-12 0 false
dltp-00-2022-04-13 000573 2.8 2021-11-05 4.4 2022-02-11 3.39 2022-03-15 4.69 2022-04-06 0 false
dltp-00-2022-04-13 000595 3.08 2022-03-15 3.48 2022-03-22 3.11 2022-03-31 3.84 2022-04-11 0 false
dltp-00-2022-04-13 000603 12.94 2022-04-07 13.4 2022-04-08 13.17 2022-04-11 14.34 2022-04-12 0 false
dltp-00-2022-04-13 000609 4.33 2022-03-15 4.73 2022-03-23 4.57 2022-03-29 4.99 2022-04-12 0 false
dltp-00-2022-04-13 000610 8.1 2022-03-15 9.67 2022-04-06 8.96 2022-04-11 9.86 2022-04-12 0 false
dltp2022-04-13 000630 3.32 2022-03-15 3.87 2022-03-24 3.7 2022-04-01 4.24 2022-04-13 1 false
dltp-00-2022-04-13 000631 3.06 2022-03-15 3.52 2022-03-28 3.5 2022-03-29 3.74 2022-04-08 0 false
dltp-00-2022-04-13 000635 9.94 2022-03-28 10.47 2022-03-29 9.98 2022-03-31 11.08 2022-04-08 0 false
dltp-00-2022-04-13 000638 4.78 2022-01-05 5.5 2022-01-13 4.83 2022-01-25 5.99 2022-04-08 0 false
dltp-00-2022-04-13 000680 3.75 2022-03-15 4.15 2022-04-06 4.05 2022-04-07 4.43 2022-04-12 0 false
dltp-00-2022-04-13 000701 5.66 2022-03-30 6.25 2022-04-06 5.79 2022-04-11 6.64 2022-04-13 0 false
dltp-00-2022-04-13 000712 13.86 2022-03-15 15.48 2022-03-22 14.5 2022-03-29 15.83 2022-04-12 0 false
dltp-00-2022-04-13 000713 8.47 2022-01-25 10.19 2022-02-21 8.57 2022-03-15 10.27 2022-04-11 0 false
dltp-00-2022-04-13 000732 2.17 2022-01-27 3.36 2022-02-11 2.51 2022-03-15 3.52 2022-04-06 0 false
dltp-00-2022-04-13 000755 4.44 2022-03-31 4.54 2022-04-06 4.46 2022-04-07 4.69 2022-04-08 0 false
dltp-00-2022-04-13 000778 4.46 2022-03-15 4.95 2022-03-21 4.59 2022-03-25 5.36 2022-04-08 0 false
dltp-00-2022-04-13 000786 25.74 2022-03-15 32.27 2022-04-06 31.13 2022-04-07 32.05 2022-04-12 0 false
dltp-00-2022-04-13 000820 3.2 2022-03-15 3.59 2022-03-24 3.37 2022-04-01 3.72 2022-04-08 0 false
dltp-00-2022-04-13 000822 6.29 2022-03-15 7.13 2022-03-30 6.74 2022-04-07 7.7 2022-04-13 0 false
dltp-00-2022-04-13 000830 14.08 2022-01-28 17.74 2022-03-03 15.53 2022-03-15 18.99 2022-04-08 0 false
dltp-00-2022-04-13 000888 5.91 2021-11-02 8.3 2022-02-14 6.53 2022-03-15 8.29 2022-04-12 0 false
dltp-00-2022-04-13 000906 10.59 2022-03-16 11.98 2022-04-06 11.41 2022-04-12 11.9 2022-04-13 0 false
dltp-00-2022-04-13 000923 12.95 2022-03-15 15.63 2022-04-06 14.76 2022-04-11 15.93 2022-04-13 0 false
dltp-00-2022-04-13 000932 4.85 2021-11-16 6.12 2022-03-04 5.03 2022-03-15 6.25 2022-04-08 0 false
dltp-00-2022-04-13 000950 4.91 2022-02-17 6.15 2022-03-07 4.99 2022-03-15 6.57 2022-03-28 0 false
dltp-00-2022-04-13 000978 5.14 2021-12-23 6.9 2022-02-14 5.56 2022-03-15 6.93 2022-04-12 0 false
dltp-00-2022-04-13 002014 8.34 2022-02-15 8.75 2022-02-23 8.54 2022-02-24 9.36 2022-04-07 0 false
dltp-00-2022-04-13 002067 3.7 2022-03-15 3.98 2022-03-22 3.96 2022-03-24 4.18 2022-04-06 0 false
dltp-00-2022-04-13 002114 7.33 2022-03-15 8.11 2022-04-06 7.95 2022-04-07 8.72 2022-04-13 0 false
dltp-00-2022-04-13 002133 2.68 2021-11-05 4.68 2022-02-22 3.36 2022-03-15 4.88 2022-04-06 0 false
dltp-00-2022-04-13 002144 9.27 2022-03-15 10.03 2022-03-22 9.81 2022-03-24 11.1 2022-04-12 0 false
dltp-00-2022-04-13 002159 9.55 2022-03-15 11.48 2022-04-06 10.71 2022-04-11 11.78 2022-04-12 0 false
dltp-00-2022-04-13 002170 5.95 2022-04-01 6 2022-04-06 5.97 2022-04-07 6.36 2022-04-12 0 false
dltp-00-2022-04-13 002204 3.66 2022-03-15 4.09 2022-04-06 3.89 2022-04-11 4.07 2022-04-12 0 false
dltp-00-2022-04-13 002208 6.98 2021-11-02 9.65 2022-01-19 7.1 2022-03-15 10.32 2022-04-01 0 false
dltp-00-2022-04-13 002211 3.51 2022-03-15 3.98 2022-03-30 3.71 2022-04-01 4.13 2022-04-12 0 false
dltp-00-2022-04-13 002215 5.97 2022-02-11 6.45 2022-02-23 5.97 2022-03-15 6.88 2022-03-29 0 false
dltp-00-2022-04-13 002226 5.45 2022-03-09 5.87 2022-03-14 5.66 2022-03-15 6.67 2022-03-24 0 false
dltp-00-2022-04-13 002321 2.58 2022-03-16 2.86 2022-04-07 2.77 2022-04-11 2.87 2022-04-13 0 false
dltp-00-2022-04-13 002357 5.15 2022-03-15 5.91 2022-04-06 5.55 2022-04-11 5.87 2022-04-13 0 false
dltp-00-2022-04-13 002423 7.57 2022-03-15 8.5 2022-04-01 8.01 2022-04-11 8.52 2022-04-13 0 false
dltp-00-2022-04-13 002478 4 2022-03-15 4.4 2022-03-18 4.34 2022-03-21 4.68 2022-04-06 0 false
dltp-00-2022-04-13 002492 5.41 2022-01-27 6.77 2022-03-03 5.85 2022-03-15 6.94 2022-04-13 0 false
dltp-00-2022-04-13 002496 2.45 2022-03-15 2.72 2022-03-28 2.67 2022-03-31 2.86 2022-04-13 0 false
dltp-00-2022-04-13 002513 4.43 2022-03-15 4.95 2022-03-29 4.8 2022-04-01 5.04 2022-04-12 0 false
dltp-00-2022-04-13 002523 2.55 2022-03-15 2.85 2022-04-06 2.77 2022-04-07 2.91 2022-04-12 0 false
dltp-00-2022-04-13 002542 2.76 2022-03-15 3.05 2022-03-22 2.95 2022-03-24 3.41 2022-04-08 0 false
dltp-00-2022-04-13 002569 7.15 2022-01-27 8.01 2022-03-02 7.43 2022-03-15 8.09 2022-04-12 0 false
dltp2022-04-13 002575 4.28 2022-04-06 4.49 2022-04-08 4.36 2022-04-11 4.61 2022-04-13 1 false
dltp-00-2022-04-13 002588 5.37 2022-01-25 6.53 2022-02-23 5.78 2022-03-15 7.03 2022-04-13 0 false
dltp-00-2022-04-13 002628 3.23 2021-12-13 4.37 2022-02-16 3.58 2022-03-15 4.42 2022-04-11 0 false
dltp-00-2022-04-13 002638 1.82 2022-03-15 2 2022-03-22 1.91 2022-03-31 2.05 2022-04-12 0 false
dltp-00-2022-04-13 002639 9.72 2022-03-15 13.5 2022-03-23 11.05 2022-04-01 13.38 2022-04-12 0 false
dltp-00-2022-04-13 002640 2.69 2022-03-16 3.15 2022-04-07 3.04 2022-04-11 3.15 2022-04-13 0 false
dltp-00-2022-04-13 002659 3.96 2022-03-15 4.37 2022-03-18 4.03 2022-03-30 4.56 2022-04-12 0 false
dltp-00-2022-04-13 002660 7.56 2022-03-29 8.28 2022-04-06 7.77 2022-04-11 8.55 2022-04-12 0 false
dltp-00-2022-04-13 002661 10.77 2022-03-15 11.91 2022-03-29 11.17 2022-04-08 12 2022-04-13 0 false
dltp-00-2022-04-13 002670 8.57 2022-03-29 9.18 2022-03-30 9.09 2022-03-31 10.19 2022-04-08 0 false
dltp-00-2022-04-13 002682 4.86 2022-03-31 5.2 2022-04-06 5 2022-04-08 5.4 2022-04-12 0 false
dltp-00-2022-04-13 002692 3.08 2022-01-27 3.5 2022-02-18 3.15 2022-03-15 3.9 2022-04-12 0 false
dltp-00-2022-04-13 002699 4.81 2022-02-24 6.16 2022-03-28 5.66 2022-03-31 6.87 2022-04-07 0 false
dltp-00-2022-04-13 002770 2.38 2022-03-15 2.63 2022-03-23 2.55 2022-03-28 2.84 2022-04-08 0 false
dltp-00-2022-04-13 002776 2.54 2022-02-17 3.25 2022-03-10 2.87 2022-03-21 3.5 2022-04-12 0 false
dltp-00-2022-04-13 002789 9.63 2022-03-15 12.6 2022-03-22 10.85 2022-03-29 13.74 2022-04-11 0 false
dltp-00-2022-04-13 002816 15.54 2022-01-27 20.28 2022-02-21 16.52 2022-03-15 21.55 2022-03-31 0 false
dltp-00-2022-04-13 002861 11.61 2022-03-15 12.57 2022-03-21 11.88 2022-03-29 14.3 2022-04-13 0 false
dltp-00-2022-04-13 002905 6.15 2022-03-15 7.34 2022-03-28 7.16 2022-03-29 8.03 2022-04-12 0 false
dltp-00-2022-04-13 600004 11.23 2022-03-15 13.08 2022-03-21 12.2 2022-03-29 13.31 2022-04-12 0 false
dltp-00-2022-04-13 600012 7.06 2022-03-15 7.48 2022-03-18 7.39 2022-03-24 8.05 2022-04-06 0 false
dltp-00-2022-04-13 600035 3 2022-03-15 3.22 2022-03-22 3.14 2022-03-24 3.49 2022-04-12 0 false
dltp-00-2022-04-13 600048 12.24 2021-11-05 17.16 2022-03-07 14.71 2022-03-15 18.3 2022-04-06 0 false
dltp2022-04-13 600051 7.04 2022-03-15 8.66 2022-03-28 7.63 2022-04-11 8.78 2022-04-13 1 false
dltp-00-2022-04-13 600057 7.89 2022-03-17 8.42 2022-03-22 8.32 2022-03-23 9.34 2022-04-13 0 false
dltp-00-2022-04-13 600119 7.37 2022-03-09 8 2022-03-11 7.47 2022-03-15 9 2022-04-13 0 false
dltp-00-2022-04-13 600122 1.76 2022-03-14 1.98 2022-03-21 1.82 2022-04-01 2.05 2022-04-08 0 false
dltp-00-2022-04-13 600123 9.46 2022-01-28 13.15 2022-03-07 10.69 2022-03-16 14.86 2022-04-13 0 false
dltp-00-2022-04-13 600138 9.96 2021-12-24 12.77 2022-02-14 10.9 2022-03-15 12.92 2022-04-06 0 false
dltp-00-2022-04-13 600155 8.91 2022-03-29 9.58 2022-04-08 9.4 2022-04-11 9.73 2022-04-12 0 false
dltp-00-2022-04-13 600168 6.78 2022-03-15 6.97 2022-03-16 6.95 2022-03-17 7.65 2022-04-06 0 false
dltp-00-2022-04-13 600173 4.64 2021-11-03 7.08 2022-01-11 5.03 2022-03-15 7.26 2022-04-06 0 false
dltp-00-2022-04-13 600197 22.16 2022-02-07 28.35 2022-03-10 24.5 2022-03-15 28.19 2022-04-01 0 false
dltp-00-2022-04-13 600215 7.35 2022-03-17 8.18 2022-03-23 7.98 2022-03-24 8.78 2022-04-01 0 false
dltp-00-2022-04-13 600226 2.1 2022-01-24 2.29 2022-03-07 2.13 2022-03-15 2.41 2022-04-08 0 false
dltp-00-2022-04-13 600227 3.22 2022-03-15 3.45 2022-03-22 3.42 2022-03-23 3.73 2022-03-30 0 false
dltp-00-2022-04-13 600249 4.76 2021-11-29 5.59 2022-01-10 4.76 2022-01-27 6.29 2022-03-29 0 false
dltp-00-2022-04-13 600250 4.54 2021-12-07 6.85 2022-03-08 5.2 2022-03-15 6.86 2022-04-12 0 false
dltp-00-2022-04-13 600269 3.34 2022-03-15 3.65 2022-03-28 3.48 2022-03-30 3.68 2022-04-12 0 false
dltp-00-2022-04-13 600280 2.29 2022-03-15 2.85 2022-04-06 2.69 2022-04-08 3 2022-04-12 0 false
dltp-00-2022-04-13 600283 11.8 2022-03-15 13.59 2022-03-31 12.64 2022-04-07 14.16 2022-04-12 0 false
dltp-00-2022-04-13 600287 4.22 2021-12-06 4.96 2022-03-11 4.5 2022-03-15 5.48 2022-04-06 0 false
dltp-00-2022-04-13 600300 3.91 2022-03-15 4.51 2022-03-24 4.21 2022-03-28 4.5 2022-04-08 0 false
dltp-00-2022-04-13 600302 4.87 2022-02-24 5.13 2022-03-03 4.89 2022-03-09 5.73 2022-03-28 0 false
dltp-00-2022-04-13 600328 14.01 2022-03-15 16.77 2022-03-30 16.01 2022-04-07 18.92 2022-04-13 0 false
dltp-00-2022-04-13 600348 11.61 2022-03-23 11.71 2022-03-24 11.66 2022-03-25 12.88 2022-04-13 0 false
dltp-00-2022-04-13 600356 6.85 2022-03-15 7.55 2022-04-06 7.33 2022-04-11 7.54 2022-04-13 0 false
dltp-00-2022-04-13 600365 4.37 2022-03-17 4.85 2022-03-23 4.57 2022-04-07 4.93 2022-04-13 0 false
dltp-00-2022-04-13 600382 5.6 2022-03-28 5.62 2022-03-30 5.6 2022-03-31 6.03 2022-04-06 0 false
dltp-00-2022-04-13 600383 10.5 2021-12-15 14.06 2022-03-07 11.91 2022-03-15 15.2 2022-04-06 0 false
dltp-00-2022-04-13 600426 31.9 2022-03-25 33 2022-03-29 32.39 2022-03-30 34.19 2022-04-11 0 false
dltp-00-2022-04-13 600448 3.21 2022-02-24 3.52 2022-03-03 3.3 2022-03-09 3.78 2022-04-13 0 false
dltp-00-2022-04-13 600449 10.24 2021-11-05 13.9 2022-02-21 11.51 2022-03-15 14.53 2022-04-11 0 false
dltp-00-2022-04-13 600467 2.68 2022-03-15 3 2022-03-21 2.91 2022-03-24 3.2 2022-04-06 0 false
dltp2022-04-13 600476 11.97 2022-03-15 13.15 2022-03-21 12.62 2022-03-24 14.3 2022-04-13 1 false
dltp-00-2022-04-13 600486 103.67 2022-03-09 121.85 2022-03-30 120.74 2022-03-31 132 2022-04-08 0 false
dltp-00-2022-04-13 600488 4.37 2022-03-09 4.92 2022-03-11 4.45 2022-03-15 5 2022-03-31 0 false
dltp-00-2022-04-13 600496 4.2 2022-03-15 4.65 2022-03-21 4.45 2022-03-25 4.98 2022-04-11 0 false
dltp-00-2022-04-13 600506 10.61 2022-01-25 12.98 2022-03-08 11.07 2022-03-17 12.95 2022-04-12 0 false
dltp-00-2022-04-13 600507 7.34 2022-03-15 8.6 2022-03-18 8.13 2022-03-25 8.96 2022-04-06 0 false
dltp-00-2022-04-13 600547 18.56 2022-01-27 21.82 2022-03-09 18.85 2022-03-16 23.33 2022-04-12 0 false
dltp-00-2022-04-13 600573 9.02 2022-02-28 10.79 2022-03-21 9.57 2022-03-29 11.17 2022-04-13 0 false
dltp-00-2022-04-13 600582 4.08 2022-02-28 4.59 2022-03-07 4.16 2022-03-16 5.01 2022-03-23 0 false
dltp-00-2022-04-13 600610 12.55 2022-03-15 14.21 2022-03-21 13.2 2022-03-28 14.55 2022-04-08 0 false
dltp-00-2022-04-13 600611 3.2 2022-03-15 3.49 2022-04-06 3.39 2022-04-11 3.48 2022-04-12 0 false
dltp2022-04-13 600618 11 2022-03-15 12.1 2022-03-29 11.6 2022-04-07 13.53 2022-04-13 1 false
dltp-00-2022-04-13 600629 6.27 2022-01-27 8.99 2022-02-21 6.82 2022-03-15 9.35 2022-04-12 0 false
dltp-00-2022-04-13 600648 12.38 2022-03-16 13.14 2022-03-28 13.09 2022-03-29 14.22 2022-04-06 0 false
dltp-00-2022-04-13 600650 9.41 2022-03-09 10.11 2022-03-11 9.42 2022-03-15 10.97 2022-04-13 0 false
dltp-00-2022-04-13 600655 8.82 2022-03-15 10.41 2022-03-23 9.83 2022-03-25 10.42 2022-04-12 0 false
dltp-00-2022-04-13 600671 8.93 2022-03-09 9.4 2022-03-14 9 2022-03-15 9.87 2022-03-24 0 false
dltp-00-2022-04-13 600684 3.26 2022-01-27 4.42 2022-03-07 3.53 2022-03-15 5 2022-04-06 0 false
dltp-00-2022-04-13 600719 3.65 2022-03-15 4.11 2022-04-06 3.9 2022-04-11 4.09 2022-04-12 0 false
dltp-00-2022-04-13 600721 6.93 2022-01-27 8.66 2022-03-01 7.3 2022-03-16 9.22 2022-04-11 0 false
dltp-00-2022-04-13 600746 12.77 2022-03-09 14 2022-04-08 13.58 2022-04-11 14.2 2022-04-13 0 false
dltp-00-2022-04-13 600757 5.48 2022-03-04 6.03 2022-03-07 5.51 2022-03-09 6.33 2022-03-31 0 false
dltp-00-2022-04-13 600768 9.57 2022-04-01 9.87 2022-04-07 9.62 2022-04-11 10.24 2022-04-12 0 false
dltp-00-2022-04-13 600790 2.9 2021-11-02 3.75 2022-03-03 3.34 2022-03-15 3.97 2022-04-06 0 false
dltp-00-2022-04-13 600814 6.05 2021-12-13 8.09 2022-02-16 6.59 2022-03-15 8.47 2022-04-12 0 false
dltp-00-2022-04-13 600822 7.7 2022-03-15 9.26 2022-03-25 8.52 2022-04-07 9.92 2022-04-13 0 false
dltp-00-2022-04-13 600824 3.89 2022-03-24 3.98 2022-03-25 3.9 2022-03-30 4.47 2022-04-12 0 false
dltp-00-2022-04-13 600831 6.13 2022-03-25 6.46 2022-03-28 6.31 2022-03-30 6.82 2022-04-12 0 false
dltp-00-2022-04-13 600836 5.46 2022-01-27 6.47 2022-02-10 6.18 2022-02-14 7.2 2022-04-06 0 false
dltp-00-2022-04-13 600846 8.07 2022-03-24 8.27 2022-03-28 8.11 2022-03-29 8.68 2022-04-06 0 false
dltp-00-2022-04-13 600874 6.35 2022-03-16 7.21 2022-03-22 6.79 2022-03-30 7.73 2022-04-08 0 false
dltp-00-2022-04-13 600888 6.99 2022-03-15 8.05 2022-04-08 7.84 2022-04-11 8.48 2022-04-13 0 false
dltp-00-2022-04-13 600901 4.94 2022-04-07 5.03 2022-04-08 4.99 2022-04-11 5.17 2022-04-12 0 false
dltp-00-2022-04-13 600936 3.03 2022-03-15 3.41 2022-03-28 3.28 2022-03-30 3.78 2022-04-12 0 false
dltp-00-2022-04-13 600971 6.19 2022-01-28 7.47 2022-03-07 6.53 2022-03-15 8.1 2022-04-13 0 false
dltp-00-2022-04-13 601002 4.86 2022-01-25 5.59 2022-03-11 4.88 2022-03-15 6.09 2022-03-22 0 false
dltp-00-2022-04-13 601006 6.35 2022-03-15 6.66 2022-03-18 6.59 2022-03-21 6.95 2022-04-12 0 false
dltp-00-2022-04-13 601007 5.27 2021-11-05 8.72 2022-01-17 5.99 2022-03-15 9.34 2022-04-12 0 false
dltp-00-2022-04-13 601009 8.83 2021-12-27 10.35 2022-03-07 9.56 2022-03-15 11.57 2022-04-08 0 false
dltp-00-2022-04-13 601028 16.19 2021-12-07 20.86 2022-02-21 17.69 2022-03-15 20.89 2022-03-29 0 false
dltp-00-2022-04-13 601128 6.98 2022-03-16 7.29 2022-03-18 7.08 2022-03-21 8.18 2022-04-08 0 false
dltp-00-2022-04-13 601236 8.94 2022-03-10 10.68 2022-03-30 9.79 2022-04-11 10.83 2022-04-13 0 false
dltp-00-2022-04-13 601288 2.93 2021-12-17 3.08 2022-02-11 2.93 2022-03-17 3.1 2022-04-08 0 false
dltp-00-2022-04-13 601328 4.6 2022-03-15 4.78 2022-03-16 4.73 2022-03-17 5.18 2022-04-13 0 false
dltp-00-2022-04-13 601368 5.15 2022-03-15 5.5 2022-03-21 5.27 2022-03-24 5.8 2022-04-06 0 false
dltp-00-2022-04-13 601390 5.52 2021-12-06 6.72 2022-02-10 5.55 2022-03-15 6.94 2022-04-12 0 false
dltp-00-2022-04-13 601518 2.51 2022-03-15 2.76 2022-03-22 2.68 2022-03-24 2.95 2022-04-12 0 false
dltp-00-2022-04-13 601696 10.73 2022-03-09 14.08 2022-03-16 12.13 2022-03-29 15.11 2022-04-13 0 false
dltp-00-2022-04-13 601800 8.37 2022-03-15 9.64 2022-03-30 9.15 2022-04-01 10.09 2022-04-11 0 false
dltp-00-2022-04-13 601838 11.13 2021-12-01 15.1 2022-02-11 13.03 2022-03-15 16.12 2022-04-12 0 false
dltp-00-2022-04-13 601918 4.22 2022-01-28 5.27 2022-03-07 4.45 2022-03-15 5.85 2022-03-31 0 false
dltp-00-2022-04-13 601952 10.39 2022-01-27 13.6 2022-03-07 11.82 2022-03-16 14.69 2022-03-29 0 false
dltp-00-2022-04-13 601958 6.4 2022-03-15 6.88 2022-03-24 6.64 2022-03-31 7.48 2022-04-13 0 false
dltp-00-2022-04-13 601975 1.8 2022-03-15 1.99 2022-04-06 1.91 2022-04-11 1.99 2022-04-12 0 false
dltp-00-2022-04-13 601985 7.37 2022-03-15 8.03 2022-03-18 7.43 2022-03-25 8.12 2022-04-07 0 false
dltp-00-2022-04-13 603017 8.6 2022-03-15 10.38 2022-03-22 9.81 2022-03-24 10.82 2022-04-12 0 false
dltp-00-2022-04-13 603021 4.79 2022-01-27 5.53 2022-03-03 4.82 2022-03-15 5.67 2022-04-06 0 false
dltp-00-2022-04-13 603112 14.2 2022-04-07 14.71 2022-04-08 14.59 2022-04-11 14.73 2022-04-13 0 false
dltp-00-2022-04-13 603116 5.36 2022-03-15 5.85 2022-04-06 5.68 2022-04-11 5.85 2022-04-13 0 false
dltp-00-2022-04-13 603165 15.6 2022-03-17 17.06 2022-03-23 16.52 2022-03-28 18.24 2022-03-30 0 false
dltp-00-2022-04-13 603183 5.55 2022-01-27 6.62 2022-02-16 5.63 2022-03-15 7.41 2022-03-21 0 false
dltp-00-2022-04-13 603199 21 2022-01-27 27.33 2022-02-10 21.18 2022-03-15 27.86 2022-04-12 0 false
dltp-00-2022-04-13 603219 14.18 2022-03-15 18.91 2022-03-25 16.42 2022-03-29 19.65 2022-04-12 0 false
dltp-00-2022-04-13 603226 6.44 2021-10-27 7.63 2022-01-13 6.63 2022-01-27 8.33 2022-04-06 0 false
dltp-00-2022-04-13 603266 11.66 2022-03-15 13.73 2022-03-22 12.18 2022-03-29 14.4 2022-04-06 0 false
dltp-00-2022-04-13 603315 23.94 2022-03-29 25.22 2022-04-06 24.23 2022-04-11 25.71 2022-04-12 0 false
dltp-00-2022-04-13 603336 6.61 2022-03-15 7.79 2022-04-06 7.34 2022-04-08 8.26 2022-04-12 0 false
dltp-00-2022-04-13 603358 18.95 2022-01-27 21.22 2022-02-17 19.19 2022-03-09 22.25 2022-04-06 0 false
dltp-00-2022-04-13 603529 34.52 2022-03-09 41.11 2022-03-30 40.53 2022-03-31 45 2022-04-12 0 false
dltp-00-2022-04-13 603535 24.2 2022-03-16 27.66 2022-03-31 26.94 2022-04-01 31.04 2022-04-11 0 false
dltp-00-2022-04-13 603577 9.57 2022-03-15 10.48 2022-03-23 9.79 2022-03-29 10.69 2022-04-12 0 false
dltp-00-2022-04-13 603605 175.8 2022-04-07 180.47 2022-04-08 178.35 2022-04-11 185.58 2022-04-12 0 false
dltp-00-2022-04-13 603612 18.26 2022-03-29 19.54 2022-03-30 18.68 2022-04-07 20.55 2022-04-08 0 false
dltp2022-04-13 603619 14.48 2022-04-01 15.5 2022-04-06 14.7 2022-04-08 16.6 2022-04-13 0 true
dltp-00-2022-04-13 603863 8.44 2022-01-25 9.49 2022-03-02 8.49 2022-03-15 9.49 2022-04-13 0 false
dltp-00-2022-04-13 603868 39.86 2021-12-20 49.03 2022-02-14 42.58 2022-03-15 50.57 2022-03-24 0 false
dltp-00-2022-04-13 603909 14.98 2022-03-16 16.12 2022-03-18 15.15 2022-03-29 17.11 2022-04-06 0 false
dltp-00-2022-04-13 603949 21.28 2021-12-27 26.75 2022-01-10 23.23 2022-02-15 26.81 2022-03-04 0 false
dltp-00-2022-04-13 605016 25.7 2022-01-27 31.87 2022-03-04 27.06 2022-03-25 33.3 2022-04-12 0 false
dltp-00-2022-04-13 605018 15.42 2022-01-28 19.08 2022-03-02 16 2022-03-17 19.9 2022-04-12 0 false
dltp-00-2022-04-13 605318 15.17 2022-04-01 15.85 2022-04-06 15.38 2022-04-07 16.3 2022-04-12 0 false
dltp-00-2022-04-13 605338 27.12 2022-03-16 31.53 2022-04-11 30.91 2022-04-12 31.84 2022-04-13 0 false
dltp3l cost is :117900157 
date==xc=2022-04-13
day industry code name turnover_ratio pe_ratio industry_cnt inc_revenue_year_rank inc_revenue_annual_rank cfo_sales_rank leverage_ratio_rank
xc2022-04-13 000008 []
xc2022-04-13 002336 []
xc2022-04-13 002367 []
xc2022-04-13 002395 []
xc2022-04-13 002691 []
xc2022-04-13 002718 []
xc2022-04-13 002853 []
xc2022-04-13 002949 []
xc2022-04-13 600048 []
xc2022-04-13 600137 []
xc2022-04-13 600249 []
xc2022-04-13 600449 []
xc2022-04-13 600655 []
xc2022-04-13 600981 []
xc2022-04-13 603637 []
xc cost is :138246840 
date==qkht=2022-04-13
day industry code name turnover_ratio pe_ratio industry_cnt inc_revenue_year_rank inc_revenue_annual_rank cfo_sales_rank leverage_ratio_rank
qkht2022-04-13 000430 [-1 7.22] [0000-00-00 2022-04-13] [7.79]
qkht2022-04-13 000514 [-1 3.19 3.45 4.85] [0000-00-00 2021-12-15 2021-12-16 2022-03-29] [6.18]
qkht2022-04-13 000525 [-1 4.41 4.63 5.41 5.66 5.94 6.24 7.44 8.56] [0000-00-00 2021-09-01 2021-09-02 2021-11-22 2021-11-23 2021-11-24 2021-11-25 2022-03-23 2022-04-08] [9.49]
qkht2022-04-13 000573 [-1 2.72 3.69] [0000-00-00 2021-04-14 2022-03-17] [4.05]
qkht2022-04-13 000737 [-1 2.93 3.57 4.34 4.56 4.79 5.03 5.79] [0000-00-00 2020-07-10 2020-09-14 2021-02-18 2021-02-19 2021-02-22 2021-02-23 2021-04-19] [6.37]
qkht2022-04-13 000822 [-1 4.16 6.53] [0000-00-00 2021-02-22 2022-03-17] [7.7]
qkht2022-04-13 000878 [-1 11.51] [0000-00-00 2022-04-13] [12.11]
qkht2022-04-13 000930 [-1 9.18] [0000-00-00 2022-04-13] [9.56]
qkht2022-04-13 001202 [-1 15.83] [0000-00-00 2022-04-11] [17.81]
qkht2022-04-13 001213 [-1 5.42] [0000-00-00 2022-04-11] [6.2]
qkht2022-04-13 001215 [-1 22.62 24.88 27.37 30.11 33.12 36.43] [0000-00-00 2021-09-07 2021-09-08 2021-09-09 2021-09-10 2021-09-13 2021-09-14] [42.2]
qkht2022-04-13 001317 [-1 23.04 25.34 27.87 30.66 44.89 57.04] [0000-00-00 2021-12-01 2021-12-02 2021-12-03 2021-12-06 2021-12-10 2022-04-13] [62.74]
qkht2022-04-13 002089 [-1 1.84 2.38 2.5] [0000-00-00 2021-05-19 2022-04-12 2022-04-13] [2.63]
qkht2022-04-13 002251 [-1 6.94 7.63] [0000-00-00 2022-04-12 2022-04-13] [8.39]
qkht2022-04-13 002256 [-1 0.77 0.81 0.85 1.12 2.29 2.37 2.61] [0000-00-00 2020-05-25 2020-05-26 2020-05-27 2021-01-15 2021-08-02 2021-08-04 2021-08-05] [2.86]
qkht2022-04-13 002766 [-1 3.17 3.78] [0000-00-00 2020-12-17 2022-03-21] [4.35]
qkht2022-04-13 002959 [-1 41.6] [0000-00-00 2022-03-17] [47.4]
qkht2022-04-13 600051 [-1 5.87 8.39] [0000-00-00 2020-04-28 2022-04-13] [8.78]
qkht2022-04-13 600078 [-1 2.1 2.76 2.9 3.05 3.66 4.42 5.07 5.99 6.29 6.6 6.93 7.64 9.12 9.48 11.31] [0000-00-00 2021-05-25 2021-07-09 2021-07-12 2021-07-13 2021-08-09 2021-08-23 2021-08-27 2022-02-08 2022-02-09 2022-02-10 2022-02-11 2022-02-15 2022-03-16 2022-03-17 2022-04-07] [12.95]
qkht2022-04-13 600199 [-1 15.75 17.33 19.06 26.1] [0000-00-00 2022-02-17 2022-02-18 2022-02-21 2022-04-13] [27.78]
qkht2022-04-13 600225 [-1 1.32 1.39 1.61 2.89] [0000-00-00 2021-02-03 2021-02-04 2021-02-10 2022-04-13] [2.98]
qkht2022-04-13 600257 [-1 5.17 5.73] [0000-00-00 2021-04-12 2022-03-17] [6.61]
qkht2022-04-13 600359 [-1 6.63 9.35] [0000-00-00 2020-05-06 2022-04-12] [10.81]
qkht2022-04-13 600657 [-1 4.76 5.24] [0000-00-00 2022-03-23 2022-03-24] [6.07]
qkht2022-04-13 600693 [-1 4.49 4.94 5.43] [0000-00-00 2022-04-11 2022-04-12 2022-04-13] [5.97]
qkht2022-04-13 600766 [-1 5.36 5.63 6.91] [0000-00-00 2022-03-22 2022-03-23 2022-04-07] [7.68]
qkht2022-04-13 600892 [-1 2.61 3.47 3.61] [0000-00-00 2020-05-11 2022-04-12 2022-04-13] [3.97]
qkht2022-04-13 601598 [-1 3.15 4.13] [0000-00-00 2020-07-03 2022-04-13] [4.52]
qkht2022-04-13 603006 [-1 8.48] [0000-00-00 2021-10-29] [9.59]
qkht2022-04-13 603086 [-1 10.62] [0000-00-00 2022-04-11] [12.13]
qkht2022-04-13 603399 [-1 3.58 7.21 7.89 19.93 21.43] [0000-00-00 2021-02-10 2022-01-07 2022-01-10 2022-03-22 2022-03-23] [26]
qkht2022-04-13 603619 [-1 9.33 15.79] [0000-00-00 2021-08-24 2022-04-13] [16.6]
qkht2022-04-13 603648 [-1 9.41 11.03] [0000-00-00 2022-04-11 2022-04-13] [12.13]
qkht2022-04-13 605090 [-1 27.83] [0000-00-00 2022-04-13] [30.51]
qkht2022-04-13 605286 [-1 18.3 20.13] [0000-00-00 2021-10-22 2021-10-25] [23.58]
qkht2022-04-13 605333 [-1 7.6 8.35 9.19 10.11 11.12 12.75 13.98 15.38] [0000-00-00 2020-08-19 2020-08-20 2020-08-21 2020-08-24 2020-08-25 2021-11-05 2021-11-08 2021-11-09] [17.59]
qkht2022-04-13 605337 [-1 31] [0000-00-00 2022-04-13] [32.95]
date==stars=2022-04-13
stars_2022-04-13 000587 []
stars_2022-04-13 001914 []
stars_2022-04-13 002549 []
stars_2022-04-13 430418 []
stars_2022-04-13 600242 []
stars_2022-04-13 600652 []
stars_2022-04-13 600794 []
stars_2022-04-13 600890 []
stars_2022-04-13 601800 []
stars_2022-04-13 601999 []
stars_2022-04-13 830964 []
stars_2022-04-13 831039 []
stars_2022-04-13 833427 []
 cost is :208976749 
