date==dltp3l=2022-01-07
day industry code name turnover_ratio pe_ratio industry_cnt inc_revenue_year_rank inc_revenue_annual_rank cfo_sales_rank leverage_ratio_rank
dltp2022-01-07 000004 18.18 2021-12-06 19.53 2021-12-22 18.78 2021-12-27 21.99 2022-01-05 3
dltp2022-01-07 000157 6.93 2021-11-29 7.62 2021-12-07 7.13 2021-12-24 7.67 2022-01-07 3
dltp2022-01-07 000555 11.52 2021-11-18 12.71 2021-12-22 12.16 2021-12-24 14.09 2022-01-07 3
dltp2022-01-07 000651 35.25 2021-12-20 35.93 2021-12-22 35.6 2021-12-24 40.14 2022-01-07 3
dltp2022-01-07 000789 11.15 2021-11-29 12.5 2021-12-21 12.15 2021-12-29 13.05 2022-01-06 3
dltp2022-01-07 000888 5.91 2021-11-02 6.28 2021-11-23 5.93 2021-11-29 6.99 2022-01-04 3
dltp2022-01-07 000951 16.07 2021-12-29 16.89 2021-12-31 16.16 2022-01-05 17.22 2022-01-07 1
dltp2022-01-07 001206 43.4 2021-11-08 48.33 2021-12-01 44.24 2021-12-20 48.94 2022-01-07 1
dltp2022-01-07 001216 16.25 2021-12-27 17.64 2022-01-04 17.29 2022-01-05 19.02 2022-01-06 3
dltp2022-01-07 001872 16.95 2021-12-31 17.68 2022-01-05 17.18 2022-01-06 17.58 2022-01-07 3
dltp2022-01-07 002022 13.77 2021-12-29 14.84 2021-12-31 14.36 2022-01-05 15.23 2022-01-07 1
dltp2022-01-07 002030 19.42 2021-12-23 20.15 2022-01-04 19.69 2022-01-05 20.74 2022-01-07 1
dltp2022-01-07 002054 8.92 2021-12-07 9.17 2021-12-13 8.99 2021-12-20 9.99 2022-01-06 3
dltp2022-01-07 002062 4.02 2021-12-30 4.11 2022-01-04 4.06 2022-01-05 4.42 2022-01-07 3
dltp2022-01-07 002106 11.11 2021-12-24 11.32 2021-12-28 11.14 2021-12-29 12.09 2022-01-07 1
dltp2022-01-07 002110 6.5 2021-11-29 7.07 2021-12-07 6.77 2021-12-28 7.28 2022-01-07 3
dltp2022-01-07 002154 4.71 2021-12-20 5.17 2021-12-28 4.95 2021-12-30 5.7 2022-01-05 3
dltp2022-01-07 002217 3.21 2021-10-28 3.44 2021-11-15 3.24 2021-12-08 3.86 2022-01-07 1
dltp2022-01-07 002308 4.25 2021-12-24 4.46 2021-12-28 4.36 2021-12-29 4.7 2022-01-04 1
dltp2022-01-07 002353 38.91 2021-12-21 40.25 2021-12-24 39.43 2021-12-27 43.58 2022-01-07 3
dltp2022-01-07 002355 5.25 2021-11-29 6.87 2021-12-17 6.1 2021-12-29 6.74 2022-01-06 3
dltp2022-01-07 002382 14.28 2021-11-02 16.76 2021-11-30 15.5 2021-12-17 16.74 2022-01-07 1
dltp2022-01-07 002447 1.76 2021-11-04 1.92 2021-11-12 1.8 2021-11-26 2.12 2022-01-06 3
dltp2022-01-07 002473 9.75 2021-12-07 13.07 2021-12-21 11.15 2021-12-29 13.2 2022-01-05 3
dltp2022-01-07 002476 4.39 2021-12-24 4.61 2021-12-29 4.49 2021-12-31 4.89 2022-01-07 3
dltp2022-01-07 002511 16.58 2021-12-24 16.92 2021-12-28 16.68 2021-12-30 17.5 2022-01-07 1
dltp2022-01-07 002688 5.65 2021-12-06 5.76 2021-12-09 5.66 2021-12-15 6.29 2022-01-04 1
dltp2022-01-07 002789 11.3 2021-12-10 12.11 2021-12-17 11.37 2021-12-27 12.9 2022-01-06 3
dltp2022-01-07 002809 9.91 2021-12-07 10.43 2021-12-22 10.02 2021-12-24 11.11 2022-01-06 3
dltp2022-01-07 002843 9.95 2021-12-24 10.42 2022-01-04 10.14 2022-01-05 11.15 2022-01-06 3
dltp2022-01-07 002921 15.68 2021-12-07 17.38 2021-12-13 16.57 2021-12-24 19.5 2022-01-05 3
dltp2022-01-07 002959 56.88 2021-12-03 63.42 2021-12-10 58.34 2021-12-20 70.98 2022-01-07 3
dltp2022-01-07 003004 24.99 2021-12-08 26.05 2021-12-16 25.8 2021-12-17 29.6 2022-01-06 3
dltp2022-01-07 003007 17.02 2021-12-07 18.17 2021-12-22 17.47 2021-12-24 18.33 2022-01-04 1
dltp2022-01-07 003011 23.76 2021-10-20 37.72 2021-11-24 30.39 2021-12-20 37.18 2022-01-07 3
dltp2022-01-07 003037 10.13 2021-11-16 11.63 2021-12-21 10.75 2021-12-28 12.88 2022-01-07 3
dltp2022-01-07 003040 22.31 2021-11-03 28.9 2021-12-17 25.88 2021-12-24 30.73 2022-01-07 3
dltp2022-01-07 600018 4.73 2021-11-29 5.82 2021-12-09 5.42 2021-12-27 6.14 2022-01-07 3
dltp2022-01-07 600031 21.9 2021-11-30 24.25 2021-12-07 22.8 2022-01-04 24.81 2022-01-07 3
dltp2022-01-07 600053 15.04 2021-12-24 15.8 2021-12-30 15.45 2022-01-06 17 2022-01-07 2
dltp2022-01-07 600189 7.47 2021-11-29 8.87 2021-12-07 7.71 2021-12-30 8.69 2022-01-06 3
dltp2022-01-07 600327 5.62 2021-12-20 5.99 2021-12-21 5.82 2021-12-27 6.11 2022-01-07 1
dltp2022-01-07 600393 1.34 2021-11-29 1.51 2021-12-21 1.41 2021-12-29 1.49 2022-01-06 1
dltp2022-01-07 600503 3.01 2021-11-05 3.18 2021-12-03 3.12 2021-12-06 3.39 2022-01-07 1
dltp2022-01-07 600517 7.14 2021-12-29 7.37 2022-01-04 7.19 2022-01-05 7.43 2022-01-07 1
dltp2022-01-07 600651 2.96 2021-12-07 3.25 2021-12-21 3.04 2021-12-29 3.48 2022-01-07 3
dltp2022-01-07 600720 9.44 2021-11-05 10.08 2021-11-11 9.72 2021-11-29 10.95 2022-01-07 3
dltp2022-01-07 600736 4.3 2021-11-29 4.4 2021-12-03 4.36 2021-12-06 4.76 2022-01-07 1
dltp2022-01-07 600783 12.18 2021-12-07 13.39 2021-12-15 12.4 2021-12-29 13.48 2022-01-07 1
dltp2022-01-07 600864 5.64 2021-11-18 5.8 2021-11-23 5.65 2021-11-30 6.25 2022-01-07 1
dltp2022-01-07 600984 10.16 2021-12-22 10.57 2021-12-23 10.35 2021-12-24 11.96 2022-01-07 2
dltp2022-01-07 601018 3.69 2021-11-29 4.21 2021-12-06 3.93 2021-12-24 4.22 2022-01-06 3
dltp2022-01-07 601100 76.37 2021-12-01 87.95 2021-12-13 78.29 2022-01-05 87.4 2022-01-07 3
dltp2022-01-07 601155 28.41 2021-12-30 30.37 2022-01-05 29.42 2022-01-06 31.55 2022-01-07 1
dltp2022-01-07 601186 7.3 2021-11-30 7.99 2021-12-21 7.72 2021-12-30 8.33 2022-01-07 3
dltp2022-01-07 601336 38.45 2021-12-24 39.29 2022-01-05 38.98 2022-01-06 39.88 2022-01-07 3
dltp2022-01-07 601857 4.85 2021-12-20 5.03 2021-12-23 4.9 2021-12-30 5.27 2022-01-07 1
dltp2022-01-07 603018 6.78 2021-11-02 8.97 2021-12-15 8.23 2021-12-29 9.3 2022-01-07 3
dltp2022-01-07 603036 9.23 2021-12-13 10.16 2021-12-16 9.68 2021-12-24 10.8 2022-01-06 3
dltp2022-01-07 603139 20.7 2021-12-28 22.29 2022-01-04 20.8 2022-01-05 22.88 2022-01-06 1
dltp2022-01-07 603353 22.08 2021-12-06 22.84 2021-12-16 22.3 2021-12-20 25.56 2022-01-07 3
dltp2022-01-07 603357 8.27 2021-11-08 9.25 2021-12-20 8.95 2021-12-24 9.62 2022-01-07 3
dltp2022-01-07 603359 13.42 2021-11-25 15.96 2021-12-06 13.7 2021-12-24 15.41 2022-01-07 3
dltp2022-01-07 603603 6.66 2021-12-24 7.01 2022-01-04 6.78 2022-01-05 7.1 2022-01-06 3
dltp2022-01-07 603679 12.33 2021-11-02 14.85 2021-11-10 12.99 2021-12-24 15.45 2022-01-07 3
dltp2022-01-07 603716 13.35 2021-12-24 14.96 2021-12-30 13.93 2022-01-05 16.05 2022-01-07 2
dltp2022-01-07 603722 51.2 2021-12-24 53.92 2021-12-31 51.7 2022-01-05 55.74 2022-01-06 3
dltp2022-01-07 603739 16.78 2021-10-28 18.45 2021-11-24 17.04 2021-12-07 19.21 2022-01-06 3
dltp2022-01-07 603811 12 2021-10-28 16.1 2021-11-17 14.07 2021-12-07 16.5 2022-01-07 1
dltp2022-01-07 603856 12.4 2021-12-15 12.81 2021-12-22 12.5 2021-12-24 14.42 2022-01-07 3
dltp2022-01-07 603976 32.04 2021-12-24 34.44 2022-01-04 33.52 2022-01-05 34.62 2022-01-07 1
dltp2022-01-07 605507 26.01 2021-10-28 29.4 2021-11-15 27.14 2021-12-15 31.08 2022-01-07 3
date==xc=2022-01-07
day industry code name turnover_ratio pe_ratio industry_cnt inc_revenue_year_rank inc_revenue_annual_rank cfo_sales_rank leverage_ratio_rank
xc2022-01-07 000150 []
xc2022-01-07 000889 []
xc2022-01-07 000990 []
xc2022-01-07 002360 []
xc2022-01-07 002652 []
xc2022-01-07 002800 []
xc2022-01-07 002945 []
xc2022-01-07 601168 []
xc2022-01-07 603680 []
date==qkht=2022-01-07
day industry code name turnover_ratio pe_ratio industry_cnt inc_revenue_year_rank inc_revenue_annual_rank cfo_sales_rank leverage_ratio_rank
qkht2022-01-07 000048 [-1 16.88] [0000-00-00 2021-01-18] [17.48]
qkht2022-01-07 000166 [-1 4.9] [0000-00-00 2021-09-03] [5.08]
qkht2022-01-07 000416 [-1 3.4 3.88] [0000-00-00 2018-10-22 2021-10-22] [3.99]
qkht2022-01-07 000426 [-1 4.17 4.77 6.22 6.87] [0000-00-00 2019-12-03 2020-03-20 2021-04-15 2021-05-06] [7.21]
qkht2022-01-07 000509 [-1 0.92 1.59 1.64 2.15 2.93 3.06 3.21] [0000-00-00 2020-05-21 2020-07-14 2020-07-15 2021-02-10 2022-01-04 2022-01-05 2022-01-06] [3.53]
qkht2022-01-07 000514 [-1 3.19 3.45 3.8] [0000-00-00 2021-12-15 2021-12-16 2021-12-17] [4.07]
qkht2022-01-07 000525 [-1 4.41 4.63 5.41 5.66 5.94 6.24 6.55 6.88 9.24] [0000-00-00 2021-09-01 2021-09-02 2021-11-22 2021-11-23 2021-11-24 2021-11-25 2021-11-26 2021-11-29 2022-01-05] [10.17]
qkht2022-01-07 000530 [-1 5.15 5.67 6.24 6.86] [0000-00-00 2021-12-31 2022-01-04 2022-01-05 2022-01-06] [7.24]
qkht2022-01-07 000545 [-1 2.48 4.11] [0000-00-00 2021-02-09 2022-01-05] [4.21]
qkht2022-01-07 000552 [-1 3.04 3.32 3.53] [0000-00-00 2021-12-16 2021-12-17 2022-01-04] [3.7]
qkht2022-01-07 000558 [-1 2.61 4.24 4.66] [0000-00-00 2021-08-04 2022-01-05 2022-01-06] [4.76]
qkht2022-01-07 000663 [-1 3.63 3.89 6.49 8.94] [0000-00-00 2020-05-18 2021-01-21 2021-05-24 2021-06-07] [9.11]
qkht2022-01-07 000673 [-1 1.54 2.17 2.35] [0000-00-00 2021-11-04 2021-12-30 2022-01-04] [2.58]
qkht2022-01-07 000681 [-1 23.08] [0000-00-00 2021-12-31] [24.29]
qkht2022-01-07 000707 [-1 2.3 2.39 3.43 3.6 4.48 4.7 4.94 5.19 5.45 5.72 7.35] [0000-00-00 2021-03-31 2021-04-01 2021-06-24 2021-06-25 2021-08-05 2021-08-06 2021-08-09 2021-08-10 2021-08-11 2021-08-12 2022-01-04] [7.85]
qkht2022-01-07 000731 [-1 4.3 4.69 5.82 9.3] [0000-00-00 2021-02-18 2021-04-01 2021-07-13 2021-12-30] [10.2]
qkht2022-01-07 000753 [-1 3.03 3.31] [0000-00-00 2021-12-16 2021-12-17] [3.46]
qkht2022-01-07 000757 [-1 4.5] [0000-00-00 2021-12-16] [4.64]
qkht2022-01-07 000912 [-1 3.66 4.22 5.43 5.93] [0000-00-00 2021-01-28 2021-07-08 2021-12-22 2021-12-23] [6.04]
qkht2022-01-07 000966 [-1 2.75 6.31 7.11] [0000-00-00 2018-11-09 2021-03-22 2021-11-09] [7.19]
qkht2022-01-07 000980 [-1 1.18 1.2 1.26 1.32 1.45 1.52 1.6 1.68 1.92 2.12 2.23 2.34 2.71 2.85 2.99 3.31 3.73 4.12 4.33 4.87 5.11 5.35 5.49 5.76 6.05] [0000-00-00 2021-01-12 2021-01-13 2021-01-14 2021-01-15 2021-01-25 2021-01-26 2021-01-27 2021-01-28 2021-02-18 2021-02-22 2021-02-23 2021-02-24 2021-03-01 2021-03-02 2021-03-03 2021-03-10 2021-04-27 2021-04-29 2021-04-30 2021-06-08 2021-06-09 2021-12-28 2021-12-29 2021-12-30 2021-12-31] [6.94]
qkht2022-01-07 001217 [-1 15.06 16.57 19.13] [0000-00-00 2021-09-30 2021-10-08 2022-01-07] [19.83]
qkht2022-01-07 002028 [-1 14.7 16.44 43.35] [0000-00-00 2020-02-20 2020-03-31 2021-11-15] [44.95]
qkht2022-01-07 002054 [-1 5.01 5.32 9.58] [0000-00-00 2018-11-06 2019-02-11 2022-01-05] [9.62]
qkht2022-01-07 002059 [-1 6.61] [0000-00-00 2022-01-05] [7.05]
qkht2022-01-07 002066 [-1 10.79] [0000-00-00 2021-12-31] [11.09]
qkht2022-01-07 002107 [-1 5.2 7.59 8.14] [0000-00-00 2020-01-09 2022-01-04 2022-01-05] [8.25]
qkht2022-01-07 002118 [-1 3.43] [0000-00-00 2022-01-04] [3.5]
qkht2022-01-07 002121 [-1 3.54 3.72 5.24] [0000-00-00 2021-05-17 2021-05-18 2021-12-30] [5.29]
qkht2022-01-07 002125 [-1 5.2 7.26 10.03] [0000-00-00 2020-01-09 2021-06-28 2021-07-29] [10.49]
qkht2022-01-07 002139 [-1 3.88 6.61 15.72] [0000-00-00 2019-01-07 2020-10-09 2021-11-15] [16.32]
qkht2022-01-07 002155 [-1 6.62 9.92] [0000-00-00 2018-11-29 2021-08-13] [10.24]
qkht2022-01-07 002178 [-1 4.27 4.7] [0000-00-00 2021-12-20 2021-12-21] [4.83]
qkht2022-01-07 002195 [-1 2.57] [0000-00-00 2022-01-05] [2.64]
qkht2022-01-07 002201 [-1 3.85 4.81 5.24 5.77 6.35 7.95 10.79 19.31] [0000-00-00 2018-10-22 2019-07-18 2019-07-19 2019-07-22 2019-07-23 2021-01-18 2021-05-27 2021-07-19] [20.51]
qkht2022-01-07 002204 [-1 4.17] [0000-00-00 2021-12-28] [4.24]
qkht2022-01-07 002248 [-1 4.94 5.83 7.37 8.11 8.92] [0000-00-00 2021-04-15 2021-05-10 2021-08-23 2021-08-24 2021-08-25] [9.18]
qkht2022-01-07 002263 [-1 1.12 1.27 3.67] [0000-00-00 2018-10-22 2018-10-26 2021-12-16] [3.75]
qkht2022-01-07 002265 [-1 8.32 9.15 10.07 11.08 12.19 13.41 14.75 16.23 17.85 19.64 21.6] [0000-00-00 2021-12-06 2021-12-07 2021-12-08 2021-12-09 2021-12-10 2021-12-13 2021-12-14 2021-12-15 2021-12-16 2021-12-17 2021-12-20] [22.16]
qkht2022-01-07 002267 [-1 7.19] [0000-00-00 2021-12-22] [7.36]
qkht2022-01-07 002356 [-1 1.05 1.16 1.7 1.79 2.07 2.55 3.47 4.32] [0000-00-00 2021-02-18 2021-02-22 2021-04-30 2021-05-06 2021-06-04 2021-06-17 2021-07-09 2021-11-30] [4.83]
qkht2022-01-07 002368 [-1 15.31 21.17 24.37] [0000-00-00 2018-03-27 2021-08-30 2021-10-08] [25.6]
qkht2022-01-07 002374 [-1 3.07 3.38 3.72 4.49 4.94 5.43 9.32] [0000-00-00 2021-11-29 2021-11-30 2021-12-01 2021-12-10 2021-12-13 2021-12-14 2021-12-30] [9.5]
qkht2022-01-07 002404 [-1 5.77] [0000-00-00 2022-01-04] [5.94]
qkht2022-01-07 002410 [-1 21.23 28.76 58.6] [0000-00-00 2019-01-07 2019-06-19 2021-09-02] [61.48]
qkht2022-01-07 002415 [-1 24.25 25.81 48.53] [0000-00-00 2019-06-19 2019-07-22 2021-12-06] [49.87]
qkht2022-01-07 002425 [-1 9.26] [0000-00-00 2021-12-31] [9.51]
qkht2022-01-07 002454 [-1 7.61] [0000-00-00 2021-11-01] [7.88]
qkht2022-01-07 002455 [-1 4.69 13.33] [0000-00-00 2021-01-18 2022-01-07] [13.72]
qkht2022-01-07 002464 [-1 1.52 1.54 1.62 1.7 2.05 2.39 2.51 2.82 3.62 3.8 3.99 4.19] [0000-00-00 2021-05-24 2021-05-25 2021-05-26 2021-05-27 2021-06-03 2021-06-22 2021-06-23 2021-08-10 2021-11-04 2021-11-05 2021-11-08 2021-11-09] [4.41]
qkht2022-01-07 002465 [-1 7.76 10.04] [0000-00-00 2019-02-11 2021-11-30] [10.4]
qkht2022-01-07 002470 [-1 1.14 1.16 1.41 1.46 1.98 2.59 2.81] [0000-00-00 2021-02-01 2021-02-02 2021-06-03 2021-06-04 2021-08-16 2021-12-02 2021-12-29] [2.95]
qkht2022-01-07 002473 [-1 4.81 5.05 6.01 7.1 7.33 11.97] [0000-00-00 2021-04-30 2021-05-06 2021-10-08 2021-10-19 2021-10-20 2022-01-04] [12.21]
qkht2022-01-07 002479 [-1 5.65] [0000-00-00 2021-12-09] [5.83]
qkht2022-01-07 002480 [-1 5.15 5.39 5.93] [0000-00-00 2021-12-24 2021-12-27 2021-12-28] [6.38]
qkht2022-01-07 002486 [-1 3.41] [0000-00-00 2022-01-06] [3.48]
qkht2022-01-07 002496 [-1 2.16 2.27 2.33 2.45 2.79] [0000-00-00 2020-05-28 2021-04-30 2021-05-06 2021-05-07 2022-01-04] [2.82]
qkht2022-01-07 002533 [-1 4.86 7.92] [0000-00-00 2021-02-18 2021-10-26] [8.13]
qkht2022-01-07 002535 [-1 1.81] [0000-00-00 2021-12-28] [1.9]
qkht2022-01-07 002570 [-1 4.09 4.41 4.91] [0000-00-00 2018-10-22 2021-04-15 2021-12-10] [5.12]
qkht2022-01-07 002586 [-1 2.45 2.82 3.27] [0000-00-00 2021-10-21 2021-12-01 2021-12-30] [3.52]
qkht2022-01-07 002590 [-1 7.34 9.3] [0000-00-00 2021-11-11 2021-12-13] [9.64]
qkht2022-01-07 002601 [-1 27.17] [0000-00-00 2021-11-30] [28.01]
qkht2022-01-07 002640 [-1 1.89 2.56 2.69 3.06] [0000-00-00 2021-05-27 2021-11-30 2021-12-01 2021-12-06] [3.2]
qkht2022-01-07 002643 [-1 9.49 20.79] [0000-00-00 2019-06-19 2021-11-16] [21.67]
qkht2022-01-07 002667 [-1 17.51] [0000-00-00 2021-08-02] [18.01]
qkht2022-01-07 002691 [-1 3.75 4.87] [0000-00-00 2021-02-18 2021-12-13] [5.09]
qkht2022-01-07 002706 [-1 3.79 6.54 14.6 16.33] [0000-00-00 2018-10-22 2020-02-20 2021-10-20 2021-11-01] [17.18]
qkht2022-01-07 002714 [-1 19.27 33.33 53.66] [0000-00-00 2019-03-04 2020-02-05 2022-01-04] [56.27]
qkht2022-01-07 002746 [-1 7.88 8.67] [0000-00-00 2021-12-29 2021-12-30] [9.12]
qkht2022-01-07 002748 [-1 4.89 8.5 10.76] [0000-00-00 2021-02-18 2021-09-08 2021-11-09] [11.02]
qkht2022-01-07 002766 [-1 2.17 2.37 2.6 2.73 3.17 3.53 3.71 4.78 5.33 5.6] [0000-00-00 2019-12-04 2019-12-13 2019-12-20 2019-12-23 2020-12-17 2021-02-18 2021-02-19 2021-11-24 2021-11-29 2021-11-30] [5.76]
qkht2022-01-07 002850 [-1 17.17 20.07 24.76 45.71 102.3 137.92] [0000-00-00 2018-12-27 2019-07-15 2019-08-16 2020-04-15 2021-07-09 2021-10-15] [140.2]
qkht2022-01-07 002865 [-1 14.94 20.86 44 52.92] [0000-00-00 2020-10-09 2021-07-02 2021-11-11 2021-11-17] [53.43]
qkht2022-01-07 002908 [-1 18.21] [0000-00-00 2022-01-07] [18.7]
qkht2022-01-07 002920 [-1 18.31 37.24 40.75 125.19] [0000-00-00 2019-01-09 2020-04-30 2020-05-06 2021-11-22] [133.45]
qkht2022-01-07 003022 [-1 13.55 17.1 21.09 32.22] [0000-00-00 2021-01-06 2021-01-18 2021-01-22 2021-07-08] [32.98]
qkht2022-01-07 003036 [-1 8.24 9.06 12.08] [0000-00-00 2021-01-29 2021-02-01 2021-12-14] [12.71]
qkht2022-01-07 600010 [-1 1.86 2.62] [0000-00-00 2021-07-12 2021-11-23] [2.79]
qkht2022-01-07 600026 [-1 5.93] [0000-00-00 2022-01-04] [5.99]
qkht2022-01-07 600030 [-1 14.78 15.27 24.9] [0000-00-00 2018-10-22 2019-01-10 2021-12-06] [25.72]
qkht2022-01-07 600032 [-1 5.05 5.56 6.12 6.73 7.4 8.14 8.95 10.57 13.45] [0000-00-00 2021-05-26 2021-05-27 2021-05-28 2021-05-31 2021-06-01 2021-06-02 2021-06-03 2021-08-12 2021-09-22] [13.9]
qkht2022-01-07 600121 [-1 2.57 3.39 4.8] [0000-00-00 2020-11-23 2020-11-30 2022-01-04] [4.85]
qkht2022-01-07 600122 [-1 1.67 1.84] [0000-00-00 2021-12-01 2021-12-03] [1.88]
qkht2022-01-07 600139 [-1 2.49] [0000-00-00 2022-01-04] [2.62]
qkht2022-01-07 600180 [-1 5.51 6.7] [0000-00-00 2021-11-01 2021-12-16] [7.05]
qkht2022-01-07 600208 [-1 2.89 3.02] [0000-00-00 2021-12-16 2022-01-05] [3.1]
qkht2022-01-07 600225 [-1 1.32 1.39 1.61 3.12] [0000-00-00 2021-02-03 2021-02-04 2021-02-10 2021-12-31] [3.26]
qkht2022-01-07 600265 [-1 16.86 17.31 20.42] [0000-00-00 2021-07-02 2021-07-05 2021-12-31] [21.33]
qkht2022-01-07 600275 [-1 2.37 2.57] [0000-00-00 2021-03-16 2021-12-29] [2.64]
qkht2022-01-07 600301 [-1 4.49 4.71 5.92 9.02 9.33 9.8 11.4 11.79] [0000-00-00 2018-10-22 2018-10-23 2021-02-18 2021-08-23 2021-08-24 2021-08-25 2021-11-25 2021-11-26] [12.51]
qkht2022-01-07 600343 [-1 12.31] [0000-00-00 2021-12-30] [12.58]
qkht2022-01-07 600387 [-1 6.52] [0000-00-00 2021-12-21] [7.1]
qkht2022-01-07 600393 [-1 1.43] [0000-00-00 2022-01-06] [1.47]
qkht2022-01-07 600397 [-1 2.91] [0000-00-00 2022-01-04] [3.02]
qkht2022-01-07 600408 [-1 1.73 2.13 3.52] [0000-00-00 2020-10-09 2020-12-14 2021-12-22] [3.65]
qkht2022-01-07 600526 [-1 3.9 4.86 6.04] [0000-00-00 2021-02-18 2021-03-16 2021-12-31] [6.17]
qkht2022-01-07 600531 [-1 4.43 4.61 5.67] [0000-00-00 2020-07-21 2020-10-30 2021-12-28] [6.03]
qkht2022-01-07 600540 [-1 5.2 5.93] [0000-00-00 2021-09-16 2021-12-24] [6]
qkht2022-01-07 600584 [-1 9.77 23.04 25.16 28.85] [0000-00-00 2019-02-11 2020-04-30 2020-05-06 2020-06-22] [30.32]
qkht2022-01-07 600654 [-1 1.24 1.7 2.01 2.18 2.29 2.85] [0000-00-00 2019-11-14 2021-05-14 2021-12-27 2021-12-29 2021-12-30 2022-01-07] [2.99]
qkht2022-01-07 600696 [-1 3.34 5.74 5.94 6.24 8.88 9.16 10.61 12.22 12.83 22.3 26.99 33.77] [0000-00-00 2018-10-22 2019-04-01 2019-04-02 2019-04-03 2020-12-15 2020-12-16 2020-12-31 2021-02-24 2021-02-25 2021-05-25 2021-10-29 2021-12-09] [34.95]
qkht2022-01-07 600702 [-1 29.68 34.04 49.33 74.6 78.33 102.91 121 127.05 208.38] [0000-00-00 2020-09-30 2020-10-15 2020-11-11 2021-03-29 2021-03-30 2021-04-16 2021-04-30 2021-05-06 2021-11-24] [218.65]
qkht2022-01-07 600728 [-1 7.17 8.45] [0000-00-00 2021-07-14 2022-01-04] [8.88]
qkht2022-01-07 600734 [-1 0.98 1.06 1.17 1.23 1.29 1.35 2.26 2.71 3.02] [0000-00-00 2021-02-02 2021-02-08 2021-02-18 2021-02-19 2021-02-22 2021-02-23 2021-06-08 2021-11-29 2022-01-04] [3.1]
qkht2022-01-07 600744 [-1 4 4.4 5.55] [0000-00-00 2021-03-11 2021-03-12 2021-11-09] [5.76]
qkht2022-01-07 600770 [-1 7.19] [0000-00-00 2021-12-28] [7.58]
qkht2022-01-07 600792 [-1 2.89 4.15] [0000-00-00 2020-11-03 2022-01-04] [4.23]
qkht2022-01-07 600880 [-1 4.98 6.83] [0000-00-00 2021-12-24 2021-12-31] [7.17]
qkht2022-01-07 600881 [-1 3.16] [0000-00-00 2021-10-11] [3.31]
qkht2022-01-07 600903 [-1 9.3] [0000-00-00 2021-08-23] [9.8]
qkht2022-01-07 600981 [-1 3.21] [0000-00-00 2021-12-31] [3.25]
qkht2022-01-07 600997 [-1 5.3 7.17] [0000-00-00 2021-01-18 2022-01-04] [7.35]
qkht2022-01-07 601015 [-1 3.01 3.49 4.5 4.95 5.45 6.37 6.53] [0000-00-00 2020-12-08 2021-01-18 2021-01-19 2021-01-20 2021-01-21 2021-11-18 2022-01-04] [6.66]
qkht2022-01-07 601020 [-1 7.84 9.16 9.62 10.1 11.67] [0000-00-00 2021-07-12 2021-08-12 2021-08-13 2021-08-16 2021-08-23] [12.24]
qkht2022-01-07 601118 [-1 5.08] [0000-00-00 2021-10-08] [5.3]
qkht2022-01-07 601156 [-1 19.92] [0000-00-00 2021-12-06] [20.93]
qkht2022-01-07 601218 [-1 5.32] [0000-00-00 2021-11-01] [5.36]
qkht2022-01-07 601228 [-1 3.21] [0000-00-00 2021-12-03] [3.4]
qkht2022-01-07 601319 [-1 4.55] [0000-00-00 2018-11-19] [4.79]
qkht2022-01-07 601377 [-1 3.91 9.15] [0000-00-00 2018-10-22 2021-12-06] [9.56]
qkht2022-01-07 601669 [-1 3.72 4.87 5.4 8.36] [0000-00-00 2021-02-18 2021-08-02 2021-08-17 2022-01-07] [8.71]
qkht2022-01-07 601678 [-1 5.71 7.46] [0000-00-00 2021-04-08 2021-11-18] [7.81]
qkht2022-01-07 601888 [-1 76.73 139.01 152.9 204.38] [0000-00-00 2020-04-17 2020-06-30 2020-07-01 2021-12-06] [207.78]
qkht2022-01-07 601908 [-1 3.6 4.71 8.57] [0000-00-00 2020-05-29 2020-09-07 2021-06-22] [8.84]
qkht2022-01-07 601968 [-1 9.65] [0000-00-00 2021-12-31] [9.9]
qkht2022-01-07 603011 [-1 7.69] [0000-00-00 2021-12-28] [8.17]
qkht2022-01-07 603013 [-1 11.49 16.06] [0000-00-00 2020-03-25 2021-11-22] [16.61]
qkht2022-01-07 603071 [-1 22.2] [0000-00-00 2021-12-17] [24.38]
qkht2022-01-07 603167 [-1 7.95] [0000-00-00 2022-01-04] [8.06]
qkht2022-01-07 603171 [-1 19.2 21.12 23.23 25.55 28.11 32.28] [0000-00-00 2021-07-01 2021-07-02 2021-07-05 2021-07-06 2021-07-07 2021-12-21] [33.15]
qkht2022-01-07 603286 [-1 17.74] [0000-00-00 2021-11-15] [18.58]
qkht2022-01-07 603386 [-1 19.43] [0000-00-00 2021-11-05] [20.07]
qkht2022-01-07 603398 [-1 14.99 22.04] [0000-00-00 2021-11-25 2022-01-07] [23.09]
qkht2022-01-07 603555 [-1 2.17 2.48 2.6 2.92] [0000-00-00 2021-02-22 2021-07-07 2021-07-08 2022-01-05] [3.08]
qkht2022-01-07 603613 [-1 10.34 11.38 12.52 13.77 15.15 19.59 22.76 25.04 53.28 82.53 96.6] [0000-00-00 2019-07-31 2019-08-01 2019-08-02 2019-08-05 2019-08-06 2019-08-28 2019-09-03 2019-09-04 2020-08-31 2020-12-31 2021-08-20] [100.17]
qkht2022-01-07 603779 [-1 5.27 5.44 7.66] [0000-00-00 2021-01-18 2021-01-19 2021-12-03] [7.89]
qkht2022-01-07 603803 [-1 7.26] [0000-00-00 2021-12-29] [7.42]
qkht2022-01-07 603811 [-1 7.74 8.27 12.65 15.93] [0000-00-00 2019-02-12 2019-02-25 2021-11-09 2022-01-07] [16.5]
qkht2022-01-07 603825 [-1 25.04] [0000-00-00 2021-12-23] [26.33]
qkht2022-01-07 603917 [-1 10.04 14.94 18.68] [0000-00-00 2021-09-22 2021-11-09 2021-11-15] [19.45]
qkht2022-01-07 603963 [-1 8.14] [0000-00-00 2021-12-27] [8.25]
qkht2022-01-07 603982 [-1 32.2 36.43] [0000-00-00 2021-11-04 2021-11-26] [38.73]
qkht2022-01-07 605020 [-1 9.98 10.98 12.08 13.29 14.62 16.08 17.69 19.46 21.41 23.55 25.91 28.5] [0000-00-00 2021-07-12 2021-07-13 2021-07-14 2021-07-15 2021-07-16 2021-07-19 2021-07-20 2021-07-21 2021-07-22 2021-07-23 2021-07-26 2021-07-27] [29.45]
 cost is :210006574 
