date==dltp3l=2022-04-15  ma_n= 20
day industry code name turnover_ratio pe_ratio industry_cnt inc_revenue_year_rank inc_revenue_annual_rank cfo_sales_rank leverage_ratio_rank
dltp-00-2022-04-15 000001 13.68 2022-03-15 15.2 2022-03-24 14.68 2022-03-29 16.42 2022-04-15 0 false
dltp2022-04-15 000046 1.6 2022-03-15 2.04 2022-04-08 1.86 2022-04-13 2.26 2022-04-15 1 false
dltp-00-2022-04-15 000048 17.36 2022-01-19 22.83 2022-02-10 19.65 2022-03-17 25.27 2022-04-15 0 false
dltp-00-2022-04-15 000059 6.39 2022-04-07 6.56 2022-04-08 6.48 2022-04-11 6.62 2022-04-13 0 false
dltp-00-2022-04-15 000089 6.47 2022-03-15 7.09 2022-04-06 6.87 2022-04-11 7.16 2022-04-12 0 false
dltp-00-2022-04-15 000099 6.38 2022-03-15 7.03 2022-04-06 6.77 2022-04-11 7.08 2022-04-14 0 false
dltp-00-2022-04-15 000166 4.24 2022-03-15 4.48 2022-04-06 4.36 2022-04-11 4.47 2022-04-12 0 false
dltp-00-2022-04-15 000333 55.36 2022-04-11 57.44 2022-04-12 56.57 2022-04-13 58.72 2022-04-14 0 false
dltp-00-2022-04-15 000404 4.12 2022-03-15 4.62 2022-03-22 4.49 2022-03-24 5.04 2022-04-14 0 false
dltp-00-2022-04-15 000416 3.83 2022-03-24 3.9 2022-03-28 3.83 2022-03-29 4.28 2022-04-15 0 false
dltp-00-2022-04-15 000419 4.68 2022-03-15 5.1 2022-03-22 4.95 2022-03-24 5.58 2022-04-12 0 false
dltp-00-2022-04-15 000540 2.2 2022-03-15 2.42 2022-03-23 2.36 2022-03-24 2.65 2022-04-06 0 false
dltp-00-2022-04-15 000559 5.05 2022-03-15 5.5 2022-03-30 5.31 2022-04-07 5.56 2022-04-12 0 false
dltp-00-2022-04-15 000571 1.98 2022-03-25 2.1 2022-04-08 2.04 2022-04-11 2.12 2022-04-14 0 false
dltp-00-2022-04-15 000600 4.03 2022-03-15 4.22 2022-04-06 4.15 2022-04-07 4.21 2022-04-08 0 false
dltp-00-2022-04-15 000603 11.98 2022-03-16 13.85 2022-03-25 12.94 2022-04-07 14.34 2022-04-12 0 false
dltp-00-2022-04-15 000609 4.33 2022-03-15 4.73 2022-03-23 4.57 2022-03-29 4.99 2022-04-12 0 false
dltp-00-2022-04-15 000610 8.1 2022-03-15 9.67 2022-04-06 8.96 2022-04-11 9.86 2022-04-12 0 false
dltp-00-2022-04-15 000651 31.78 2022-04-11 32.46 2022-04-12 31.96 2022-04-13 32.49 2022-04-14 0 false
dltp2022-04-15 000656 3.83 2022-03-15 5.29 2022-04-06 4.49 2022-04-13 5.21 2022-04-15 0 true
dltp-00-2022-04-15 000669 2.22 2022-03-25 2.38 2022-04-08 2.26 2022-04-11 2.38 2022-04-15 0 false
dltp-00-2022-04-15 000683 8.46 2022-03-17 10.12 2022-03-30 9.18 2022-04-12 10.3 2022-04-14 0 false
dltp-00-2022-04-15 000686 7.35 2022-03-15 7.91 2022-04-06 7.7 2022-04-11 7.94 2022-04-14 0 false
dltp-00-2022-04-15 000702 4.9 2022-03-15 5.75 2022-04-06 5.4 2022-04-11 5.75 2022-04-12 0 false
dltp-00-2022-04-15 000721 4.37 2022-03-08 4.91 2022-03-21 4.61 2022-03-31 5.41 2022-04-14 0 false
dltp-00-2022-04-15 000735 5.91 2022-03-15 6.45 2022-03-23 6.34 2022-03-24 7.04 2022-04-06 0 false
dltp-00-2022-04-15 000758 4.45 2022-03-15 4.79 2022-04-06 4.54 2022-04-11 4.83 2022-04-14 0 false
dltp-00-2022-04-15 000776 16.98 2022-04-11 17.6 2022-04-12 17.25 2022-04-13 18.01 2022-04-14 0 false
dltp-00-2022-04-15 000778 4.46 2022-03-15 4.95 2022-03-21 4.59 2022-03-25 5.36 2022-04-08 0 false
dltp-00-2022-04-15 000786 25.74 2022-03-15 29.38 2022-03-22 27.64 2022-03-29 32.27 2022-04-14 0 false
dltp-00-2022-04-15 000793 2.52 2022-03-15 2.84 2022-03-23 2.74 2022-03-24 3.03 2022-04-14 0 false
dltp-00-2022-04-15 000878 10.7 2022-03-15 11.73 2022-04-08 11.2 2022-04-11 12.16 2022-04-14 0 false
dltp-00-2022-04-15 000900 3.93 2022-03-15 4.19 2022-03-28 4.16 2022-03-29 4.69 2022-04-11 0 false
dltp-00-2022-04-15 000933 10.81 2022-03-15 14.9 2022-03-28 12.63 2022-04-11 15.38 2022-04-14 0 false
dltp-00-2022-04-15 000937 6.84 2022-03-23 7.19 2022-03-28 6.89 2022-03-30 7.95 2022-04-14 0 false
dltp-00-2022-04-15 000975 8.1 2022-01-27 9.55 2022-03-09 8.12 2022-03-15 10.58 2022-04-14 0 false
dltp-00-2022-04-15 000985 12.34 2022-03-15 14.06 2022-04-06 13.06 2022-04-11 14.17 2022-04-14 0 false
dltp2022-04-15 001203 12.62 2022-03-15 13.74 2022-04-06 13.07 2022-04-11 14.11 2022-04-15 2 false
dltp2022-04-15 002089 1.99 2022-01-25 2.55 2022-02-28 2.08 2022-03-22 2.76 2022-04-14 2 false
dltp-00-2022-04-15 002092 9.02 2022-03-25 9.65 2022-04-07 9.35 2022-04-11 9.77 2022-04-14 0 false
dltp-00-2022-04-15 002097 7.14 2022-03-15 7.56 2022-04-06 7.37 2022-04-07 7.75 2022-04-12 0 false
dltp-00-2022-04-15 002098 6.41 2022-03-15 7.29 2022-04-06 6.88 2022-04-11 7.85 2022-04-13 0 false
dltp-00-2022-04-15 002142 32.02 2022-03-15 36.3 2022-03-24 35.89 2022-03-28 39.7 2022-04-11 0 false
dltp-00-2022-04-15 002144 9.27 2022-03-15 10.03 2022-03-22 9.81 2022-03-24 11.1 2022-04-12 0 false
dltp-00-2022-04-15 002186 8.23 2022-03-15 8.94 2022-03-21 8.8 2022-03-24 9.8 2022-04-12 0 false
dltp-00-2022-04-15 002204 3.66 2022-03-15 4.09 2022-04-06 3.89 2022-04-11 4.1 2022-04-14 0 false
dltp-00-2022-04-15 002214 13.13 2022-04-11 13.63 2022-04-12 13.42 2022-04-13 13.93 2022-04-15 0 false
dltp-00-2022-04-15 002216 14.62 2022-03-24 15.24 2022-04-06 14.69 2022-04-08 17.12 2022-04-15 0 false
dltp-00-2022-04-15 002264 4.27 2022-03-15 4.8 2022-03-21 4.57 2022-03-29 5.24 2022-04-12 0 false
dltp-00-2022-04-15 002267 5.86 2022-03-15 6.44 2022-04-06 6.16 2022-04-11 6.75 2022-04-15 0 false
dltp-00-2022-04-15 002327 7.41 2022-03-15 7.91 2022-04-06 7.65 2022-04-11 7.84 2022-04-14 0 false
dltp-00-2022-04-15 002342 3.66 2022-03-15 4.05 2022-04-06 3.84 2022-04-11 4.12 2022-04-14 0 false
dltp-00-2022-04-15 002344 4.1 2022-03-15 4.44 2022-03-28 4.4 2022-03-29 4.69 2022-04-14 0 false
dltp-00-2022-04-15 002352 42.82 2022-03-29 49.06 2022-04-06 47.63 2022-04-07 52.5 2022-04-13 0 false
dltp2022-04-15 002365 9.13 2022-03-15 10.16 2022-03-25 9.6 2022-04-13 10.56 2022-04-14 2 false
dltp2022-04-15 002406 5.27 2022-03-15 5.54 2022-04-06 5.3 2022-04-11 5.5 2022-04-15 1 false
dltp2022-04-15 002432 58.9 2022-03-22 80.5 2022-03-30 63.08 2022-04-08 90.11 2022-04-14 1 false
dltp-00-2022-04-15 002443 7.36 2022-03-15 7.98 2022-04-06 7.7 2022-04-07 8.6 2022-04-15 0 false
dltp-00-2022-04-15 002457 9.05 2022-03-04 11.13 2022-03-21 9.87 2022-04-01 11.31 2022-04-12 0 false
dltp2022-04-15 002468 7.17 2022-03-15 7.6 2022-04-06 7.32 2022-04-08 8.41 2022-04-15 0 true
dltp-00-2022-04-15 002470 2.65 2022-03-28 2.72 2022-03-29 2.65 2022-04-06 2.85 2022-04-14 0 false
dltp-00-2022-04-15 002478 4 2022-03-15 4.4 2022-03-18 4.34 2022-03-21 4.68 2022-04-06 0 false
dltp2022-04-15 002481 7.5 2022-03-15 9.03 2022-03-25 7.8 2022-04-11 9.24 2022-04-15 2 false
dltp-00-2022-04-15 002500 5.36 2022-03-15 5.74 2022-04-06 5.5 2022-04-11 5.69 2022-04-12 0 false
dltp-00-2022-04-15 002507 28.87 2022-03-15 32.59 2022-03-23 31.4 2022-03-25 34.51 2022-04-15 0 false
dltp-00-2022-04-15 002523 2.73 2022-03-24 2.78 2022-03-28 2.74 2022-03-29 2.91 2022-04-12 0 false
dltp-00-2022-04-15 002526 2.18 2022-04-11 2.25 2022-04-12 2.23 2022-04-14 2.25 2022-04-15 0 false
dltp-00-2022-04-15 002532 7.24 2022-03-15 8.33 2022-04-06 7.74 2022-04-11 8.25 2022-04-15 0 false
dltp2022-04-15 002562 4.56 2022-03-17 5.4 2022-03-21 5.09 2022-03-24 5.68 2022-04-15 1 false
dltp-00-2022-04-15 002575 4.07 2022-03-15 4.42 2022-03-23 4.19 2022-03-29 4.64 2022-04-14 0 false
dltp-00-2022-04-15 002661 10.77 2022-03-15 11.91 2022-03-29 11.17 2022-04-08 12.19 2022-04-14 0 false
dltp-00-2022-04-15 002695 10.62 2022-03-15 11.55 2022-04-06 11.1 2022-04-08 12.84 2022-04-14 0 false
dltp-00-2022-04-15 002702 5.03 2022-03-15 6.16 2022-03-28 5.43 2022-04-08 6.48 2022-04-15 0 false
dltp-00-2022-04-15 002717 3.29 2022-03-15 3.74 2022-04-11 3.44 2022-04-13 3.78 2022-04-14 0 false
dltp-00-2022-04-15 002726 8.57 2022-02-07 9.36 2022-03-01 8.91 2022-03-15 10.3 2022-04-15 0 false
dltp-00-2022-04-15 002736 9.58 2022-03-15 10.09 2022-04-06 9.77 2022-04-11 10.08 2022-04-14 0 false
dltp-00-2022-04-15 002740 3.8 2022-03-15 4.16 2022-03-28 4.05 2022-04-01 4.51 2022-04-14 0 false
dltp-00-2022-04-15 002749 8.33 2022-03-15 9.43 2022-03-29 9.23 2022-03-30 10.17 2022-04-12 0 false
dltp-00-2022-04-15 002776 2.6 2022-03-01 3.25 2022-03-10 2.87 2022-03-21 3.5 2022-04-12 0 false
dltp2022-04-15 002801 18.9 2022-03-15 24.2 2022-03-24 21.78 2022-04-13 24.53 2022-04-15 0 true
dltp-00-2022-04-15 002861 11.61 2022-03-15 12.57 2022-03-21 11.88 2022-03-29 14.3 2022-04-13 0 false
dltp-00-2022-04-15 002888 10.85 2022-03-15 11.78 2022-03-23 11.33 2022-03-29 12.68 2022-04-14 0 false
dltp-00-2022-04-15 002895 20.38 2022-03-15 22.95 2022-03-30 20.94 2022-03-31 25.54 2022-04-14 0 false
dltp-00-2022-04-15 002919 26.29 2022-03-16 29.05 2022-03-31 26.93 2022-04-11 31.4 2022-04-13 0 false
dltp-00-2022-04-15 002926 7.95 2022-03-15 8.5 2022-04-06 8.27 2022-04-07 8.51 2022-04-14 0 false
dltp-00-2022-04-15 002928 9.92 2022-04-11 10.59 2022-04-12 10.5 2022-04-14 10.54 2022-04-15 0 false
dltp-00-2022-04-15 002939 9.25 2022-03-29 9.86 2022-04-06 9.36 2022-04-11 10.28 2022-04-15 0 false
dltp2022-04-15 002940 34.42 2022-03-09 36.34 2022-03-11 34.67 2022-03-15 41.34 2022-04-15 3 false
dltp-00-2022-04-15 002941 11.4 2022-01-28 17.01 2022-03-10 14.17 2022-03-29 18.86 2022-04-11 0 false
dltp-00-2022-04-15 002942 16.81 2022-03-28 17.53 2022-04-06 17.18 2022-04-07 18.5 2022-04-13 0 false
dltp-00-2022-04-15 002968 30.51 2022-03-15 34.15 2022-03-23 33.16 2022-03-25 37.55 2022-04-07 0 false
dltp-00-2022-04-15 003000 7.74 2022-03-15 8.75 2022-03-31 8.15 2022-04-11 8.68 2022-04-15 0 false
dltp2022-04-15 003007 23.37 2022-04-01 27.25 2022-04-12 24.99 2022-04-13 29.36 2022-04-15 1 false
dltp-00-2022-04-15 003023 23.34 2022-03-15 25.06 2022-04-06 23.93 2022-04-11 24.85 2022-04-15 0 false
dltp-00-2022-04-15 003030 21.59 2022-03-15 23.08 2022-04-06 22.03 2022-04-08 22.89 2022-04-14 0 false
dltp-00-2022-04-15 003032 14.2 2022-03-15 15.79 2022-03-28 14.82 2022-03-31 16.8 2022-04-12 0 false
dltp-00-2022-04-15 600004 12.25 2022-03-31 12.82 2022-04-01 12.43 2022-04-11 13.43 2022-04-15 0 false
dltp-00-2022-04-15 600018 5.31 2022-03-08 5.72 2022-03-16 5.41 2022-03-29 6.27 2022-04-08 0 false
dltp-00-2022-04-15 600020 3.08 2022-03-15 3.22 2022-03-28 3.17 2022-03-29 3.43 2022-04-12 0 false
dltp-00-2022-04-15 600030 20.47 2022-04-11 21.1 2022-04-12 20.7 2022-04-13 20.97 2022-04-14 0 false
dltp-00-2022-04-15 600057 7.89 2022-03-17 8.42 2022-03-22 8.32 2022-03-23 9.36 2022-04-14 0 false
dltp-00-2022-04-15 600059 9.26 2022-03-15 9.8 2022-04-06 9.35 2022-04-11 9.92 2022-04-14 0 false
dltp-00-2022-04-15 600073 6.69 2022-03-15 7.59 2022-04-06 7.21 2022-04-08 8.04 2022-04-15 0 false
dltp-00-2022-04-15 600117 3.43 2022-03-15 3.82 2022-03-22 3.63 2022-03-29 3.93 2022-04-15 0 false
dltp2022-04-15 600121 3.78 2022-03-15 4.52 2022-03-22 4.02 2022-04-11 4.84 2022-04-15 2 true
dltp-00-2022-04-15 600157 1.6 2022-03-15 1.69 2022-04-06 1.6 2022-04-11 1.69 2022-04-15 0 false
dltp2022-04-15 600163 6.82 2022-03-15 7.66 2022-04-01 6.98 2022-04-13 7.37 2022-04-15 1 false
dltp-00-2022-04-15 600177 6.19 2022-03-15 6.67 2022-03-18 6.54 2022-03-21 6.98 2022-04-12 0 false
dltp-00-2022-04-15 600180 6.51 2022-03-15 7.17 2022-04-06 6.8 2022-04-08 7.61 2022-04-14 0 false
dltp-00-2022-04-15 600229 6.77 2022-03-25 7.01 2022-03-29 6.8 2022-03-30 7.13 2022-04-06 0 false
dltp-00-2022-04-15 600282 3.43 2022-03-15 3.77 2022-03-22 3.53 2022-03-29 3.96 2022-04-15 0 false
dltp-00-2022-04-15 600283 11.8 2022-03-15 13.04 2022-03-21 12.28 2022-03-24 14.16 2022-04-12 0 false
dltp-00-2022-04-15 600305 10.1 2022-03-15 10.94 2022-04-06 10.18 2022-04-11 11.18 2022-04-15 0 false
dltp-00-2022-04-15 600337 3.26 2022-04-11 3.34 2022-04-12 3.27 2022-04-13 3.34 2022-04-15 0 false
dltp-00-2022-04-15 600346 19.27 2022-03-09 21.09 2022-04-01 20.98 2022-04-06 23.6 2022-04-11 0 false
dltp-00-2022-04-15 600348 10.24 2022-03-15 11.82 2022-03-22 11.61 2022-03-23 13.43 2022-04-14 0 false
dltp-00-2022-04-15 600354 5.34 2022-03-15 6.04 2022-03-21 5.84 2022-03-23 6.86 2022-04-11 0 false
dltp-00-2022-04-15 600356 6.85 2022-03-15 7.44 2022-03-28 7.33 2022-03-29 7.64 2022-04-14 0 false
dltp-00-2022-04-15 600369 4.17 2022-03-15 4.44 2022-04-06 4.27 2022-04-11 4.41 2022-04-12 0 false
dltp-00-2022-04-15 600371 12.03 2022-03-15 14.43 2022-03-29 13.02 2022-04-08 14.38 2022-04-14 0 false
dltp-00-2022-04-15 600377 8.25 2022-03-15 8.6 2022-04-06 8.41 2022-04-11 8.61 2022-04-12 0 false
dltp-00-2022-04-15 600419 12.11 2022-03-15 13.82 2022-04-01 13.07 2022-04-11 14 2022-04-14 0 false
dltp-00-2022-04-15 600422 10.83 2022-04-08 11.62 2022-04-12 11.29 2022-04-13 11.8 2022-04-14 0 false
dltp2022-04-15 600423 3.92 2022-03-15 4.45 2022-04-08 4.19 2022-04-14 4.42 2022-04-15 2 false
dltp-00-2022-04-15 600426 30.54 2022-03-15 33 2022-03-29 32.39 2022-03-30 34.19 2022-04-11 0 false
dltp-00-2022-04-15 600448 3.3 2022-03-09 3.71 2022-03-14 3.42 2022-03-23 3.78 2022-04-13 0 false
dltp-00-2022-04-15 600467 2.68 2022-03-15 3 2022-03-21 2.91 2022-03-24 3.24 2022-04-14 0 false
dltp-00-2022-04-15 600478 4.98 2022-03-15 5.77 2022-03-23 5.32 2022-03-31 6.35 2022-04-11 0 false
dltp-00-2022-04-15 600496 4.45 2022-03-25 4.51 2022-03-28 4.46 2022-03-29 4.98 2022-04-11 0 false
dltp-00-2022-04-15 600497 4.53 2022-03-15 5.35 2022-03-24 5.15 2022-03-31 6 2022-04-14 0 false
dltp-00-2022-04-15 600507 7.34 2022-03-15 8.6 2022-03-18 8.13 2022-03-25 8.96 2022-04-06 0 false
dltp-00-2022-04-15 600519 1603 2022-03-15 1752.19 2022-03-23 1660.8 2022-03-28 1809 2022-04-14 0 false
dltp-00-2022-04-15 600531 5.39 2022-04-07 5.49 2022-04-08 5.41 2022-04-11 5.77 2022-04-14 0 false
dltp-00-2022-04-15 600540 5.05 2022-03-15 6.15 2022-03-29 5.57 2022-04-08 6.37 2022-04-14 0 false
dltp-00-2022-04-15 600573 9.57 2022-03-29 10.6 2022-04-06 10.2 2022-04-11 11.4 2022-04-14 0 false
dltp-00-2022-04-15 600575 3.2 2022-03-17 3.41 2022-03-22 3.24 2022-03-25 3.6 2022-04-15 0 false
dltp-00-2022-04-15 600595 3.98 2022-03-15 4.28 2022-03-21 4.13 2022-03-31 4.5 2022-04-15 0 false
dltp-00-2022-04-15 600596 26.22 2022-03-31 27.19 2022-04-01 26.9 2022-04-06 28.3 2022-04-08 0 false
dltp-00-2022-04-15 600598 13.14 2022-01-27 15.27 2022-03-03 13.18 2022-03-16 16.22 2022-04-14 0 false
dltp-00-2022-04-15 600610 13.2 2022-03-28 13.8 2022-03-29 13.21 2022-03-31 14.55 2022-04-08 0 false
dltp-00-2022-04-15 600616 5.81 2022-03-15 6.36 2022-04-06 5.96 2022-04-11 6.43 2022-04-14 0 false
dltp-00-2022-04-15 600617 3.73 2022-03-15 4.35 2022-04-06 4.12 2022-04-11 4.38 2022-04-15 0 false
dltp-00-2022-04-15 600650 9.41 2022-03-09 10.11 2022-03-11 9.42 2022-03-15 11.3 2022-04-14 0 false
dltp2022-04-15 600665 3.21 2022-03-15 4.99 2022-04-06 3.99 2022-04-13 4.53 2022-04-15 1 true
dltp-00-2022-04-15 600682 9.59 2022-03-15 10.93 2022-04-06 10.38 2022-04-11 10.97 2022-04-15 0 false
dltp2022-04-15 600683 4.28 2022-03-15 6.46 2022-04-06 5.33 2022-04-13 5.89 2022-04-15 1 false
dltp2022-04-15 600686 5.18 2022-03-15 5.56 2022-04-06 5.24 2022-04-11 5.62 2022-04-14 2 false
dltp-00-2022-04-15 600696 27 2022-03-31 28.91 2022-04-08 27.3 2022-04-11 28.78 2022-04-14 0 false
dltp-00-2022-04-15 600705 3.76 2022-03-15 3.92 2022-03-16 3.9 2022-03-17 4.23 2022-04-06 0 false
dltp-00-2022-04-15 600710 5.85 2022-04-07 5.9 2022-04-08 5.86 2022-04-11 6.11 2022-04-14 0 false
dltp-00-2022-04-15 600721 7.3 2022-03-16 8.36 2022-03-24 7.9 2022-03-28 9.22 2022-04-11 0 false
dltp-00-2022-04-15 600722 5.42 2022-03-15 6.11 2022-03-25 6.01 2022-03-28 6.35 2022-04-08 0 false
dltp-00-2022-04-15 600726 2.4 2022-03-24 2.51 2022-04-06 2.42 2022-04-11 2.79 2022-04-14 0 false
dltp-00-2022-04-15 600727 9.05 2022-03-28 9.79 2022-03-29 9.44 2022-03-30 10.43 2022-04-14 0 false
dltp2022-04-15 600746 12.77 2022-03-09 13.61 2022-03-24 13.18 2022-03-29 14.96 2022-04-15 1 false
dltp-00-2022-04-15 600754 45.72 2022-03-15 51.83 2022-04-01 49.1 2022-04-11 54.3 2022-04-14 0 false
dltp-00-2022-04-15 600768 8.88 2022-03-15 9.87 2022-04-07 9.62 2022-04-11 10.56 2022-04-14 0 false
dltp-00-2022-04-15 600778 4.4 2022-02-24 5.14 2022-03-18 4.75 2022-04-08 5.8 2022-04-13 0 false
dltp2022-04-15 600780 3.55 2022-03-15 3.86 2022-04-06 3.71 2022-04-11 4.03 2022-04-15 2 false
dltp-00-2022-04-15 600790 3.23 2022-01-27 3.75 2022-03-03 3.34 2022-03-15 3.97 2022-04-06 0 false
dltp-00-2022-04-15 600792 4.13 2022-03-31 4.32 2022-04-08 4.13 2022-04-11 4.75 2022-04-14 0 false
dltp-00-2022-04-15 600814 6.27 2022-01-25 8.09 2022-02-16 6.59 2022-03-15 8.47 2022-04-12 0 false
dltp-00-2022-04-15 600827 9.85 2022-03-15 11.01 2022-03-22 10.65 2022-03-29 12.51 2022-04-12 0 false
dltp-00-2022-04-15 600848 12.6 2022-03-15 13.69 2022-03-28 13.6 2022-03-29 14.69 2022-04-06 0 false
dltp-00-2022-04-15 600854 4.42 2022-03-15 5.09 2022-03-25 4.89 2022-03-30 5.14 2022-04-14 0 false
dltp2022-04-15 600868 2.6 2022-03-15 2.75 2022-04-06 2.65 2022-04-11 2.74 2022-04-15 1 false
dltp-00-2022-04-15 600870 4.23 2022-03-15 4.5 2022-03-25 4.34 2022-03-30 4.88 2022-04-07 0 false
dltp-00-2022-04-15 600874 6.35 2022-03-16 7.21 2022-03-22 6.79 2022-03-30 8.05 2022-04-14 0 false
dltp2022-04-15 600929 6.52 2022-03-15 7.29 2022-03-30 6.76 2022-04-11 7.23 2022-04-15 1 true
dltp-00-2022-04-15 600962 9.87 2022-04-11 10.18 2022-04-12 9.87 2022-04-14 10.12 2022-04-15 0 false
dltp2022-04-15 600969 7.05 2022-03-15 8.21 2022-03-31 7.59 2022-04-11 8.54 2022-04-13 2 false
dltp-00-2022-04-15 600996 7.63 2022-03-15 8.78 2022-03-28 8.19 2022-03-30 9.58 2022-04-12 0 false
dltp-00-2022-04-15 600998 13.03 2022-03-29 13.28 2022-04-06 13.08 2022-04-08 13.67 2022-04-15 0 false
dltp-00-2022-04-15 600999 13.84 2022-03-15 14.92 2022-04-06 14.41 2022-04-11 14.82 2022-04-14 0 false
dltp2022-04-15 601015 5.53 2022-03-15 6.15 2022-04-07 5.94 2022-04-11 6.62 2022-04-14 2 false
dltp2022-04-15 601086 4.03 2022-03-30 4.15 2022-03-31 4.08 2022-04-01 4.57 2022-04-15 1 false
dltp-00-2022-04-15 601101 8.15 2022-02-25 10.45 2022-03-07 8.75 2022-03-15 11.31 2022-04-14 0 false
dltp-00-2022-04-15 601111 8.97 2022-03-29 9.5 2022-03-30 9.11 2022-03-31 10.33 2022-04-15 0 false
dltp-00-2022-04-15 601116 7.76 2021-11-29 10.49 2022-01-13 7.76 2022-03-15 11.18 2022-04-12 0 false
dltp-00-2022-04-15 601211 14.84 2022-03-15 15.91 2022-04-06 15.45 2022-04-11 15.85 2022-04-14 0 false
dltp-00-2022-04-15 601212 2.86 2022-04-07 2.92 2022-04-08 2.86 2022-04-11 2.99 2022-04-14 0 false
dltp-00-2022-04-15 601238 10.54 2022-03-15 11.38 2022-04-06 11.02 2022-04-07 11.91 2022-04-15 0 false
dltp-00-2022-04-15 601319 4.27 2022-03-15 4.55 2022-03-22 4.46 2022-03-25 4.68 2022-04-12 0 false
dltp-00-2022-04-15 601390 5.21 2021-11-22 6.72 2022-02-10 5.55 2022-03-15 6.94 2022-04-12 0 false
dltp-00-2022-04-15 601555 7.39 2022-04-11 7.52 2022-04-12 7.41 2022-04-13 7.48 2022-04-14 0 false
dltp-00-2022-04-15 601666 11.73 2022-03-16 17.12 2022-03-31 14.23 2022-04-12 17.22 2022-04-14 0 false
dltp-00-2022-04-15 601688 14.65 2022-04-11 14.93 2022-04-12 14.73 2022-04-13 14.93 2022-04-14 0 false
dltp-00-2022-04-15 601696 12.13 2022-03-29 13.96 2022-04-01 13.24 2022-04-11 15.11 2022-04-13 0 false
dltp-00-2022-04-15 601800 8.37 2022-03-15 9.64 2022-03-30 9.15 2022-04-01 10.13 2022-04-14 0 false
dltp-00-2022-04-15 601838 14.22 2022-03-21 14.79 2022-03-22 14.27 2022-03-29 16.55 2022-04-15 0 false
dltp-00-2022-04-15 601881 9.47 2022-03-15 10.17 2022-03-23 9.78 2022-03-29 10.41 2022-04-12 0 false
dltp-00-2022-04-15 601888 156.1 2022-03-29 174.26 2022-04-01 156.11 2022-04-11 182.24 2022-04-15 0 false
dltp-00-2022-04-15 601952 10.39 2022-01-27 13.6 2022-03-07 11.82 2022-03-16 14.88 2022-04-15 0 false
dltp-00-2022-04-15 601958 6.26 2022-01-27 7.3 2022-03-07 6.4 2022-03-15 7.71 2022-04-14 0 false
dltp-00-2022-04-15 601989 3.79 2022-04-11 3.88 2022-04-12 3.83 2022-04-13 3.89 2022-04-15 0 false
dltp-00-2022-04-15 603043 19.34 2022-03-15 21.12 2022-03-30 20.84 2022-03-31 22.81 2022-04-15 0 false
dltp-00-2022-04-15 603066 7.95 2022-03-15 8.4 2022-04-06 8.1 2022-04-08 8.8 2022-04-13 0 false
dltp-00-2022-04-15 603080 12.76 2022-03-15 14.14 2022-04-06 13.31 2022-04-11 14.3 2022-04-15 0 false
dltp-00-2022-04-15 603099 8.27 2022-03-15 9.55 2022-03-21 9.06 2022-03-24 9.99 2022-04-12 0 false
dltp-00-2022-04-15 603156 22.51 2022-03-28 23.34 2022-04-06 22.59 2022-04-11 24.06 2022-04-15 0 false
dltp-00-2022-04-15 603166 6.62 2022-04-07 6.83 2022-04-08 6.75 2022-04-11 6.99 2022-04-15 0 false
dltp-00-2022-04-15 603177 17.25 2022-03-16 20.12 2022-03-21 19.6 2022-03-23 21.87 2022-03-31 0 false
dltp-00-2022-04-15 603222 16.11 2022-03-15 18.72 2022-04-07 16.6 2022-04-11 19.18 2022-04-15 0 false
dltp2022-04-15 603299 7.8 2022-03-15 8.54 2022-04-06 8.2 2022-04-11 9.43 2022-04-15 0 true
dltp-00-2022-04-15 603315 23.94 2022-03-29 25.22 2022-04-06 24.23 2022-04-11 25.71 2022-04-12 0 false
dltp-00-2022-04-15 603329 12.69 2022-03-15 13.47 2022-04-06 12.93 2022-04-07 14.92 2022-04-14 0 false
dltp-00-2022-04-15 603383 26.01 2022-03-15 29.45 2022-04-07 26.09 2022-04-11 29.76 2022-04-14 0 false
dltp-00-2022-04-15 603599 31.18 2022-04-07 33.22 2022-04-08 31.7 2022-04-13 33.42 2022-04-15 0 false
dltp-00-2022-04-15 603612 17.04 2022-03-15 19.63 2022-03-23 18.26 2022-03-29 20.6 2022-04-14 0 false
dltp-00-2022-04-15 603619 14.48 2022-04-01 15.5 2022-04-06 14.7 2022-04-08 16.85 2022-04-14 0 false
dltp2022-04-15 603630 15.32 2022-03-15 17.65 2022-03-30 15.91 2022-04-11 17.05 2022-04-15 2 false
dltp-00-2022-04-15 603656 11.64 2022-04-08 11.83 2022-04-12 11.72 2022-04-13 11.89 2022-04-14 0 false
dltp-00-2022-04-15 603697 12.98 2022-03-15 14.15 2022-04-06 13.44 2022-04-11 14.69 2022-04-15 0 false
dltp-00-2022-04-15 603708 12.53 2022-03-29 13.22 2022-04-06 12.61 2022-04-08 14.15 2022-04-12 0 false
dltp2022-04-15 603779 6.1 2022-04-11 6.42 2022-04-12 6.22 2022-04-13 6.94 2022-04-15 2 false
dltp-00-2022-04-15 603808 11.82 2022-03-09 12.63 2022-03-11 11.91 2022-03-24 13.7 2022-04-13 0 false
dltp-00-2022-04-15 603813 14.85 2022-03-15 17.2 2022-04-06 16.15 2022-04-08 18.77 2022-04-14 0 false
dltp-00-2022-04-15 603817 6.13 2022-03-24 6.49 2022-04-06 6.35 2022-04-07 6.68 2022-04-14 0 false
dltp-00-2022-04-15 603833 109.26 2022-03-29 122.8 2022-04-07 117.22 2022-04-13 131.93 2022-04-15 0 false
dltp-00-2022-04-15 603836 20.15 2022-03-15 21.2 2022-04-06 20.87 2022-04-07 23.3 2022-04-13 0 false
dltp-00-2022-04-15 603886 17.87 2022-03-15 19.53 2022-04-06 18.06 2022-04-13 19.96 2022-04-15 0 false
dltp-00-2022-04-15 603916 19.68 2022-03-15 21.31 2022-03-31 20.91 2022-04-01 23.73 2022-04-15 0 false
dltp-00-2022-04-15 603970 23.8 2022-03-15 26.28 2022-03-24 24.56 2022-03-31 27.94 2022-04-14 0 false
dltp-00-2022-04-15 605090 26.29 2022-03-15 28.59 2022-04-06 26.87 2022-04-11 31.05 2022-04-14 0 false
dltp-00-2022-04-15 605158 6.56 2022-03-15 6.94 2022-03-31 6.86 2022-04-01 7.25 2022-04-07 0 false
dltp2022-04-15 605178 24.33 2022-04-11 25.19 2022-04-12 24.8 2022-04-13 26.11 2022-04-15 2 false
dltp-00-2022-04-15 605336 24.34 2022-04-11 25.76 2022-04-12 24.62 2022-04-13 26.27 2022-04-14 0 false
date==dltp3l=2022-04-15  ma_n= 30
day industry code name turnover_ratio pe_ratio industry_cnt inc_revenue_year_rank inc_revenue_annual_rank cfo_sales_rank leverage_ratio_rank
dltp-00-2022-04-15 000034 13.49 2022-03-15 15.27 2022-04-06 14.6 2022-04-07 15.68 2022-04-12 0 false
dltp-00-2022-04-15 000048 17.36 2022-01-19 22.83 2022-02-10 19.65 2022-03-17 25.27 2022-04-15 0 false
dltp-00-2022-04-15 000090 5.7 2022-03-15 6.33 2022-03-23 6.26 2022-03-24 7 2022-04-06 0 false
dltp-00-2022-04-15 000099 6.38 2022-03-15 7.02 2022-04-12 6.95 2022-04-13 7.08 2022-04-14 0 false
dltp-00-2022-04-15 000404 4.12 2022-03-15 4.62 2022-03-22 4.49 2022-03-24 5.04 2022-04-14 0 false
dltp-00-2022-04-15 000416 3.83 2022-03-29 4.11 2022-04-06 3.88 2022-04-11 4.28 2022-04-15 0 false
dltp-00-2022-04-15 000507 5.36 2022-03-15 6.07 2022-04-06 5.85 2022-04-11 6.22 2022-04-12 0 false
dltp-00-2022-04-15 000540 2.36 2022-03-24 2.41 2022-03-28 2.37 2022-03-29 2.65 2022-04-06 0 false
dltp-00-2022-04-15 000544 6.03 2022-03-15 6.49 2022-04-06 6.34 2022-04-07 6.61 2022-04-12 0 false
dltp-00-2022-04-15 000603 11.98 2022-03-16 13.85 2022-03-25 12.94 2022-04-07 14.34 2022-04-12 0 false
dltp-00-2022-04-15 000609 4.33 2022-03-15 4.73 2022-03-23 4.57 2022-03-29 4.99 2022-04-12 0 false
dltp-00-2022-04-15 000610 8.1 2022-03-15 9.67 2022-04-06 8.96 2022-04-11 9.86 2022-04-12 0 false
dltp-00-2022-04-15 000627 3 2022-03-15 3.26 2022-04-06 3.15 2022-04-11 3.26 2022-04-12 0 false
dltp-00-2022-04-15 000630 3.32 2022-03-15 3.87 2022-03-24 3.7 2022-04-01 4.36 2022-04-14 0 false
dltp-00-2022-04-15 000680 3.75 2022-03-15 4.15 2022-04-06 4.05 2022-04-07 4.43 2022-04-12 0 false
dltp-00-2022-04-15 000683 8.46 2022-03-17 10.12 2022-03-30 9.18 2022-04-12 10.3 2022-04-14 0 false
dltp-00-2022-04-15 000713 8.47 2022-01-25 10.19 2022-02-21 8.57 2022-03-15 10.27 2022-04-11 0 false
dltp-00-2022-04-15 000715 4.6 2022-03-15 5.16 2022-03-22 5.01 2022-03-24 5.81 2022-04-12 0 false
dltp-00-2022-04-15 000757 4.11 2022-03-15 4.34 2022-03-23 4.28 2022-03-24 4.62 2022-04-06 0 false
dltp-00-2022-04-15 000776 16.98 2022-04-11 17.6 2022-04-12 17.25 2022-04-13 18.01 2022-04-14 0 false
dltp-00-2022-04-15 000785 4.18 2022-03-15 4.62 2022-04-06 4.45 2022-04-11 4.62 2022-04-12 0 false
dltp-00-2022-04-15 000820 3.2 2022-03-15 3.59 2022-03-24 3.37 2022-04-01 3.72 2022-04-08 0 false
dltp-00-2022-04-15 000828 9.53 2022-03-15 10.85 2022-03-24 10.5 2022-03-29 11.18 2022-04-01 0 false
dltp-00-2022-04-15 000890 4.49 2022-04-11 4.54 2022-04-12 4.52 2022-04-13 4.89 2022-04-14 0 false
dltp-00-2022-04-15 000898 3.25 2022-03-15 3.77 2022-04-08 3.63 2022-04-11 3.85 2022-04-15 0 false
dltp-00-2022-04-15 000921 10.9 2022-04-11 11.91 2022-04-12 11.64 2022-04-13 12.57 2022-04-15 0 false
dltp2022-04-15 000923 12.95 2022-03-15 15.63 2022-04-06 14.76 2022-04-11 16.9 2022-04-15 0 true
dltp-00-2022-04-15 000933 10.81 2022-03-15 14.9 2022-03-28 12.63 2022-04-11 15.38 2022-04-14 0 false
dltp-00-2022-04-15 000937 5.1 2022-01-28 7.44 2022-03-07 6.24 2022-03-16 7.95 2022-04-14 0 false
dltp2022-04-15 000957 4.59 2022-03-15 4.99 2022-04-06 4.66 2022-04-11 5.47 2022-04-14 2 false
dltp-00-2022-04-15 000975 8.1 2022-01-27 9.55 2022-03-09 8.12 2022-03-15 10.58 2022-04-14 0 false
dltp-00-2022-04-15 000976 4.58 2022-03-15 5.04 2022-04-07 4.86 2022-04-08 5.08 2022-04-12 0 false
dltp-00-2022-04-15 001317 46.8 2022-03-15 55.46 2022-03-25 47.14 2022-04-08 62.74 2022-04-13 0 false
dltp-00-2022-04-15 002024 3.15 2022-03-15 3.57 2022-04-06 3.37 2022-04-11 3.6 2022-04-12 0 false
dltp-00-2022-04-15 002032 43.7 2022-03-15 49.39 2022-03-25 48.08 2022-03-29 53.4 2022-04-01 0 false
dltp-00-2022-04-15 002098 6.41 2022-03-15 7.29 2022-04-06 6.88 2022-04-11 7.85 2022-04-13 0 false
dltp-00-2022-04-15 002114 7.33 2022-03-15 8.23 2022-04-08 8.18 2022-04-11 8.75 2022-04-14 0 false
dltp-00-2022-04-15 002144 9.27 2022-03-15 10.03 2022-03-22 9.81 2022-03-24 11.1 2022-04-12 0 false
dltp-00-2022-04-15 002170 5.41 2022-03-15 6.24 2022-03-29 5.95 2022-04-01 6.45 2022-04-14 0 false
dltp-00-2022-04-15 002183 4.57 2022-03-15 5.18 2022-04-06 5.01 2022-04-07 5.44 2022-04-13 0 false
dltp-00-2022-04-15 002187 7.56 2022-03-15 8.48 2022-03-22 8.07 2022-03-29 9.36 2022-04-12 0 false
dltp-00-2022-04-15 002204 3.85 2022-04-01 4.09 2022-04-06 3.89 2022-04-11 4.1 2022-04-14 0 false
dltp2022-04-15 002219 2.68 2022-01-27 3.12 2022-03-08 2.75 2022-03-17 3.55 2022-04-07 1 false
dltp-00-2022-04-15 002278 5.38 2022-03-15 6.3 2022-03-29 6.12 2022-04-01 6.44 2022-04-14 0 false
dltp-00-2022-04-15 002358 2.56 2022-03-15 2.8 2022-03-22 2.72 2022-03-28 3.06 2022-04-11 0 false
dltp-00-2022-04-15 002367 6.54 2022-03-15 7.7 2022-03-21 7.05 2022-03-29 7.63 2022-04-15 0 false
dltp-00-2022-04-15 002394 7.4 2022-03-15 8.08 2022-04-06 7.75 2022-04-11 8.01 2022-04-14 0 false
dltp-00-2022-04-15 002419 5.76 2022-03-15 6.5 2022-04-06 6.32 2022-04-07 7.26 2022-04-12 0 false
dltp-00-2022-04-15 002443 7.36 2022-03-15 7.98 2022-04-06 7.7 2022-04-07 8.6 2022-04-15 0 false
dltp-00-2022-04-15 002446 5.26 2022-03-15 6 2022-04-06 5.7 2022-04-11 6.05 2022-04-15 0 false
dltp-00-2022-04-15 002470 2.62 2022-03-15 2.82 2022-03-23 2.65 2022-04-06 2.85 2022-04-14 0 false
dltp-00-2022-04-15 002476 4.31 2022-01-27 5.18 2022-03-03 4.43 2022-03-15 5.84 2022-03-24 0 false
dltp-00-2022-04-15 002478 4 2022-03-15 4.4 2022-03-18 4.34 2022-03-21 4.68 2022-04-06 0 false
dltp2022-04-15 002481 7.5 2022-03-15 9.03 2022-03-25 7.8 2022-04-11 9.24 2022-04-15 2 false
dltp-00-2022-04-15 002500 5.5 2022-04-11 5.69 2022-04-12 5.62 2022-04-13 5.66 2022-04-14 0 false
dltp-00-2022-04-15 002507 28.87 2022-03-15 32.59 2022-03-23 31.4 2022-03-25 34.51 2022-04-15 0 false
dltp-00-2022-04-15 002508 25.71 2022-03-15 31.27 2022-04-07 29.78 2022-04-11 31.25 2022-04-15 0 false
dltp-00-2022-04-15 002523 2.55 2022-03-15 2.85 2022-04-06 2.77 2022-04-07 2.91 2022-04-12 0 false
dltp-00-2022-04-15 002538 7.82 2022-03-15 9.14 2022-03-29 8.72 2022-03-31 9.35 2022-04-11 0 false
dltp-00-2022-04-15 002557 44.68 2022-03-15 53.75 2022-03-31 52.83 2022-04-07 59.07 2022-04-15 0 false
dltp-00-2022-04-15 002575 4.19 2022-03-29 4.44 2022-03-31 4.28 2022-04-06 4.64 2022-04-14 0 false
dltp-00-2022-04-15 002640 2.69 2022-03-16 3.07 2022-03-23 2.98 2022-03-24 3.15 2022-04-15 0 false
dltp-00-2022-04-15 002659 4.03 2022-03-30 4.35 2022-04-06 4.3 2022-04-07 4.62 2022-04-14 0 false
dltp-00-2022-04-15 002660 7.56 2022-03-29 8.28 2022-04-06 7.77 2022-04-11 8.55 2022-04-12 0 false
dltp-00-2022-04-15 002661 10.77 2022-03-15 11.91 2022-03-29 11.17 2022-04-08 12.19 2022-04-14 0 false
dltp-00-2022-04-15 002702 5.03 2022-03-15 6.16 2022-03-28 5.43 2022-04-08 6.48 2022-04-15 0 false
dltp-00-2022-04-15 002717 3.29 2022-03-15 3.74 2022-04-11 3.44 2022-04-13 3.78 2022-04-14 0 false
dltp-00-2022-04-15 002736 9.58 2022-03-15 10.09 2022-04-06 9.77 2022-04-11 10.08 2022-04-14 0 false
dltp-00-2022-04-15 002739 11.31 2022-03-15 12.79 2022-04-06 11.82 2022-04-11 12.91 2022-04-14 0 false
dltp-00-2022-04-15 002740 3.8 2022-03-15 4.3 2022-04-06 4.12 2022-04-08 4.51 2022-04-14 0 false
dltp-00-2022-04-15 002770 2.38 2022-03-15 2.63 2022-03-23 2.55 2022-03-28 2.84 2022-04-08 0 false
dltp2022-04-15 002801 18.9 2022-03-15 24.2 2022-03-24 21.78 2022-04-13 24.53 2022-04-15 0 true
dltp-00-2022-04-15 002818 11.32 2022-03-24 12.03 2022-04-06 11.8 2022-04-11 12.07 2022-04-12 0 false
dltp-00-2022-04-15 002861 11.61 2022-03-15 12.57 2022-03-21 11.88 2022-03-29 14.3 2022-04-13 0 false
dltp-00-2022-04-15 002905 7.06 2022-03-24 7.34 2022-03-28 7.16 2022-03-29 8.03 2022-04-12 0 false
dltp-00-2022-04-15 002926 7.95 2022-03-15 8.48 2022-04-12 8.36 2022-04-13 8.51 2022-04-14 0 false
dltp-00-2022-04-15 002956 15.85 2022-04-08 16.32 2022-04-12 16.15 2022-04-13 16.67 2022-04-15 0 false
dltp2022-04-15 003007 23.37 2022-04-01 27.25 2022-04-12 24.99 2022-04-13 29.36 2022-04-15 1 false
dltp-00-2022-04-15 003023 23.93 2022-04-11 24.83 2022-04-12 24.64 2022-04-13 24.85 2022-04-15 0 false
dltp-00-2022-04-15 003032 14.2 2022-03-15 16.38 2022-04-07 15.27 2022-04-11 16.8 2022-04-12 0 false
dltp-00-2022-04-15 600000 7.63 2022-03-15 8.17 2022-04-06 8.01 2022-04-11 8.15 2022-04-15 0 false
dltp-00-2022-04-15 600009 47.99 2022-04-11 52.4 2022-04-12 50.92 2022-04-13 52.71 2022-04-15 0 false
dltp-00-2022-04-15 600029 5.91 2022-03-15 6.75 2022-04-08 6.46 2022-04-11 6.98 2022-04-12 0 false
dltp-00-2022-04-15 600054 9.43 2022-03-15 11.6 2022-03-30 10.72 2022-04-11 11.69 2022-04-12 0 false
dltp-00-2022-04-15 600057 7.89 2022-03-17 8.42 2022-03-22 8.32 2022-03-23 9.36 2022-04-14 0 false
dltp-00-2022-04-15 600073 6.69 2022-03-15 7.59 2022-04-06 7.21 2022-04-08 8.04 2022-04-15 0 false
dltp2022-04-15 600075 6.75 2022-03-15 7.33 2022-03-31 7.24 2022-04-01 8.23 2022-04-15 1 false
dltp2022-04-15 600121 3.78 2022-03-15 4.52 2022-03-22 4.02 2022-04-11 4.84 2022-04-15 2 true
dltp-00-2022-04-15 600155 9.32 2022-03-31 9.48 2022-04-06 9.32 2022-04-07 9.92 2022-04-14 0 false
dltp2022-04-15 600163 6.82 2022-03-15 7.66 2022-04-01 6.98 2022-04-13 7.37 2022-04-15 1 false
dltp-00-2022-04-15 600176 14.63 2022-03-15 16.3 2022-04-08 15.69 2022-04-13 16.17 2022-04-14 0 false
dltp-00-2022-04-15 600187 2.4 2022-04-08 2.44 2022-04-12 2.41 2022-04-13 2.43 2022-04-15 0 false
dltp2022-04-15 600197 24.5 2022-03-15 28.19 2022-04-01 25.9 2022-04-11 30.91 2022-04-14 2 false
dltp-00-2022-04-15 600199 22.4 2022-03-29 26.75 2022-04-07 23.73 2022-04-11 28.15 2022-04-14 0 false
dltp-00-2022-04-15 600226 2.13 2022-03-15 2.2 2022-03-16 2.17 2022-03-17 2.41 2022-04-08 0 false
dltp-00-2022-04-15 600269 3.34 2022-03-15 3.65 2022-03-28 3.48 2022-03-30 3.68 2022-04-12 0 false
dltp-00-2022-04-15 600273 10.01 2022-04-07 10.2 2022-04-08 10.03 2022-04-11 10.64 2022-04-14 0 false
dltp-00-2022-04-15 600283 11.8 2022-03-15 13.59 2022-03-31 12.64 2022-04-07 14.16 2022-04-12 0 false
dltp-00-2022-04-15 600320 3.3 2022-04-11 3.41 2022-04-12 3.3 2022-04-13 3.42 2022-04-14 0 false
dltp-00-2022-04-15 600321 1.96 2022-03-15 2.19 2022-03-23 2.12 2022-03-24 2.44 2022-04-06 0 false
dltp-00-2022-04-15 600337 3.26 2022-04-11 3.34 2022-04-12 3.27 2022-04-13 3.34 2022-04-15 0 false
dltp-00-2022-04-15 600348 11.61 2022-03-23 12.14 2022-03-29 11.82 2022-04-06 13.43 2022-04-14 0 false
dltp-00-2022-04-15 600354 5.34 2022-03-15 6.04 2022-03-21 5.84 2022-03-23 6.86 2022-04-11 0 false
dltp-00-2022-04-15 600365 4.37 2022-03-17 4.85 2022-03-23 4.57 2022-04-07 5.18 2022-04-14 0 false
dltp-00-2022-04-15 600371 12.03 2022-03-15 14.43 2022-03-29 13.02 2022-04-08 14.38 2022-04-14 0 false
dltp-00-2022-04-15 600419 12.11 2022-03-15 13.82 2022-04-01 13.07 2022-04-11 14 2022-04-14 0 false
dltp-00-2022-04-15 600422 10.83 2022-04-08 11.62 2022-04-12 11.29 2022-04-13 11.8 2022-04-14 0 false
dltp-00-2022-04-15 600448 3.21 2022-02-24 3.52 2022-03-03 3.3 2022-03-09 3.78 2022-04-13 0 false
dltp-00-2022-04-15 600467 2.68 2022-03-15 3 2022-03-21 2.91 2022-03-24 3.24 2022-04-14 0 false
dltp-00-2022-04-15 600476 12.62 2022-03-24 13.09 2022-03-28 12.94 2022-03-29 14.3 2022-04-14 0 false
dltp-00-2022-04-15 600486 103.67 2022-03-09 120.19 2022-03-14 112.99 2022-03-23 132 2022-04-08 0 false
dltp-00-2022-04-15 600496 4.2 2022-03-15 4.61 2022-03-30 4.56 2022-04-01 4.98 2022-04-11 0 false
dltp-00-2022-04-15 600507 7.34 2022-03-15 8.6 2022-03-18 8.13 2022-03-25 8.96 2022-04-06 0 false
dltp-00-2022-04-15 600513 8.68 2022-03-09 9.76 2022-04-06 9.1 2022-04-11 9.77 2022-04-14 0 false
dltp-00-2022-04-15 600519 1603 2022-03-15 1784 2022-04-08 1720 2022-04-11 1809 2022-04-14 0 false
dltp-00-2022-04-15 600540 5.05 2022-03-15 6.15 2022-03-29 5.57 2022-04-08 6.37 2022-04-14 0 false
dltp-00-2022-04-15 600557 9.27 2021-10-28 14.56 2022-01-11 10.29 2022-02-22 16.18 2022-04-12 0 false
dltp-00-2022-04-15 600567 2.87 2022-03-15 3.08 2022-04-06 3.02 2022-04-11 3.08 2022-04-12 0 false
dltp-00-2022-04-15 600573 9.02 2022-02-28 10.79 2022-03-21 9.57 2022-03-29 11.4 2022-04-14 0 false
dltp-00-2022-04-15 600595 3.98 2022-03-15 4.28 2022-03-21 4.13 2022-03-31 4.5 2022-04-15 0 false
dltp-00-2022-04-15 600596 26.22 2022-03-31 27.19 2022-04-01 26.9 2022-04-06 28.3 2022-04-08 0 false
dltp-00-2022-04-15 600598 13.14 2022-01-27 15.27 2022-03-03 13.18 2022-03-16 16.22 2022-04-14 0 false
dltp-00-2022-04-15 600599 8.23 2022-03-15 9.44 2022-04-01 9.14 2022-04-11 9.79 2022-04-13 0 false
dltp-00-2022-04-15 600610 13.2 2022-03-28 13.8 2022-03-29 13.21 2022-03-31 14.55 2022-04-08 0 false
dltp-00-2022-04-15 600616 5.81 2022-03-15 6.36 2022-04-06 5.96 2022-04-11 6.43 2022-04-14 0 false
dltp-00-2022-04-15 600650 9.41 2022-03-09 10.11 2022-03-11 9.42 2022-03-15 11.3 2022-04-14 0 false
dltp-00-2022-04-15 600655 8.82 2022-03-15 10.41 2022-03-23 9.83 2022-03-25 10.42 2022-04-12 0 false
dltp-00-2022-04-15 600682 10.38 2022-04-11 10.76 2022-04-12 10.49 2022-04-13 10.97 2022-04-15 0 false
dltp-00-2022-04-15 600690 20.77 2022-03-15 23.75 2022-04-01 22.55 2022-04-11 24.85 2022-04-14 0 false
dltp-00-2022-04-15 600696 27 2022-03-31 28.91 2022-04-08 27.3 2022-04-11 28.78 2022-04-14 0 false
dltp-00-2022-04-15 600697 11.83 2022-03-15 13.47 2022-04-06 13 2022-04-08 14.18 2022-04-12 0 false
dltp-00-2022-04-15 600705 3.76 2022-03-15 3.92 2022-03-16 3.9 2022-03-17 4.23 2022-04-06 0 false
dltp-00-2022-04-15 600710 5.63 2022-03-15 6 2022-04-06 5.85 2022-04-07 6.11 2022-04-14 0 false
dltp2022-04-15 600720 9.6 2022-03-15 11.04 2022-04-07 10.43 2022-04-13 10.87 2022-04-15 1 true
dltp-00-2022-04-15 600721 7.3 2022-03-16 8.36 2022-03-24 7.9 2022-03-28 9.22 2022-04-11 0 false
dltp2022-04-15 600744 4.32 2022-03-15 5.15 2022-03-21 4.44 2022-04-13 4.79 2022-04-15 2 false
dltp-00-2022-04-15 600763 122.4 2022-03-15 143.94 2022-04-01 134.92 2022-04-11 149.78 2022-04-15 0 false
dltp-00-2022-04-15 600778 4.4 2022-02-24 5.14 2022-03-18 4.75 2022-04-08 5.8 2022-04-13 0 false
dltp2022-04-15 600780 3.55 2022-03-15 3.86 2022-04-06 3.71 2022-04-11 4.03 2022-04-15 2 false
dltp-00-2022-04-15 600792 4.13 2022-03-31 4.32 2022-04-08 4.13 2022-04-11 4.75 2022-04-14 0 false
dltp-00-2022-04-15 600796 4.97 2022-01-25 5.76 2022-03-07 5.28 2022-03-15 6.21 2022-04-12 0 false
dltp-00-2022-04-15 600831 6.09 2022-03-15 6.8 2022-04-06 6.51 2022-04-08 6.96 2022-04-14 0 false
dltp-00-2022-04-15 600846 7.48 2022-03-15 8.17 2022-03-22 8.07 2022-03-24 8.68 2022-04-06 0 false
dltp-00-2022-04-15 600854 4.89 2022-03-30 5.1 2022-04-06 4.9 2022-04-11 5.14 2022-04-14 0 false
dltp-00-2022-04-15 600865 9 2022-02-11 12.71 2022-03-25 11.19 2022-04-07 13.49 2022-04-15 0 false
dltp2022-04-15 600868 2.6 2022-03-15 2.75 2022-04-06 2.65 2022-04-11 2.74 2022-04-15 1 false
dltp-00-2022-04-15 600870 4.23 2022-03-15 4.5 2022-03-25 4.34 2022-03-30 4.88 2022-04-07 0 false
dltp-00-2022-04-15 600873 7.16 2022-01-27 8.5 2022-03-03 7.9 2022-03-18 9.2 2022-03-30 0 false
dltp-00-2022-04-15 600874 6.35 2022-03-16 7.21 2022-03-22 6.79 2022-03-30 8.05 2022-04-14 0 false
dltp2022-04-15 600892 3.22 2022-03-15 3.55 2022-04-06 3.28 2022-04-11 3.97 2022-04-13 2 false
dltp2022-04-15 600929 6.52 2022-03-15 7.29 2022-03-30 6.76 2022-04-11 7.23 2022-04-15 1 true
dltp-00-2022-04-15 600962 8.33 2022-01-27 10.24 2022-03-25 9.61 2022-04-01 10.18 2022-04-12 0 false
dltp2022-04-15 600969 7.15 2022-03-17 8.21 2022-03-31 7.59 2022-04-11 8.54 2022-04-13 2 false
dltp-00-2022-04-15 600996 8.19 2022-03-30 9.04 2022-04-07 8.47 2022-04-08 9.58 2022-04-12 0 false
dltp-00-2022-04-15 601008 3.71 2022-02-24 4.83 2022-03-03 4.1 2022-03-29 4.94 2022-04-12 0 false
dltp-00-2022-04-15 601010 3.07 2022-03-15 3.27 2022-03-22 3.22 2022-03-24 3.62 2022-04-12 0 false
dltp2022-04-15 601086 3.75 2022-03-15 4.73 2022-03-22 4.03 2022-03-30 4.57 2022-04-15 1 false
dltp-00-2022-04-15 601101 7.37 2022-01-28 10.45 2022-03-07 8.75 2022-03-15 11.31 2022-04-14 0 false
dltp-00-2022-04-15 601111 8.42 2022-03-15 9.83 2022-04-01 9.49 2022-04-11 10.33 2022-04-15 0 false
dltp-00-2022-04-15 601116 7.76 2021-11-29 10.49 2022-01-13 7.76 2022-03-15 11.18 2022-04-12 0 false
dltp-00-2022-04-15 601118 4.68 2022-03-15 5.06 2022-04-06 4.93 2022-04-07 5.1 2022-04-12 0 false
dltp-00-2022-04-15 601211 15.45 2022-04-11 15.79 2022-04-12 15.65 2022-04-13 15.85 2022-04-14 0 false
dltp-00-2022-04-15 601238 10.54 2022-03-15 11.83 2022-04-08 11.28 2022-04-11 11.91 2022-04-15 0 false
dltp-00-2022-04-15 601288 2.93 2022-03-17 2.99 2022-03-24 2.98 2022-03-25 3.1 2022-04-08 0 false
dltp-00-2022-04-15 601318 47.62 2022-04-11 48.47 2022-04-12 47.82 2022-04-13 48.3 2022-04-15 0 false
dltp-00-2022-04-15 601366 6.23 2022-03-15 6.62 2022-04-12 6.51 2022-04-13 6.58 2022-04-15 0 false
dltp-00-2022-04-15 601595 9.48 2022-03-15 10.64 2022-04-06 9.95 2022-04-11 10.63 2022-04-14 0 false
dltp-00-2022-04-15 601666 11.73 2022-03-16 17.12 2022-03-31 14.23 2022-04-12 17.22 2022-04-14 0 false
dltp-00-2022-04-15 601688 14.65 2022-04-11 14.93 2022-04-12 14.73 2022-04-13 14.93 2022-04-14 0 false
dltp-00-2022-04-15 601696 10.73 2022-03-09 14.08 2022-03-16 12.13 2022-03-29 15.11 2022-04-13 0 false
dltp-00-2022-04-15 601699 11.34 2022-01-05 17.1 2022-03-22 15.7 2022-04-11 18 2022-04-14 0 false
dltp-00-2022-04-15 601800 8.37 2022-03-15 9.64 2022-03-30 9.15 2022-04-01 10.13 2022-04-14 0 false
dltp-00-2022-04-15 601838 14.22 2022-03-21 14.79 2022-03-22 14.27 2022-03-29 16.55 2022-04-15 0 false
dltp-00-2022-04-15 601880 1.68 2022-03-15 1.79 2022-04-06 1.75 2022-04-11 1.82 2022-04-12 0 false
dltp-00-2022-04-15 601901 6.48 2022-03-15 7.14 2022-04-01 6.88 2022-04-07 7.08 2022-04-12 0 false
dltp-00-2022-04-15 601952 11.37 2022-02-23 13.6 2022-03-07 11.82 2022-03-16 14.88 2022-04-15 0 false
dltp-00-2022-04-15 601958 6.26 2022-01-27 7.3 2022-03-07 6.4 2022-03-15 7.71 2022-04-14 0 false
dltp-00-2022-04-15 601975 1.8 2022-03-15 1.99 2022-04-06 1.91 2022-04-11 1.99 2022-04-14 0 false
dltp-00-2022-04-15 603043 19.34 2022-03-15 22.13 2022-04-06 21.06 2022-04-08 22.81 2022-04-15 0 false
dltp2022-04-15 603095 23.4 2022-03-15 25.45 2022-03-31 25.2 2022-04-01 27.11 2022-04-06 1 false
dltp-00-2022-04-15 603099 8.27 2022-03-15 9.68 2022-04-06 9.25 2022-04-11 9.99 2022-04-12 0 false
dltp-00-2022-04-15 603101 5.56 2022-03-15 6.21 2022-04-06 6.02 2022-04-08 6.55 2022-04-12 0 false
dltp-00-2022-04-15 603167 7.32 2022-03-15 7.86 2022-04-06 7.66 2022-04-11 7.96 2022-04-12 0 false
dltp-00-2022-04-15 603177 17.25 2022-03-16 20.12 2022-03-21 19.6 2022-03-23 21.87 2022-03-31 0 false
dltp-00-2022-04-15 603219 14.18 2022-03-15 18.91 2022-03-25 16.42 2022-03-29 20.15 2022-04-15 0 false
dltp-00-2022-04-15 603222 14.36 2022-01-27 18.72 2022-04-07 16.6 2022-04-11 19.18 2022-04-15 0 false
dltp-00-2022-04-15 603315 23.94 2022-03-29 25.22 2022-04-06 24.23 2022-04-11 25.71 2022-04-12 0 false
dltp-00-2022-04-15 603358 19.19 2022-03-09 20 2022-03-14 19.25 2022-03-15 22.25 2022-04-06 0 false
dltp-00-2022-04-15 603383 26.01 2022-03-15 29.45 2022-04-07 26.09 2022-04-11 29.76 2022-04-14 0 false
dltp-00-2022-04-15 603565 23.49 2022-03-16 27.64 2022-04-01 26.14 2022-04-08 28.15 2022-04-13 0 false
dltp-00-2022-04-15 603599 31.18 2022-04-07 33.22 2022-04-08 31.7 2022-04-13 33.42 2022-04-15 0 false
dltp-00-2022-04-15 603612 18.26 2022-03-29 19.54 2022-03-30 18.68 2022-04-07 20.6 2022-04-14 0 false
dltp-00-2022-04-15 603619 13.14 2022-03-15 16.16 2022-03-23 14.48 2022-04-01 16.85 2022-04-14 0 false
dltp-00-2022-04-15 603639 18.55 2022-03-15 20.95 2022-03-31 20.38 2022-04-01 22.48 2022-04-15 0 false
dltp-00-2022-04-15 603708 12.5 2022-03-08 13.22 2022-04-06 12.61 2022-04-08 14.15 2022-04-12 0 false
dltp-00-2022-04-15 603808 11.82 2022-03-09 12.63 2022-03-11 11.91 2022-03-24 13.7 2022-04-13 0 false
dltp-00-2022-04-15 603813 14.85 2022-03-15 17.2 2022-04-06 16.15 2022-04-08 18.77 2022-04-14 0 false
dltp-00-2022-04-15 603833 109.26 2022-03-29 122.8 2022-04-07 117.22 2022-04-13 131.93 2022-04-15 0 false
dltp-00-2022-04-15 603863 8.49 2022-03-15 9.26 2022-03-24 9.06 2022-03-29 9.49 2022-04-13 0 false
dltp-00-2022-04-15 603878 6.11 2022-03-15 6.76 2022-04-06 6.59 2022-04-11 6.8 2022-04-12 0 false
dltp-00-2022-04-15 603886 17.87 2022-03-15 19.53 2022-04-06 18.06 2022-04-13 19.96 2022-04-15 0 false
dltp-00-2022-04-15 603949 24.6 2022-03-14 26.8 2022-03-24 25.49 2022-04-07 26.74 2022-04-08 0 false
dltp-00-2022-04-15 603970 23.8 2022-03-15 26.28 2022-03-24 24.56 2022-03-31 27.94 2022-04-14 0 false
dltp-00-2022-04-15 603993 4.62 2022-03-15 5.41 2022-04-08 5.13 2022-04-11 5.52 2022-04-15 0 false
dltp-00-2022-04-15 605018 15.42 2022-01-28 19.08 2022-03-02 16 2022-03-17 19.9 2022-04-12 0 false
dltp-00-2022-04-15 605188 7.24 2022-03-15 7.83 2022-04-06 7.66 2022-04-08 8.55 2022-04-14 0 false
dltp-00-2022-04-15 605336 24.34 2022-04-11 25.76 2022-04-12 24.62 2022-04-13 26.27 2022-04-14 0 false
dltp-00-2022-04-15 605368 12.01 2022-03-15 13.2 2022-04-06 12.75 2022-04-11 13.14 2022-04-15 0 false
date==dltp3l=2022-04-15  ma_n= 60
day industry code name turnover_ratio pe_ratio industry_cnt inc_revenue_year_rank inc_revenue_annual_rank cfo_sales_rank leverage_ratio_rank
dltp-00-2022-04-15 000001 13.68 2022-03-15 16.4 2022-04-08 15.8 2022-04-13 16.42 2022-04-15 0 false
dltp2022-04-15 000046 1.6 2022-03-15 2.04 2022-04-08 1.86 2022-04-13 2.26 2022-04-15 1 false
dltp-00-2022-04-15 000056 7.81 2022-04-07 8.08 2022-04-08 7.83 2022-04-11 8.34 2022-04-12 0 false
dltp-00-2022-04-15 000404 4.12 2022-03-15 4.62 2022-03-22 4.49 2022-03-24 5.04 2022-04-14 0 false
dltp-00-2022-04-15 000411 13.32 2022-04-11 13.92 2022-04-12 13.58 2022-04-13 14.14 2022-04-14 0 false
dltp-00-2022-04-15 000416 3.83 2022-03-29 4.11 2022-04-06 3.88 2022-04-11 4.28 2022-04-15 0 false
dltp-00-2022-04-15 000430 5.08 2021-12-06 7.19 2022-02-14 5.58 2022-03-15 7.79 2022-04-13 0 false
dltp-00-2022-04-15 000498 6.14 2021-12-30 9.63 2022-02-08 7.55 2022-03-15 10.15 2022-04-11 0 false
dltp-00-2022-04-15 000544 6.03 2022-03-15 6.49 2022-04-06 6.34 2022-04-07 6.61 2022-04-12 0 false
dltp-00-2022-04-15 000572 4.42 2022-03-15 5.91 2022-03-29 5.29 2022-04-07 5.93 2022-04-12 0 false
dltp-00-2022-04-15 000573 2.8 2021-11-05 4.4 2022-02-11 3.39 2022-03-15 4.69 2022-04-06 0 false
dltp-00-2022-04-15 000595 3.08 2022-03-15 3.48 2022-03-22 3.11 2022-03-31 3.84 2022-04-11 0 false
dltp-00-2022-04-15 000603 12.94 2022-04-07 13.4 2022-04-08 13.17 2022-04-11 14.34 2022-04-12 0 false
dltp2022-04-15 000605 5.72 2022-03-15 7.16 2022-04-08 5.91 2022-04-13 6.64 2022-04-15 0 true
dltp-00-2022-04-15 000609 4.33 2022-03-15 4.73 2022-03-23 4.57 2022-03-29 4.99 2022-04-12 0 false
dltp-00-2022-04-15 000610 8.1 2022-03-15 9.67 2022-04-06 8.96 2022-04-11 9.86 2022-04-12 0 false
dltp-00-2022-04-15 000623 16.2 2022-04-11 16.54 2022-04-12 16.24 2022-04-13 16.86 2022-04-14 0 false
dltp-00-2022-04-15 000630 3.32 2022-03-15 3.87 2022-03-24 3.7 2022-04-01 4.36 2022-04-14 0 false
dltp-00-2022-04-15 000631 3.06 2022-03-15 3.52 2022-03-28 3.5 2022-03-29 3.74 2022-04-08 0 false
dltp-00-2022-04-15 000638 4.78 2022-01-05 5.5 2022-01-13 4.83 2022-01-25 5.99 2022-04-08 0 false
dltp-00-2022-04-15 000680 3.75 2022-03-15 4.15 2022-04-06 4.05 2022-04-07 4.43 2022-04-12 0 false
dltp-00-2022-04-15 000683 8.46 2022-03-17 10.12 2022-03-30 9.18 2022-04-12 10.3 2022-04-14 0 false
dltp-00-2022-04-15 000701 5.66 2022-03-30 6.25 2022-04-06 5.79 2022-04-11 6.64 2022-04-13 0 false
dltp-00-2022-04-15 000713 8.47 2022-01-25 10.19 2022-02-21 8.57 2022-03-15 10.27 2022-04-11 0 false
dltp-00-2022-04-15 000732 2.17 2022-01-27 3.36 2022-02-11 2.51 2022-03-15 3.52 2022-04-06 0 false
dltp-00-2022-04-15 000778 4.46 2022-03-15 4.95 2022-03-21 4.59 2022-03-25 5.36 2022-04-08 0 false
dltp-00-2022-04-15 000793 2.82 2022-03-29 3.03 2022-04-06 2.82 2022-04-11 3.03 2022-04-14 0 false
dltp-00-2022-04-15 000825 6.39 2022-03-15 7.15 2022-04-06 6.83 2022-04-11 7.15 2022-04-15 0 false
dltp-00-2022-04-15 000830 14.08 2022-01-28 17.74 2022-03-03 15.53 2022-03-15 18.99 2022-04-08 0 false
dltp-00-2022-04-15 000898 3.25 2022-03-15 3.77 2022-04-08 3.63 2022-04-11 3.85 2022-04-15 0 false
dltp2022-04-15 000915 31.27 2022-03-15 35.7 2022-03-25 31.34 2022-04-11 34.96 2022-04-15 1 true
dltp2022-04-15 000923 12.95 2022-03-15 15.63 2022-04-06 14.76 2022-04-11 16.9 2022-04-15 0 true
dltp-00-2022-04-15 000932 4.85 2021-11-16 6.12 2022-03-04 5.03 2022-03-15 6.42 2022-04-14 0 false
dltp-00-2022-04-15 000950 4.91 2022-02-17 6.15 2022-03-07 4.99 2022-03-15 6.57 2022-03-28 0 false
dltp-00-2022-04-15 000959 4.86 2022-03-15 5.86 2022-04-08 5.58 2022-04-12 5.92 2022-04-15 0 false
dltp-00-2022-04-15 000978 5.14 2021-12-23 6.9 2022-02-14 5.56 2022-03-15 6.93 2022-04-12 0 false
dltp-00-2022-04-15 002032 43.7 2022-03-15 53.4 2022-04-01 50.39 2022-04-11 53.24 2022-04-15 0 false
dltp-00-2022-04-15 002067 3.7 2022-03-15 3.98 2022-03-22 3.96 2022-03-24 4.18 2022-04-06 0 false
dltp-00-2022-04-15 002110 6.39 2021-11-09 7.9 2022-02-21 6.51 2022-03-15 7.92 2022-04-15 0 false
dltp-00-2022-04-15 002114 7.33 2022-03-15 8.11 2022-04-06 7.95 2022-04-07 8.75 2022-04-14 0 false
dltp-00-2022-04-15 002133 2.68 2021-11-05 4.68 2022-02-22 3.36 2022-03-15 4.88 2022-04-06 0 false
dltp-00-2022-04-15 002144 9.27 2022-03-15 10.03 2022-03-22 9.81 2022-03-24 11.1 2022-04-12 0 false
dltp-00-2022-04-15 002170 5.95 2022-04-01 6 2022-04-06 5.97 2022-04-07 6.45 2022-04-14 0 false
dltp-00-2022-04-15 002204 3.66 2022-03-15 4.09 2022-04-06 3.89 2022-04-11 4.1 2022-04-14 0 false
dltp-00-2022-04-15 002208 6.98 2021-11-02 9.65 2022-01-19 7.1 2022-03-15 10.32 2022-04-01 0 false
dltp-00-2022-04-15 002215 5.97 2022-02-11 6.45 2022-02-23 5.97 2022-03-15 6.91 2022-04-14 0 false
dltp-00-2022-04-15 002226 5.45 2022-03-09 5.87 2022-03-14 5.66 2022-03-15 6.67 2022-03-24 0 false
dltp-00-2022-04-15 002321 2.58 2022-03-16 2.86 2022-04-07 2.77 2022-04-11 2.87 2022-04-13 0 false
dltp-00-2022-04-15 002367 6.54 2022-03-15 7.7 2022-03-21 7.05 2022-03-29 7.63 2022-04-15 0 false
dltp-00-2022-04-15 002423 7.57 2022-03-15 8.5 2022-04-01 8.01 2022-04-11 8.52 2022-04-13 0 false
dltp-00-2022-04-15 002443 7.36 2022-03-15 8.34 2022-04-12 8.03 2022-04-13 8.6 2022-04-15 0 false
dltp-00-2022-04-15 002470 2.62 2022-03-15 2.82 2022-03-23 2.65 2022-04-06 2.85 2022-04-14 0 false
dltp-00-2022-04-15 002478 4 2022-03-15 4.4 2022-03-18 4.34 2022-03-21 4.68 2022-04-06 0 false
dltp2022-04-15 002481 7.5 2022-03-15 9.03 2022-03-25 7.8 2022-04-11 9.24 2022-04-15 2 false
dltp-00-2022-04-15 002492 5.41 2022-01-27 6.77 2022-03-03 5.85 2022-03-15 6.94 2022-04-13 0 false
dltp-00-2022-04-15 002496 2.45 2022-03-15 2.72 2022-03-28 2.67 2022-03-31 2.86 2022-04-14 0 false
dltp-00-2022-04-15 002523 2.55 2022-03-15 2.85 2022-04-06 2.77 2022-04-07 2.91 2022-04-12 0 false
dltp2022-04-15 002562 5.13 2022-04-07 5.43 2022-04-12 5.21 2022-04-13 5.68 2022-04-15 1 false
dltp-00-2022-04-15 002575 4.28 2022-04-06 4.49 2022-04-08 4.36 2022-04-11 4.64 2022-04-14 0 false
dltp-00-2022-04-15 002588 5.37 2022-01-25 6.53 2022-02-23 5.78 2022-03-15 7.41 2022-04-14 0 false
dltp-00-2022-04-15 002639 9.72 2022-03-15 13.5 2022-03-23 11.05 2022-04-01 13.38 2022-04-12 0 false
dltp-00-2022-04-15 002640 3.04 2022-04-11 3.15 2022-04-13 3.06 2022-04-14 3.15 2022-04-15 0 false
dltp-00-2022-04-15 002659 3.96 2022-03-15 4.37 2022-03-18 4.03 2022-03-30 4.62 2022-04-14 0 false
dltp-00-2022-04-15 002660 7.56 2022-03-29 8.28 2022-04-06 7.77 2022-04-11 8.55 2022-04-12 0 false
dltp-00-2022-04-15 002661 10.77 2022-03-15 11.91 2022-03-29 11.17 2022-04-08 12.19 2022-04-14 0 false
dltp-00-2022-04-15 002770 2.38 2022-03-15 2.63 2022-03-23 2.55 2022-03-28 2.84 2022-04-08 0 false
dltp-00-2022-04-15 002776 2.54 2022-02-17 3.25 2022-03-10 2.87 2022-03-21 3.5 2022-04-12 0 false
dltp-00-2022-04-15 002789 9.63 2022-03-15 12.6 2022-03-22 10.85 2022-03-29 13.74 2022-04-11 0 false
dltp-00-2022-04-15 002861 11.61 2022-03-15 12.57 2022-03-21 11.88 2022-03-29 14.3 2022-04-13 0 false
dltp-00-2022-04-15 002905 6.15 2022-03-15 7.34 2022-03-28 7.16 2022-03-29 8.03 2022-04-12 0 false
dltp2022-04-15 002940 36.42 2022-03-24 38.59 2022-04-08 36.95 2022-04-13 41.34 2022-04-15 3 false
dltp-00-2022-04-15 002956 15.43 2022-01-27 16.7 2022-03-31 15.85 2022-04-08 16.67 2022-04-15 0 false
dltp2022-04-15 003037 9.95 2022-03-15 12.9 2022-04-08 11.13 2022-04-13 13.46 2022-04-15 0 true
dltp-00-2022-04-15 600004 11.23 2022-03-15 13.08 2022-03-21 12.2 2022-03-29 13.43 2022-04-15 0 false
dltp-00-2022-04-15 600009 47.99 2022-04-11 52.4 2022-04-12 50.92 2022-04-13 52.71 2022-04-15 0 false
dltp-00-2022-04-15 600012 7.06 2022-03-15 7.48 2022-03-18 7.39 2022-03-24 8.05 2022-04-06 0 false
dltp-00-2022-04-15 600019 6.18 2022-03-15 7.31 2022-04-08 7.11 2022-04-12 7.36 2022-04-14 0 false
dltp-00-2022-04-15 600035 3 2022-03-15 3.22 2022-03-22 3.14 2022-03-24 3.49 2022-04-12 0 false
dltp-00-2022-04-15 600037 8.1 2022-03-15 9.09 2022-04-06 8.46 2022-04-13 9.01 2022-04-14 0 false
dltp-00-2022-04-15 600048 12.24 2021-11-05 17.16 2022-03-07 14.71 2022-03-15 19.32 2022-04-15 0 false
dltp-00-2022-04-15 600051 7.04 2022-03-15 8.66 2022-03-28 7.63 2022-04-11 8.95 2022-04-14 0 false
dltp-00-2022-04-15 600057 7.89 2022-03-17 8.42 2022-03-22 8.32 2022-03-23 9.36 2022-04-14 0 false
dltp-00-2022-04-15 600117 3.43 2022-03-15 3.89 2022-04-08 3.77 2022-04-11 3.93 2022-04-15 0 false
dltp2022-04-15 600121 3.78 2022-03-15 4.52 2022-03-22 4.02 2022-04-11 4.84 2022-04-15 2 true
dltp-00-2022-04-15 600122 1.76 2022-03-14 1.98 2022-03-21 1.82 2022-04-01 2.05 2022-04-08 0 false
dltp-00-2022-04-15 600138 9.96 2021-12-24 12.77 2022-02-14 10.9 2022-03-15 12.92 2022-04-06 0 false
dltp-00-2022-04-15 600155 8.91 2022-03-29 9.58 2022-04-08 9.4 2022-04-11 9.92 2022-04-14 0 false
dltp-00-2022-04-15 600173 4.64 2021-11-03 7.08 2022-01-11 5.03 2022-03-15 7.26 2022-04-06 0 false
dltp2022-04-15 600197 22.16 2022-02-07 28.35 2022-03-10 24.5 2022-03-15 30.91 2022-04-14 2 false
dltp-00-2022-04-15 600215 7.35 2022-03-17 8.18 2022-03-23 7.98 2022-03-24 8.78 2022-04-01 0 false
dltp-00-2022-04-15 600226 2.1 2022-01-24 2.29 2022-03-07 2.13 2022-03-15 2.41 2022-04-08 0 false
dltp-00-2022-04-15 600227 3.22 2022-03-15 3.45 2022-03-22 3.42 2022-03-23 3.73 2022-03-30 0 false
dltp-00-2022-04-15 600249 4.76 2021-11-29 5.59 2022-01-10 4.76 2022-01-27 6.29 2022-03-29 0 false
dltp-00-2022-04-15 600250 4.54 2021-12-07 6.85 2022-03-08 5.2 2022-03-15 6.86 2022-04-12 0 false
dltp-00-2022-04-15 600269 3.34 2022-03-15 3.65 2022-03-28 3.48 2022-03-30 3.68 2022-04-12 0 false
dltp-00-2022-04-15 600287 4.22 2021-12-06 4.96 2022-03-11 4.5 2022-03-15 5.48 2022-04-06 0 false
dltp-00-2022-04-15 600302 4.87 2022-02-24 5.13 2022-03-03 4.89 2022-03-09 5.73 2022-03-28 0 false
dltp-00-2022-04-15 600365 4.37 2022-03-17 4.85 2022-03-23 4.57 2022-04-07 5.18 2022-04-14 0 false
dltp-00-2022-04-15 600371 12.03 2022-03-15 14.43 2022-03-29 13.02 2022-04-08 14.38 2022-04-14 0 false
dltp-00-2022-04-15 600382 5.6 2022-03-28 5.62 2022-03-30 5.6 2022-03-31 6.19 2022-04-14 0 false
dltp-00-2022-04-15 600383 10.5 2021-12-15 14.06 2022-03-07 11.91 2022-03-15 15.2 2022-04-06 0 false
dltp-00-2022-04-15 600408 2.88 2021-11-29 3.9 2021-12-29 2.9 2022-03-15 3.96 2022-04-14 0 false
dltp-00-2022-04-15 600426 31.9 2022-03-25 33 2022-03-29 32.39 2022-03-30 34.19 2022-04-11 0 false
dltp-00-2022-04-15 600448 3.21 2022-02-24 3.52 2022-03-03 3.3 2022-03-09 3.78 2022-04-13 0 false
dltp-00-2022-04-15 600467 2.68 2022-03-15 3 2022-03-21 2.91 2022-03-24 3.24 2022-04-14 0 false
dltp-00-2022-04-15 600476 11.97 2022-03-15 13.15 2022-03-21 12.62 2022-03-24 14.3 2022-04-14 0 false
dltp-00-2022-04-15 600506 10.61 2022-01-25 12.98 2022-03-08 11.07 2022-03-17 12.95 2022-04-12 0 false
dltp-00-2022-04-15 600507 7.34 2022-03-15 8.6 2022-03-18 8.13 2022-03-25 8.96 2022-04-06 0 false
dltp-00-2022-04-15 600513 8.95 2022-03-15 9.76 2022-04-06 9.1 2022-04-11 9.77 2022-04-14 0 false
dltp-00-2022-04-15 600547 18.56 2022-01-27 21.82 2022-03-09 18.85 2022-03-16 23.33 2022-04-12 0 false
dltp-00-2022-04-15 600573 9.02 2022-02-28 10.79 2022-03-21 9.57 2022-03-29 11.4 2022-04-14 0 false
dltp-00-2022-04-15 600582 4.08 2022-02-28 4.59 2022-03-07 4.16 2022-03-16 5.01 2022-03-23 0 false
dltp-00-2022-04-15 600610 12.55 2022-03-15 14.21 2022-03-21 13.2 2022-03-28 14.55 2022-04-08 0 false
dltp-00-2022-04-15 600611 3.2 2022-03-15 3.49 2022-04-06 3.39 2022-04-11 3.48 2022-04-12 0 false
dltp-00-2022-04-15 600629 6.27 2022-01-27 8.99 2022-02-21 6.82 2022-03-15 9.35 2022-04-12 0 false
dltp-00-2022-04-15 600648 12.38 2022-03-16 13.14 2022-03-28 13.09 2022-03-29 14.22 2022-04-06 0 false
dltp-00-2022-04-15 600650 9.41 2022-03-09 10.11 2022-03-11 9.42 2022-03-15 11.3 2022-04-14 0 false
dltp-00-2022-04-15 600655 8.82 2022-03-15 10.41 2022-03-23 9.83 2022-03-25 10.42 2022-04-12 0 false
dltp-00-2022-04-15 600671 8.93 2022-03-09 9.4 2022-03-14 9 2022-03-15 9.87 2022-03-24 0 false
dltp-00-2022-04-15 600682 9.59 2022-03-15 10.93 2022-04-06 10.38 2022-04-11 10.97 2022-04-15 0 false
dltp-00-2022-04-15 600684 3.26 2022-01-27 4.42 2022-03-07 3.53 2022-03-15 5 2022-04-06 0 false
dltp2022-04-15 600720 9.6 2022-03-15 11.04 2022-04-07 10.43 2022-04-13 10.87 2022-04-15 1 true
dltp-00-2022-04-15 600721 6.93 2022-01-27 8.66 2022-03-01 7.3 2022-03-16 9.22 2022-04-11 0 false
dltp2022-04-15 600746 12.77 2022-03-09 14 2022-04-08 13.58 2022-04-11 14.96 2022-04-15 1 false
dltp-00-2022-04-15 600768 9.57 2022-04-01 9.87 2022-04-07 9.62 2022-04-11 10.56 2022-04-14 0 false
dltp2022-04-15 600780 3.55 2022-03-15 3.86 2022-04-06 3.71 2022-04-11 4.03 2022-04-15 2 false
dltp-00-2022-04-15 600782 5.15 2021-11-16 6.34 2022-03-04 5.15 2022-03-15 6.58 2022-04-15 0 false
dltp-00-2022-04-15 600790 2.9 2021-11-02 3.75 2022-03-03 3.34 2022-03-15 3.97 2022-04-06 0 false
dltp-00-2022-04-15 600808 3.61 2021-11-30 4.75 2022-03-07 3.8 2022-03-15 4.74 2022-04-14 0 false
dltp-00-2022-04-15 600814 6.05 2021-12-13 8.09 2022-02-16 6.59 2022-03-15 8.47 2022-04-12 0 false
dltp-00-2022-04-15 600822 7.7 2022-03-15 9.26 2022-03-25 8.52 2022-04-07 9.92 2022-04-13 0 false
dltp-00-2022-04-15 600824 3.89 2022-03-24 3.98 2022-03-25 3.9 2022-03-30 4.47 2022-04-12 0 false
dltp-00-2022-04-15 600831 6.13 2022-03-25 6.46 2022-03-28 6.31 2022-03-30 6.96 2022-04-14 0 false
dltp-00-2022-04-15 600846 8.07 2022-03-24 8.27 2022-03-28 8.11 2022-03-29 8.68 2022-04-06 0 false
dltp-00-2022-04-15 600874 6.35 2022-03-16 7.21 2022-03-22 6.79 2022-03-30 8.05 2022-04-14 0 false
dltp-00-2022-04-15 600888 6.99 2022-03-15 8.05 2022-04-08 7.84 2022-04-11 8.54 2022-04-14 0 false
dltp-00-2022-04-15 600901 4.94 2022-04-07 5.03 2022-04-08 4.99 2022-04-11 5.17 2022-04-12 0 false
dltp2022-04-15 600929 6.52 2022-03-15 7.29 2022-03-30 6.76 2022-04-11 7.23 2022-04-15 1 true
dltp-00-2022-04-15 600998 13.03 2022-03-29 13.6 2022-04-13 13.51 2022-04-14 13.67 2022-04-15 0 false
dltp-00-2022-04-15 601028 16.19 2021-12-07 20.86 2022-02-21 17.69 2022-03-15 20.89 2022-03-29 0 false
dltp-00-2022-04-15 601117 8.17 2022-03-15 10.28 2022-04-12 9.95 2022-04-13 10.24 2022-04-14 0 false
dltp-00-2022-04-15 601236 8.94 2022-03-10 10.68 2022-03-30 9.79 2022-04-11 10.98 2022-04-14 0 false
dltp-00-2022-04-15 601288 2.93 2021-12-17 3.08 2022-02-11 2.93 2022-03-17 3.1 2022-04-08 0 false
dltp-00-2022-04-15 601328 4.6 2022-03-15 4.78 2022-03-16 4.73 2022-03-17 5.18 2022-04-13 0 false
dltp-00-2022-04-15 601366 6.23 2022-03-15 6.62 2022-04-12 6.51 2022-04-13 6.58 2022-04-15 0 false
dltp-00-2022-04-15 601368 5.15 2022-03-15 5.5 2022-03-21 5.27 2022-03-24 5.81 2022-04-14 0 false
dltp-00-2022-04-15 601390 5.52 2021-12-06 6.72 2022-02-10 5.55 2022-03-15 6.94 2022-04-12 0 false
dltp-00-2022-04-15 601518 2.51 2022-03-15 2.76 2022-03-22 2.68 2022-03-24 2.95 2022-04-12 0 false
dltp-00-2022-04-15 601528 9.75 2022-04-11 10.3 2022-04-12 10.01 2022-04-13 10.31 2022-04-14 0 false
dltp-00-2022-04-15 601577 7.75 2022-04-11 7.9 2022-04-12 7.8 2022-04-14 7.93 2022-04-15 0 false
dltp-00-2022-04-15 601658 4.89 2022-03-15 5.74 2022-04-08 5.56 2022-04-14 5.69 2022-04-15 0 false
dltp-00-2022-04-15 601696 10.73 2022-03-09 14.08 2022-03-16 12.13 2022-03-29 15.11 2022-04-13 0 false
dltp-00-2022-04-15 601800 8.37 2022-03-15 9.64 2022-03-30 9.15 2022-04-01 10.13 2022-04-14 0 false
dltp-00-2022-04-15 601818 3.33 2022-04-11 3.35 2022-04-12 3.34 2022-04-13 3.35 2022-04-15 0 false
dltp-00-2022-04-15 601838 11.13 2021-12-01 15.1 2022-02-11 13.03 2022-03-15 16.55 2022-04-15 0 false
dltp-00-2022-04-15 601857 5 2022-03-15 5.62 2022-03-29 5.46 2022-04-12 5.6 2022-04-14 0 false
dltp-00-2022-04-15 601952 10.39 2022-01-27 13.6 2022-03-07 11.82 2022-03-16 14.88 2022-04-15 0 false
dltp-00-2022-04-15 601958 6.4 2022-03-15 6.88 2022-03-24 6.64 2022-03-31 7.71 2022-04-14 0 false
dltp-00-2022-04-15 601985 7.37 2022-03-15 8.03 2022-03-18 7.43 2022-03-25 8.12 2022-04-07 0 false
dltp-00-2022-04-15 603021 4.79 2022-01-27 5.53 2022-03-03 4.82 2022-03-15 5.67 2022-04-06 0 false
dltp-00-2022-04-15 603077 3.35 2022-03-15 3.68 2022-04-12 3.66 2022-04-13 3.76 2022-04-14 0 false
dltp-00-2022-04-15 603112 14.2 2022-04-07 14.71 2022-04-08 14.59 2022-04-11 15.28 2022-04-14 0 false
dltp-00-2022-04-15 603165 15.6 2022-03-17 17.06 2022-03-23 16.52 2022-03-28 18.24 2022-03-30 0 false
dltp-00-2022-04-15 603219 14.18 2022-03-15 18.91 2022-03-25 16.42 2022-03-29 20.15 2022-04-15 0 false
dltp-00-2022-04-15 603222 16.11 2022-03-15 18.72 2022-04-07 16.6 2022-04-11 19.18 2022-04-15 0 false
dltp-00-2022-04-15 603226 6.44 2021-10-27 7.63 2022-01-13 6.63 2022-01-27 8.33 2022-04-06 0 false
dltp-00-2022-04-15 603315 23.94 2022-03-29 25.22 2022-04-06 24.23 2022-04-11 25.71 2022-04-12 0 false
dltp-00-2022-04-15 603336 6.61 2022-03-15 7.79 2022-04-06 7.34 2022-04-08 8.26 2022-04-12 0 false
dltp-00-2022-04-15 603358 18.95 2022-01-27 21.22 2022-02-17 19.19 2022-03-09 22.25 2022-04-06 0 false
dltp-00-2022-04-15 603529 34.52 2022-03-09 41.11 2022-03-30 40.53 2022-03-31 45.2 2022-04-14 0 false
dltp-00-2022-04-15 603605 175.8 2022-04-07 180.47 2022-04-08 178.35 2022-04-11 185.76 2022-04-14 0 false
dltp-00-2022-04-15 603612 18.26 2022-03-29 19.54 2022-03-30 18.68 2022-04-07 20.6 2022-04-14 0 false
dltp-00-2022-04-15 603619 14.48 2022-04-01 15.5 2022-04-06 14.7 2022-04-08 16.85 2022-04-14 0 false
dltp-00-2022-04-15 603863 8.44 2022-01-25 9.49 2022-03-02 8.49 2022-03-15 9.49 2022-04-13 0 false
dltp-00-2022-04-15 603868 39.86 2021-12-20 49.03 2022-02-14 42.58 2022-03-15 50.57 2022-03-24 0 false
dltp-00-2022-04-15 603949 21.28 2021-12-27 26.75 2022-01-10 23.23 2022-02-15 26.81 2022-03-04 0 false
dltp-00-2022-04-15 603977 7.95 2022-03-15 9.67 2022-04-11 9.18 2022-04-13 10.1 2022-04-14 0 false
dltp-00-2022-04-15 605016 25.7 2022-01-27 31.87 2022-03-04 27.06 2022-03-25 33.3 2022-04-12 0 false
dltp-00-2022-04-15 605018 15.42 2022-01-28 19.08 2022-03-02 16 2022-03-17 19.9 2022-04-12 0 false
dltp-00-2022-04-15 605338 27.12 2022-03-16 31.53 2022-04-11 30.91 2022-04-12 33.91 2022-04-15 0 false
dltp3l cost is :73206837 
date==xc=2022-04-15
day industry code name turnover_ratio pe_ratio industry_cnt inc_revenue_year_rank inc_revenue_annual_rank cfo_sales_rank leverage_ratio_rank
xc2022-04-15 002271 []
xc2022-04-15 600127 []
xc2022-04-15 600598 []
xc2022-04-15 600713 []
xc2022-04-15 600763 []
xc2022-04-15 600784 []
xc2022-04-15 603387 []
xc cost is :93399910 
date==qkht=2022-04-15
day industry code name turnover_ratio pe_ratio industry_cnt inc_revenue_year_rank inc_revenue_annual_rank cfo_sales_rank leverage_ratio_rank
qkht2022-04-15 000009 [-1 7.26 8.26 8.82] [0000-00-00 2021-02-02 2021-02-18 2021-04-02] [10.04]
qkht2022-04-15 000523 [-1 2.32 3.14] [0000-00-00 2021-02-22 2022-03-21] [3.42]
qkht2022-04-15 000525 [-1 4.41 4.63 5.41 5.66 5.94 6.24 7.44 8.56] [0000-00-00 2021-09-01 2021-09-02 2021-11-22 2021-11-23 2021-11-24 2021-11-25 2022-03-23 2022-04-08] [9.78]
qkht2022-04-15 000605 [-1 6.26] [0000-00-00 2022-04-15] [6.64]
qkht2022-04-15 000611 [-1 2.76 3.51 3.6 4.23] [0000-00-00 2021-06-03 2022-03-23 2022-03-24 2022-04-08] [4.89]
qkht2022-04-15 000656 [-1 3.94 4.94] [0000-00-00 2022-03-17 2022-04-15] [5.21]
qkht2022-04-15 000709 [-1 2.07 2.16 2.6] [0000-00-00 2021-02-18 2021-02-22 2022-04-15] [2.69]
qkht2022-04-15 000815 [-1 6.73 7.27 8 8.8 9.68 10.65] [0000-00-00 2022-02-18 2022-02-21 2022-02-22 2022-02-23 2022-02-24 2022-02-25] [12.82]
qkht2022-04-15 000823 [-1 9.47] [0000-00-00 2021-02-18] [10.05]
qkht2022-04-15 000887 [-1 7.83 9.23 11.53] [0000-00-00 2020-07-03 2020-08-03 2021-07-07] [13.88]
qkht2022-04-15 000895 [-1 26.75] [0000-00-00 2022-03-29] [30.97]
qkht2022-04-15 000923 [-1 13.38 16.25] [0000-00-00 2022-03-17 2022-04-15] [16.9]
qkht2022-04-15 000968 [-1 6.72 7.92] [0000-00-00 2021-08-23 2022-04-14] [9.35]
qkht2022-04-15 002076 [-1 1.34] [0000-00-00 2022-04-15] [1.39]
qkht2022-04-15 002175 [-1 1.35 1.38 1.55 1.63 2.28 2.35 2.47 2.59 2.86 3.04] [0000-00-00 2021-04-21 2021-04-22 2021-05-07 2021-05-10 2022-03-21 2022-03-22 2022-03-23 2022-03-24 2022-03-28 2022-04-11] [3.44]
qkht2022-04-15 002184 [-1 9.57 10.4] [0000-00-00 2021-01-18 2022-04-14] [11.7]
qkht2022-04-15 002251 [-1 6.94 7.63 8.39 9.23] [0000-00-00 2022-04-12 2022-04-13 2022-04-14 2022-04-15] [10.15]
qkht2022-04-15 002305 [-1 1.99 2.92] [0000-00-00 2022-03-17 2022-03-31] [3.45]
qkht2022-04-15 002535 [-1 1.6] [0000-00-00 2022-04-15] [1.65]
qkht2022-04-15 002586 [-1 2.45 2.82 3.78 4.69] [0000-00-00 2021-10-21 2021-12-01 2022-03-25 2022-04-15] [4.89]
qkht2022-04-15 002770 [-1 1.75 2.24 2.3 2.58] [0000-00-00 2021-08-02 2021-12-31 2022-01-04 2022-03-29] [2.69]
qkht2022-04-15 002864 [-1 29.81 32.79 36.07 39.68 43.65] [0000-00-00 2022-03-17 2022-03-18 2022-03-21 2022-03-22 2022-03-23] [50.13]
qkht2022-04-15 002886 [-1 12.52 16.79] [0000-00-00 2020-02-10 2021-08-23] [17.5]
qkht2022-04-15 003037 [-1 9.19 12.24] [0000-00-00 2021-02-05 2022-04-15] [13.46]
qkht2022-04-15 600021 [-1 7.91] [0000-00-00 2021-09-06] [8.73]
qkht2022-04-15 600027 [-1 3.08] [0000-00-00 2021-02-18] [3.46]
qkht2022-04-15 600121 [-1 2.57 3.39 4.63] [0000-00-00 2020-11-23 2020-11-30 2022-04-15] [4.84]
qkht2022-04-15 600122 [-1 1.61 1.69 1.84] [0000-00-00 2022-02-08 2022-02-09 2022-04-06] [1.9]
qkht2022-04-15 600163 [-1 6.34] [0000-00-00 2021-09-03] [7.37]
qkht2022-04-15 600225 [-1 1.32 1.39 1.61 2.89] [0000-00-00 2021-02-03 2021-02-04 2021-02-10 2022-04-13] [3.26]
qkht2022-04-15 600508 [-1 8.46 11.1] [0000-00-00 2021-02-18 2022-04-15] [12.1]
qkht2022-04-15 600725 [-1 2.07 2.17 4.03] [0000-00-00 2021-05-17 2021-05-18 2022-04-15] [4.43]
qkht2022-04-15 600741 [-1 17.4] [0000-00-00 2020-04-30] [20.1]
qkht2022-04-15 600744 [-1 4] [0000-00-00 2021-03-11] [4.79]
qkht2022-04-15 600758 [-1 3.92 4.37] [0000-00-00 2022-03-21 2022-04-15] [4.76]
qkht2022-04-15 600791 [-1 3.8 5.65] [0000-00-00 2022-03-17 2022-04-14] [6.84]
qkht2022-04-15 600863 [-1 2.73] [0000-00-00 2021-09-03] [3.14]
qkht2022-04-15 600898 [-1 5.88 6.09 8.57] [0000-00-00 2022-03-22 2022-03-23 2022-04-15] [9]
qkht2022-04-15 600929 [-1 4.93 5.74 6.99] [0000-00-00 2021-02-18 2021-04-12 2022-04-15] [7.23]
qkht2022-04-15 601116 [-1 8.5] [0000-00-00 2022-04-06] [9.8]
qkht2022-04-15 601636 [-1 8.13 10.22] [0000-00-00 2020-10-29 2020-11-09] [11.58]
qkht2022-04-15 603279 [-1 29.56] [0000-00-00 2021-07-29] [33.74]
qkht2022-04-15 603398 [-1 14.99 17.62] [0000-00-00 2021-11-25 2022-02-07] [19.95]
qkht2022-04-15 603806 [-1 84.35] [0000-00-00 2021-06-11] [97.93]
qkht2022-04-15 603912 [-1 15.37 16.7] [0000-00-00 2022-02-09 2022-02-18] [17.92]
date==stars=2022-04-15
stars_2022-04-15 000609 []
stars_2022-04-15 002473 []
stars_2022-04-15 430418 []
stars_2022-04-15 600091 []
stars_2022-04-15 600161 []
stars_2022-04-15 600209 []
stars_2022-04-15 600693 []
stars_2022-04-15 600695 []
stars_2022-04-15 600890 []
stars_2022-04-15 603518 []
stars_2022-04-15 830964 []
stars_2022-04-15 831039 []
stars_2022-04-15 833427 []
 cost is :140658525 
