date==dltp3l=2022-04-12  ma_n= 20
day industry code name turnover_ratio pe_ratio industry_cnt inc_revenue_year_rank inc_revenue_annual_rank cfo_sales_rank leverage_ratio_rank
dltp-00-2022-04-12 000001 13.68 2022-03-15 15.2 2022-03-24 14.68 2022-03-29 16.4 2022-04-08 0 false
dltp-00-2022-04-12 000048 17.36 2022-01-19 22.83 2022-02-10 19.65 2022-03-17 23.99 2022-04-12 0 false
dltp-00-2022-04-12 000059 6.39 2022-04-07 6.56 2022-04-08 6.48 2022-04-11 6.53 2022-04-12 0 false
dltp-00-2022-04-12 000089 6.47 2022-03-15 7.09 2022-04-06 6.87 2022-04-11 7.16 2022-04-12 0 false
dltp-00-2022-04-12 000090 5.7 2022-03-15 6.27 2022-03-18 6.22 2022-03-21 7 2022-04-06 0 false
dltp-00-2022-04-12 000099 6.38 2022-03-15 7.03 2022-04-06 6.77 2022-04-11 7.02 2022-04-12 0 false
dltp-00-2022-04-12 000166 4.24 2022-03-15 4.48 2022-04-06 4.36 2022-04-11 4.47 2022-04-12 0 false
dltp-00-2022-04-12 000404 4.12 2022-03-15 4.62 2022-03-22 4.49 2022-03-24 4.96 2022-03-31 0 false
dltp2022-04-12 000416 3.83 2022-03-24 3.9 2022-03-28 3.83 2022-03-29 4.27 2022-04-12 1 false
dltp-00-2022-04-12 000419 4.68 2022-03-15 5.1 2022-03-22 4.95 2022-03-24 5.58 2022-04-12 0 false
dltp2022-04-12 000540 2.2 2022-03-15 2.42 2022-03-23 2.36 2022-03-24 2.65 2022-04-06 1 false
dltp-00-2022-04-12 000559 5.05 2022-03-15 5.5 2022-03-30 5.31 2022-04-07 5.56 2022-04-12 0 false
dltp-00-2022-04-12 000600 4.03 2022-03-15 4.22 2022-04-06 4.15 2022-04-07 4.21 2022-04-08 0 false
dltp-00-2022-04-12 000603 11.98 2022-03-16 13.85 2022-03-25 12.94 2022-04-07 14.34 2022-04-12 0 false
dltp-00-2022-04-12 000609 4.33 2022-03-15 4.73 2022-03-23 4.57 2022-03-29 4.99 2022-04-12 0 false
dltp-00-2022-04-12 000610 8.1 2022-03-15 9.67 2022-04-06 8.96 2022-04-11 9.86 2022-04-12 0 false
dltp-00-2022-04-12 000616 1.78 2022-03-24 1.82 2022-03-28 1.78 2022-03-29 1.89 2022-04-08 0 false
dltp-00-2022-04-12 000637 5.04 2022-03-30 5.18 2022-03-31 5.07 2022-04-01 5.42 2022-04-08 0 false
dltp-00-2022-04-12 000686 7.35 2022-03-15 7.91 2022-04-06 7.7 2022-04-11 7.91 2022-04-12 0 false
dltp-00-2022-04-12 000702 4.9 2022-03-15 5.75 2022-04-06 5.4 2022-04-11 5.75 2022-04-12 0 false
dltp-00-2022-04-12 000713 8.47 2022-01-25 10.19 2022-02-21 8.57 2022-03-15 10.27 2022-04-11 0 false
dltp-00-2022-04-12 000721 4.37 2022-03-08 4.91 2022-03-21 4.61 2022-03-31 5.39 2022-04-12 0 false
dltp-00-2022-04-12 000735 5.91 2022-03-15 6.45 2022-03-23 6.34 2022-03-24 7.04 2022-04-06 0 false
dltp-00-2022-04-12 000753 3.12 2022-03-15 3.48 2022-03-23 3.43 2022-03-24 3.93 2022-04-06 0 false
dltp-00-2022-04-12 000755 4.44 2022-03-31 4.54 2022-04-06 4.46 2022-04-07 4.69 2022-04-08 0 false
dltp-00-2022-04-12 000778 4.46 2022-03-15 4.95 2022-03-21 4.59 2022-03-25 5.36 2022-04-08 0 false
dltp-00-2022-04-12 000779 10.2 2022-03-14 12.05 2022-03-21 10.58 2022-04-01 12.2 2022-04-12 0 false
dltp-00-2022-04-12 000786 25.74 2022-03-15 29.38 2022-03-22 27.64 2022-03-29 32.27 2022-04-06 0 false
dltp-00-2022-04-12 000792 28.7 2022-03-15 32.05 2022-03-29 29.3 2022-04-06 31.86 2022-04-08 0 false
dltp-00-2022-04-12 000793 2.52 2022-03-15 2.84 2022-03-23 2.74 2022-03-24 3.03 2022-04-06 0 false
dltp-00-2022-04-12 000816 3.43 2022-03-15 3.79 2022-03-29 3.67 2022-03-30 4 2022-03-31 0 false
dltp2022-04-12 000822 6.29 2022-03-15 7.13 2022-03-30 6.74 2022-04-07 7.34 2022-04-12 0 true
dltp-00-2022-04-12 000900 3.93 2022-03-15 4.19 2022-03-28 4.16 2022-03-29 4.69 2022-04-11 0 false
dltp-00-2022-04-12 000937 6.84 2022-03-23 7.19 2022-03-28 6.89 2022-03-30 7.49 2022-04-08 0 false
dltp-00-2022-04-12 000951 11.18 2022-04-07 12.3 2022-04-08 12 2022-04-11 12.24 2022-04-12 0 false
dltp-00-2022-04-12 000975 8.1 2022-01-27 9.55 2022-03-09 8.12 2022-03-15 10.51 2022-04-12 0 false
dltp-00-2022-04-12 000978 5.56 2022-03-15 6.91 2022-03-21 6.3 2022-04-11 6.93 2022-04-12 0 false
dltp-00-2022-04-12 001267 6.06 2022-04-01 6.16 2022-04-06 6.1 2022-04-07 6.35 2022-04-08 0 false
dltp-00-2022-04-12 001296 33.1 2022-03-15 35.23 2022-03-22 33.3 2022-04-01 35.8 2022-04-12 0 false
dltp-00-2022-04-12 002021 1.62 2022-03-15 1.74 2022-04-06 1.7 2022-04-07 1.78 2022-04-08 0 false
dltp-00-2022-04-12 002029 5.03 2022-03-15 5.44 2022-03-25 5.32 2022-03-29 5.78 2022-04-06 0 false
dltp-00-2022-04-12 002039 16.15 2022-03-15 17.66 2022-03-31 17.25 2022-04-01 17.85 2022-04-06 0 false
dltp-00-2022-04-12 002062 5.03 2022-03-25 5.16 2022-03-28 5.03 2022-03-29 5.63 2022-04-08 0 false
dltp-00-2022-04-12 002064 8.1 2022-03-15 9.2 2022-03-24 9.01 2022-03-25 9.12 2022-04-08 0 false
dltp-00-2022-04-12 002081 4.93 2022-03-15 5.68 2022-03-22 5.3 2022-03-29 5.7 2022-04-06 0 false
dltp2022-04-12 002089 1.99 2022-01-25 2.55 2022-02-28 2.08 2022-03-22 2.5 2022-04-12 0 true
dltp-00-2022-04-12 002097 7.14 2022-03-15 7.56 2022-04-06 7.37 2022-04-07 7.75 2022-04-12 0 false
dltp-00-2022-04-12 002116 8.57 2022-03-14 9.95 2022-03-21 8.99 2022-03-29 10.75 2022-04-12 0 false
dltp-00-2022-04-12 002122 2.34 2022-03-03 2.53 2022-03-22 2.34 2022-04-01 2.59 2022-04-11 0 false
dltp-00-2022-04-12 002142 32.02 2022-03-15 36.3 2022-03-24 35.89 2022-03-28 39.7 2022-04-11 0 false
dltp-00-2022-04-12 002144 9.27 2022-03-15 10.03 2022-03-22 9.81 2022-03-24 11.1 2022-04-12 0 false
dltp2022-04-12 002159 10.58 2022-03-24 11.48 2022-04-06 10.71 2022-04-11 11.78 2022-04-12 1 false
dltp-00-2022-04-12 002186 8.23 2022-03-15 8.94 2022-03-21 8.8 2022-03-24 9.8 2022-04-12 0 false
dltp-00-2022-04-12 002204 3.66 2022-03-15 4.09 2022-04-06 3.89 2022-04-11 4.07 2022-04-12 0 false
dltp-00-2022-04-12 002214 12.86 2022-03-28 13.74 2022-04-06 13.13 2022-04-11 13.63 2022-04-12 0 false
dltp-00-2022-04-12 002215 5.97 2022-03-15 6.3 2022-03-16 6.28 2022-03-17 6.88 2022-03-29 0 false
dltp-00-2022-04-12 002216 14.62 2022-03-24 15.24 2022-04-06 14.69 2022-04-08 15.78 2022-04-11 0 false
dltp-00-2022-04-12 002264 4.27 2022-03-15 4.8 2022-03-21 4.57 2022-03-29 5.24 2022-04-12 0 false
dltp2022-04-12 002267 5.86 2022-03-15 6.44 2022-04-06 6.16 2022-04-11 6.53 2022-04-12 1 true
dltp-00-2022-04-12 002278 5.38 2022-03-15 6.2 2022-03-21 6.09 2022-03-23 6.44 2022-04-12 0 false
dltp-00-2022-04-12 002295 6.48 2022-03-15 7.08 2022-04-06 6.75 2022-04-11 7.01 2022-04-12 0 false
dltp-00-2022-04-12 002316 5.09 2022-03-15 5.68 2022-03-22 5.23 2022-03-30 6.19 2022-04-06 0 false
dltp2022-04-12 002319 12.46 2022-03-16 13 2022-03-25 12.88 2022-03-30 14.3 2022-04-12 1 false
dltp-00-2022-04-12 002336 6.35 2022-03-15 7.4 2022-03-21 6.75 2022-03-24 7.57 2022-04-12 0 false
dltp-00-2022-04-12 002342 3.66 2022-03-15 4.05 2022-04-06 3.84 2022-04-11 4.06 2022-04-12 0 false
dltp-00-2022-04-12 002344 4.1 2022-03-15 4.44 2022-03-28 4.4 2022-03-29 4.67 2022-04-06 0 false
dltp-00-2022-04-12 002352 42.82 2022-03-29 49.06 2022-04-06 47.63 2022-04-07 52.3 2022-04-12 0 false
dltp-00-2022-04-12 002358 2.56 2022-03-15 2.8 2022-03-22 2.72 2022-03-28 3.06 2022-04-11 0 false
dltp-00-2022-04-12 002421 3.2 2022-03-15 3.37 2022-04-06 3.3 2022-04-08 3.35 2022-04-12 0 false
dltp-00-2022-04-12 002431 2.97 2022-03-15 3.27 2022-03-22 3.19 2022-03-24 3.5 2022-04-12 0 false
dltp2022-04-12 002432 58.9 2022-03-22 80.5 2022-03-30 63.08 2022-04-08 74.47 2022-04-12 0 true
dltp-00-2022-04-12 002443 7.36 2022-03-15 7.98 2022-04-06 7.7 2022-04-07 8.34 2022-04-12 0 false
dltp-00-2022-04-12 002457 9.05 2022-03-04 11.13 2022-03-21 9.87 2022-04-01 11.31 2022-04-12 0 false
dltp-00-2022-04-12 002468 7.17 2022-03-15 7.6 2022-04-06 7.32 2022-04-08 7.57 2022-04-12 0 false
dltp-00-2022-04-12 002470 2.65 2022-03-28 2.72 2022-03-29 2.65 2022-04-06 2.77 2022-04-08 0 false
dltp-00-2022-04-12 002478 4 2022-03-15 4.4 2022-03-18 4.34 2022-03-21 4.68 2022-04-06 0 false
dltp-00-2022-04-12 002489 3.22 2022-03-15 3.67 2022-03-22 3.5 2022-03-29 3.66 2022-04-06 0 false
dltp-00-2022-04-12 002492 5.85 2022-03-15 6.39 2022-03-23 6.07 2022-03-30 6.68 2022-04-12 0 false
dltp-00-2022-04-12 002500 5.36 2022-03-15 5.74 2022-04-06 5.5 2022-04-11 5.69 2022-04-12 0 false
dltp-00-2022-04-12 002501 1.71 2022-03-25 1.75 2022-04-06 1.73 2022-04-07 1.81 2022-04-08 0 false
dltp-00-2022-04-12 002507 28.87 2022-03-15 32.59 2022-03-23 31.4 2022-03-25 34.32 2022-04-12 0 false
dltp-00-2022-04-12 002523 2.73 2022-03-24 2.78 2022-03-28 2.74 2022-03-29 2.91 2022-04-12 0 false
dltp-00-2022-04-12 002542 2.76 2022-03-15 3.05 2022-03-22 2.95 2022-03-24 3.41 2022-04-08 0 false
dltp-00-2022-04-12 002556 10.89 2022-04-06 11.17 2022-04-08 11.05 2022-04-11 11.14 2022-04-12 0 false
dltp-00-2022-04-12 002562 4.56 2022-03-17 5.4 2022-03-21 5.09 2022-03-24 5.43 2022-04-12 0 false
dltp-00-2022-04-12 002574 4.96 2022-03-24 5.17 2022-04-06 5 2022-04-11 5.25 2022-04-12 0 false
dltp-00-2022-04-12 002575 4.07 2022-03-15 4.42 2022-03-23 4.19 2022-03-29 4.49 2022-04-08 0 false
dltp-00-2022-04-12 002601 22 2022-03-15 23.57 2022-03-30 23.13 2022-03-31 24.98 2022-04-08 0 false
dltp-00-2022-04-12 002605 17.55 2022-03-15 20.42 2022-03-23 18.67 2022-03-29 21.09 2022-04-06 0 false
dltp-00-2022-04-12 002638 1.82 2022-03-15 2 2022-03-22 1.91 2022-03-31 2.05 2022-04-12 0 false
dltp-00-2022-04-12 002639 9.72 2022-03-15 13.5 2022-03-23 11.05 2022-04-01 13.38 2022-04-12 0 false
dltp2022-04-12 002660 7.56 2022-03-29 8.28 2022-04-06 7.77 2022-04-11 8.55 2022-04-12 1 false
dltp-00-2022-04-12 002682 4.44 2022-03-15 5.34 2022-03-22 4.86 2022-03-31 5.4 2022-04-12 0 false
dltp-00-2022-04-12 002692 3.08 2022-01-27 3.5 2022-02-18 3.15 2022-03-15 3.9 2022-04-12 0 false
dltp-00-2022-04-12 002695 10.62 2022-03-15 11.55 2022-04-06 11.1 2022-04-08 11.87 2022-04-12 0 false
dltp2022-04-12 002702 5.03 2022-03-15 6.16 2022-03-28 5.43 2022-04-08 6.2 2022-04-12 1 false
dltp-00-2022-04-12 002716 2.89 2022-03-31 3.01 2022-04-08 2.99 2022-04-11 3.05 2022-04-12 0 false
dltp-00-2022-04-12 002726 8.57 2022-02-07 9.36 2022-03-01 8.91 2022-03-15 9.77 2022-03-30 0 false
dltp-00-2022-04-12 002736 9.58 2022-03-15 10.09 2022-04-06 9.77 2022-04-11 10.01 2022-04-12 0 false
dltp-00-2022-04-12 002740 3.8 2022-03-15 4.16 2022-03-28 4.05 2022-04-01 4.36 2022-04-12 0 false
dltp-00-2022-04-12 002749 8.33 2022-03-15 9.43 2022-03-29 9.23 2022-03-30 10.17 2022-04-12 0 false
dltp-00-2022-04-12 002776 2.6 2022-03-01 3.25 2022-03-10 2.87 2022-03-21 3.5 2022-04-12 0 false
dltp-00-2022-04-12 002783 7.51 2022-03-15 8.29 2022-04-06 8.06 2022-04-07 8.94 2022-04-11 0 false
dltp-00-2022-04-12 002791 86.58 2022-03-15 103.01 2022-03-22 94.68 2022-03-29 111.96 2022-04-06 0 false
dltp2022-04-12 002800 13.41 2022-01-27 27.86 2022-03-07 18.17 2022-03-25 20.75 2022-04-11 1 false
dltp-00-2022-04-12 002822 6.71 2022-04-07 7.07 2022-04-08 6.79 2022-04-11 7.14 2022-04-12 0 false
dltp-00-2022-04-12 002840 14.34 2022-02-17 17.36 2022-03-07 15.68 2022-03-16 18.02 2022-04-01 0 false
dltp-00-2022-04-12 002841 63.41 2022-03-29 68.76 2022-04-08 67.13 2022-04-11 70.91 2022-04-12 0 false
dltp-00-2022-04-12 002856 10.3 2022-03-15 11.5 2022-03-22 10.82 2022-03-29 12.34 2022-04-06 0 false
dltp-00-2022-04-12 002861 11.61 2022-03-15 12.57 2022-03-21 11.88 2022-03-29 14.16 2022-04-12 0 false
dltp-00-2022-04-12 002863 5.08 2022-03-29 5.23 2022-04-06 5.08 2022-04-11 5.18 2022-04-12 0 false
dltp-00-2022-04-12 002883 11.11 2022-04-01 11.44 2022-04-06 11.19 2022-04-07 11.88 2022-04-12 0 false
dltp-00-2022-04-12 002888 10.85 2022-03-15 11.78 2022-03-23 11.33 2022-03-29 12.66 2022-04-12 0 false
dltp-00-2022-04-12 002895 20.38 2022-03-15 22.95 2022-03-30 20.94 2022-03-31 25.2 2022-04-11 0 false
dltp-00-2022-04-12 002909 6.19 2022-03-15 6.58 2022-03-21 6.43 2022-03-25 7.1 2022-04-08 0 false
dltp2022-04-12 002919 26.29 2022-03-16 29.05 2022-03-31 26.93 2022-04-11 29.62 2022-04-12 1 true
dltp-00-2022-04-12 002926 7.95 2022-03-15 8.5 2022-04-06 8.27 2022-04-07 8.48 2022-04-12 0 false
dltp-00-2022-04-12 002942 16.81 2022-03-28 17.53 2022-04-06 17.18 2022-04-07 18.16 2022-04-11 0 false
dltp-00-2022-04-12 002949 14.85 2022-03-29 15.41 2022-03-31 14.96 2022-04-01 16.5 2022-04-11 0 false
dltp-00-2022-04-12 002968 30.51 2022-03-15 34.15 2022-03-23 33.16 2022-03-25 37.55 2022-04-07 0 false
dltp-00-2022-04-12 003002 12.25 2022-03-15 13.11 2022-03-31 12.36 2022-04-01 14.47 2022-04-11 0 false
dltp-00-2022-04-12 003020 39.24 2022-03-16 43.92 2022-03-21 43 2022-03-23 47.23 2022-03-31 0 false
dltp-00-2022-04-12 003023 23.34 2022-03-15 25.06 2022-04-06 23.93 2022-04-11 24.83 2022-04-12 0 false
dltp-00-2022-04-12 003032 14.2 2022-03-15 15.79 2022-03-28 14.82 2022-03-31 16.8 2022-04-12 0 false
dltp-00-2022-04-12 600004 12.25 2022-03-31 12.82 2022-04-01 12.43 2022-04-11 13.31 2022-04-12 0 false
dltp-00-2022-04-12 600018 5.31 2022-03-08 5.72 2022-03-16 5.41 2022-03-29 6.27 2022-04-08 0 false
dltp-00-2022-04-12 600020 3.08 2022-03-15 3.22 2022-03-28 3.17 2022-03-29 3.43 2022-04-12 0 false
dltp-00-2022-04-12 600054 9.43 2022-03-15 11.6 2022-03-30 10.72 2022-04-11 11.69 2022-04-12 0 false
dltp-00-2022-04-12 600057 7.89 2022-03-17 8.42 2022-03-22 8.32 2022-03-23 9.1 2022-04-12 0 false
dltp-00-2022-04-12 600061 6.7 2022-03-15 7.16 2022-04-06 6.97 2022-04-11 7.17 2022-04-12 0 false
dltp-00-2022-04-12 600073 6.69 2022-03-15 7.59 2022-04-06 7.21 2022-04-08 7.93 2022-04-11 0 false
dltp-00-2022-04-12 600117 3.43 2022-03-15 3.82 2022-03-22 3.63 2022-03-29 3.89 2022-04-08 0 false
dltp-00-2022-04-12 600119 7.47 2022-03-15 8.56 2022-04-06 8.07 2022-04-08 8.88 2022-04-11 0 false
dltp2022-04-12 600122 1.76 2022-03-14 1.98 2022-03-21 1.82 2022-04-01 2.05 2022-04-08 3 false
dltp-00-2022-04-12 600123 9.46 2022-01-28 13.15 2022-03-07 10.69 2022-03-16 14.84 2022-04-11 0 false
dltp-00-2022-04-12 600138 10.9 2022-03-15 12.92 2022-04-06 11.97 2022-04-11 12.84 2022-04-12 0 false
dltp-00-2022-04-12 600177 6.19 2022-03-15 6.67 2022-03-18 6.54 2022-03-21 6.98 2022-04-12 0 false
dltp-00-2022-04-12 600188 23.11 2022-01-28 35.64 2022-03-02 30.7 2022-03-15 40.34 2022-03-28 0 false
dltp-00-2022-04-12 600229 6.77 2022-03-25 7.01 2022-03-29 6.8 2022-03-30 7.13 2022-04-06 0 false
dltp-00-2022-04-12 600238 12.15 2022-03-15 13.37 2022-04-08 12.53 2022-04-11 13.78 2022-04-12 0 false
dltp-00-2022-04-12 600249 5.81 2022-04-07 6.01 2022-04-08 5.82 2022-04-11 6.14 2022-04-12 0 false
dltp-00-2022-04-12 600256 5.77 2022-01-28 8.13 2022-03-03 6.8 2022-03-15 8.58 2022-04-07 0 false
dltp-00-2022-04-12 600269 3.34 2022-03-15 3.65 2022-03-28 3.48 2022-03-30 3.68 2022-04-12 0 false
dltp-00-2022-04-12 600282 3.43 2022-03-15 3.77 2022-03-22 3.53 2022-03-29 3.92 2022-04-08 0 false
dltp-00-2022-04-12 600283 11.8 2022-03-15 13.04 2022-03-21 12.28 2022-03-24 14.16 2022-04-12 0 false
dltp-00-2022-04-12 600284 6.45 2022-03-15 7.05 2022-03-24 6.81 2022-03-29 7.76 2022-04-12 0 false
dltp-00-2022-04-12 600295 21.45 2022-01-27 28.42 2022-03-07 22.19 2022-03-16 31.6 2022-04-11 0 false
dltp-00-2022-04-12 600300 3.91 2022-03-15 4.51 2022-03-24 4.21 2022-03-28 4.5 2022-04-08 0 false
dltp-00-2022-04-12 600311 1.6 2022-03-15 1.66 2022-04-06 1.64 2022-04-07 1.68 2022-04-12 0 false
dltp-00-2022-04-12 600321 1.91 2022-01-27 2.38 2022-02-17 1.96 2022-03-15 2.44 2022-04-06 0 false
dltp-00-2022-04-12 600346 19.27 2022-03-09 21.09 2022-04-01 20.98 2022-04-06 23.6 2022-04-11 0 false
dltp-00-2022-04-12 600348 10.24 2022-03-15 11.82 2022-03-22 11.61 2022-03-23 12.32 2022-04-12 0 false
dltp-00-2022-04-12 600354 5.34 2022-03-15 6.04 2022-03-21 5.84 2022-03-23 6.86 2022-04-11 0 false
dltp-00-2022-04-12 600356 6.85 2022-03-15 7.44 2022-03-28 7.33 2022-03-29 7.55 2022-04-06 0 false
dltp-00-2022-04-12 600361 4.98 2022-03-15 5.42 2022-04-06 5.1 2022-04-11 5.55 2022-04-12 0 false
dltp-00-2022-04-12 600367 19.98 2022-03-15 24.47 2022-03-25 20.97 2022-03-29 25.9 2022-04-08 0 false
dltp-00-2022-04-12 600369 4.17 2022-03-15 4.44 2022-04-06 4.27 2022-04-11 4.41 2022-04-12 0 false
dltp-00-2022-04-12 600377 8.25 2022-03-15 8.6 2022-04-06 8.41 2022-04-11 8.61 2022-04-12 0 false
dltp-00-2022-04-12 600378 33.84 2022-02-15 39.42 2022-02-28 34.23 2022-03-15 41.65 2022-03-24 0 false
dltp-00-2022-04-12 600397 2.79 2022-01-28 3.57 2022-03-03 3.09 2022-03-15 3.88 2022-04-01 0 false
dltp-00-2022-04-12 600419 12.11 2022-03-15 13.82 2022-04-01 13.07 2022-04-11 13.71 2022-04-12 0 false
dltp-00-2022-04-12 600423 3.89 2022-01-28 4.49 2022-02-25 3.92 2022-03-15 4.45 2022-04-08 0 false
dltp-00-2022-04-12 600426 30.54 2022-03-15 33 2022-03-29 32.39 2022-03-30 34.19 2022-04-11 0 false
dltp-00-2022-04-12 600444 12.34 2022-03-15 14.2 2022-03-23 12.76 2022-04-01 14.4 2022-04-08 0 false
dltp-00-2022-04-12 600448 3.3 2022-03-09 3.71 2022-03-14 3.42 2022-03-23 3.74 2022-03-25 0 false
dltp-00-2022-04-12 600462 2.1 2022-03-15 2.28 2022-03-25 2.2 2022-03-29 2.3 2022-04-08 0 false
dltp-00-2022-04-12 600467 2.68 2022-03-15 3 2022-03-21 2.91 2022-03-24 3.2 2022-04-06 0 false
dltp-00-2022-04-12 600476 11.97 2022-03-15 13.15 2022-03-21 12.62 2022-03-24 14.12 2022-04-07 0 false
dltp-00-2022-04-12 600477 4.06 2022-03-29 4.23 2022-04-06 4.14 2022-04-07 4.36 2022-04-12 0 false
dltp-00-2022-04-12 600478 4.98 2022-03-15 5.77 2022-03-23 5.32 2022-03-31 6.35 2022-04-11 0 false
dltp-00-2022-04-12 600486 103.67 2022-03-09 120.19 2022-03-14 112.99 2022-03-23 132 2022-04-08 0 false
dltp-00-2022-04-12 600491 5.82 2022-03-25 6.18 2022-03-28 5.9 2022-03-29 6.52 2022-04-08 0 false
dltp-00-2022-04-12 600493 5.4 2022-01-27 6.17 2022-03-03 5.45 2022-03-15 6.27 2022-04-06 0 false
dltp-00-2022-04-12 600496 4.45 2022-03-25 4.51 2022-03-28 4.46 2022-03-29 4.98 2022-04-11 0 false
dltp-00-2022-04-12 600497 4.53 2022-03-15 5.35 2022-03-24 5.15 2022-03-31 5.41 2022-04-12 0 false
dltp-00-2022-04-12 600506 11.81 2022-03-24 11.93 2022-03-29 11.86 2022-03-30 12.95 2022-04-12 0 false
dltp-00-2022-04-12 600507 7.34 2022-03-15 8.6 2022-03-18 8.13 2022-03-25 8.96 2022-04-06 0 false
dltp-00-2022-04-12 600519 1603 2022-03-15 1752.19 2022-03-23 1660.8 2022-03-28 1784 2022-04-08 0 false
dltp-00-2022-04-12 600531 5.39 2022-04-07 5.49 2022-04-08 5.41 2022-04-11 5.52 2022-04-12 0 false
dltp-00-2022-04-12 600540 5.05 2022-03-15 6.15 2022-03-29 5.57 2022-04-08 6.09 2022-04-12 0 false
dltp-00-2022-04-12 600557 10.12 2021-12-08 14.56 2022-01-11 10.29 2022-02-22 16.18 2022-04-12 0 false
dltp-00-2022-04-12 600573 9.57 2022-03-29 10.6 2022-04-06 10.2 2022-04-11 11 2022-04-12 0 false
dltp-00-2022-04-12 600575 3.2 2022-03-17 3.41 2022-03-22 3.24 2022-03-25 3.4 2022-04-08 0 false
dltp-00-2022-04-12 600582 4.02 2022-02-15 4.59 2022-03-07 4.16 2022-03-16 5.01 2022-03-23 0 false
dltp-00-2022-04-12 600595 3.98 2022-03-15 4.28 2022-03-21 4.13 2022-03-31 4.41 2022-04-12 0 false
dltp-00-2022-04-12 600596 26.22 2022-03-31 27.19 2022-04-01 26.9 2022-04-06 28.3 2022-04-08 0 false
dltp-00-2022-04-12 600598 13.14 2022-01-27 15.27 2022-03-03 13.18 2022-03-16 15.78 2022-04-11 0 false
dltp-00-2022-04-12 600610 13.2 2022-03-28 13.8 2022-03-29 13.21 2022-03-31 14.55 2022-04-08 0 false
dltp-00-2022-04-12 600650 9.41 2022-03-09 10.11 2022-03-11 9.42 2022-03-15 10.71 2022-04-12 0 false
dltp-00-2022-04-12 600705 3.76 2022-03-15 3.92 2022-03-16 3.9 2022-03-17 4.23 2022-04-06 0 false
dltp-00-2022-04-12 600710 5.85 2022-04-07 5.9 2022-04-08 5.86 2022-04-11 6.03 2022-04-12 0 false
dltp2022-04-12 600715 2.4 2022-03-15 2.77 2022-04-06 2.47 2022-04-11 2.66 2022-04-12 0 true
dltp-00-2022-04-12 600719 3.65 2022-03-15 4.11 2022-04-06 3.9 2022-04-11 4.09 2022-04-12 0 false
dltp-00-2022-04-12 600721 7.3 2022-03-16 8.36 2022-03-24 7.9 2022-03-28 9.22 2022-04-11 0 false
dltp-00-2022-04-12 600722 5.42 2022-03-15 6.11 2022-03-25 6.01 2022-03-28 6.35 2022-04-08 0 false
dltp2022-04-12 600726 2.4 2022-03-24 2.51 2022-04-06 2.42 2022-04-11 2.62 2022-04-12 1 false
dltp-00-2022-04-12 600727 9.05 2022-03-28 9.79 2022-03-29 9.44 2022-03-30 10.39 2022-04-11 0 false
dltp-00-2022-04-12 600729 23.82 2022-03-10 26.05 2022-03-21 25.2 2022-03-24 27.39 2022-03-28 0 false
dltp2022-04-12 600740 5.2 2022-01-28 6.45 2022-03-07 5.22 2022-03-15 6.5 2022-04-07 0 true
dltp-00-2022-04-12 600746 12.77 2022-03-09 13.61 2022-03-24 13.18 2022-03-29 14 2022-04-08 0 false
dltp-00-2022-04-12 600753 13.11 2022-01-27 16.09 2022-03-03 13.76 2022-03-09 18 2022-03-25 0 false
dltp2022-04-12 600754 45.72 2022-03-15 51.83 2022-04-01 49.1 2022-04-11 54.01 2022-04-12 1 false
dltp2022-04-12 600768 8.88 2022-03-15 9.87 2022-04-07 9.62 2022-04-11 10.24 2022-04-12 1 false
dltp-00-2022-04-12 600776 9.18 2022-03-15 10.64 2022-03-23 10.1 2022-03-25 11.31 2022-03-29 0 false
dltp-00-2022-04-12 600778 4.4 2022-02-24 5.14 2022-03-18 4.75 2022-04-08 5.75 2022-04-12 0 false
dltp-00-2022-04-12 600790 3.23 2022-01-27 3.75 2022-03-03 3.34 2022-03-15 3.97 2022-04-06 0 false
dltp-00-2022-04-12 600792 4.13 2022-03-31 4.32 2022-04-08 4.13 2022-04-11 4.41 2022-04-12 0 false
dltp-00-2022-04-12 600807 4.15 2022-03-15 4.55 2022-03-22 4.34 2022-03-25 5 2022-04-06 0 false
dltp-00-2022-04-12 600811 3.07 2022-03-15 3.33 2022-03-21 3.18 2022-03-24 3.43 2022-03-29 0 false
dltp-00-2022-04-12 600814 6.27 2022-01-25 8.09 2022-02-16 6.59 2022-03-15 8.47 2022-04-12 0 false
dltp-00-2022-04-12 600825 3.89 2022-03-15 4.27 2022-03-22 4.13 2022-03-24 4.56 2022-04-06 0 false
dltp-00-2022-04-12 600827 9.85 2022-03-15 11.01 2022-03-22 10.65 2022-03-29 12.51 2022-04-12 0 false
dltp-00-2022-04-12 600836 6.4 2022-03-15 6.95 2022-03-18 6.49 2022-03-31 7.2 2022-04-06 0 false
dltp-00-2022-04-12 600848 12.6 2022-03-15 13.69 2022-03-28 13.6 2022-03-29 14.69 2022-04-06 0 false
dltp-00-2022-04-12 600853 3.2 2022-03-08 4.22 2022-03-17 3.63 2022-03-29 4.29 2022-04-08 0 false
dltp-00-2022-04-12 600854 4.42 2022-03-15 5.09 2022-03-25 4.89 2022-03-30 5.1 2022-04-06 0 false
dltp-00-2022-04-12 600857 11.88 2022-03-31 12.47 2022-04-06 11.9 2022-04-11 12.51 2022-04-12 0 false
dltp-00-2022-04-12 600858 4.6 2022-03-15 4.94 2022-03-22 4.84 2022-03-24 5.61 2022-04-12 0 false
dltp-00-2022-04-12 600870 4.23 2022-03-15 4.5 2022-03-25 4.34 2022-03-30 4.88 2022-04-07 0 false
dltp-00-2022-04-12 600874 6.35 2022-03-16 7.21 2022-03-22 6.79 2022-03-30 7.73 2022-04-08 0 false
dltp-00-2022-04-12 600880 5.48 2022-03-14 6.64 2022-03-23 5.97 2022-03-31 7.23 2022-04-06 0 false
dltp-00-2022-04-12 600881 2.9 2022-03-15 3.01 2022-03-18 2.99 2022-03-21 3.18 2022-04-08 0 false
dltp-00-2022-04-12 600895 12 2022-03-15 13.32 2022-03-28 13.09 2022-03-29 14.16 2022-04-08 0 false
dltp-00-2022-04-12 600936 3.03 2022-03-15 3.41 2022-03-28 3.28 2022-03-30 3.78 2022-04-12 0 false
dltp-00-2022-04-12 600962 9.61 2022-04-01 10.11 2022-04-06 9.87 2022-04-11 10.18 2022-04-12 0 false
dltp-00-2022-04-12 600971 6.19 2022-01-28 7.47 2022-03-07 6.53 2022-03-15 8.05 2022-04-01 0 false
dltp-00-2022-04-12 600985 11.25 2022-01-28 14.42 2022-03-10 12.45 2022-03-15 16.23 2022-04-01 0 false
dltp-00-2022-04-12 600996 7.63 2022-03-15 8.78 2022-03-28 8.19 2022-03-30 9.58 2022-04-12 0 false
dltp-00-2022-04-12 600998 13.03 2022-03-29 13.28 2022-04-06 13.08 2022-04-08 13.5 2022-04-12 0 false
dltp-00-2022-04-12 601019 5.83 2022-01-27 6.6 2022-02-24 5.94 2022-03-15 6.76 2022-04-06 0 false
dltp-00-2022-04-12 601020 14.19 2022-03-16 16.13 2022-03-24 15.04 2022-03-28 18.03 2022-04-07 0 false
dltp-00-2022-04-12 601086 4.03 2022-03-30 4.15 2022-03-31 4.08 2022-04-01 4.48 2022-04-12 0 false
dltp-00-2022-04-12 601098 9.34 2022-03-25 10.05 2022-04-06 9.6 2022-04-11 10.15 2022-04-12 0 false
dltp-00-2022-04-12 601101 8.15 2022-02-25 10.45 2022-03-07 8.75 2022-03-15 11.02 2022-04-08 0 false
dltp-00-2022-04-12 601106 2.99 2022-03-15 3.11 2022-04-08 3.06 2022-04-11 3.09 2022-04-12 0 false
dltp-00-2022-04-12 601107 4.25 2022-03-15 4.64 2022-03-30 4.54 2022-03-31 4.76 2022-04-08 0 false
dltp-00-2022-04-12 601111 8.97 2022-03-29 9.5 2022-03-30 9.11 2022-03-31 10.25 2022-04-12 0 false
dltp-00-2022-04-12 601116 7.76 2021-11-29 10.49 2022-01-13 7.76 2022-03-15 11.18 2022-04-12 0 false
dltp-00-2022-04-12 601188 3.17 2022-03-15 3.41 2022-04-06 3.34 2022-04-07 3.44 2022-04-12 0 false
dltp-00-2022-04-12 601211 14.84 2022-03-15 15.91 2022-04-06 15.45 2022-04-11 15.79 2022-04-12 0 false
dltp-00-2022-04-12 601225 12.54 2022-01-28 15.2 2022-03-04 13.25 2022-03-15 17.21 2022-04-12 0 false
dltp-00-2022-04-12 601226 5.82 2022-03-25 5.99 2022-03-28 5.88 2022-03-29 6.08 2022-04-12 0 false
dltp2022-04-12 601236 8.94 2022-03-10 9.59 2022-03-25 9.35 2022-03-28 10.77 2022-04-12 1 false
dltp-00-2022-04-12 601238 10.54 2022-03-15 11.38 2022-04-06 11.02 2022-04-07 11.83 2022-04-08 0 false
dltp-00-2022-04-12 601319 4.27 2022-03-15 4.55 2022-03-22 4.46 2022-03-25 4.68 2022-04-12 0 false
dltp-00-2022-04-12 601333 2.04 2022-03-15 2.21 2022-04-06 2.14 2022-04-11 2.22 2022-04-12 0 false
dltp-00-2022-04-12 601390 5.21 2021-11-22 6.72 2022-02-10 5.55 2022-03-15 6.94 2022-04-12 0 false
dltp-00-2022-04-12 601606 10.08 2022-03-15 10.57 2022-04-06 10.35 2022-04-07 11.07 2022-04-11 0 false
dltp-00-2022-04-12 601611 7.69 2022-03-15 8.14 2022-04-06 7.96 2022-04-07 8.22 2022-04-08 0 false
dltp-00-2022-04-12 601688 13.99 2022-03-15 15.03 2022-04-01 14.65 2022-04-11 14.93 2022-04-12 0 false
dltp-00-2022-04-12 601696 12.13 2022-03-29 13.96 2022-04-01 13.24 2022-04-11 14.56 2022-04-12 0 false
dltp-00-2022-04-12 601800 8.37 2022-03-15 9.64 2022-03-30 9.15 2022-04-01 10.09 2022-04-11 0 false
dltp-00-2022-04-12 601801 4.72 2022-03-15 5.04 2022-03-18 4.95 2022-03-21 5.5 2022-04-06 0 false
dltp-00-2022-04-12 601838 14.22 2022-03-21 14.79 2022-03-22 14.27 2022-03-29 16.12 2022-04-12 0 false
dltp-00-2022-04-12 601881 9.47 2022-03-15 10.17 2022-03-23 9.78 2022-03-29 10.41 2022-04-12 0 false
dltp-00-2022-04-12 601886 6.32 2022-03-29 6.44 2022-03-31 6.32 2022-04-01 6.65 2022-04-08 0 false
dltp-00-2022-04-12 601952 10.39 2022-01-27 13.6 2022-03-07 11.82 2022-03-16 14.69 2022-03-29 0 false
dltp-00-2022-04-12 601958 6.26 2022-01-27 7.3 2022-03-07 6.4 2022-03-15 7.37 2022-04-12 0 false
dltp-00-2022-04-12 601985 7.37 2022-03-15 8.03 2022-03-18 7.43 2022-03-25 8.12 2022-04-07 0 false
dltp-00-2022-04-12 603018 8.12 2022-03-29 8.5 2022-03-31 8.37 2022-04-01 9.14 2022-04-12 0 false
dltp-00-2022-04-12 603043 19.34 2022-03-15 21.12 2022-03-30 20.84 2022-03-31 22.13 2022-04-06 0 false
dltp-00-2022-04-12 603066 7.95 2022-03-15 8.4 2022-04-06 8.1 2022-04-08 8.42 2022-04-12 0 false
dltp-00-2022-04-12 603081 10.7 2022-03-15 11.47 2022-04-06 11.08 2022-04-07 11.56 2022-04-12 0 false
dltp-00-2022-04-12 603099 8.27 2022-03-15 9.55 2022-03-21 9.06 2022-03-24 9.99 2022-04-12 0 false
dltp-00-2022-04-12 603103 10.87 2022-03-15 11.96 2022-04-06 11.13 2022-04-11 11.92 2022-04-12 0 false
dltp-00-2022-04-12 603106 6.16 2022-03-15 6.79 2022-03-21 6.21 2022-03-29 6.79 2022-04-06 0 false
dltp-00-2022-04-12 603155 47.98 2022-03-15 54.3 2022-03-28 52.19 2022-03-29 58.6 2022-04-06 0 false
dltp-00-2022-04-12 603156 22.51 2022-03-28 23.34 2022-04-06 22.59 2022-04-11 23.33 2022-04-12 0 false
dltp-00-2022-04-12 603166 6.62 2022-04-07 6.83 2022-04-08 6.75 2022-04-11 6.9 2022-04-12 0 false
dltp-00-2022-04-12 603177 17.25 2022-03-16 20.12 2022-03-21 19.6 2022-03-23 21.87 2022-03-31 0 false
dltp-00-2022-04-12 603199 21.18 2022-03-15 27.52 2022-04-06 25.52 2022-04-11 27.86 2022-04-12 0 false
dltp-00-2022-04-12 603200 19.79 2022-03-24 21.35 2022-03-31 20.7 2022-04-01 22.77 2022-04-06 0 false
dltp-00-2022-04-12 603221 8.28 2022-03-15 9.2 2022-03-25 8.72 2022-03-29 9.27 2022-04-06 0 false
dltp-00-2022-04-12 603298 12.86 2022-03-15 13.92 2022-04-08 13.28 2022-04-11 13.89 2022-04-12 0 false
dltp-00-2022-04-12 603315 23.94 2022-03-29 25.22 2022-04-06 24.23 2022-04-11 25.71 2022-04-12 0 false
dltp-00-2022-04-12 603316 7.32 2022-04-01 7.67 2022-04-06 7.45 2022-04-07 8.46 2022-04-12 0 false
dltp-00-2022-04-12 603329 12.69 2022-03-15 13.47 2022-04-06 12.93 2022-04-07 14.03 2022-04-12 0 false
dltp-00-2022-04-12 603358 18.95 2022-01-27 21.22 2022-02-17 19.19 2022-03-09 22.25 2022-04-06 0 false
dltp2022-04-12 603383 26.01 2022-03-15 29.45 2022-04-07 26.09 2022-04-11 28.7 2022-04-12 0 true
dltp-00-2022-04-12 603385 8.32 2022-03-15 9.16 2022-03-22 8.56 2022-03-29 9.23 2022-04-06 0 false
dltp-00-2022-04-12 603388 7.59 2022-03-29 8.01 2022-03-31 7.83 2022-04-01 8.42 2022-04-08 0 false
dltp-00-2022-04-12 603392 240.56 2022-03-08 255.36 2022-03-11 246 2022-03-15 290 2022-04-12 0 false
dltp-00-2022-04-12 603499 7.61 2022-03-24 7.8 2022-03-28 7.65 2022-03-29 8.02 2022-04-06 0 false
dltp-00-2022-04-12 603515 17.57 2022-03-15 18.59 2022-04-06 18.15 2022-04-11 18.42 2022-04-12 0 false
dltp-00-2022-04-12 603536 8.64 2022-03-15 9.88 2022-03-29 9.24 2022-04-08 10.37 2022-04-12 0 false
dltp-00-2022-04-12 603555 2.99 2022-03-15 3.39 2022-03-30 3.22 2022-03-31 3.36 2022-04-11 0 false
dltp-00-2022-04-12 603558 11.06 2022-03-24 11.5 2022-03-28 11.29 2022-03-30 12.17 2022-04-08 0 false
dltp-00-2022-04-12 603612 17.04 2022-03-15 19.63 2022-03-23 18.26 2022-03-29 20.55 2022-04-08 0 false
dltp-00-2022-04-12 603619 14.48 2022-04-01 15.5 2022-04-06 14.7 2022-04-08 15.72 2022-04-12 0 false
dltp-00-2022-04-12 603708 12.53 2022-03-29 13.22 2022-04-06 12.61 2022-04-08 14.15 2022-04-12 0 false
dltp-00-2022-04-12 603721 12.47 2022-03-15 13.7 2022-03-28 13.5 2022-03-31 14.58 2022-04-07 0 false
dltp-00-2022-04-12 603808 11.82 2022-03-09 12.63 2022-03-11 11.91 2022-03-24 13.4 2022-04-06 0 false
dltp-00-2022-04-12 603817 6.13 2022-03-24 6.49 2022-04-06 6.35 2022-04-07 6.48 2022-04-12 0 false
dltp-00-2022-04-12 603836 20.15 2022-03-15 21.2 2022-04-06 20.87 2022-04-07 21.92 2022-04-12 0 false
dltp-00-2022-04-12 603908 33.02 2022-03-15 38.61 2022-03-18 34.6 2022-04-01 43.59 2022-04-12 0 false
dltp-00-2022-04-12 603916 19.68 2022-03-15 21.31 2022-03-31 20.91 2022-04-01 23.08 2022-04-08 0 false
dltp2022-04-12 603955 12.69 2022-01-27 17.86 2022-03-04 13.85 2022-03-15 16.71 2022-04-12 1 false
dltp-00-2022-04-12 603969 5.18 2022-04-07 5.38 2022-04-08 5.24 2022-04-11 5.47 2022-04-12 0 false
dltp-00-2022-04-12 603970 23.8 2022-03-15 26.28 2022-03-24 24.56 2022-03-31 26.91 2022-04-12 0 false
dltp-00-2022-04-12 603977 7.95 2022-03-15 8.5 2022-04-06 8.29 2022-04-07 9.67 2022-04-11 0 false
dltp-00-2022-04-12 605006 10.93 2022-03-15 11.94 2022-03-23 11.8 2022-03-24 12.86 2022-04-08 0 false
dltp-00-2022-04-12 605108 15.23 2022-03-15 17.5 2022-03-21 16.53 2022-03-24 19.01 2022-04-12 0 false
dltp-00-2022-04-12 605122 19.93 2022-03-29 21.52 2022-03-31 20.98 2022-04-01 22.5 2022-04-08 0 false
dltp-00-2022-04-12 605158 6.56 2022-03-15 6.94 2022-03-31 6.86 2022-04-01 7.25 2022-04-07 0 false
dltp-00-2022-04-12 605268 11.26 2022-03-15 12.03 2022-03-22 11.66 2022-03-28 12.16 2022-04-06 0 false
dltp-00-2022-04-12 605318 14.1 2022-03-15 15.61 2022-03-22 14.83 2022-03-29 16.3 2022-04-12 0 false
dltp-00-2022-04-12 605598 13.96 2022-03-15 14.85 2022-03-31 14.63 2022-04-01 16.42 2022-04-12 0 false
date==dltp3l=2022-04-12  ma_n= 30
day industry code name turnover_ratio pe_ratio industry_cnt inc_revenue_year_rank inc_revenue_annual_rank cfo_sales_rank leverage_ratio_rank
dltp-00-2022-04-12 000010 3.25 2022-03-15 3.63 2022-04-06 3.46 2022-04-07 3.63 2022-04-12 0 false
dltp-00-2022-04-12 000034 13.49 2022-03-15 15.27 2022-04-06 14.6 2022-04-07 15.68 2022-04-12 0 false
dltp-00-2022-04-12 000046 1.6 2022-03-15 1.81 2022-03-18 1.78 2022-03-21 2.04 2022-04-08 0 false
dltp-00-2022-04-12 000048 17.36 2022-01-19 22.83 2022-02-10 19.65 2022-03-17 23.99 2022-04-12 0 false
dltp-00-2022-04-12 000055 4.03 2022-03-15 4.66 2022-03-21 4.45 2022-03-29 4.67 2022-04-08 0 false
dltp-00-2022-04-12 000090 5.7 2022-03-15 6.33 2022-03-23 6.26 2022-03-24 7 2022-04-06 0 false
dltp-00-2022-04-12 000157 6.48 2022-03-15 6.85 2022-04-06 6.7 2022-04-07 7.14 2022-04-08 0 false
dltp-00-2022-04-12 000404 4.12 2022-03-15 4.62 2022-03-22 4.49 2022-03-24 4.96 2022-03-31 0 false
dltp2022-04-12 000416 3.83 2022-03-29 4.11 2022-04-06 3.88 2022-04-11 4.27 2022-04-12 1 false
dltp2022-04-12 000507 5.36 2022-03-15 6.07 2022-04-06 5.85 2022-04-11 6.22 2022-04-12 1 false
dltp-00-2022-04-12 000516 6.61 2022-03-16 8.13 2022-03-24 7.89 2022-03-29 8.74 2022-04-12 0 false
dltp-00-2022-04-12 000519 17.62 2022-03-15 22.07 2022-03-24 20.25 2022-03-28 22.5 2022-03-31 0 false
dltp-00-2022-04-12 000520 3.46 2022-03-15 3.81 2022-04-06 3.65 2022-04-11 3.82 2022-04-12 0 false
dltp2022-04-12 000540 2.36 2022-03-24 2.41 2022-03-28 2.37 2022-03-29 2.65 2022-04-06 1 false
dltp-00-2022-04-12 000544 6.03 2022-03-15 6.49 2022-04-06 6.34 2022-04-07 6.61 2022-04-12 0 false
dltp-00-2022-04-12 000561 6.8 2022-03-15 7.35 2022-04-08 7.1 2022-04-11 7.35 2022-04-12 0 false
dltp-00-2022-04-12 000595 3.08 2022-03-15 3.48 2022-03-22 3.11 2022-03-31 3.84 2022-04-11 0 false
dltp-00-2022-04-12 000603 11.98 2022-03-16 13.85 2022-03-25 12.94 2022-04-07 14.34 2022-04-12 0 false
dltp-00-2022-04-12 000607 4.84 2022-03-15 5.8 2022-03-21 5.39 2022-03-31 6.26 2022-04-06 0 false
dltp-00-2022-04-12 000609 4.33 2022-03-15 4.73 2022-03-23 4.57 2022-03-29 4.99 2022-04-12 0 false
dltp-00-2022-04-12 000610 8.1 2022-03-15 9.67 2022-04-06 8.96 2022-04-11 9.86 2022-04-12 0 false
dltp-00-2022-04-12 000627 3 2022-03-15 3.26 2022-04-06 3.15 2022-04-11 3.26 2022-04-12 0 false
dltp-00-2022-04-12 000630 3.32 2022-03-15 3.87 2022-03-24 3.7 2022-04-01 4.04 2022-04-08 0 false
dltp-00-2022-04-12 000637 5.04 2022-03-30 5.18 2022-03-31 5.07 2022-04-01 5.42 2022-04-08 0 false
dltp-00-2022-04-12 000680 3.75 2022-03-15 4.15 2022-04-06 4.05 2022-04-07 4.43 2022-04-12 0 false
dltp-00-2022-04-12 000713 8.47 2022-01-25 10.19 2022-02-21 8.57 2022-03-15 10.27 2022-04-11 0 false
dltp-00-2022-04-12 000715 4.6 2022-03-15 5.16 2022-03-22 5.01 2022-03-24 5.81 2022-04-12 0 false
dltp-00-2022-04-12 000750 3.58 2022-03-15 3.81 2022-04-06 3.68 2022-04-11 3.8 2022-04-12 0 false
dltp-00-2022-04-12 000757 4.11 2022-03-15 4.34 2022-03-23 4.28 2022-03-24 4.62 2022-04-06 0 false
dltp-00-2022-04-12 000779 10.2 2022-03-14 12.05 2022-03-21 10.58 2022-04-01 12.2 2022-04-12 0 false
dltp-00-2022-04-12 000785 4.18 2022-03-15 4.62 2022-04-06 4.45 2022-04-11 4.62 2022-04-12 0 false
dltp-00-2022-04-12 000820 3.2 2022-03-15 3.59 2022-03-24 3.37 2022-04-01 3.72 2022-04-08 0 false
dltp2022-04-12 000822 6.29 2022-03-15 7.13 2022-03-30 6.74 2022-04-07 7.34 2022-04-12 0 true
dltp-00-2022-04-12 000828 9.53 2022-03-15 10.85 2022-03-24 10.5 2022-03-29 11.18 2022-04-01 0 false
dltp-00-2022-04-12 000863 2.76 2021-12-06 4.5 2022-01-10 3.05 2022-03-15 5.03 2022-03-31 0 false
dltp-00-2022-04-12 000937 5.1 2022-01-28 7.44 2022-03-07 6.24 2022-03-16 7.49 2022-04-08 0 false
dltp-00-2022-04-12 000948 13.55 2022-03-29 15.54 2022-04-06 14.82 2022-04-07 16.3 2022-04-08 0 false
dltp-00-2022-04-12 000955 4.9 2022-03-15 5.2 2022-03-21 4.94 2022-03-24 5.82 2022-04-06 0 false
dltp-00-2022-04-12 000975 8.1 2022-01-27 9.55 2022-03-09 8.12 2022-03-15 10.51 2022-04-12 0 false
dltp-00-2022-04-12 000976 4.58 2022-03-15 5.04 2022-04-07 4.86 2022-04-08 5.08 2022-04-12 0 false
dltp-00-2022-04-12 000978 5.56 2022-03-15 6.91 2022-03-21 6.3 2022-04-11 6.93 2022-04-12 0 false
dltp2022-04-12 001317 46.8 2022-03-15 55.46 2022-03-25 47.14 2022-04-08 57.04 2022-04-12 1 false
dltp-00-2022-04-12 002024 3.15 2022-03-15 3.57 2022-04-06 3.37 2022-04-11 3.6 2022-04-12 0 false
dltp-00-2022-04-12 002032 43.7 2022-03-15 49.39 2022-03-25 48.08 2022-03-29 53.4 2022-04-01 0 false
dltp-00-2022-04-12 002084 4.9 2022-03-29 5.23 2022-03-31 5.05 2022-04-01 5.31 2022-04-07 0 false
dltp2022-04-12 002089 2.08 2022-03-22 2.36 2022-03-25 2.25 2022-03-28 2.5 2022-04-12 0 true
dltp-00-2022-04-12 002114 7.33 2022-03-15 8.23 2022-04-08 8.18 2022-04-11 8.48 2022-04-12 0 false
dltp-00-2022-04-12 002116 8.57 2022-03-14 9.95 2022-03-21 8.99 2022-03-29 10.75 2022-04-12 0 false
dltp-00-2022-04-12 002122 2.25 2022-02-15 2.53 2022-03-22 2.34 2022-04-01 2.59 2022-04-11 0 false
dltp-00-2022-04-12 002133 3.15 2022-01-25 4.68 2022-02-22 3.36 2022-03-15 4.88 2022-04-06 0 false
dltp-00-2022-04-12 002144 9.27 2022-03-15 10.03 2022-03-22 9.81 2022-03-24 11.1 2022-04-12 0 false
dltp2022-04-12 002168 3.34 2022-03-15 3.7 2022-04-06 3.4 2022-04-11 3.61 2022-04-12 0 true
dltp-00-2022-04-12 002170 5.41 2022-03-15 6.24 2022-03-29 5.95 2022-04-01 6.36 2022-04-12 0 false
dltp-00-2022-04-12 002183 4.57 2022-03-15 5.18 2022-04-06 5.01 2022-04-07 5.31 2022-04-11 0 false
dltp-00-2022-04-12 002187 7.56 2022-03-15 8.48 2022-03-22 8.07 2022-03-29 9.36 2022-04-12 0 false
dltp-00-2022-04-12 002204 3.85 2022-04-01 4.09 2022-04-06 3.89 2022-04-11 4.07 2022-04-12 0 false
dltp-00-2022-04-12 002215 5.63 2022-01-25 6.45 2022-02-23 5.97 2022-03-15 6.88 2022-03-29 0 false
dltp-00-2022-04-12 002219 2.68 2022-01-27 3.12 2022-03-08 2.75 2022-03-17 3.55 2022-04-07 0 false
dltp-00-2022-04-12 002278 5.38 2022-03-15 6.3 2022-03-29 6.12 2022-04-01 6.44 2022-04-12 0 false
dltp-00-2022-04-12 002310 2.46 2022-03-15 2.68 2022-04-06 2.6 2022-04-07 2.68 2022-04-12 0 false
dltp2022-04-12 002319 12.46 2022-03-16 13 2022-03-25 12.88 2022-03-30 14.3 2022-04-12 1 false
dltp-00-2022-04-12 002325 2.67 2022-03-29 2.73 2022-03-31 2.69 2022-04-01 2.78 2022-04-06 0 false
dltp-00-2022-04-12 002336 6.24 2022-03-11 6.86 2022-03-14 6.35 2022-03-15 7.57 2022-04-12 0 false
dltp-00-2022-04-12 002358 2.56 2022-03-15 2.8 2022-03-22 2.72 2022-03-28 3.06 2022-04-11 0 false
dltp-00-2022-04-12 002419 5.76 2022-03-15 6.5 2022-04-06 6.32 2022-04-07 7.26 2022-04-12 0 false
dltp-00-2022-04-12 002425 6.28 2022-03-15 7.22 2022-03-22 6.95 2022-03-24 7.57 2022-04-12 0 false
dltp-00-2022-04-12 002443 7.36 2022-03-15 7.98 2022-04-06 7.7 2022-04-07 8.34 2022-04-12 0 false
dltp-00-2022-04-12 002462 12.28 2021-11-26 14.36 2022-01-04 12.7 2022-01-27 16.12 2022-03-21 0 false
dltp-00-2022-04-12 002469 5.55 2022-03-15 6.04 2022-04-06 5.91 2022-04-07 6.08 2022-04-08 0 false
dltp-00-2022-04-12 002476 4.31 2022-01-27 5.18 2022-03-03 4.43 2022-03-15 5.84 2022-03-24 0 false
dltp-00-2022-04-12 002478 4 2022-03-15 4.4 2022-03-18 4.34 2022-03-21 4.68 2022-04-06 0 false
dltp-00-2022-04-12 002489 3.22 2022-03-15 3.67 2022-03-22 3.5 2022-03-29 3.66 2022-04-06 0 false
dltp-00-2022-04-12 002492 5.85 2022-03-15 6.39 2022-03-23 6.07 2022-03-30 6.68 2022-04-12 0 false
dltp-00-2022-04-12 002500 5.36 2022-03-15 5.74 2022-04-06 5.5 2022-04-11 5.69 2022-04-12 0 false
dltp-00-2022-04-12 002507 28.87 2022-03-15 32.59 2022-03-23 31.4 2022-03-25 34.32 2022-04-12 0 false
dltp-00-2022-04-12 002523 2.55 2022-03-15 2.85 2022-04-06 2.77 2022-04-07 2.91 2022-04-12 0 false
dltp-00-2022-04-12 002538 7.82 2022-03-15 9.14 2022-03-29 8.72 2022-03-31 9.35 2022-04-11 0 false
dltp-00-2022-04-12 002542 2.76 2022-03-15 3.08 2022-03-28 3.02 2022-03-29 3.41 2022-04-08 0 false
dltp-00-2022-04-12 002557 44.68 2022-03-15 53.75 2022-03-31 52.83 2022-04-07 57.89 2022-04-12 0 false
dltp-00-2022-04-12 002575 4.19 2022-03-29 4.44 2022-03-31 4.28 2022-04-06 4.49 2022-04-08 0 false
dltp-00-2022-04-12 002628 3.58 2022-03-15 4.07 2022-03-28 3.93 2022-03-29 4.42 2022-04-11 0 false
dltp-00-2022-04-12 002638 1.82 2022-03-15 2 2022-03-22 1.91 2022-03-31 2.05 2022-04-12 0 false
dltp-00-2022-04-12 002639 9.72 2022-03-15 13.5 2022-03-23 11.05 2022-04-01 13.38 2022-04-12 0 false
dltp-00-2022-04-12 002640 2.69 2022-03-16 3.07 2022-03-23 2.98 2022-03-24 3.15 2022-04-07 0 false
dltp-00-2022-04-12 002659 4.03 2022-03-30 4.35 2022-04-06 4.3 2022-04-07 4.56 2022-04-12 0 false
dltp2022-04-12 002660 7.56 2022-03-29 8.28 2022-04-06 7.77 2022-04-11 8.55 2022-04-12 1 false
dltp-00-2022-04-12 002663 1.82 2022-03-15 2.04 2022-03-28 2.01 2022-03-29 2.13 2022-04-12 0 false
dltp-00-2022-04-12 002682 4.44 2022-03-15 5.34 2022-03-22 4.86 2022-03-31 5.4 2022-04-12 0 false
dltp2022-04-12 002702 5.03 2022-03-15 6.16 2022-03-28 5.43 2022-04-08 6.2 2022-04-12 1 false
dltp-00-2022-04-12 002736 9.58 2022-03-15 10.09 2022-04-06 9.77 2022-04-11 10.01 2022-04-12 0 false
dltp-00-2022-04-12 002740 3.8 2022-03-15 4.3 2022-04-06 4.12 2022-04-08 4.36 2022-04-12 0 false
dltp-00-2022-04-12 002770 2.38 2022-03-15 2.63 2022-03-23 2.55 2022-03-28 2.84 2022-04-08 0 false
dltp-00-2022-04-12 002818 11.32 2022-03-24 12.03 2022-04-06 11.8 2022-04-11 12.07 2022-04-12 0 false
dltp-00-2022-04-12 002840 14.34 2022-02-17 17.36 2022-03-07 15.68 2022-03-16 18.02 2022-04-01 0 false
dltp-00-2022-04-12 002856 10.3 2022-03-15 11.5 2022-03-22 10.82 2022-03-29 12.34 2022-04-06 0 false
dltp-00-2022-04-12 002861 11.61 2022-03-15 12.57 2022-03-21 11.88 2022-03-29 14.16 2022-04-12 0 false
dltp-00-2022-04-12 002863 4.9 2022-03-15 5.23 2022-04-06 5.08 2022-04-11 5.18 2022-04-12 0 false
dltp-00-2022-04-12 002883 10.57 2022-03-15 11.44 2022-04-06 11.19 2022-04-07 11.88 2022-04-12 0 false
dltp2022-04-12 002905 7.06 2022-03-24 7.34 2022-03-28 7.16 2022-03-29 8.03 2022-04-12 1 false
dltp-00-2022-04-12 002972 15.81 2022-03-15 18.02 2022-03-21 16.73 2022-03-29 18.23 2022-04-06 0 false
dltp-00-2022-04-12 003023 23.34 2022-03-15 25.06 2022-04-06 23.93 2022-04-11 24.83 2022-04-12 0 false
dltp-00-2022-04-12 003032 14.2 2022-03-15 16.38 2022-04-07 15.27 2022-04-11 16.8 2022-04-12 0 false
dltp-00-2022-04-12 600000 7.63 2022-03-15 8.17 2022-04-06 8.01 2022-04-11 8.11 2022-04-12 0 false
dltp-00-2022-04-12 600009 45.72 2022-03-15 50.43 2022-04-08 47.99 2022-04-11 52.4 2022-04-12 0 false
dltp-00-2022-04-12 600029 5.91 2022-03-15 6.75 2022-04-08 6.46 2022-04-11 6.98 2022-04-12 0 false
dltp-00-2022-04-12 600054 9.43 2022-03-15 11.6 2022-03-30 10.72 2022-04-11 11.69 2022-04-12 0 false
dltp-00-2022-04-12 600057 7.89 2022-03-17 8.42 2022-03-22 8.32 2022-03-23 9.1 2022-04-12 0 false
dltp-00-2022-04-12 600073 6.69 2022-03-15 7.59 2022-04-06 7.21 2022-04-08 7.93 2022-04-11 0 false
dltp-00-2022-04-12 600075 6.75 2022-03-15 7.33 2022-03-31 7.24 2022-04-01 7.99 2022-04-12 0 false
dltp-00-2022-04-12 600123 9.46 2022-01-28 13.15 2022-03-07 10.69 2022-03-16 14.84 2022-04-11 0 false
dltp-00-2022-04-12 600138 10.9 2022-03-15 12.92 2022-04-06 11.97 2022-04-11 12.84 2022-04-12 0 false
dltp-00-2022-04-12 600155 9.32 2022-03-31 9.48 2022-04-06 9.32 2022-04-07 9.73 2022-04-12 0 false
dltp-00-2022-04-12 600187 2.27 2022-03-15 2.46 2022-04-06 2.4 2022-04-08 2.44 2022-04-12 0 false
dltp-00-2022-04-12 600197 24.5 2022-03-15 28.19 2022-04-01 25.9 2022-04-11 27.93 2022-04-12 0 false
dltp-00-2022-04-12 600208 2.89 2022-03-24 2.96 2022-03-28 2.9 2022-03-29 3.25 2022-04-08 0 false
dltp-00-2022-04-12 600226 2.13 2022-03-15 2.2 2022-03-16 2.17 2022-03-17 2.41 2022-04-08 0 false
dltp-00-2022-04-12 600229 6.74 2022-03-17 7.01 2022-03-29 6.8 2022-03-30 7.13 2022-04-06 0 false
dltp-00-2022-04-12 600238 12.15 2022-03-15 13.37 2022-04-08 12.53 2022-04-11 13.78 2022-04-12 0 false
dltp-00-2022-04-12 600248 5.72 2022-03-29 5.89 2022-03-31 5.76 2022-04-01 6.2 2022-04-08 0 false
dltp-00-2022-04-12 600249 4.73 2021-11-12 5.59 2022-01-10 4.76 2022-01-27 6.29 2022-03-29 0 false
dltp-00-2022-04-12 600256 6.34 2022-02-16 8.13 2022-03-03 6.8 2022-03-15 8.58 2022-04-07 0 false
dltp-00-2022-04-12 600269 3.34 2022-03-15 3.65 2022-03-28 3.48 2022-03-30 3.68 2022-04-12 0 false
dltp2022-04-12 600273 10.01 2022-04-07 10.2 2022-04-08 10.03 2022-04-11 10.53 2022-04-12 0 true
dltp-00-2022-04-12 600283 11.8 2022-03-15 13.59 2022-03-31 12.64 2022-04-07 14.16 2022-04-12 0 false
dltp-00-2022-04-12 600284 6.08 2022-01-25 6.91 2022-03-03 6.45 2022-03-15 7.76 2022-04-12 0 false
dltp-00-2022-04-12 600295 21.45 2022-01-27 28.42 2022-03-07 22.19 2022-03-16 31.6 2022-04-11 0 false
dltp-00-2022-04-12 600320 3.14 2022-03-15 3.38 2022-04-08 3.3 2022-04-11 3.41 2022-04-12 0 false
dltp-00-2022-04-12 600321 1.96 2022-03-15 2.19 2022-03-23 2.12 2022-03-24 2.44 2022-04-06 0 false
dltp-00-2022-04-12 600328 14.01 2022-03-15 16.77 2022-03-30 16.01 2022-04-07 18.36 2022-04-12 0 false
dltp-00-2022-04-12 600348 11.61 2022-03-23 12.14 2022-03-29 11.82 2022-04-06 12.32 2022-04-12 0 false
dltp-00-2022-04-12 600354 5.34 2022-03-15 6.04 2022-03-21 5.84 2022-03-23 6.86 2022-04-11 0 false
dltp-00-2022-04-12 600367 19.98 2022-03-15 24.47 2022-03-25 20.97 2022-03-29 25.9 2022-04-08 0 false
dltp-00-2022-04-12 600397 2.79 2022-01-28 3.57 2022-03-03 3.09 2022-03-15 3.88 2022-04-01 0 false
dltp-00-2022-04-12 600419 12.11 2022-03-15 13.82 2022-04-01 13.07 2022-04-11 13.71 2022-04-12 0 false
dltp-00-2022-04-12 600423 3.92 2022-03-15 4.28 2022-03-23 4.2 2022-03-28 4.45 2022-04-08 0 false
dltp-00-2022-04-12 600448 3.21 2022-02-24 3.52 2022-03-03 3.3 2022-03-09 3.74 2022-03-25 0 false
dltp-00-2022-04-12 600467 2.68 2022-03-15 3 2022-03-21 2.91 2022-03-24 3.2 2022-04-06 0 false
dltp-00-2022-04-12 600476 12.62 2022-03-24 13.09 2022-03-28 12.94 2022-03-29 14.12 2022-04-07 0 false
dltp-00-2022-04-12 600477 4.06 2022-03-29 4.23 2022-04-06 4.14 2022-04-07 4.36 2022-04-12 0 false
dltp-00-2022-04-12 600486 103.67 2022-03-09 120.19 2022-03-14 112.99 2022-03-23 132 2022-04-08 0 false
dltp-00-2022-04-12 600491 5.82 2022-03-25 6.18 2022-03-28 5.9 2022-03-29 6.52 2022-04-08 0 false
dltp-00-2022-04-12 600496 4.2 2022-03-15 4.61 2022-03-30 4.56 2022-04-01 4.98 2022-04-11 0 false
dltp-00-2022-04-12 600506 10.61 2022-01-25 12.98 2022-03-08 11.07 2022-03-17 12.95 2022-04-12 0 false
dltp-00-2022-04-12 600507 7.34 2022-03-15 8.6 2022-03-18 8.13 2022-03-25 8.96 2022-04-06 0 false
dltp-00-2022-04-12 600509 5.01 2022-03-15 5.42 2022-04-08 5.37 2022-04-11 5.41 2022-04-12 0 false
dltp-00-2022-04-12 600512 3.17 2022-01-28 4.26 2022-02-21 3.63 2022-03-15 4.49 2022-04-12 0 false
dltp-00-2022-04-12 600519 1603 2022-03-15 1784 2022-04-08 1720 2022-04-11 1782 2022-04-12 0 false
dltp-00-2022-04-12 600528 7.56 2022-03-15 8.21 2022-04-06 8.06 2022-04-07 8.36 2022-04-08 0 false
dltp-00-2022-04-12 600540 5.05 2022-03-15 6.15 2022-03-29 5.57 2022-04-08 6.09 2022-04-12 0 false
dltp-00-2022-04-12 600567 2.87 2022-03-15 3.08 2022-04-06 3.02 2022-04-11 3.08 2022-04-12 0 false
dltp-00-2022-04-12 600573 9.02 2022-02-28 10.79 2022-03-21 9.57 2022-03-29 11 2022-04-12 0 false
dltp-00-2022-04-12 600582 4.02 2022-02-15 4.59 2022-03-07 4.16 2022-03-16 5.01 2022-03-23 0 false
dltp-00-2022-04-12 600595 3.98 2022-03-15 4.28 2022-03-21 4.13 2022-03-31 4.41 2022-04-12 0 false
dltp-00-2022-04-12 600596 26.22 2022-03-31 27.19 2022-04-01 26.9 2022-04-06 28.3 2022-04-08 0 false
dltp-00-2022-04-12 600598 13.14 2022-01-27 15.27 2022-03-03 13.18 2022-03-16 15.78 2022-04-11 0 false
dltp2022-04-12 600599 8.23 2022-03-15 9.44 2022-04-01 9.14 2022-04-11 9.6 2022-04-12 1 false
dltp-00-2022-04-12 600610 13.2 2022-03-28 13.8 2022-03-29 13.21 2022-03-31 14.55 2022-04-08 0 false
dltp-00-2022-04-12 600618 11 2022-03-15 12.1 2022-03-29 11.6 2022-04-07 12.3 2022-04-12 0 false
dltp-00-2022-04-12 600650 9.41 2022-03-09 10.11 2022-03-11 9.42 2022-03-15 10.71 2022-04-12 0 false
dltp-00-2022-04-12 600655 8.82 2022-03-15 10.41 2022-03-23 9.83 2022-03-25 10.42 2022-04-12 0 false
dltp-00-2022-04-12 600671 8.93 2022-03-09 9.4 2022-03-14 9 2022-03-15 9.87 2022-03-24 0 false
dltp-00-2022-04-12 600697 11.83 2022-03-15 13.47 2022-04-06 13 2022-04-08 14.18 2022-04-12 0 false
dltp-00-2022-04-12 600704 4.92 2022-03-15 5.43 2022-04-06 5.28 2022-04-07 5.4 2022-04-12 0 false
dltp-00-2022-04-12 600705 3.76 2022-03-15 3.92 2022-03-16 3.9 2022-03-17 4.23 2022-04-06 0 false
dltp-00-2022-04-12 600710 5.63 2022-03-15 6 2022-04-06 5.85 2022-04-07 6.03 2022-04-12 0 false
dltp2022-04-12 600715 2.4 2022-03-15 2.77 2022-04-06 2.47 2022-04-11 2.66 2022-04-12 0 true
dltp-00-2022-04-12 600719 3.65 2022-03-15 4.11 2022-04-06 3.9 2022-04-11 4.09 2022-04-12 0 false
dltp-00-2022-04-12 600721 7.3 2022-03-16 8.36 2022-03-24 7.9 2022-03-28 9.22 2022-04-11 0 false
dltp-00-2022-04-12 600730 4.9 2022-01-27 6.09 2022-02-23 5.45 2022-03-08 6.72 2022-04-06 0 false
dltp-00-2022-04-12 600753 13.11 2022-01-27 16.09 2022-03-03 13.76 2022-03-09 18 2022-03-25 0 false
dltp2022-04-12 600768 8.88 2022-03-15 10.21 2022-03-23 9.57 2022-04-01 10.24 2022-04-12 1 false
dltp-00-2022-04-12 600776 9.18 2022-03-15 10.64 2022-03-23 10.1 2022-03-25 11.31 2022-03-29 0 false
dltp-00-2022-04-12 600778 4.4 2022-02-24 5.14 2022-03-18 4.75 2022-04-08 5.75 2022-04-12 0 false
dltp-00-2022-04-12 600792 4.13 2022-03-31 4.32 2022-04-08 4.13 2022-04-11 4.41 2022-04-12 0 false
dltp-00-2022-04-12 600796 4.97 2022-01-25 5.76 2022-03-07 5.28 2022-03-15 6.21 2022-04-12 0 false
dltp-00-2022-04-12 600805 3.73 2022-03-15 4.1 2022-03-31 4.06 2022-04-01 4.2 2022-04-07 0 false
dltp-00-2022-04-12 600807 4.15 2022-03-15 4.55 2022-03-22 4.34 2022-03-25 5 2022-04-06 0 false
dltp-00-2022-04-12 600831 6.09 2022-03-15 6.8 2022-04-06 6.51 2022-04-08 6.82 2022-04-12 0 false
dltp-00-2022-04-12 600846 7.48 2022-03-15 8.17 2022-03-22 8.07 2022-03-24 8.68 2022-04-06 0 false
dltp-00-2022-04-12 600857 11.88 2022-03-31 12.47 2022-04-06 11.9 2022-04-11 12.51 2022-04-12 0 false
dltp-00-2022-04-12 600870 4.23 2022-03-15 4.5 2022-03-25 4.34 2022-03-30 4.88 2022-04-07 0 false
dltp-00-2022-04-12 600873 7.16 2022-01-27 8.5 2022-03-03 7.9 2022-03-18 9.2 2022-03-30 0 false
dltp-00-2022-04-12 600874 6.35 2022-03-16 7.21 2022-03-22 6.79 2022-03-30 7.73 2022-04-08 0 false
dltp-00-2022-04-12 600881 2.9 2022-03-15 3.01 2022-03-18 2.99 2022-03-21 3.18 2022-04-08 0 false
dltp2022-04-12 600892 3.22 2022-03-15 3.55 2022-04-06 3.28 2022-04-11 3.61 2022-04-12 0 true
dltp-00-2022-04-12 600936 3.03 2022-03-15 3.41 2022-03-28 3.28 2022-03-30 3.78 2022-04-12 0 false
dltp-00-2022-04-12 600939 4.69 2022-03-24 5.21 2022-03-28 5.12 2022-03-29 5.55 2022-04-11 0 false
dltp-00-2022-04-12 600962 8.33 2022-01-27 10.24 2022-03-25 9.61 2022-04-01 10.18 2022-04-12 0 false
dltp-00-2022-04-12 600971 6.19 2022-01-28 7.47 2022-03-07 6.53 2022-03-15 8.05 2022-04-01 0 false
dltp-00-2022-04-12 600985 11.25 2022-01-28 14.42 2022-03-10 12.45 2022-03-15 16.23 2022-04-01 0 false
dltp-00-2022-04-12 600996 8.19 2022-03-30 9.04 2022-04-07 8.47 2022-04-08 9.58 2022-04-12 0 false
dltp-00-2022-04-12 601002 4.86 2022-01-25 5.59 2022-03-11 4.88 2022-03-15 6.09 2022-03-22 0 false
dltp-00-2022-04-12 601008 3.71 2022-02-24 4.83 2022-03-03 4.1 2022-03-29 4.94 2022-04-12 0 false
dltp-00-2022-04-12 601010 3.07 2022-03-15 3.27 2022-03-22 3.22 2022-03-24 3.62 2022-04-12 0 false
dltp-00-2022-04-12 601098 9.34 2022-03-25 10.05 2022-04-06 9.6 2022-04-11 10.15 2022-04-12 0 false
dltp-00-2022-04-12 601101 7.37 2022-01-28 10.45 2022-03-07 8.75 2022-03-15 11.02 2022-04-08 0 false
dltp-00-2022-04-12 601111 8.42 2022-03-15 9.83 2022-04-01 9.49 2022-04-11 10.25 2022-04-12 0 false
dltp-00-2022-04-12 601116 7.76 2021-11-29 10.49 2022-01-13 7.76 2022-03-15 11.18 2022-04-12 0 false
dltp-00-2022-04-12 601118 4.68 2022-03-15 5.06 2022-04-06 4.93 2022-04-07 5.1 2022-04-12 0 false
dltp-00-2022-04-12 601211 14.84 2022-03-15 15.86 2022-04-08 15.45 2022-04-11 15.79 2022-04-12 0 false
dltp-00-2022-04-12 601225 12.54 2022-01-28 15.2 2022-03-04 13.25 2022-03-15 17.21 2022-04-12 0 false
dltp-00-2022-04-12 601226 5.82 2022-03-25 6.06 2022-04-06 5.86 2022-04-07 6.08 2022-04-12 0 false
dltp-00-2022-04-12 601288 2.93 2022-03-17 2.99 2022-03-24 2.98 2022-03-25 3.1 2022-04-08 0 false
dltp-00-2022-04-12 601298 5.23 2022-03-15 5.74 2022-04-06 5.52 2022-04-11 5.75 2022-04-12 0 false
dltp-00-2022-04-12 601595 9.48 2022-03-15 10.64 2022-04-06 9.95 2022-04-11 10.54 2022-04-12 0 false
dltp-00-2022-04-12 601599 3.41 2022-03-24 3.48 2022-03-28 3.42 2022-03-30 3.72 2022-04-12 0 false
dltp-00-2022-04-12 601688 13.99 2022-03-15 15.02 2022-04-08 14.65 2022-04-11 14.93 2022-04-12 0 false
dltp-00-2022-04-12 601696 10.73 2022-03-09 14.08 2022-03-16 12.13 2022-03-29 14.56 2022-04-12 0 false
dltp-00-2022-04-12 601800 8.37 2022-03-15 9.64 2022-03-30 9.15 2022-04-01 10.09 2022-04-11 0 false
dltp-00-2022-04-12 601838 14.22 2022-03-21 14.79 2022-03-22 14.27 2022-03-29 16.12 2022-04-12 0 false
dltp-00-2022-04-12 601880 1.68 2022-03-15 1.79 2022-04-06 1.75 2022-04-11 1.82 2022-04-12 0 false
dltp-00-2022-04-12 601886 6.32 2022-03-29 6.44 2022-03-31 6.32 2022-04-01 6.65 2022-04-08 0 false
dltp2022-04-12 601898 5.98 2022-01-28 7.77 2022-03-07 6.49 2022-03-15 8.78 2022-04-12 0 true
dltp-00-2022-04-12 601900 7.65 2022-03-15 8.37 2022-03-18 8.18 2022-03-21 9.02 2022-04-06 0 false
dltp-00-2022-04-12 601901 6.48 2022-03-15 7.14 2022-04-01 6.88 2022-04-07 7.08 2022-04-12 0 false
dltp-00-2022-04-12 601952 11.37 2022-02-23 13.6 2022-03-07 11.82 2022-03-16 14.69 2022-03-29 0 false
dltp-00-2022-04-12 601958 6.26 2022-01-27 7.3 2022-03-07 6.4 2022-03-15 7.37 2022-04-12 0 false
dltp-00-2022-04-12 601975 1.8 2022-03-15 1.99 2022-04-06 1.91 2022-04-11 1.99 2022-04-12 0 false
dltp-00-2022-04-12 601985 7.37 2022-03-15 8.03 2022-03-18 7.43 2022-03-25 8.12 2022-04-07 0 false
dltp-00-2022-04-12 601999 5.97 2022-03-15 6.59 2022-03-28 6.45 2022-03-29 6.97 2022-04-06 0 false
dltp-00-2022-04-12 603043 19.34 2022-03-15 22.13 2022-04-06 21.06 2022-04-08 22.1 2022-04-12 0 false
dltp2022-04-12 603086 9.83 2022-03-15 10.58 2022-04-06 10.48 2022-04-07 11.57 2022-04-12 1 false
dltp-00-2022-04-12 603095 23.4 2022-03-15 25.45 2022-03-31 25.2 2022-04-01 27.11 2022-04-06 0 false
dltp-00-2022-04-12 603099 8.27 2022-03-15 9.68 2022-04-06 9.25 2022-04-11 9.99 2022-04-12 0 false
dltp-00-2022-04-12 603101 5.56 2022-03-15 6.21 2022-04-06 6.02 2022-04-08 6.55 2022-04-12 0 false
dltp-00-2022-04-12 603106 6.16 2022-03-15 6.79 2022-04-06 6.5 2022-04-11 6.76 2022-04-12 0 false
dltp-00-2022-04-12 603116 5.36 2022-03-15 5.85 2022-04-06 5.68 2022-04-11 5.85 2022-04-12 0 false
dltp-00-2022-04-12 603167 7.32 2022-03-15 7.86 2022-04-06 7.66 2022-04-11 7.96 2022-04-12 0 false
dltp-00-2022-04-12 603177 17.25 2022-03-16 20.12 2022-03-21 19.6 2022-03-23 21.87 2022-03-31 0 false
dltp-00-2022-04-12 603200 19.79 2022-03-24 21.35 2022-03-31 20.7 2022-04-01 22.77 2022-04-06 0 false
dltp-00-2022-04-12 603219 14.18 2022-03-15 18.91 2022-03-25 16.42 2022-03-29 19.65 2022-04-12 0 false
dltp-00-2022-04-12 603221 8.28 2022-03-15 9.2 2022-03-25 8.72 2022-03-29 9.27 2022-04-06 0 false
dltp-00-2022-04-12 603315 23.94 2022-03-29 25.22 2022-04-06 24.23 2022-04-11 25.71 2022-04-12 0 false
dltp-00-2022-04-12 603316 7.05 2022-03-14 8.42 2022-03-21 7.23 2022-03-29 8.46 2022-04-12 0 false
dltp2022-04-12 603331 11.81 2022-02-24 13.75 2022-03-23 12.28 2022-04-11 13.31 2022-04-12 1 false
dltp-00-2022-04-12 603358 19.19 2022-03-09 20 2022-03-14 19.25 2022-03-15 22.25 2022-04-06 0 false
dltp2022-04-12 603383 26.01 2022-03-15 29.45 2022-04-07 26.09 2022-04-11 28.7 2022-04-12 0 true
dltp-00-2022-04-12 603444 301.31 2022-03-15 354.28 2022-03-23 342.43 2022-03-29 384.12 2022-04-01 0 false
dltp-00-2022-04-12 603499 7.12 2022-03-15 7.8 2022-03-28 7.65 2022-03-29 8.02 2022-04-06 0 false
dltp-00-2022-04-12 603555 3.22 2022-03-31 3.31 2022-04-01 3.24 2022-04-07 3.36 2022-04-11 0 false
dltp-00-2022-04-12 603558 11.06 2022-03-24 11.5 2022-03-28 11.29 2022-03-30 12.17 2022-04-08 0 false
dltp2022-04-12 603569 7.14 2022-02-09 10.51 2022-03-07 7.95 2022-03-29 9.77 2022-04-12 1 false
dltp-00-2022-04-12 603586 10.79 2022-03-15 11.65 2022-04-07 11.46 2022-04-11 11.73 2022-04-12 0 false
dltp-00-2022-04-12 603612 18.26 2022-03-29 19.54 2022-03-30 18.68 2022-04-07 20.55 2022-04-08 0 false
dltp-00-2022-04-12 603639 18.55 2022-03-15 20.95 2022-03-31 20.38 2022-04-01 22.44 2022-04-08 0 false
dltp-00-2022-04-12 603708 12.5 2022-03-08 13.22 2022-04-06 12.61 2022-04-08 14.15 2022-04-12 0 false
dltp-00-2022-04-12 603725 6.86 2022-03-15 7.85 2022-03-25 7.52 2022-03-29 8.02 2022-04-06 0 false
dltp-00-2022-04-12 603808 11.82 2022-03-09 12.63 2022-03-11 11.91 2022-03-24 13.4 2022-04-06 0 false
dltp-00-2022-04-12 603843 4.96 2022-03-08 5.82 2022-03-21 5.16 2022-03-29 6.34 2022-04-08 0 false
dltp-00-2022-04-12 603858 18.87 2022-03-09 21.54 2022-03-14 20.23 2022-03-15 23.8 2022-04-07 0 false
dltp-00-2022-04-12 603863 8.49 2022-03-15 9.26 2022-03-24 9.06 2022-03-29 9.48 2022-04-12 0 false
dltp-00-2022-04-12 603878 6.11 2022-03-15 6.76 2022-04-06 6.59 2022-04-11 6.8 2022-04-12 0 false
dltp-00-2022-04-12 603908 33.02 2022-03-15 38.61 2022-03-18 34.6 2022-04-01 43.59 2022-04-12 0 false
dltp-00-2022-04-12 603909 15.15 2022-03-29 16.3 2022-03-30 16.1 2022-03-31 17.11 2022-04-06 0 false
dltp-00-2022-04-12 603949 24.6 2022-03-14 26.8 2022-03-24 25.49 2022-04-07 26.74 2022-04-08 0 false
dltp2022-04-12 603955 12.69 2022-01-27 17.86 2022-03-04 13.85 2022-03-15 16.71 2022-04-12 1 false
dltp-00-2022-04-12 603969 4.99 2022-03-25 5.18 2022-03-28 5.03 2022-03-29 5.47 2022-04-12 0 false
dltp-00-2022-04-12 603970 23.8 2022-03-15 26.28 2022-03-24 24.56 2022-03-31 26.91 2022-04-12 0 false
dltp-00-2022-04-12 605018 15.42 2022-01-28 19.08 2022-03-02 16 2022-03-17 19.9 2022-04-12 0 false
dltp-00-2022-04-12 605122 19.2 2022-03-15 22.54 2022-03-23 19.93 2022-03-29 22.5 2022-04-08 0 false
dltp-00-2022-04-12 605188 7.24 2022-03-15 7.83 2022-04-06 7.66 2022-04-08 8.47 2022-04-12 0 false
dltp-00-2022-04-12 605318 14.1 2022-03-15 15.5 2022-03-31 15.17 2022-04-01 16.3 2022-04-12 0 false
date==dltp3l=2022-04-12  ma_n= 60
day industry code name turnover_ratio pe_ratio industry_cnt inc_revenue_year_rank inc_revenue_annual_rank cfo_sales_rank leverage_ratio_rank
dltp-00-2022-04-12 000010 3.25 2022-03-15 3.63 2022-04-06 3.46 2022-04-07 3.63 2022-04-12 0 false
dltp-00-2022-04-12 000055 4.45 2022-03-29 4.64 2022-04-06 4.52 2022-04-07 4.67 2022-04-08 0 false
dltp-00-2022-04-12 000056 7.81 2022-04-07 8.08 2022-04-08 7.83 2022-04-11 8.34 2022-04-12 0 false
dltp-00-2022-04-12 000061 5.44 2022-03-15 6.16 2022-03-21 6 2022-03-24 6.6 2022-04-11 0 false
dltp-00-2022-04-12 000156 7.6 2022-03-15 8.46 2022-04-06 8.23 2022-04-11 8.43 2022-04-12 0 false
dltp-00-2022-04-12 000404 4.12 2022-03-15 4.62 2022-03-22 4.49 2022-03-24 4.96 2022-03-31 0 false
dltp2022-04-12 000416 3.83 2022-03-29 4.11 2022-04-06 3.88 2022-04-11 4.27 2022-04-12 1 false
dltp-00-2022-04-12 000430 5.08 2021-12-06 7.19 2022-02-14 5.58 2022-03-15 7.22 2022-04-12 0 false
dltp-00-2022-04-12 000498 6.14 2021-12-30 9.63 2022-02-08 7.55 2022-03-15 10.15 2022-04-11 0 false
dltp-00-2022-04-12 000519 17.62 2022-03-15 22.07 2022-03-24 20.25 2022-03-28 22.5 2022-03-31 0 false
dltp-00-2022-04-12 000520 3.46 2022-03-15 3.81 2022-04-06 3.65 2022-04-11 3.82 2022-04-12 0 false
dltp2022-04-12 000540 2.2 2022-03-15 2.65 2022-04-06 2.43 2022-04-11 2.57 2022-04-12 1 false
dltp-00-2022-04-12 000544 6.03 2022-03-15 6.49 2022-04-06 6.34 2022-04-07 6.61 2022-04-12 0 false
dltp-00-2022-04-12 000572 4.42 2022-03-15 5.91 2022-03-29 5.29 2022-04-07 5.93 2022-04-12 0 false
dltp-00-2022-04-12 000573 2.8 2021-11-05 4.4 2022-02-11 3.39 2022-03-15 4.69 2022-04-06 0 false
dltp-00-2022-04-12 000595 3.08 2022-03-15 3.48 2022-03-22 3.11 2022-03-31 3.84 2022-04-11 0 false
dltp-00-2022-04-12 000603 12.94 2022-04-07 13.4 2022-04-08 13.17 2022-04-11 14.34 2022-04-12 0 false
dltp-00-2022-04-12 000605 5.18 2022-01-27 6.81 2022-03-10 5.72 2022-03-15 7.16 2022-04-08 0 false
dltp-00-2022-04-12 000609 4.33 2022-03-15 4.73 2022-03-23 4.57 2022-03-29 4.99 2022-04-12 0 false
dltp-00-2022-04-12 000610 8.1 2022-03-15 9.67 2022-04-06 8.96 2022-04-11 9.86 2022-04-12 0 false
dltp-00-2022-04-12 000630 3.32 2022-03-15 3.87 2022-03-24 3.7 2022-04-01 4.04 2022-04-08 0 false
dltp-00-2022-04-12 000631 3.06 2022-03-15 3.52 2022-03-28 3.5 2022-03-29 3.74 2022-04-08 0 false
dltp-00-2022-04-12 000635 9.94 2022-03-28 10.47 2022-03-29 9.98 2022-03-31 11.08 2022-04-08 0 false
dltp-00-2022-04-12 000638 4.78 2022-01-05 5.5 2022-01-13 4.83 2022-01-25 5.99 2022-04-08 0 false
dltp-00-2022-04-12 000672 18.92 2022-01-14 22.9 2022-02-18 19.35 2022-03-15 22.73 2022-04-08 0 false
dltp-00-2022-04-12 000680 3.75 2022-03-15 4.15 2022-04-06 4.05 2022-04-07 4.43 2022-04-12 0 false
dltp-00-2022-04-12 000712 13.86 2022-03-15 15.48 2022-03-22 14.5 2022-03-29 15.83 2022-04-12 0 false
dltp-00-2022-04-12 000713 8.47 2022-01-25 10.19 2022-02-21 8.57 2022-03-15 10.27 2022-04-11 0 false
dltp-00-2022-04-12 000718 3.5 2022-03-15 4.28 2022-03-28 4.17 2022-03-29 4.71 2022-04-06 0 false
dltp-00-2022-04-12 000732 2.17 2022-01-27 3.36 2022-02-11 2.51 2022-03-15 3.52 2022-04-06 0 false
dltp-00-2022-04-12 000755 4.44 2022-03-31 4.54 2022-04-06 4.46 2022-04-07 4.69 2022-04-08 0 false
dltp-00-2022-04-12 000778 4.46 2022-03-15 4.95 2022-03-21 4.59 2022-03-25 5.36 2022-04-08 0 false
dltp-00-2022-04-12 000786 25.74 2022-03-15 32.27 2022-04-06 31.13 2022-04-07 32.05 2022-04-12 0 false
dltp-00-2022-04-12 000820 3.2 2022-03-15 3.59 2022-03-24 3.37 2022-04-01 3.72 2022-04-08 0 false
dltp2022-04-12 000822 6.29 2022-03-15 7.13 2022-03-30 6.74 2022-04-07 7.34 2022-04-12 0 true
dltp-00-2022-04-12 000830 14.08 2022-01-28 17.74 2022-03-03 15.53 2022-03-15 18.99 2022-04-08 0 false
dltp-00-2022-04-12 000881 9.08 2022-03-08 9.53 2022-03-10 9.16 2022-03-14 10.47 2022-03-31 0 false
dltp-00-2022-04-12 000888 5.91 2021-11-02 8.3 2022-02-14 6.53 2022-03-15 8.29 2022-04-12 0 false
dltp-00-2022-04-12 000932 4.85 2021-11-16 6.12 2022-03-04 5.03 2022-03-15 6.25 2022-04-08 0 false
dltp-00-2022-04-12 000933 8.17 2021-11-16 14.73 2022-03-07 10.81 2022-03-15 14.9 2022-03-28 0 false
dltp-00-2022-04-12 000948 13.55 2022-03-29 15.54 2022-04-06 14.82 2022-04-07 16.3 2022-04-08 0 false
dltp-00-2022-04-12 000950 4.91 2022-02-17 6.15 2022-03-07 4.99 2022-03-15 6.57 2022-03-28 0 false
dltp-00-2022-04-12 000955 4.9 2022-03-15 5.2 2022-03-21 4.94 2022-03-24 5.82 2022-04-06 0 false
dltp-00-2022-04-12 000978 5.14 2021-12-23 6.9 2022-02-14 5.56 2022-03-15 6.93 2022-04-12 0 false
dltp-00-2022-04-12 001201 34.05 2022-01-27 43.72 2022-03-01 34.68 2022-03-15 44.66 2022-03-29 0 false
dltp-00-2022-04-12 002014 8.34 2022-02-15 8.75 2022-02-23 8.54 2022-02-24 9.36 2022-04-07 0 false
dltp-00-2022-04-12 002062 5.03 2022-03-29 5.21 2022-03-30 5.17 2022-04-01 5.63 2022-04-08 0 false
dltp-00-2022-04-12 002067 3.7 2022-03-15 3.98 2022-03-22 3.96 2022-03-24 4.18 2022-04-06 0 false
dltp-00-2022-04-12 002084 4.9 2022-03-29 5.23 2022-03-31 5.05 2022-04-01 5.31 2022-04-07 0 false
dltp-00-2022-04-12 002096 10.28 2022-03-15 12.32 2022-03-31 12.15 2022-04-01 12.85 2022-04-11 0 false
dltp-00-2022-04-12 002114 7.33 2022-03-15 8.11 2022-04-06 7.95 2022-04-07 8.48 2022-04-12 0 false
dltp-00-2022-04-12 002133 2.68 2021-11-05 4.68 2022-02-22 3.36 2022-03-15 4.88 2022-04-06 0 false
dltp-00-2022-04-12 002136 16.03 2022-02-24 18.77 2022-03-04 16.08 2022-03-15 19.77 2022-03-30 0 false
dltp-00-2022-04-12 002144 9.27 2022-03-15 10.03 2022-03-22 9.81 2022-03-24 11.1 2022-04-12 0 false
dltp2022-04-12 002159 9.55 2022-03-15 11.48 2022-04-06 10.71 2022-04-11 11.78 2022-04-12 1 false
dltp-00-2022-04-12 002170 5.95 2022-04-01 6 2022-04-06 5.97 2022-04-07 6.36 2022-04-12 0 false
dltp-00-2022-04-12 002204 3.66 2022-03-15 4.09 2022-04-06 3.89 2022-04-11 4.07 2022-04-12 0 false
dltp-00-2022-04-12 002208 6.98 2021-11-02 9.65 2022-01-19 7.1 2022-03-15 10.32 2022-04-01 0 false
dltp-00-2022-04-12 002209 6.3 2022-01-27 7.51 2022-03-02 6.8 2022-03-15 7.89 2022-03-21 0 false
dltp-00-2022-04-12 002211 3.51 2022-03-15 3.98 2022-03-30 3.71 2022-04-01 4.13 2022-04-12 0 false
dltp-00-2022-04-12 002215 5.97 2022-02-11 6.45 2022-02-23 5.97 2022-03-15 6.88 2022-03-29 0 false
dltp-00-2022-04-12 002226 5.45 2022-03-09 5.87 2022-03-14 5.66 2022-03-15 6.67 2022-03-24 0 false
dltp-00-2022-04-12 002321 2.58 2022-03-16 2.86 2022-04-07 2.77 2022-04-11 2.84 2022-04-12 0 false
dltp-00-2022-04-12 002478 4 2022-03-15 4.4 2022-03-18 4.34 2022-03-21 4.68 2022-04-06 0 false
dltp-00-2022-04-12 002486 2.56 2022-03-15 3.1 2022-03-25 2.9 2022-03-30 3.19 2022-03-31 0 false
dltp-00-2022-04-12 002489 3.22 2022-03-15 3.67 2022-03-22 3.5 2022-03-29 3.66 2022-04-06 0 false
dltp-00-2022-04-12 002496 2.45 2022-03-15 2.72 2022-03-28 2.67 2022-03-31 2.82 2022-04-12 0 false
dltp-00-2022-04-12 002513 4.43 2022-03-15 4.95 2022-03-29 4.8 2022-04-01 5.04 2022-04-12 0 false
dltp-00-2022-04-12 002523 2.55 2022-03-15 2.85 2022-04-06 2.77 2022-04-07 2.91 2022-04-12 0 false
dltp-00-2022-04-12 002538 7.82 2022-03-15 9.14 2022-03-29 8.72 2022-03-31 9.35 2022-04-11 0 false
dltp-00-2022-04-12 002542 2.76 2022-03-15 3.05 2022-03-22 2.95 2022-03-24 3.41 2022-04-08 0 false
dltp-00-2022-04-12 002562 5.09 2022-03-24 5.29 2022-04-06 5.13 2022-04-07 5.43 2022-04-12 0 false
dltp-00-2022-04-12 002569 7.15 2022-01-27 8.01 2022-03-02 7.43 2022-03-15 8.09 2022-04-12 0 false
dltp-00-2022-04-12 002575 4.28 2022-04-06 4.49 2022-04-08 4.36 2022-04-11 4.46 2022-04-12 0 false
dltp-00-2022-04-12 002588 5.37 2022-01-25 6.53 2022-02-23 5.78 2022-03-15 6.93 2022-03-29 0 false
dltp-00-2022-04-12 002608 5.58 2022-03-15 6.42 2022-04-06 6.13 2022-04-07 6.38 2022-04-08 0 false
dltp-00-2022-04-12 002628 3.23 2021-12-13 4.37 2022-02-16 3.58 2022-03-15 4.42 2022-04-11 0 false
dltp-00-2022-04-12 002638 1.82 2022-03-15 2 2022-03-22 1.91 2022-03-31 2.05 2022-04-12 0 false
dltp-00-2022-04-12 002639 9.72 2022-03-15 13.5 2022-03-23 11.05 2022-04-01 13.38 2022-04-12 0 false
dltp-00-2022-04-12 002659 3.96 2022-03-15 4.37 2022-03-18 4.03 2022-03-30 4.56 2022-04-12 0 false
dltp2022-04-12 002660 7.56 2022-03-29 8.28 2022-04-06 7.77 2022-04-11 8.55 2022-04-12 1 false
dltp-00-2022-04-12 002670 8.57 2022-03-29 9.18 2022-03-30 9.09 2022-03-31 10.19 2022-04-08 0 false
dltp-00-2022-04-12 002671 4.93 2022-03-15 5.12 2022-03-16 5.07 2022-03-17 5.81 2022-04-08 0 false
dltp-00-2022-04-12 002682 4.86 2022-03-31 5.2 2022-04-06 5 2022-04-08 5.4 2022-04-12 0 false
dltp-00-2022-04-12 002692 3.08 2022-01-27 3.5 2022-02-18 3.15 2022-03-15 3.9 2022-04-12 0 false
dltp-00-2022-04-12 002699 4.81 2022-02-24 6.16 2022-03-28 5.66 2022-03-31 6.87 2022-04-07 0 false
dltp-00-2022-04-12 002770 2.38 2022-03-15 2.63 2022-03-23 2.55 2022-03-28 2.84 2022-04-08 0 false
dltp-00-2022-04-12 002776 2.54 2022-02-17 3.25 2022-03-10 2.87 2022-03-21 3.5 2022-04-12 0 false
dltp-00-2022-04-12 002789 9.63 2022-03-15 12.6 2022-03-22 10.85 2022-03-29 13.74 2022-04-11 0 false
dltp-00-2022-04-12 002816 15.54 2022-01-27 20.28 2022-02-21 16.52 2022-03-15 21.55 2022-03-31 0 false
dltp-00-2022-04-12 002840 14.34 2022-02-17 17.36 2022-03-07 15.68 2022-03-16 18.02 2022-04-01 0 false
dltp-00-2022-04-12 002861 11.61 2022-03-15 12.57 2022-03-21 11.88 2022-03-29 14.16 2022-04-12 0 false
dltp2022-04-12 002905 6.15 2022-03-15 7.34 2022-03-28 7.16 2022-03-29 8.03 2022-04-12 1 false
dltp-00-2022-04-12 600004 11.23 2022-03-15 13.08 2022-03-21 12.2 2022-03-29 13.31 2022-04-12 0 false
dltp-00-2022-04-12 600012 7.06 2022-03-15 7.48 2022-03-18 7.39 2022-03-24 8.05 2022-04-06 0 false
dltp-00-2022-04-12 600035 3 2022-03-15 3.22 2022-03-22 3.14 2022-03-24 3.49 2022-04-12 0 false
dltp-00-2022-04-12 600048 12.24 2021-11-05 17.16 2022-03-07 14.71 2022-03-15 18.3 2022-04-06 0 false
dltp-00-2022-04-12 600057 7.89 2022-03-17 8.42 2022-03-22 8.32 2022-03-23 9.1 2022-04-12 0 false
dltp-00-2022-04-12 600119 7.37 2022-03-09 8 2022-03-11 7.47 2022-03-15 8.88 2022-04-11 0 false
dltp2022-04-12 600122 1.76 2022-03-14 1.98 2022-03-21 1.82 2022-04-01 2.05 2022-04-08 3 false
dltp-00-2022-04-12 600123 9.46 2022-01-28 13.15 2022-03-07 10.69 2022-03-16 14.84 2022-04-11 0 false
dltp-00-2022-04-12 600128 7.37 2022-02-25 8.62 2022-03-03 7.66 2022-03-15 9.51 2022-04-06 0 false
dltp-00-2022-04-12 600138 9.96 2021-12-24 12.77 2022-02-14 10.9 2022-03-15 12.92 2022-04-06 0 false
dltp-00-2022-04-12 600155 8.91 2022-03-29 9.58 2022-04-08 9.4 2022-04-11 9.73 2022-04-12 0 false
dltp-00-2022-04-12 600168 6.78 2022-03-15 6.97 2022-03-16 6.95 2022-03-17 7.65 2022-04-06 0 false
dltp-00-2022-04-12 600170 2.94 2022-03-15 3.39 2022-04-06 3.3 2022-04-07 3.44 2022-04-08 0 false
dltp-00-2022-04-12 600173 4.64 2021-11-03 7.08 2022-01-11 5.03 2022-03-15 7.26 2022-04-06 0 false
dltp-00-2022-04-12 600197 22.16 2022-02-07 28.35 2022-03-10 24.5 2022-03-15 28.19 2022-04-01 0 false
dltp-00-2022-04-12 600215 7.35 2022-03-17 8.18 2022-03-23 7.98 2022-03-24 8.78 2022-04-01 0 false
dltp-00-2022-04-12 600226 2.1 2022-01-24 2.29 2022-03-07 2.13 2022-03-15 2.41 2022-04-08 0 false
dltp-00-2022-04-12 600227 3.22 2022-03-15 3.45 2022-03-22 3.42 2022-03-23 3.73 2022-03-30 0 false
dltp-00-2022-04-12 600249 4.76 2021-11-29 5.59 2022-01-10 4.76 2022-01-27 6.29 2022-03-29 0 false
dltp-00-2022-04-12 600250 4.54 2021-12-07 6.85 2022-03-08 5.2 2022-03-15 6.86 2022-04-12 0 false
dltp-00-2022-04-12 600269 3.34 2022-03-15 3.65 2022-03-28 3.48 2022-03-30 3.68 2022-04-12 0 false
dltp-00-2022-04-12 600280 2.29 2022-03-15 2.85 2022-04-06 2.69 2022-04-08 3 2022-04-12 0 false
dltp-00-2022-04-12 600283 11.8 2022-03-15 13.59 2022-03-31 12.64 2022-04-07 14.16 2022-04-12 0 false
dltp-00-2022-04-12 600287 4.22 2021-12-06 4.96 2022-03-11 4.5 2022-03-15 5.48 2022-04-06 0 false
dltp-00-2022-04-12 600300 3.91 2022-03-15 4.51 2022-03-24 4.21 2022-03-28 4.5 2022-04-08 0 false
dltp-00-2022-04-12 600302 4.87 2022-02-24 5.13 2022-03-03 4.89 2022-03-09 5.73 2022-03-28 0 false
dltp-00-2022-04-12 600303 3.84 2021-11-11 5.54 2022-02-15 4.17 2022-03-15 5.58 2022-04-01 0 false
dltp-00-2022-04-12 600328 14.01 2022-03-15 16.77 2022-03-30 16.01 2022-04-07 18.36 2022-04-12 0 false
dltp-00-2022-04-12 600348 11.61 2022-03-23 11.71 2022-03-24 11.66 2022-03-25 12.32 2022-04-12 0 false
dltp-00-2022-04-12 600356 6.85 2022-03-15 7.55 2022-04-06 7.33 2022-04-11 7.5 2022-04-12 0 false
dltp-00-2022-04-12 600365 4.37 2022-03-17 4.85 2022-03-23 4.57 2022-04-07 4.86 2022-04-12 0 false
dltp-00-2022-04-12 600382 5.6 2022-03-28 5.62 2022-03-30 5.6 2022-03-31 6.03 2022-04-06 0 false
dltp-00-2022-04-12 600383 10.5 2021-12-15 14.06 2022-03-07 11.91 2022-03-15 15.2 2022-04-06 0 false
dltp-00-2022-04-12 600397 2.79 2022-01-28 3.57 2022-03-03 3.09 2022-03-15 3.88 2022-04-01 0 false
dltp-00-2022-04-12 600423 3.92 2022-03-15 4.28 2022-03-23 4.2 2022-03-28 4.45 2022-04-08 0 false
dltp-00-2022-04-12 600426 31.9 2022-03-25 33 2022-03-29 32.39 2022-03-30 34.19 2022-04-11 0 false
dltp-00-2022-04-12 600448 3.21 2022-02-24 3.52 2022-03-03 3.3 2022-03-09 3.74 2022-03-25 0 false
dltp-00-2022-04-12 600449 10.24 2021-11-05 13.9 2022-02-21 11.51 2022-03-15 14.53 2022-04-11 0 false
dltp-00-2022-04-12 600467 2.68 2022-03-15 3 2022-03-21 2.91 2022-03-24 3.2 2022-04-06 0 false
dltp-00-2022-04-12 600476 11.97 2022-03-15 13.15 2022-03-21 12.62 2022-03-24 14.12 2022-04-07 0 false
dltp-00-2022-04-12 600477 4.06 2022-03-29 4.31 2022-04-08 4.28 2022-04-11 4.36 2022-04-12 0 false
dltp-00-2022-04-12 600486 103.67 2022-03-09 121.85 2022-03-30 120.74 2022-03-31 132 2022-04-08 0 false
dltp-00-2022-04-12 600488 4.37 2022-03-09 4.92 2022-03-11 4.45 2022-03-15 5 2022-03-31 0 false
dltp-00-2022-04-12 600491 5.82 2022-03-25 6.23 2022-03-31 6.21 2022-04-01 6.52 2022-04-08 0 false
dltp-00-2022-04-12 600496 4.2 2022-03-15 4.65 2022-03-21 4.45 2022-03-25 4.98 2022-04-11 0 false
dltp-00-2022-04-12 600506 10.61 2022-01-25 12.98 2022-03-08 11.07 2022-03-17 12.95 2022-04-12 0 false
dltp-00-2022-04-12 600507 7.34 2022-03-15 8.6 2022-03-18 8.13 2022-03-25 8.96 2022-04-06 0 false
dltp-00-2022-04-12 600515 3.42 2022-03-29 3.93 2022-04-06 3.81 2022-04-07 4 2022-04-08 0 false
dltp-00-2022-04-12 600547 18.56 2022-01-27 21.82 2022-03-09 18.85 2022-03-16 23.33 2022-04-12 0 false
dltp-00-2022-04-12 600548 9.07 2022-03-15 10.03 2022-04-08 9.86 2022-04-11 10.02 2022-04-12 0 false
dltp-00-2022-04-12 600573 9.02 2022-02-28 10.79 2022-03-21 9.57 2022-03-29 11 2022-04-12 0 false
dltp-00-2022-04-12 600582 4.08 2022-02-28 4.59 2022-03-07 4.16 2022-03-16 5.01 2022-03-23 0 false
dltp-00-2022-04-12 600610 12.55 2022-03-15 14.21 2022-03-21 13.2 2022-03-28 14.55 2022-04-08 0 false
dltp-00-2022-04-12 600611 3.2 2022-03-15 3.49 2022-04-06 3.39 2022-04-11 3.48 2022-04-12 0 false
dltp-00-2022-04-12 600618 11 2022-03-15 12.1 2022-03-29 11.6 2022-04-07 12.3 2022-04-12 0 false
dltp-00-2022-04-12 600629 6.27 2022-01-27 8.99 2022-02-21 6.82 2022-03-15 9.35 2022-04-12 0 false
dltp-00-2022-04-12 600648 12.38 2022-03-16 13.14 2022-03-28 13.09 2022-03-29 14.22 2022-04-06 0 false
dltp-00-2022-04-12 600650 9.41 2022-03-09 10.11 2022-03-11 9.42 2022-03-15 10.71 2022-04-12 0 false
dltp-00-2022-04-12 600655 8.82 2022-03-15 10.41 2022-03-23 9.83 2022-03-25 10.42 2022-04-12 0 false
dltp-00-2022-04-12 600671 8.93 2022-03-09 9.4 2022-03-14 9 2022-03-15 9.87 2022-03-24 0 false
dltp-00-2022-04-12 600684 3.26 2022-01-27 4.42 2022-03-07 3.53 2022-03-15 5 2022-04-06 0 false
dltp-00-2022-04-12 600719 3.65 2022-03-15 4.11 2022-04-06 3.9 2022-04-11 4.09 2022-04-12 0 false
dltp-00-2022-04-12 600721 6.93 2022-01-27 8.66 2022-03-01 7.3 2022-03-16 9.22 2022-04-11 0 false
dltp-00-2022-04-12 600757 5.48 2022-03-04 6.03 2022-03-07 5.51 2022-03-09 6.33 2022-03-31 0 false
dltp2022-04-12 600768 9.57 2022-04-01 9.87 2022-04-07 9.62 2022-04-11 10.24 2022-04-12 1 false
dltp-00-2022-04-12 600790 2.9 2021-11-02 3.75 2022-03-03 3.34 2022-03-15 3.97 2022-04-06 0 false
dltp-00-2022-04-12 600807 4.15 2022-03-15 4.55 2022-03-22 4.34 2022-03-25 5 2022-04-06 0 false
dltp-00-2022-04-12 600814 6.05 2021-12-13 8.09 2022-02-16 6.59 2022-03-15 8.47 2022-04-12 0 false
dltp-00-2022-04-12 600824 3.89 2022-03-24 3.98 2022-03-25 3.9 2022-03-30 4.47 2022-04-12 0 false
dltp-00-2022-04-12 600831 6.13 2022-03-25 6.46 2022-03-28 6.31 2022-03-30 6.82 2022-04-12 0 false
dltp-00-2022-04-12 600836 5.46 2022-01-27 6.47 2022-02-10 6.18 2022-02-14 7.2 2022-04-06 0 false
dltp-00-2022-04-12 600846 8.07 2022-03-24 8.27 2022-03-28 8.11 2022-03-29 8.68 2022-04-06 0 false
dltp-00-2022-04-12 600874 6.35 2022-03-16 7.21 2022-03-22 6.79 2022-03-30 7.73 2022-04-08 0 false
dltp2022-04-12 600888 6.99 2022-03-15 8.05 2022-04-08 7.84 2022-04-11 8.2 2022-04-12 0 true
dltp-00-2022-04-12 600901 4.94 2022-04-07 5.03 2022-04-08 4.99 2022-04-11 5.17 2022-04-12 0 false
dltp-00-2022-04-12 600909 4.52 2022-03-15 5.04 2022-04-06 4.9 2022-04-07 5 2022-04-12 0 false
dltp-00-2022-04-12 600936 3.03 2022-03-15 3.41 2022-03-28 3.28 2022-03-30 3.78 2022-04-12 0 false
dltp-00-2022-04-12 600971 6.19 2022-01-28 7.47 2022-03-07 6.53 2022-03-15 8.05 2022-04-01 0 false
dltp-00-2022-04-12 601002 4.86 2022-01-25 5.59 2022-03-11 4.88 2022-03-15 6.09 2022-03-22 0 false
dltp-00-2022-04-12 601006 6.35 2022-03-15 6.66 2022-03-18 6.59 2022-03-21 6.95 2022-04-12 0 false
dltp-00-2022-04-12 601009 8.83 2021-12-27 10.35 2022-03-07 9.56 2022-03-15 11.57 2022-04-08 0 false
dltp-00-2022-04-12 601028 16.19 2021-12-07 20.86 2022-02-21 17.69 2022-03-15 20.89 2022-03-29 0 false
dltp-00-2022-04-12 601098 9.34 2022-03-25 10.05 2022-04-06 9.6 2022-04-11 10.15 2022-04-12 0 false
dltp-00-2022-04-12 601118 4.68 2022-03-15 5.06 2022-04-06 4.93 2022-04-07 5.1 2022-04-12 0 false
dltp-00-2022-04-12 601128 6.98 2022-03-16 7.29 2022-03-18 7.08 2022-03-21 8.18 2022-04-08 0 false
dltp-00-2022-04-12 601225 12.2 2022-01-14 15.2 2022-03-04 13.25 2022-03-15 17.21 2022-04-12 0 false
dltp-00-2022-04-12 601226 5.24 2022-03-15 6.06 2022-04-06 5.86 2022-04-07 6.08 2022-04-12 0 false
dltp2022-04-12 601236 8.94 2022-03-10 10.68 2022-03-30 9.79 2022-04-11 10.77 2022-04-12 1 false
dltp-00-2022-04-12 601288 2.93 2021-12-17 3.08 2022-02-11 2.93 2022-03-17 3.1 2022-04-08 0 false
dltp-00-2022-04-12 601298 5.23 2022-03-15 5.74 2022-04-06 5.52 2022-04-11 5.75 2022-04-12 0 false
dltp-00-2022-04-12 601328 4.6 2022-03-15 4.78 2022-03-16 4.73 2022-03-17 5.17 2022-04-12 0 false
dltp-00-2022-04-12 601368 5.15 2022-03-15 5.5 2022-03-21 5.27 2022-03-24 5.8 2022-04-06 0 false
dltp-00-2022-04-12 601390 5.52 2021-12-06 6.72 2022-02-10 5.55 2022-03-15 6.94 2022-04-12 0 false
dltp-00-2022-04-12 601518 2.51 2022-03-15 2.76 2022-03-22 2.68 2022-03-24 2.95 2022-04-12 0 false
dltp-00-2022-04-12 601696 10.73 2022-03-09 14.08 2022-03-16 12.13 2022-03-29 14.56 2022-04-12 0 false
dltp-00-2022-04-12 601800 8.37 2022-03-15 9.64 2022-03-30 9.15 2022-04-01 10.09 2022-04-11 0 false
dltp-00-2022-04-12 601838 11.13 2021-12-01 15.1 2022-02-11 13.03 2022-03-15 16.12 2022-04-12 0 false
dltp-00-2022-04-12 601886 6.32 2022-03-29 6.44 2022-03-31 6.32 2022-04-01 6.65 2022-04-08 0 false
dltp2022-04-12 601898 5.98 2022-01-28 7.77 2022-03-07 6.49 2022-03-15 8.78 2022-04-12 0 true
dltp-00-2022-04-12 601900 8.18 2022-03-21 8.34 2022-03-23 8.24 2022-03-24 9.02 2022-04-06 0 false
dltp-00-2022-04-12 601918 4.22 2022-01-28 5.27 2022-03-07 4.45 2022-03-15 5.85 2022-03-31 0 false
dltp-00-2022-04-12 601952 10.39 2022-01-27 13.6 2022-03-07 11.82 2022-03-16 14.69 2022-03-29 0 false
dltp-00-2022-04-12 601958 6.4 2022-03-15 6.88 2022-03-24 6.64 2022-03-31 7.37 2022-04-12 0 false
dltp-00-2022-04-12 601975 1.8 2022-03-15 1.99 2022-04-06 1.91 2022-04-11 1.99 2022-04-12 0 false
dltp-00-2022-04-12 601985 7.37 2022-03-15 8.03 2022-03-18 7.43 2022-03-25 8.12 2022-04-07 0 false
dltp-00-2022-04-12 603017 8.6 2022-03-15 10.38 2022-03-22 9.81 2022-03-24 10.82 2022-04-12 0 false
dltp-00-2022-04-12 603021 4.79 2022-01-27 5.53 2022-03-03 4.82 2022-03-15 5.67 2022-04-06 0 false
dltp-00-2022-04-12 603112 14.2 2022-04-07 14.71 2022-04-08 14.59 2022-04-11 14.66 2022-04-12 0 false
dltp-00-2022-04-12 603116 5.36 2022-03-15 5.85 2022-04-06 5.68 2022-04-11 5.85 2022-04-12 0 false
dltp-00-2022-04-12 603165 15.6 2022-03-17 17.06 2022-03-23 16.52 2022-03-28 18.24 2022-03-30 0 false
dltp-00-2022-04-12 603183 5.55 2022-01-27 6.62 2022-02-16 5.63 2022-03-15 7.41 2022-03-21 0 false
dltp-00-2022-04-12 603199 21 2022-01-27 27.33 2022-02-10 21.18 2022-03-15 27.86 2022-04-12 0 false
dltp-00-2022-04-12 603219 14.18 2022-03-15 18.91 2022-03-25 16.42 2022-03-29 19.65 2022-04-12 0 false
dltp-00-2022-04-12 603226 6.44 2021-10-27 7.63 2022-01-13 6.63 2022-01-27 8.33 2022-04-06 0 false
dltp-00-2022-04-12 603266 11.66 2022-03-15 13.73 2022-03-22 12.18 2022-03-29 14.4 2022-04-06 0 false
dltp-00-2022-04-12 603315 23.94 2022-03-29 25.22 2022-04-06 24.23 2022-04-11 25.71 2022-04-12 0 false
dltp2022-04-12 603331 11.81 2022-02-24 13.75 2022-03-23 12.28 2022-04-11 13.31 2022-04-12 1 false
dltp-00-2022-04-12 603336 6.61 2022-03-15 7.79 2022-04-06 7.34 2022-04-08 8.26 2022-04-12 0 false
dltp-00-2022-04-12 603358 18.95 2022-01-27 21.22 2022-02-17 19.19 2022-03-09 22.25 2022-04-06 0 false
dltp-00-2022-04-12 603506 13.33 2022-03-15 15.84 2022-03-23 15.36 2022-03-24 16.96 2022-04-06 0 false
dltp-00-2022-04-12 603529 34.52 2022-03-09 41.11 2022-03-30 40.53 2022-03-31 45 2022-04-12 0 false
dltp-00-2022-04-12 603535 24.2 2022-03-16 27.66 2022-03-31 26.94 2022-04-01 31.04 2022-04-11 0 false
dltp-00-2022-04-12 603558 11.06 2022-03-24 11.5 2022-03-28 11.29 2022-03-30 12.17 2022-04-08 0 false
dltp-00-2022-04-12 603577 9.57 2022-03-15 10.48 2022-03-23 9.79 2022-03-29 10.69 2022-04-12 0 false
dltp-00-2022-04-12 603605 175.8 2022-04-07 180.47 2022-04-08 178.35 2022-04-11 185.58 2022-04-12 0 false
dltp-00-2022-04-12 603612 18.26 2022-03-29 19.54 2022-03-30 18.68 2022-04-07 20.55 2022-04-08 0 false
dltp-00-2022-04-12 603619 14.48 2022-04-01 15.5 2022-04-06 14.7 2022-04-08 15.72 2022-04-12 0 false
dltp-00-2022-04-12 603858 18.87 2022-03-09 21.54 2022-03-14 20.23 2022-03-15 23.8 2022-04-07 0 false
dltp-00-2022-04-12 603863 8.44 2022-01-25 9.49 2022-03-02 8.49 2022-03-15 9.48 2022-04-12 0 false
dltp-00-2022-04-12 603868 39.86 2021-12-20 49.03 2022-02-14 42.58 2022-03-15 50.57 2022-03-24 0 false
dltp-00-2022-04-12 603909 14.98 2022-03-16 16.12 2022-03-18 15.15 2022-03-29 17.11 2022-04-06 0 false
dltp-00-2022-04-12 603949 21.28 2021-12-27 26.75 2022-01-10 23.23 2022-02-15 26.81 2022-03-04 0 false
dltp2022-04-12 603955 12.69 2022-01-27 17.86 2022-03-04 13.85 2022-03-15 16.71 2022-04-12 1 false
dltp-00-2022-04-12 605016 25.7 2022-01-27 31.87 2022-03-04 27.06 2022-03-25 33.3 2022-04-12 0 false
dltp-00-2022-04-12 605018 15.42 2022-01-28 19.08 2022-03-02 16 2022-03-17 19.9 2022-04-12 0 false
dltp-00-2022-04-12 605318 15.17 2022-04-01 15.85 2022-04-06 15.38 2022-04-07 16.3 2022-04-12 0 false
dltp3l cost is :190830347 
date==xc=2022-04-12
day industry code name turnover_ratio pe_ratio industry_cnt inc_revenue_year_rank inc_revenue_annual_rank cfo_sales_rank leverage_ratio_rank
xc2022-04-12 000008 []
xc2022-04-12 000055 []
xc2022-04-12 000061 []
xc2022-04-12 002336 []
xc2022-04-12 002367 []
xc2022-04-12 002395 []
xc2022-04-12 002718 []
xc2022-04-12 002853 []
xc2022-04-12 002949 []
xc2022-04-12 600048 []
xc2022-04-12 600115 []
xc2022-04-12 600137 []
xc2022-04-12 600293 []
xc2022-04-12 600655 []
xc2022-04-12 600981 []
xc2022-04-12 601101 []
xc2022-04-12 601886 []
xc2022-04-12 603500 []
xc2022-04-12 603637 []
xc cost is :217776635 
date==qkht=2022-04-12
day industry code name turnover_ratio pe_ratio industry_cnt inc_revenue_year_rank inc_revenue_annual_rank cfo_sales_rank leverage_ratio_rank
qkht2022-04-12 000099 [-1 6.1] [0000-00-00 2021-02-18] [7.02]
qkht2022-04-12 000151 [-1 8.49] [0000-00-00 2022-03-30] [10.08]
qkht2022-04-12 000159 [-1 5.41] [0000-00-00 2021-04-15] [6.15]
qkht2022-04-12 000502 [-1 5.13] [0000-00-00 2022-03-23] [5.4]
qkht2022-04-12 000519 [-1 10.77 19.1] [0000-00-00 2021-07-15 2022-03-17] [21.69]
qkht2022-04-12 000526 [-1 17.45] [0000-00-00 2022-04-06] [20.25]
qkht2022-04-12 000541 [-1 4.52] [0000-00-00 2020-05-20] [5.17]
qkht2022-04-12 000581 [-1 17.31] [0000-00-00 2020-04-21] [19.63]
qkht2022-04-12 000611 [-1 2.76 3.51 3.6 4.23] [0000-00-00 2021-06-03 2022-03-23 2022-03-24 2022-04-08] [4.56]
qkht2022-04-12 000628 [-1 10.53] [0000-00-00 2022-03-17] [11.59]
qkht2022-04-12 000737 [-1 2.93 3.57 4.34 4.56 4.79 5.03 5.79] [0000-00-00 2020-07-10 2020-09-14 2021-02-18 2021-02-19 2021-02-22 2021-02-23 2021-04-19] [6.17]
qkht2022-04-12 000822 [-1 4.16 6.53] [0000-00-00 2021-02-22 2022-03-17] [7.34]
qkht2022-04-12 000858 [-1 107.39 116.76 145.21] [0000-00-00 2020-03-25 2020-04-07 2020-06-01] [163.88]
qkht2022-04-12 000887 [-1 7.83 9.23 11.53] [0000-00-00 2020-07-03 2020-08-03 2021-07-07] [13.23]
qkht2022-04-12 000888 [-1 7.18] [0000-00-00 2022-03-17] [8.29]
qkht2022-04-12 000927 [-1 3.23] [0000-00-00 2022-04-11] [3.88]
qkht2022-04-12 000958 [-1 4.39 4.6] [0000-00-00 2022-02-07 2022-02-09] [5]
qkht2022-04-12 000963 [-1 18.56 27.79 29.77] [0000-00-00 2020-04-30 2021-02-10 2021-10-08] [32.45]
qkht2022-04-12 000968 [-1 6.72] [0000-00-00 2021-08-23] [7.61]
qkht2022-04-12 000978 [-1 6.12] [0000-00-00 2022-03-17] [6.93]
qkht2022-04-12 001202 [-1 15.83] [0000-00-00 2022-04-11] [17.28]
qkht2022-04-12 001872 [-1 13.95] [0000-00-00 2021-02-18] [15.76]
qkht2022-04-12 002024 [-1 3.29] [0000-00-00 2022-03-17] [3.6]
qkht2022-04-12 002047 [-1 3.24] [0000-00-00 2022-03-17] [3.58]
qkht2022-04-12 002048 [-1 13.96] [0000-00-00 2021-05-27] [15.02]
qkht2022-04-12 002086 [-1 2.03 2.13 2.36] [0000-00-00 2021-12-06 2021-12-07 2022-03-11] [2.54]
qkht2022-04-12 002089 [-1 1.84 2.38] [0000-00-00 2021-05-19 2022-04-12] [2.5]
qkht2022-04-12 002101 [-1 6.04 9.86] [0000-00-00 2021-02-18 2021-12-09] [11.3]
qkht2022-04-12 002109 [-1 4.04 5.48] [0000-00-00 2021-02-22 2022-04-08] [5.83]
qkht2022-04-12 002153 [-1 17.77] [0000-00-00 2021-09-17] [19.31]
qkht2022-04-12 002175 [-1 1.35 1.38 1.55 1.63 2.28 2.35 2.47 2.59 2.86 3.04 3.34] [0000-00-00 2021-04-21 2021-04-22 2021-05-07 2021-05-10 2022-03-21 2022-03-22 2022-03-23 2022-03-24 2022-03-28 2022-04-11 2022-04-12] [3.67]
qkht2022-04-12 002205 [-1 9.62 12.65 13.92 15.31 16.84] [0000-00-00 2022-03-31 2022-04-07 2022-04-08 2022-04-11 2022-04-12] [18.4]
qkht2022-04-12 002214 [-1 11.88] [0000-00-00 2020-02-04] [13.63]
qkht2022-04-12 002219 [-1 1.63 1.71 2.07 2.27 2.36 2.48 2.89 3.03] [0000-00-00 2021-02-03 2021-02-04 2021-03-16 2021-03-29 2021-03-30 2021-03-31 2022-03-21 2022-03-22] [3.34]
qkht2022-04-12 002222 [-1 12.24] [0000-00-00 2021-02-18] [13.04]
qkht2022-04-12 002251 [-1 6.94] [0000-00-00 2022-04-12] [7.63]
qkht2022-04-12 002256 [-1 0.77 0.81 0.85 1.12 2.29 2.37 2.61] [0000-00-00 2020-05-25 2020-05-26 2020-05-27 2021-01-15 2021-08-02 2021-08-04 2021-08-05] [2.76]
qkht2022-04-12 002265 [-1 8.32 9.15 10.07 11.08 12.19 13.41] [0000-00-00 2021-12-06 2021-12-07 2021-12-08 2021-12-09 2021-12-10 2021-12-13] [15.25]
qkht2022-04-12 002267 [-1 6.33] [0000-00-00 2022-04-12] [6.53]
qkht2022-04-12 002274 [-1 5.93 10.6] [0000-00-00 2021-02-22 2022-03-23] [10.98]
qkht2022-04-12 002311 [-1 49.73] [0000-00-00 2020-07-09] [58.15]
qkht2022-04-12 002323 [-1 2.39 3.22] [0000-00-00 2020-07-20 2022-02-23] [3.5]
qkht2022-04-12 002336 [-1 4.44 6.28] [0000-00-00 2021-12-01 2022-03-14] [7.57]
qkht2022-04-12 002361 [-1 4.11] [0000-00-00 2021-02-09] [4.31]
qkht2022-04-12 002432 [-1 5.1 6.09 7.48 8.23 9.05 9.96 10.96 12.06 13.27 14.6 17.24 25.14 28.52 31.37 38.52 67.9] [0000-00-00 2020-01-14 2021-11-08 2021-11-16 2021-11-17 2021-11-18 2021-11-19 2021-11-22 2021-11-23 2021-11-24 2021-11-25 2021-11-30 2021-12-16 2021-12-20 2021-12-21 2021-12-27 2022-04-12] [74.47]
qkht2022-04-12 002436 [-1 8.37] [0000-00-00 2021-02-18] [9.28]
qkht2022-04-12 002447 [-1 1.04 1.07 1.12 1.18 1.38] [0000-00-00 2020-05-25 2020-05-26 2020-05-27 2020-05-28 2022-03-30] [1.56]
qkht2022-04-12 002475 [-1 27.31] [0000-00-00 2020-03-25] [28.88]
qkht2022-04-12 002545 [-1 12.51] [0000-00-00 2022-04-08] [14.52]
qkht2022-04-12 002564 [-1 4.09] [0000-00-00 2022-02-14] [4.43]
qkht2022-04-12 002595 [-1 16.57] [0000-00-00 2020-04-29] [18.82]
qkht2022-04-12 002629 [-1 2.74 2.88 3.02 3.32] [0000-00-00 2021-12-14 2021-12-15 2021-12-17 2021-12-20] [3.7]
qkht2022-04-12 002646 [-1 12.98 14.12] [0000-00-00 2021-04-15 2021-04-16] [15.99]
qkht2022-04-12 002659 [-1 4.08] [0000-00-00 2022-04-06] [4.56]
qkht2022-04-12 002689 [-1 3.14] [0000-00-00 2022-03-21] [3.64]
qkht2022-04-12 002697 [-1 4.91] [0000-00-00 2022-04-06] [5.65]
qkht2022-04-12 002701 [-1 4.43] [0000-00-00 2021-02-01] [4.92]
qkht2022-04-12 002721 [-1 3.11] [0000-00-00 2021-12-30] [3.62]
qkht2022-04-12 002727 [-1 18.99 20.55] [0000-00-00 2020-03-20 2020-03-23] [22.32]
qkht2022-04-12 002766 [-1 3.17 3.78] [0000-00-00 2020-12-17 2022-03-21] [4.14]
qkht2022-04-12 002790 [-1 5.93] [0000-00-00 2021-10-12] [6.55]
qkht2022-04-12 002806 [-1 9.94] [0000-00-00 2021-07-02] [10.56]
qkht2022-04-12 002813 [-1 19.67 22.77] [0000-00-00 2021-01-11 2022-02-08] [23.78]
qkht2022-04-12 002901 [-1 39.83] [0000-00-00 2022-03-30] [45.46]
qkht2022-04-12 002959 [-1 41.6] [0000-00-00 2022-03-17] [45.06]
qkht2022-04-12 002975 [-1 24.59 27.04 29.75 32.72 36] [0000-00-00 2020-02-06 2020-02-07 2020-02-10 2020-02-11 2020-02-12] [40]
qkht2022-04-12 002977 [-1 42.91 47.21 51.93] [0000-00-00 2020-03-18 2020-03-19 2020-03-20] [58.47]
qkht2022-04-12 002990 [-1 22.8] [0000-00-00 2022-03-17] [26.3]
qkht2022-04-12 003031 [-1 15.65 17.22 18.94 20.83 22.92 25.21 27.73 30.51 33.56 36.92 47.67 78.86] [0000-00-00 2021-01-05 2021-01-06 2021-01-07 2021-01-08 2021-01-11 2021-01-12 2021-01-13 2021-01-14 2021-01-15 2021-01-18 2021-05-27 2022-02-07] [85]
qkht2022-04-12 600025 [-1 5.89] [0000-00-00 2022-04-06] [6.17]
qkht2022-04-12 600027 [-1 3.08] [0000-00-00 2021-02-18] [3.38]
qkht2022-04-12 600039 [-1 2.99 4.12 8.44 9.28 10.26] [0000-00-00 2020-02-06 2020-10-30 2021-10-21 2021-10-22 2022-03-30] [10.69]
qkht2022-04-12 600062 [-1 12.96 16.19] [0000-00-00 2022-03-24 2022-04-12] [17.37]
qkht2022-04-12 600079 [-1 13.52] [0000-00-00 2020-04-03] [15.25]
qkht2022-04-12 600120 [-1 3.99] [0000-00-00 2022-03-21] [4.36]
qkht2022-04-12 600160 [-1 9.13 10.5 11.55] [0000-00-00 2021-07-06 2021-07-12 2022-01-25] [12.49]
qkht2022-04-12 600163 [-1 6.34] [0000-00-00 2021-09-03] [7.12]
qkht2022-04-12 600168 [-1 6.52] [0000-00-00 2022-02-07] [7.44]
qkht2022-04-12 600179 [-1 3.08 3.23] [0000-00-00 2020-05-12 2020-05-13] [3.72]
qkht2022-04-12 600186 [-1 2.38] [0000-00-00 2020-01-21] [2.53]
qkht2022-04-12 600190 [-1 2.87 3.16 3.48] [0000-00-00 2022-02-25 2022-02-28 2022-03-01] [4.12]
qkht2022-04-12 600206 [-1 13.49] [0000-00-00 2022-03-30] [14.33]
qkht2022-04-12 600237 [-1 6.3] [0000-00-00 2021-11-15] [6.7]
qkht2022-04-12 600271 [-1 10.54] [0000-00-00 2021-02-18] [11.72]
qkht2022-04-12 600272 [-1 7.5 8.21 9.03] [0000-00-00 2021-12-31 2022-01-04 2022-01-05] [10.51]
qkht2022-04-12 600336 [-1 5.67] [0000-00-00 2022-03-17] [6.41]
qkht2022-04-12 600365 [-1 2.31 3.85 4.29] [0000-00-00 2021-03-23 2021-12-02 2022-01-11] [4.86]
qkht2022-04-12 600428 [-1 3.93] [0000-00-00 2021-04-07] [4.5]
qkht2022-04-12 600452 [-1 8.41 12.47] [0000-00-00 2020-04-07 2021-01-18] [13.1]
qkht2022-04-12 600577 [-1 2.82 4.21] [0000-00-00 2021-02-18 2021-05-18] [4.75]
qkht2022-04-12 600578 [-1 2.53] [0000-00-00 2020-04-09] [2.78]
qkht2022-04-12 600603 [-1 4.29 4.72] [0000-00-00 2022-04-11 2022-04-12] [5.19]
qkht2022-04-12 600662 [-1 3.77 4.14 4.56 5.02 5.52] [0000-00-00 2020-05-14 2020-05-15 2020-05-18 2020-05-19 2020-05-20] [5.9]
qkht2022-04-12 600674 [-1 10.03] [0000-00-00 2021-01-18] [11.02]
qkht2022-04-12 600693 [-1 4.49 4.94] [0000-00-00 2022-04-11 2022-04-12] [5.43]
qkht2022-04-12 600694 [-1 20.25] [0000-00-00 2022-04-11] [21.66]
qkht2022-04-12 600706 [-1 11.87] [0000-00-00 2022-03-17] [14.45]
qkht2022-04-12 600715 [-1 2.35] [0000-00-00 2021-04-06] [2.66]
qkht2022-04-12 600779 [-1 74.29] [0000-00-00 2021-04-12] [80]
qkht2022-04-12 600787 [-1 5.5 5.93] [0000-00-00 2022-04-11 2022-04-12] [6.52]
qkht2022-04-12 600794 [-1 3.14 3.43] [0000-00-00 2022-04-11 2022-04-12] [3.77]
qkht2022-04-12 600863 [-1 2.73] [0000-00-00 2021-09-03] [2.96]
qkht2022-04-12 600894 [-1 7.01] [0000-00-00 2022-03-17] [7.36]
qkht2022-04-12 600906 [-1 5.41 5.95 6.55 7.21 7.93 8.72 9.59] [0000-00-00 2021-05-10 2021-05-11 2021-05-12 2021-05-13 2021-05-14 2021-05-17 2021-05-18] [10.85]
qkht2022-04-12 600958 [-1 9.63] [0000-00-00 2021-07-12] [10.6]
qkht2022-04-12 601012 [-1 18.68 27.01 55.45 60.88] [0000-00-00 2020-04-17 2020-06-29 2020-12-21 2020-12-22] [66.86]
qkht2022-04-12 601113 [-1 3.11 4.15] [0000-00-00 2021-03-24 2022-03-21] [4.68]
qkht2022-04-12 601139 [-1 6.55] [0000-00-00 2021-07-12] [6.9]
qkht2022-04-12 601216 [-1 2.16 2.37 2.65 3.2 3.47 3.82 4.26] [0000-00-00 2020-04-22 2020-06-15 2020-07-06 2020-07-21 2020-07-22 2020-07-23 2021-01-18] [4.74]
qkht2022-04-12 601226 [-1 5.13 5.52] [0000-00-00 2021-11-05 2022-03-23] [6.08]
qkht2022-04-12 601456 [-1 6.07 6.68 7.34 8.07 8.88 9.77 10.75 11.82] [0000-00-00 2020-08-03 2020-08-04 2020-08-05 2020-08-06 2020-08-07 2020-08-10 2020-08-11 2020-08-12] [12.34]
qkht2022-04-12 601678 [-1 5.71] [0000-00-00 2021-04-08] [6.37]
qkht2022-04-12 601866 [-1 2.73 3.04] [0000-00-00 2021-04-07 2022-03-31] [3.31]
qkht2022-04-12 601886 [-1 5.78] [0000-00-00 2022-03-17] [6.46]
qkht2022-04-12 601888 [-1 76.73 139.01 152.9] [0000-00-00 2020-04-17 2020-06-30 2020-07-01] [171.72]
qkht2022-04-12 603006 [-1 8.48] [0000-00-00 2021-10-29] [9.3]
qkht2022-04-12 603025 [-1 8.64 9.51 10.46 11.51 12.66 13.92 15.31 16.85] [0000-00-00 2020-12-08 2020-12-09 2020-12-10 2020-12-11 2020-12-14 2020-12-15 2020-12-16 2020-12-17] [18.25]
qkht2022-04-12 603117 [-1 3.13 3.83] [0000-00-00 2021-02-18 2022-04-11] [4.35]
qkht2022-04-12 603322 [-1 8.94 9.45] [0000-00-00 2022-02-21 2022-03-14] [10]
qkht2022-04-12 603399 [-1 3.58 7.21 7.89 19.93 21.43] [0000-00-00 2021-02-10 2022-01-07 2022-01-10 2022-03-22 2022-03-23] [24.09]
qkht2022-04-12 603458 [-1 10.88] [0000-00-00 2021-11-15] [12.27]
qkht2022-04-12 603605 [-1 162.99] [0000-00-00 2022-03-17] [185.58]
qkht2022-04-12 603636 [-1 11.14] [0000-00-00 2022-03-14] [12.06]
qkht2022-04-12 603648 [-1 9.41] [0000-00-00 2022-04-11] [11.03]
qkht2022-04-12 603719 [-1 16.99 18.68 20.55 22.6] [0000-00-00 2020-02-25 2020-02-26 2020-02-27 2020-02-28] [25.93]
qkht2022-04-12 603721 [-1 13.05] [0000-00-00 2022-03-17] [14.42]
qkht2022-04-12 603843 [-1 5.3] [0000-00-00 2022-03-31] [5.94]
qkht2022-04-12 603926 [-1 11.99 12.76] [0000-00-00 2021-04-07 2021-05-27] [13.44]
qkht2022-04-12 603967 [-1 12.12] [0000-00-00 2022-03-30] [14.08]
qkht2022-04-12 605006 [-1 5.47 6.01 6.61 7.28 11.33] [0000-00-00 2020-09-04 2020-09-07 2020-09-08 2020-09-09 2022-03-17] [12.57]
qkht2022-04-12 605011 [-1 8.88 9.77 10.75 11.83 13.01 14.31 15.74] [0000-00-00 2021-07-01 2021-07-02 2021-07-05 2021-07-06 2021-07-07 2021-07-08 2021-07-09] [17.75]
qkht2022-04-12 605033 [-1 18.13] [0000-00-00 2022-04-11] [19.51]
qkht2022-04-12 605050 [-1 10.7] [0000-00-00 2021-11-16] [12.16]
qkht2022-04-12 605162 [-1 8.74] [0000-00-00 2021-07-08] [9.65]
qkht2022-04-12 605196 [-1 7.27 8 8.8] [0000-00-00 2021-05-12 2021-05-13 2021-05-14] [9.47]
qkht2022-04-12 605499 [-1 66.63 73.29 80.62 88.68 97.55 107.31 118.04] [0000-00-00 2021-05-28 2021-05-31 2021-06-01 2021-06-02 2021-06-03 2021-06-04 2021-06-07] [133.45]
qkht2022-04-12 605580 [-1 12.07] [0000-00-00 2021-08-20] [12.62]
date==stars=2022-04-12
stars_2022-04-12 001914 []
stars_2022-04-12 002010 []
stars_2022-04-12 002175 []
stars_2022-04-12 002354 []
stars_2022-04-12 002499 []
stars_2022-04-12 002549 []
stars_2022-04-12 600242 []
stars_2022-04-12 600318 []
stars_2022-04-12 600335 []
stars_2022-04-12 600794 []
stars_2022-04-12 600890 []
stars_2022-04-12 601225 []
stars_2022-04-12 603086 []
stars_2022-04-12 603565 []
stars_2022-04-12 830964 []
stars_2022-04-12 833427 []
 cost is :276846058 
