date==dltp3l=2021-12-31
day industry code name turnover_ratio pe_ratio industry_cnt inc_revenue_year_rank inc_revenue_annual_rank cfo_sales_rank leverage_ratio_rank
dltp2021-12-31 000028 32.93 2021-11-10 33.76 2021-11-22 33.02 2021-12-06 36.98 2021-12-31 1
dltp2021-12-31 000068 3.25 2021-12-24 3.44 2021-12-29 3.3 2021-12-30 3.46 2021-12-31 3
dltp2021-12-31 000090 5 2021-11-18 5.59 2021-12-21 5.36 2021-12-28 5.87 2021-12-31 3
dltp2021-12-31 000099 8.02 2021-12-20 8.37 2021-12-21 8.05 2021-12-24 8.98 2021-12-29 3
dltp2021-12-31 000584 5.26 2021-12-07 5.67 2021-12-16 5.4 2021-12-27 6.06 2021-12-31 3
dltp2021-12-31 000589 4.94 2021-10-28 6.08 2021-12-06 5.58 2021-12-24 6.45 2021-12-29 3
dltp2021-12-31 000609 4.56 2021-12-20 4.84 2021-12-27 4.8 2021-12-29 4.87 2021-12-30 2
dltp2021-12-31 000778 3.65 2021-11-10 3.81 2021-11-23 3.7 2021-11-29 4.33 2021-12-31 2
dltp2021-12-31 000782 4.75 2021-10-27 5.55 2021-12-01 5.12 2021-12-15 5.97 2021-12-30 3
dltp2021-12-31 000793 2.27 2021-10-28 2.7 2021-11-16 2.36 2021-12-06 2.94 2021-12-31 2
dltp2021-12-31 000839 2.36 2021-12-07 2.57 2021-12-21 2.4 2021-12-29 2.68 2021-12-31 2
dltp2021-12-31 000850 4.35 2021-12-24 4.39 2021-12-27 4.38 2021-12-28 4.64 2021-12-29 3
dltp2021-12-31 000876 14.18 2021-12-16 15.02 2021-12-23 14.52 2021-12-30 15.21 2021-12-31 1
dltp2021-12-31 000917 5.75 2021-12-07 6.52 2021-12-22 6.08 2021-12-29 6.76 2021-12-31 3
dltp2021-12-31 000931 6.82 2021-11-18 7.41 2021-11-24 6.93 2021-12-07 7.67 2021-12-31 2
dltp2021-12-31 000970 10.9 2021-10-28 15.8 2021-11-29 13.03 2021-12-24 16.05 2021-12-31 3
dltp2021-12-31 002103 4.33 2021-12-07 4.89 2021-12-16 4.56 2021-12-29 5.02 2021-12-30 2
dltp2021-12-31 002135 9.68 2021-12-20 10.66 2021-12-23 9.9 2021-12-27 11.56 2021-12-31 2
dltp2021-12-31 002188 3.04 2021-11-26 3.44 2021-12-07 3.31 2021-12-09 3.9 2021-12-31 2
dltp2021-12-31 002190 29.25 2021-12-20 30.66 2021-12-24 29.58 2021-12-28 33.77 2021-12-31 2
dltp2021-12-31 002197 6.74 2021-10-28 8.18 2021-11-30 7.68 2021-12-24 8.77 2021-12-31 3
dltp2021-12-31 002215 5.59 2021-11-10 6.09 2021-12-06 5.85 2021-12-14 6.38 2021-12-31 1
dltp2021-12-31 002264 3.88 2021-10-27 5.91 2021-12-06 5.35 2021-12-27 5.92 2021-12-31 1
dltp2021-12-31 002324 13.05 2021-12-24 13.33 2021-12-29 13.3 2021-12-30 14.12 2021-12-31 2
dltp2021-12-31 002347 4.34 2021-12-07 4.9 2021-12-21 4.6 2021-12-24 5.09 2021-12-31 3
dltp2021-12-31 002425 6.39 2021-10-27 9.13 2021-11-11 7.46 2021-12-06 9.64 2021-12-31 1
dltp2021-12-31 002470 2.66 2021-12-20 2.81 2021-12-22 2.68 2021-12-24 3.1 2021-12-30 2
dltp2021-12-31 002492 5.03 2021-10-28 5.85 2021-12-21 5.53 2021-12-24 5.99 2021-12-29 3
dltp2021-12-31 002494 3.91 2021-12-13 4.3 2021-12-21 4.02 2021-12-24 4.64 2021-12-30 3
dltp2021-12-31 002516 5.99 2021-12-17 6.22 2021-12-21 6.03 2021-12-24 6.49 2021-12-31 2
dltp2021-12-31 002517 4.14 2021-10-13 5.67 2021-11-11 4.76 2021-12-07 5.82 2021-12-31 2
dltp2021-12-31 002526 2.01 2021-10-28 2.22 2021-11-25 2.15 2021-12-09 2.42 2021-12-31 1
dltp2021-12-31 002528 3.35 2021-12-08 3.39 2021-12-10 3.39 2021-12-13 3.72 2021-12-31 2
dltp2021-12-31 002556 9.6 2021-10-15 12.28 2021-12-01 11.15 2021-12-24 12.87 2021-12-31 3
dltp2021-12-31 002558 9.36 2021-10-27 11.52 2021-11-16 9.82 2021-12-06 11.97 2021-12-31 3
dltp2021-12-31 002613 3.12 2021-10-28 3.53 2021-12-07 3.4 2021-12-13 3.72 2021-12-21 1
dltp2021-12-31 002688 5.65 2021-12-06 5.76 2021-12-09 5.66 2021-12-15 6.13 2021-12-31 1
dltp2021-12-31 002701 6.36 2021-12-20 6.73 2021-12-27 6.49 2021-12-29 7 2021-12-31 1
dltp2021-12-31 002712 4.47 2021-12-07 5.06 2021-12-22 4.72 2021-12-29 5.19 2021-12-30 2
dltp2021-12-31 002742 6.58 2021-12-09 7.09 2021-12-15 6.67 2021-12-24 7.38 2021-12-31 3
dltp2021-12-31 002755 10.64 2021-11-03 11.94 2021-11-22 11.26 2021-12-07 12.73 2021-12-31 1
dltp2021-12-31 002828 7.57 2021-11-05 7.97 2021-11-24 7.72 2021-11-29 8.67 2021-12-30 2
dltp2021-12-31 002836 8.71 2021-12-09 9.45 2021-12-20 8.87 2021-12-24 9.68 2021-12-31 2
dltp2021-12-31 002905 6.1 2021-11-02 7.05 2021-12-01 6.32 2021-12-06 7.54 2021-12-31 3
dltp2021-12-31 002928 10.22 2021-10-25 12.23 2021-11-04 10.67 2021-11-29 12.65 2021-12-29 3
dltp2021-12-31 002950 13.12 2021-11-08 14.47 2021-11-30 13.53 2021-12-17 16.35 2021-12-31 3
dltp2021-12-31 002995 23 2021-10-28 32.06 2021-11-24 27.46 2021-12-07 36.04 2021-12-20 2
dltp2021-12-31 003042 23.9 2021-12-13 24.43 2021-12-16 24.23 2021-12-17 26.2 2021-12-30 2
dltp2021-12-31 600080 7.24 2021-12-16 7.6 2021-12-22 7.39 2021-12-23 8.53 2021-12-31 1
dltp2021-12-31 600115 4.69 2021-12-15 4.77 2021-12-17 4.71 2021-12-20 5.16 2021-12-31 3
dltp2021-12-31 600135 6.73 2021-11-05 8.08 2021-12-17 7.41 2021-12-24 8.34 2021-12-31 3
dltp2021-12-31 600206 15.45 2021-12-20 16.3 2021-12-27 15.9 2021-12-29 17.49 2021-12-30 2
dltp2021-12-31 600229 5.92 2021-10-27 6.8 2021-11-11 6.54 2021-11-29 7.64 2021-12-30 3
dltp2021-12-31 600369 4.71 2021-11-05 4.89 2021-11-11 4.74 2021-11-18 5.29 2021-12-31 2
dltp2021-12-31 600521 19.15 2021-12-20 20.3 2021-12-27 20.03 2021-12-29 21.66 2021-12-31 2
dltp2021-12-31 600526 5.98 2021-12-24 6.02 2021-12-28 6 2021-12-30 6.19 2021-12-31 1
dltp2021-12-31 600530 3.71 2021-12-17 3.94 2021-12-21 3.76 2021-12-23 4.47 2021-12-30 3
dltp2021-12-31 600558 3.13 2021-10-28 3.38 2021-12-03 3.27 2021-12-14 3.75 2021-12-21 1
dltp2021-12-31 600615 7.7 2021-11-30 8.47 2021-12-10 8.04 2021-12-17 9 2021-12-29 1
dltp2021-12-31 600628 7.24 2021-11-10 7.5 2021-11-24 7.3 2021-11-29 7.78 2021-12-27 1
dltp2021-12-31 600655 9.52 2021-11-29 10.17 2021-12-09 9.9 2021-12-29 10.3 2021-12-31 1
dltp2021-12-31 600671 8.14 2021-11-03 8.86 2021-12-07 8.48 2021-12-24 8.98 2021-12-31 1
dltp2021-12-31 600777 2.05 2021-12-20 2.2 2021-12-22 2.07 2021-12-27 2.28 2021-12-31 2
dltp2021-12-31 600795 2.45 2021-11-16 3.09 2021-12-23 2.86 2021-12-29 3.17 2021-12-31 1
dltp2021-12-31 601011 4.86 2021-12-20 5.14 2021-12-23 4.91 2021-12-28 5.4 2021-12-29 3
dltp2021-12-31 601108 10.78 2021-12-23 11.08 2021-12-28 10.8 2021-12-29 11.86 2021-12-30 2
dltp2021-12-31 601339 5.11 2021-12-07 5.23 2021-12-10 5.18 2021-12-15 5.89 2021-12-31 2
dltp2021-12-31 601900 7.48 2021-11-29 7.64 2021-12-03 7.56 2021-12-07 8.56 2021-12-31 2
dltp2021-12-31 603001 7.11 2021-11-02 8.28 2021-12-01 7.88 2021-12-08 9.43 2021-12-31 3
dltp2021-12-31 603058 6.98 2021-10-28 8.63 2021-12-02 7.64 2021-12-13 9.67 2021-12-31 3
dltp2021-12-31 603081 10.25 2021-11-02 12.71 2021-11-19 11.72 2021-12-09 13.63 2021-12-31 2
dltp2021-12-31 603227 5.96 2021-12-21 6.19 2021-12-23 6.05 2021-12-24 7.03 2021-12-31 3
dltp2021-12-31 603327 15.85 2021-12-24 16.34 2021-12-28 16.27 2021-12-29 17.6 2021-12-31 2
dltp2021-12-31 603458 12.08 2021-12-09 13.25 2021-12-20 12.19 2021-12-24 13.25 2021-12-31 2
dltp2021-12-31 603858 17.29 2021-10-28 18.85 2021-12-01 18.45 2021-12-17 21.09 2021-12-31 1
dltp2021-12-31 603860 20.35 2021-12-07 21.77 2021-12-21 20.42 2021-12-24 22.63 2021-12-30 3
dltp2021-12-31 603999 4.85 2021-11-30 5.07 2021-12-01 4.96 2021-12-07 5.48 2021-12-31 2
date==xc=2021-12-31
day industry code name turnover_ratio pe_ratio industry_cnt inc_revenue_year_rank inc_revenue_annual_rank cfo_sales_rank leverage_ratio_rank
xc2021-12-31 000005 []
xc2021-12-31 000069 []
xc2021-12-31 000089 []
xc2021-12-31 000410 []
xc2021-12-31 000709 []
xc2021-12-31 000761 []
xc2021-12-31 000783 []
xc2021-12-31 000878 []
xc2021-12-31 000899 []
xc2021-12-31 000951 []
xc2021-12-31 000972 []
xc2021-12-31 001696 []
xc2021-12-31 002004 []
xc2021-12-31 002034 []
xc2021-12-31 002127 []
xc2021-12-31 002132 []
xc2021-12-31 002199 []
xc2021-12-31 002217 []
xc2021-12-31 002254 []
xc2021-12-31 002271 []
xc2021-12-31 002329 []
xc2021-12-31 002330 []
xc2021-12-31 002365 []
xc2021-12-31 002382 []
xc2021-12-31 002391 []
xc2021-12-31 002438 []
xc2021-12-31 002545 []
xc2021-12-31 002570 []
xc2021-12-31 002651 []
xc2021-12-31 002713 []
xc2021-12-31 002739 []
xc2021-12-31 002749 []
xc2021-12-31 002772 []
xc2021-12-31 002787 []
xc2021-12-31 002818 []
xc2021-12-31 002829 []
xc2021-12-31 002901 []
xc2021-12-31 002932 []
xc2021-12-31 002933 []
xc2021-12-31 002960 []
xc2021-12-31 002962 []
xc2021-12-31 002973 []
xc2021-12-31 002999 []
xc2021-12-31 600008 []
xc2021-12-31 600012 []
xc2021-12-31 600030 []
xc2021-12-31 600037 []
xc2021-12-31 600057 []
xc2021-12-31 600153 []
xc2021-12-31 600169 []
xc2021-12-31 600219 []
xc2021-12-31 600232 []
xc2021-12-31 600276 []
xc2021-12-31 600403 []
xc2021-12-31 600449 []
xc2021-12-31 600563 []
xc2021-12-31 600586 []
xc2021-12-31 600626 []
xc2021-12-31 600635 []
xc2021-12-31 600643 []
xc2021-12-31 600739 []
xc2021-12-31 600758 []
xc2021-12-31 600818 []
xc2021-12-31 600872 []
xc2021-12-31 600969 []
xc2021-12-31 600977 []
xc2021-12-31 600999 []
xc2021-12-31 601211 []
xc2021-12-31 601595 []
xc2021-12-31 601669 []
xc2021-12-31 601688 []
xc2021-12-31 601811 []
xc2021-12-31 601827 []
xc2021-12-31 601928 []
xc2021-12-31 601958 []
xc2021-12-31 603036 []
xc2021-12-31 603056 []
xc2021-12-31 603128 []
xc2021-12-31 603200 []
xc2021-12-31 603279 []
xc2021-12-31 603315 []
xc2021-12-31 603326 []
xc2021-12-31 603383 []
xc2021-12-31 603528 []
xc2021-12-31 603638 []
xc2021-12-31 603648 []
xc2021-12-31 603658 []
xc2021-12-31 603699 []
xc2021-12-31 603810 []
xc2021-12-31 603899 []
xc2021-12-31 603966 []
xc2021-12-31 605003 []
date==qkht=2021-12-31
day industry code name turnover_ratio pe_ratio industry_cnt inc_revenue_year_rank inc_revenue_annual_rank cfo_sales_rank leverage_ratio_rank
qkht2021-12-31 000034 [-1 12.95 15.03] [0000-00-00 2019-08-19 2021-11-04] [15.83]
qkht2021-12-31 000048 [-1 16.88] [0000-00-00 2021-01-18] [17.31]
qkht2021-12-31 000151 [-1 8.28] [0000-00-00 2021-12-20] [8.51]
qkht2021-12-31 000166 [-1 4.9] [0000-00-00 2021-09-03] [5.12]
qkht2021-12-31 000411 [-1 13.95] [0000-00-00 2021-12-14] [14.66]
qkht2021-12-31 000416 [-1 3.4 3.88] [0000-00-00 2018-10-22 2021-10-22] [3.94]
qkht2021-12-31 000420 [-1 2.02 3.19 4.08 5.16] [0000-00-00 2021-02-08 2021-08-10 2021-11-04 2021-11-15] [5.27]
qkht2021-12-31 000426 [-1 4.17 4.77 6.22 6.87] [0000-00-00 2019-12-03 2020-03-20 2021-04-15 2021-05-06] [7.24]
qkht2021-12-31 000498 [-1 4.69 5.39 5.72 6.04] [0000-00-00 2021-01-29 2021-07-15 2021-10-15 2021-12-02] [6.18]
qkht2021-12-31 000514 [-1 3.19 3.45 3.8] [0000-00-00 2021-12-15 2021-12-16 2021-12-17] [3.96]
qkht2021-12-31 000552 [-1 3.04 3.32] [0000-00-00 2021-12-16 2021-12-17] [3.45]
qkht2021-12-31 000593 [-1 5.91 6.32] [0000-00-00 2021-12-22 2021-12-31] [6.41]
qkht2021-12-31 000625 [-1 9.62 12.17 13.26 14.5] [0000-00-00 2020-10-09 2020-11-16 2020-11-17 2021-04-16] [15.19]
qkht2021-12-31 000656 [-1 4.3] [0000-00-00 2021-12-06] [4.48]
qkht2021-12-31 000663 [-1 3.63 3.89 6.49 8.94] [0000-00-00 2020-05-18 2021-01-21 2021-05-24 2021-06-07] [9.18]
qkht2021-12-31 000673 [-1 1.54 2.17] [0000-00-00 2021-11-04 2021-12-30] [2.35]
qkht2021-12-31 000681 [-1 23.08] [0000-00-00 2021-12-31] [23.9]
qkht2021-12-31 000731 [-1 4.3 4.69 5.82 9.3] [0000-00-00 2021-02-18 2021-04-01 2021-07-13 2021-12-30] [10.38]
qkht2021-12-31 000753 [-1 3.03 3.31] [0000-00-00 2021-12-16 2021-12-17] [3.46]
qkht2021-12-31 000757 [-1 4.5] [0000-00-00 2021-12-16] [4.63]
qkht2021-12-31 000767 [-1 2.12 3.6] [0000-00-00 2020-04-15 2021-12-14] [3.76]
qkht2021-12-31 000778 [-1 3.3 4] [0000-00-00 2020-07-06 2021-12-17] [4.33]
qkht2021-12-31 000850 [-1 3.43 4.42] [0000-00-00 2021-02-18 2021-12-29] [4.56]
qkht2021-12-31 000860 [-1 15.57 19.55 32.43 35.66] [0000-00-00 2018-04-02 2018-05-02 2021-12-02 2021-12-03] [38.18]
qkht2021-12-31 000862 [-1 3.6 8.43] [0000-00-00 2020-06-09 2021-12-24] [8.86]
qkht2021-12-31 000912 [-1 3.66 4.22 5.43 5.93] [0000-00-00 2021-01-28 2021-07-08 2021-12-22 2021-12-23] [6.26]
qkht2021-12-31 000965 [-1 2.55] [0000-00-00 2021-12-20] [2.6]
qkht2021-12-31 000966 [-1 2.75 6.31 7.11] [0000-00-00 2018-11-09 2021-03-22 2021-11-09] [7.33]
qkht2021-12-31 000980 [-1 1.18 1.2 1.26 1.32 1.45 1.52 1.6 1.68 1.92 2.12 2.23 2.34 2.71 2.85 2.99 3.31 3.73 4.12 4.33 4.87 5.11 5.35 5.49 5.76 6.05] [0000-00-00 2021-01-12 2021-01-13 2021-01-14 2021-01-15 2021-01-25 2021-01-26 2021-01-27 2021-01-28 2021-02-18 2021-02-22 2021-02-23 2021-02-24 2021-03-01 2021-03-02 2021-03-03 2021-03-10 2021-04-27 2021-04-29 2021-04-30 2021-06-08 2021-06-09 2021-12-28 2021-12-29 2021-12-30 2021-12-31] [6.35]
qkht2021-12-31 001205 [-1 23.58] [0000-00-00 2021-12-29] [24.25]
qkht2021-12-31 001872 [-1 13.95 16.16] [0000-00-00 2021-02-18 2021-12-03] [16.95]
qkht2021-12-31 002019 [-1 12.05 16.83] [0000-00-00 2019-08-27 2021-12-28] [17.62]
qkht2021-12-31 002064 [-1 9.97] [0000-00-00 2021-12-28] [10.44]
qkht2021-12-31 002066 [-1 10.79] [0000-00-00 2021-12-31] [11.08]
qkht2021-12-31 002095 [-1 14.3 16.16] [0000-00-00 2021-11-11 2021-11-15] [16.48]
qkht2021-12-31 002122 [-1 2.22 2.33 2.45 2.7] [0000-00-00 2021-04-12 2021-04-13 2021-04-14 2021-08-11] [2.86]
qkht2021-12-31 002129 [-1 10.97 31.35 41.1] [0000-00-00 2019-12-25 2021-06-21 2021-12-31] [41.75]
qkht2021-12-31 002145 [-1 3.94 5.41 12.28] [0000-00-00 2020-03-31 2020-12-31 2021-12-29] [12.59]
qkht2021-12-31 002155 [-1 6.62 9.92] [0000-00-00 2018-11-29 2021-08-13] [10.36]
qkht2021-12-31 002204 [-1 4.17] [0000-00-00 2021-12-28] [4.35]
qkht2021-12-31 002267 [-1 7.19] [0000-00-00 2021-12-22] [7.37]
qkht2021-12-31 002274 [-1 3.84 5.93 10.69 12.48] [0000-00-00 2019-02-01 2021-02-22 2021-11-18 2021-12-22] [12.67]
qkht2021-12-31 002316 [-1 4.55] [0000-00-00 2021-12-22] [4.73]
qkht2021-12-31 002322 [-1 11.54] [0000-00-00 2021-12-01] [11.99]
qkht2021-12-31 002357 [-1 5.18 6.07] [0000-00-00 2021-12-13 2021-12-15] [6.33]
qkht2021-12-31 002386 [-1 6.19 7.06 7.73 8.5 11.84] [0000-00-00 2021-04-28 2021-05-24 2021-05-25 2021-05-26 2021-12-14] [12.73]
qkht2021-12-31 002415 [-1 24.25 25.81 48.53] [0000-00-00 2019-06-19 2019-07-22 2021-12-06] [52.32]
qkht2021-12-31 002425 [-1 9.26] [0000-00-00 2021-12-31] [9.64]
qkht2021-12-31 002470 [-1 1.14 1.16 1.41 1.46 1.98 2.59 2.81 2.95] [0000-00-00 2021-02-01 2021-02-02 2021-06-03 2021-06-04 2021-08-16 2021-12-02 2021-12-29 2021-12-30] [3.01]
qkht2021-12-31 002479 [-1 5.65] [0000-00-00 2021-12-09] [5.94]
qkht2021-12-31 002490 [-1 5.5] [0000-00-00 2021-12-17] [5.71]
qkht2021-12-31 002497 [-1 6.07 22.82 26.81] [0000-00-00 2019-12-17 2021-07-05 2021-12-29] [28.66]
qkht2021-12-31 002535 [-1 1.81] [0000-00-00 2021-12-28] [1.85]
qkht2021-12-31 002565 [-1 2.83 3.06 6.42] [0000-00-00 2019-01-17 2019-01-18 2021-12-30] [6.81]
qkht2021-12-31 002570 [-1 4.09 4.41 4.91] [0000-00-00 2018-10-22 2021-04-15 2021-12-10] [5.12]
qkht2021-12-31 002584 [-1 10.37] [0000-00-00 2021-12-30] [10.6]
qkht2021-12-31 002586 [-1 2.45 2.82 3.27 3.41] [0000-00-00 2021-10-21 2021-12-01 2021-12-30 2021-12-31] [3.58]
qkht2021-12-31 002599 [-1 3.79 5.19 5.51 7.4] [0000-00-00 2021-08-02 2021-08-16 2021-08-17 2021-12-30] [7.65]
qkht2021-12-31 002601 [-1 27.17] [0000-00-00 2021-11-30] [28.59]
qkht2021-12-31 002640 [-1 1.89 2.56 2.69 3.06] [0000-00-00 2021-05-27 2021-11-30 2021-12-01 2021-12-06] [3.13]
qkht2021-12-31 002682 [-1 3.82 4.14 4.55 5.51] [0000-00-00 2021-12-13 2021-12-14 2021-12-15 2021-12-17] [5.79]
qkht2021-12-31 002691 [-1 3.75 4.87] [0000-00-00 2021-02-18 2021-12-13] [5.05]
qkht2021-12-31 002699 [-1 4.76 5.24 5.76 6.34] [0000-00-00 2021-12-09 2021-12-10 2021-12-13 2021-12-14] [6.43]
qkht2021-12-31 002721 [-1 3.11] [0000-00-00 2021-12-30] [3.27]
qkht2021-12-31 002725 [-1 7.72 8.49 9.34 10.27] [0000-00-00 2021-12-07 2021-12-08 2021-12-09 2021-12-10] [10.5]
qkht2021-12-31 002748 [-1 4.89 8.5 10.76] [0000-00-00 2021-02-18 2021-09-08 2021-11-09] [11.25]
qkht2021-12-31 002776 [-1 3.33] [0000-00-00 2021-11-03] [3.53]
qkht2021-12-31 002790 [-1 5.93 9] [0000-00-00 2021-10-12 2021-12-09] [9.46]
qkht2021-12-31 002822 [-1 5.31 5.75] [0000-00-00 2021-12-02 2021-12-21] [5.82]
qkht2021-12-31 002872 [-1 5] [0000-00-00 2021-12-31] [5.22]
qkht2021-12-31 002886 [-1 12.52 16.79 29.59] [0000-00-00 2020-02-10 2021-08-23 2021-12-07] [30.84]
qkht2021-12-31 002932 [-1 19.83 21.81 34.23 41.17 45.01 51.47 64.09 72.96] [0000-00-00 2018-07-11 2018-07-12 2020-06-15 2020-06-29 2021-01-06 2021-01-13 2021-10-12 2021-12-30] [74]
qkht2021-12-31 002945 [-1 5.14 5.65 6.21 6.83 7.51 8.26 11.85 13.04] [0000-00-00 2019-01-18 2019-01-21 2019-01-22 2019-01-23 2019-01-24 2019-01-25 2021-12-09 2021-12-10] [13.66]
qkht2021-12-31 002950 [-1 9.89 10.88 15.7] [0000-00-00 2019-03-12 2019-03-13 2021-12-31] [16.35]
qkht2021-12-31 003036 [-1 8.24 9.06 12.08] [0000-00-00 2021-01-29 2021-02-01 2021-12-14] [12.38]
qkht2021-12-31 600010 [-1 1.86 2.62] [0000-00-00 2021-07-12 2021-11-23] [2.79]
qkht2021-12-31 600011 [-1 4.85 9.39] [0000-00-00 2021-08-23 2021-12-31] [9.69]
qkht2021-12-31 600017 [-1 2.67] [0000-00-00 2021-12-03] [2.81]
qkht2021-12-31 600150 [-1 23.83] [0000-00-00 2021-12-29] [24.79]
qkht2021-12-31 600167 [-1 8.84] [0000-00-00 2021-12-21] [9.01]
qkht2021-12-31 600191 [-1 3.09 3.49] [0000-00-00 2021-09-06 2021-11-17] [3.59]
qkht2021-12-31 600208 [-1 2.89] [0000-00-00 2021-12-16] [2.98]
qkht2021-12-31 600225 [-1 1.32 1.39 1.61 3.12] [0000-00-00 2021-02-03 2021-02-04 2021-02-10 2021-12-31] [3.15]
qkht2021-12-31 600241 [-1 4.87 5.52 6.48 7.72 8.56 8.99] [0000-00-00 2021-06-02 2021-06-08 2021-08-06 2021-11-01 2021-11-05 2021-11-08] [9.39]
qkht2021-12-31 600260 [-1 2.9] [0000-00-00 2021-11-22] [3.1]
qkht2021-12-31 600275 [-1 2.37 2.57] [0000-00-00 2021-03-16 2021-12-29] [2.66]
qkht2021-12-31 600280 [-1 2.21 2.3 2.58 2.71] [0000-00-00 2021-01-18 2021-01-19 2021-02-18 2021-02-19] [2.91]
qkht2021-12-31 600288 [-1 8.06 8.46 12.86] [0000-00-00 2019-02-25 2019-03-04 2021-12-14] [13.39]
qkht2021-12-31 600289 [-1 2.09 2.73 3.08 3.42 3.92] [0000-00-00 2018-10-22 2019-12-02 2021-08-10 2021-11-02 2021-12-28] [4.12]
qkht2021-12-31 600295 [-1 7.85 14.81 22.68] [0000-00-00 2020-07-30 2021-02-22 2021-08-23] [23.59]
qkht2021-12-31 600300 [-1 3.98] [0000-00-00 2021-12-31] [4.15]
qkht2021-12-31 600323 [-1 11.22 15.33 20.13] [0000-00-00 2018-10-22 2019-06-14 2021-07-21] [20.98]
qkht2021-12-31 600366 [-1 5.09 11.99 12.62] [0000-00-00 2020-03-25 2021-11-18 2021-12-30] [13.21]
qkht2021-12-31 600388 [-1 7.48 8.19] [0000-00-00 2018-10-22 2021-12-15] [8.62]
qkht2021-12-31 600408 [-1 1.73 2.13 3.52] [0000-00-00 2020-10-09 2020-12-14 2021-12-22] [3.69]
qkht2021-12-31 600418 [-1 5.43 5.97 6.9 16.92] [0000-00-00 2020-05-21 2020-05-22 2020-05-27 2021-12-23] [17.4]
qkht2021-12-31 600426 [-1 10.44 30.75] [0000-00-00 2019-06-19 2021-12-13] [31.3]
qkht2021-12-31 600466 [-1 1.94] [0000-00-00 2021-12-16] [2.04]
qkht2021-12-31 600511 [-1 29.56] [0000-00-00 2021-10-21] [31.53]
qkht2021-12-31 600526 [-1 3.9 4.86 6.04] [0000-00-00 2021-02-18 2021-03-16 2021-12-31] [6.19]
qkht2021-12-31 600540 [-1 5.2 5.93] [0000-00-00 2021-09-16 2021-12-24] [6.01]
qkht2021-12-31 600585 [-1 38.4] [0000-00-00 2021-12-06] [40.3]
qkht2021-12-31 600595 [-1 1.54 1.77 1.92 2.02 2.12 2.23 2.58 3.23 4.14 4.27] [0000-00-00 2020-07-06 2020-08-24 2021-01-18 2021-01-19 2021-01-20 2021-01-21 2021-02-18 2021-06-24 2021-12-30 2021-12-31] [4.41]
qkht2021-12-31 600599 [-1 6.76 7.93] [0000-00-00 2021-06-24 2021-12-31] [8.23]
qkht2021-12-31 600605 [-1 5.67 8.93] [0000-00-00 2018-10-22 2021-12-17] [9.44]
qkht2021-12-31 600640 [-1 11.87 14.73] [0000-00-00 2021-11-05 2021-12-31] [15.25]
qkht2021-12-31 600654 [-1 1.24 1.7 2.01 2.18 2.29] [0000-00-00 2019-11-14 2021-05-14 2021-12-27 2021-12-29 2021-12-30] [2.46]
qkht2021-12-31 600668 [-1 14.52 15.97 17.57] [0000-00-00 2021-12-28 2021-12-29 2021-12-30] [18.28]
qkht2021-12-31 600688 [-1 3.43 4] [0000-00-00 2021-09-03 2021-11-15] [4.17]
qkht2021-12-31 600695 [-1 2.62 2.92 3.72 3.83 4.02 4.84] [0000-00-00 2018-10-22 2021-06-03 2021-09-13 2021-09-14 2021-09-15 2021-10-08] [5.1]
qkht2021-12-31 600696 [-1 3.34 5.74 5.94 6.24 8.88 9.16 10.61 12.22 12.83 22.3 26.99 33.77] [0000-00-00 2018-10-22 2019-04-01 2019-04-02 2019-04-03 2020-12-15 2020-12-16 2020-12-31 2021-02-24 2021-02-25 2021-05-25 2021-10-29 2021-12-09] [35.29]
qkht2021-12-31 600703 [-1 21.89 34.9] [0000-00-00 2020-10-30 2021-12-22] [37.56]
qkht2021-12-31 600717 [-1 4] [0000-00-00 2021-12-03] [4.19]
qkht2021-12-31 600734 [-1 0.98 1.06 1.17 1.23 1.29 1.35 2.26 2.71] [0000-00-00 2021-02-02 2021-02-08 2021-02-18 2021-02-19 2021-02-22 2021-02-23 2021-06-08 2021-11-29] [3.02]
qkht2021-12-31 600881 [-1 3.16] [0000-00-00 2021-10-11] [3.25]
qkht2021-12-31 600889 [-1 5.88] [0000-00-00 2021-11-22] [6.21]
qkht2021-12-31 600896 [-1 5.02] [0000-00-00 2021-12-31] [5.22]
qkht2021-12-31 600903 [-1 9.3] [0000-00-00 2021-08-23] [9.68]
qkht2021-12-31 600939 [-1 3.59 3.92] [0000-00-00 2021-12-15 2021-12-16] [4.09]
qkht2021-12-31 600989 [-1 8.52 10.95 16.68] [0000-00-00 2020-07-03 2020-11-17 2021-12-13] [17.36]
qkht2021-12-31 601000 [-1 2.04 2.17 2.31 2.65] [0000-00-00 2020-07-06 2021-01-18 2021-02-18 2021-12-03] [2.75]
qkht2021-12-31 601015 [-1 3.01 3.49 4.5 4.95 5.45 6.37] [0000-00-00 2020-12-08 2021-01-18 2021-01-19 2021-01-20 2021-01-21 2021-11-18] [6.48]
qkht2021-12-31 601118 [-1 5.08] [0000-00-00 2021-10-08] [5.28]
qkht2021-12-31 601156 [-1 19.92] [0000-00-00 2021-12-06] [21.88]
qkht2021-12-31 601218 [-1 5.32] [0000-00-00 2021-11-01] [5.51]
qkht2021-12-31 601228 [-1 3.21] [0000-00-00 2021-12-03] [3.33]
qkht2021-12-31 601319 [-1 4.55] [0000-00-00 2018-11-19] [4.7]
qkht2021-12-31 601326 [-1 2.66] [0000-00-00 2021-12-03] [2.78]
qkht2021-12-31 601336 [-1 37.08] [0000-00-00 2020-03-25] [38.88]
qkht2021-12-31 601633 [-1 5.29 8.36 46.3] [0000-00-00 2019-01-09 2020-07-06 2021-07-21] [48.54]
qkht2021-12-31 601700 [-1 3 3.64 5.48 6.03] [0000-00-00 2018-12-27 2019-01-02 2021-12-15 2021-12-16] [6.15]
qkht2021-12-31 601717 [-1 7 11.09] [0000-00-00 2020-08-18 2021-12-31] [11.59]
qkht2021-12-31 601798 [-1 4.57 6.42 7.06 7.77 8.55] [0000-00-00 2018-12-03 2021-12-10 2021-12-13 2021-12-14 2021-12-15] [8.88]
qkht2021-12-31 601838 [-1 9.53 11.44] [0000-00-00 2021-01-18 2021-12-06] [12]
qkht2021-12-31 601908 [-1 3.6 4.71 8.57] [0000-00-00 2020-05-29 2020-09-07 2021-06-22] [9.17]
qkht2021-12-31 603013 [-1 11.49 16.06] [0000-00-00 2020-03-25 2021-11-22] [16.72]
qkht2021-12-31 603071 [-1 22.2 24.42] [0000-00-00 2021-12-17 2021-12-20] [25.26]
qkht2021-12-31 603157 [-1 1.58 2] [0000-00-00 2021-03-01 2021-05-07] [2.13]
qkht2021-12-31 603169 [-1 8.1 8.91] [0000-00-00 2021-12-16 2021-12-17] [9.11]
qkht2021-12-31 603192 [-1 31.52 34.67 51.58] [0000-00-00 2021-11-09 2021-11-10 2021-12-24] [54.86]
qkht2021-12-31 603216 [-1 24.28] [0000-00-00 2021-12-16] [25.29]
qkht2021-12-31 603335 [-1 5.61 6.17] [0000-00-00 2021-12-07 2021-12-08] [6.32]
qkht2021-12-31 603555 [-1 2.17 2.48 2.6] [0000-00-00 2021-02-22 2021-07-07 2021-07-08] [2.78]
qkht2021-12-31 603595 [-1 34.76] [0000-00-00 2021-11-10] [36.93]
qkht2021-12-31 603603 [-1 4.93 6.35] [0000-00-00 2021-09-01 2021-11-11] [6.72]
qkht2021-12-31 603638 [-1 14.32 31.4] [0000-00-00 2020-03-25 2021-12-27] [31.92]
qkht2021-12-31 605108 [-1 17.43] [0000-00-00 2021-12-29] [18.3]
qkht2021-12-31 605333 [-1 7.6 8.35 9.19 10.11 11.12 12.75 13.98 15.38 18.61] [0000-00-00 2020-08-19 2020-08-20 2020-08-21 2020-08-24 2020-08-25 2021-11-05 2021-11-08 2021-11-09 2021-11-11] [20.68]
 cost is :177720229 
