date==dltp3l=2022-01-04
day industry code name turnover_ratio pe_ratio industry_cnt inc_revenue_year_rank inc_revenue_annual_rank cfo_sales_rank leverage_ratio_rank
dltp2022-01-04 000004 18.18 2021-12-06 19.53 2021-12-22 18.78 2021-12-27 19.99 2022-01-04 1
dltp2022-01-04 000028 32.93 2021-11-10 33.76 2021-11-22 33.02 2021-12-06 37.22 2022-01-04 2
dltp2022-01-04 000090 5 2021-11-18 5.59 2021-12-21 5.36 2021-12-28 6.03 2022-01-04 3
dltp2022-01-04 000158 6.75 2021-12-20 7.21 2021-12-24 6.88 2021-12-29 7.22 2022-01-04 1
dltp2022-01-04 000506 3.14 2021-12-27 3.33 2021-12-29 3.21 2021-12-31 3.53 2022-01-04 1
dltp2022-01-04 000619 4.73 2021-11-02 4.99 2021-11-19 4.87 2021-11-29 5.54 2022-01-04 3
dltp2022-01-04 000629 3.4 2021-11-16 3.94 2021-12-14 3.52 2021-12-29 4.28 2022-01-04 3
dltp2022-01-04 000702 4.17 2021-10-28 4.9 2021-11-24 4.62 2021-12-06 5.21 2022-01-04 1
dltp2022-01-04 000719 7.12 2021-12-06 7.53 2021-12-20 7.25 2021-12-29 8.27 2022-01-04 1
dltp2022-01-04 000735 6.85 2021-11-29 6.95 2021-12-13 6.92 2021-12-14 7.28 2022-01-04 1
dltp2022-01-04 000737 7.28 2021-12-09 7.91 2021-12-16 7.31 2021-12-24 7.65 2022-01-04 1
dltp2022-01-04 000759 4.64 2021-11-05 4.7 2021-11-25 4.67 2021-11-26 5.1 2021-12-21 1
dltp2022-01-04 000761 4.14 2021-12-14 4.39 2021-12-23 4.19 2021-12-30 4.32 2022-01-04 1
dltp2022-01-04 000789 11.15 2021-11-29 12.5 2021-12-21 12.15 2021-12-29 12.48 2022-01-04 1
dltp2022-01-04 000793 2.27 2021-10-28 2.7 2021-11-16 2.36 2021-12-06 2.98 2022-01-04 3
dltp2022-01-04 000796 7.11 2021-12-07 7.38 2021-12-22 7.24 2021-12-23 8.12 2022-01-04 1
dltp2022-01-04 000833 6.36 2021-12-20 6.71 2021-12-22 6.39 2021-12-24 7.01 2022-01-04 2
dltp2022-01-04 000839 2.36 2021-12-07 2.57 2021-12-21 2.4 2021-12-29 2.78 2022-01-04 3
dltp2022-01-04 000848 10.15 2021-12-06 11.46 2021-12-14 10.55 2021-12-20 11.94 2022-01-04 2
dltp2022-01-04 000869 30.83 2021-11-30 33.03 2021-12-24 31.8 2021-12-30 33.37 2022-01-04 1
dltp2022-01-04 000876 14.18 2021-12-16 15.02 2021-12-23 14.52 2021-12-30 16.2 2022-01-04 3
dltp2022-01-04 000885 10.27 2021-12-20 10.69 2021-12-22 10.36 2021-12-28 11.2 2022-01-04 3
dltp2022-01-04 000905 6.22 2021-10-28 7.51 2021-11-29 7.1 2021-12-14 7.91 2021-12-21 3
dltp2022-01-04 000917 5.75 2021-12-07 6.52 2021-12-22 6.08 2021-12-29 6.92 2022-01-04 3
dltp2022-01-04 000926 3.86 2021-11-08 4.08 2021-11-11 3.97 2021-11-18 4.54 2021-12-21 1
dltp2022-01-04 000955 4.17 2021-10-28 5.08 2021-11-29 4.78 2021-12-27 5.41 2022-01-04 1
dltp2022-01-04 000970 10.9 2021-10-28 15.8 2021-11-29 13.03 2021-12-24 16.35 2022-01-04 3
dltp2022-01-04 001201 36.3 2021-11-30 37.13 2021-12-03 36.52 2021-12-06 39.75 2022-01-04 1
dltp2022-01-04 002020 7.98 2021-11-02 9.56 2021-11-15 8.4 2021-12-17 9.8 2022-01-04 2
dltp2022-01-04 002103 4.33 2021-12-07 4.89 2021-12-16 4.56 2021-12-29 5.09 2022-01-04 3
dltp2022-01-04 002105 8.99 2021-10-28 10.37 2021-11-22 9.04 2021-12-09 10.99 2022-01-04 3
dltp2022-01-04 002117 7.48 2021-11-03 8.19 2021-12-01 7.81 2021-12-07 8.59 2022-01-04 1
dltp2022-01-04 002120 19.95 2021-12-21 21.7 2021-12-27 20.46 2021-12-31 21.28 2022-01-04 1
dltp2022-01-04 002124 6.08 2021-12-17 6.52 2021-12-24 6.28 2021-12-29 6.85 2022-01-04 2
dltp2022-01-04 002131 2.35 2021-12-06 2.55 2021-12-22 2.39 2021-12-29 2.59 2022-01-04 3
dltp2022-01-04 002135 9.68 2021-12-20 10.66 2021-12-23 9.9 2021-12-27 11.62 2022-01-04 3
dltp2022-01-04 002154 4.71 2021-12-20 5.17 2021-12-28 4.95 2021-12-30 5.33 2022-01-04 1
dltp2022-01-04 002157 9.03 2021-12-20 9.6 2021-12-27 9.41 2021-12-30 10.22 2022-01-04 2
dltp2022-01-04 002193 6.17 2021-12-09 6.88 2021-12-21 6.25 2021-12-24 6.74 2022-01-04 1
dltp2022-01-04 002195 2.27 2021-12-27 2.3 2021-12-28 2.28 2021-12-29 2.57 2022-01-04 2
dltp2022-01-04 002264 3.88 2021-10-27 5.91 2021-12-06 5.35 2021-12-27 6.13 2022-01-04 2
dltp2022-01-04 002324 13.05 2021-12-24 13.33 2021-12-29 13.3 2021-12-30 14.3 2022-01-04 3
dltp2022-01-04 002366 4.02 2021-11-18 4.96 2021-12-01 4.41 2021-12-07 5.31 2021-12-21 1
dltp2022-01-04 002379 3.15 2021-12-15 3.33 2021-12-21 3.18 2021-12-28 3.3 2022-01-04 1
dltp2022-01-04 002397 3.9 2021-12-24 3.93 2021-12-28 3.91 2021-12-29 4.04 2022-01-04 1
dltp2022-01-04 002404 5.59 2021-12-24 5.68 2021-12-28 5.66 2021-12-29 5.93 2022-01-04 2
dltp2022-01-04 002417 4.09 2021-10-28 4.96 2021-11-17 4.64 2021-12-08 5.38 2022-01-04 1
dltp2022-01-04 002425 6.39 2021-10-27 9.13 2021-11-11 7.46 2021-12-06 9.82 2022-01-04 2
dltp2022-01-04 002457 7.37 2021-10-28 7.74 2021-11-23 7.51 2021-11-29 8.67 2022-01-04 1
dltp2022-01-04 002470 2.66 2021-12-20 2.81 2021-12-22 2.68 2021-12-24 3.16 2022-01-04 3
dltp2022-01-04 002489 3.39 2021-11-29 3.46 2021-12-01 3.4 2021-12-07 3.66 2022-01-04 1
dltp2022-01-04 002494 3.91 2021-12-13 4.3 2021-12-21 4.02 2021-12-24 4.85 2022-01-04 3
dltp2022-01-04 002516 5.99 2021-12-17 6.22 2021-12-21 6.03 2021-12-24 6.59 2022-01-04 3
dltp2022-01-04 002517 4.14 2021-10-13 5.67 2021-11-11 4.76 2021-12-07 6.16 2022-01-04 3
dltp2022-01-04 002528 3.35 2021-12-08 3.39 2021-12-10 3.39 2021-12-13 3.73 2022-01-04 3
dltp2022-01-04 002556 9.6 2021-10-15 12.28 2021-12-01 11.15 2021-12-24 12.87 2021-12-31 3
dltp2022-01-04 002558 9.36 2021-10-27 11.52 2021-11-16 9.82 2021-12-06 13 2022-01-04 3
dltp2022-01-04 002561 6.82 2021-11-05 7.02 2021-11-19 6.88 2021-11-29 7.38 2022-01-04 2
dltp2022-01-04 002613 3.12 2021-10-28 3.53 2021-12-07 3.4 2021-12-13 3.74 2022-01-04 2
dltp2022-01-04 002683 26.51 2021-10-25 29.9 2021-11-10 27.23 2021-11-24 30.63 2021-11-26 3
dltp2022-01-04 002685 3.72 2021-12-07 3.91 2021-12-21 3.77 2021-12-24 3.87 2022-01-04 1
dltp2022-01-04 002701 6.36 2021-12-20 6.73 2021-12-27 6.49 2021-12-29 7 2021-12-31 2
dltp2022-01-04 002702 5.54 2021-12-02 6.23 2021-12-14 5.85 2021-12-24 6.25 2022-01-04 1
dltp2022-01-04 002712 4.47 2021-12-07 5.06 2021-12-22 4.72 2021-12-29 5.25 2022-01-04 3
dltp2022-01-04 002742 6.58 2021-12-09 7.09 2021-12-15 6.67 2021-12-24 7.38 2021-12-31 3
dltp2022-01-04 002760 24.67 2021-12-09 26.67 2021-12-22 25.03 2021-12-24 27.83 2022-01-04 1
dltp2022-01-04 002761 7.3 2021-12-14 7.64 2021-12-21 7.43 2021-12-24 7.7 2022-01-04 1
dltp2022-01-04 002789 11.3 2021-12-10 12.11 2021-12-17 11.37 2021-12-27 12.3 2022-01-04 2
dltp2022-01-04 002811 7.95 2021-11-09 9.52 2021-12-21 8.99 2021-12-31 9.28 2022-01-04 2
dltp2022-01-04 002835 10.03 2021-12-24 10.58 2021-12-28 10.43 2021-12-29 11.2 2022-01-04 1
dltp2022-01-04 002855 8.94 2021-12-27 9.05 2021-12-28 9.03 2021-12-29 9.24 2022-01-04 1
dltp2022-01-04 002871 9.97 2021-12-09 10.51 2021-12-22 10.23 2021-12-24 10.69 2022-01-04 1
dltp2022-01-04 002893 8.51 2021-12-07 9.1 2021-12-21 8.77 2021-12-30 9.18 2022-01-04 2
dltp2022-01-04 002905 6.1 2021-11-02 7.05 2021-12-01 6.32 2021-12-06 7.85 2022-01-04 3
dltp2022-01-04 002908 13.12 2021-11-02 15.36 2021-11-26 14.08 2021-12-07 16.6 2022-01-04 3
dltp2022-01-04 002921 15.68 2021-12-07 17.38 2021-12-13 16.57 2021-12-24 18.79 2022-01-04 3
dltp2022-01-04 002950 13.12 2021-11-08 14.47 2021-11-30 13.53 2021-12-17 16.35 2021-12-31 3
dltp2022-01-04 002980 28.05 2021-10-28 31.84 2021-12-01 29.6 2021-12-24 30.96 2022-01-04 1
dltp2022-01-04 003006 16.85 2021-11-19 18.8 2021-12-13 17.34 2021-12-24 18.8 2022-01-04 1
dltp2022-01-04 003018 10.67 2021-12-08 11.16 2021-12-21 10.76 2021-12-24 11.37 2022-01-04 1
dltp2022-01-04 003020 42.84 2021-12-13 47.72 2021-12-15 44.19 2021-12-30 47.54 2022-01-04 2
dltp2022-01-04 003037 10.13 2021-11-16 11.63 2021-12-21 10.75 2021-12-28 11.46 2022-01-04 3
dltp2022-01-04 003042 23.9 2021-12-13 24.43 2021-12-16 24.23 2021-12-17 26.2 2021-12-30 3
dltp2022-01-04 600017 2.61 2021-11-29 2.89 2021-12-14 2.76 2021-12-28 2.87 2022-01-04 1
dltp2022-01-04 600054 8.9 2021-12-06 9.3 2021-12-10 9.14 2021-12-17 10.12 2022-01-04 1
dltp2022-01-04 600080 7.24 2021-12-16 7.6 2021-12-22 7.39 2021-12-23 8.64 2022-01-04 3
dltp2022-01-04 600100 5.48 2021-11-29 5.66 2021-12-01 5.54 2021-12-07 6.15 2022-01-04 3
dltp2022-01-04 600120 4.37 2021-12-28 4.63 2021-12-30 4.42 2021-12-31 4.46 2022-01-04 3
dltp2022-01-04 600121 4.72 2021-11-29 5.25 2021-12-16 4.78 2021-12-31 5.05 2022-01-04 2
dltp2022-01-04 600125 4.66 2021-10-28 4.89 2021-11-17 4.73 2021-11-29 5.32 2022-01-04 1
dltp2022-01-04 600138 9.58 2021-11-29 10.04 2021-12-10 9.83 2021-12-14 10.94 2022-01-04 1
dltp2022-01-04 600187 2.39 2021-12-14 2.65 2021-12-21 2.46 2021-12-28 2.65 2022-01-04 1
dltp2022-01-04 600229 5.92 2021-10-27 6.8 2021-11-11 6.54 2021-11-29 7.64 2021-12-30 3
dltp2022-01-04 600231 2.56 2021-12-14 2.77 2021-12-21 2.64 2021-12-29 2.75 2022-01-04 1
dltp2022-01-04 600265 18.53 2021-11-03 19.58 2021-11-17 18.64 2021-11-29 21.5 2022-01-04 2
dltp2022-01-04 600269 3.25 2021-11-05 3.3 2021-11-25 3.26 2021-11-29 3.48 2022-01-04 1
dltp2022-01-04 600280 2.75 2021-12-08 2.99 2021-12-24 2.79 2021-12-29 3.06 2022-01-04 2
dltp2022-01-04 600303 3.82 2021-11-29 4.82 2021-12-17 4.14 2021-12-27 4.86 2022-01-04 3
dltp2022-01-04 600313 4.73 2021-10-28 5.52 2021-11-12 4.88 2021-12-06 5.81 2022-01-04 1
dltp2022-01-04 600358 3.54 2021-11-02 4.35 2021-11-15 3.74 2021-12-07 4.69 2022-01-04 1
dltp2022-01-04 600361 4.89 2021-11-05 5.78 2021-12-22 5.41 2021-12-28 5.78 2022-01-04 2
dltp2022-01-04 600369 4.71 2021-11-05 4.89 2021-11-11 4.74 2021-11-18 5.29 2021-12-31 2
dltp2022-01-04 600395 6.99 2021-11-16 7.8 2021-12-23 7.27 2021-12-31 7.54 2022-01-04 1
dltp2022-01-04 600397 2.83 2021-12-14 3.05 2021-12-21 2.88 2021-12-31 3.06 2022-01-04 2
dltp2022-01-04 600467 2.54 2021-10-28 2.94 2021-11-12 2.64 2021-12-07 2.95 2022-01-04 2
dltp2022-01-04 600477 3.67 2021-12-02 4.2 2021-12-14 3.88 2021-12-29 4.54 2022-01-04 3
dltp2022-01-04 600493 5.76 2021-12-14 6.25 2021-12-21 5.83 2021-12-24 6.31 2022-01-04 1
dltp2022-01-04 600496 3.89 2021-11-18 4.32 2021-12-22 4.12 2021-12-29 4.56 2022-01-04 3
dltp2022-01-04 600505 8.14 2021-11-16 10.27 2021-12-17 8.84 2021-12-22 11.01 2022-01-04 1
dltp2022-01-04 600526 5.98 2021-12-24 6.02 2021-12-28 6 2021-12-30 6.37 2022-01-04 2
dltp2022-01-04 600576 4.88 2021-12-03 5.54 2021-12-22 5.03 2021-12-31 5.4 2022-01-04 3
dltp2022-01-04 600598 14.08 2021-11-26 14.78 2021-12-24 14.28 2021-12-29 15.35 2022-01-04 2
dltp2022-01-04 600620 8.55 2021-11-17 9.97 2021-12-16 9.17 2021-12-29 9.73 2022-01-04 1
dltp2022-01-04 600628 7.24 2021-11-10 7.5 2021-11-24 7.3 2021-11-29 7.97 2022-01-04 3
dltp2022-01-04 600633 6.9 2021-10-21 8.91 2021-12-16 8.07 2021-12-29 9.69 2022-01-04 3
dltp2022-01-04 600671 8.14 2021-11-03 8.86 2021-12-07 8.48 2021-12-24 9.43 2022-01-04 2
dltp2022-01-04 600676 3.93 2021-11-05 4.04 2021-11-19 3.97 2021-11-29 4.38 2022-01-04 2
dltp2022-01-04 600694 18.68 2021-11-29 19.35 2021-12-09 18.95 2021-12-15 20.08 2022-01-04 2
dltp2022-01-04 600728 7.72 2021-12-20 8.01 2021-12-22 7.77 2021-12-27 9.02 2022-01-04 3
dltp2022-01-04 600757 5.05 2021-10-28 5.54 2021-12-22 5.14 2021-12-29 5.78 2022-01-04 3
dltp2022-01-04 600758 3.65 2021-12-14 3.98 2021-12-21 3.75 2021-12-29 3.97 2022-01-04 1
dltp2022-01-04 600777 2.05 2021-12-20 2.2 2021-12-22 2.07 2021-12-27 2.3 2022-01-04 3
dltp2022-01-04 600784 6.24 2021-12-20 6.54 2021-12-22 6.25 2021-12-27 6.55 2022-01-04 1
dltp2022-01-04 600792 4.09 2021-12-28 4.14 2021-12-29 4.12 2021-12-31 4.29 2022-01-04 1
dltp2022-01-04 600795 2.45 2021-11-16 3.09 2021-12-23 2.86 2021-12-29 3.17 2021-12-31 2
dltp2022-01-04 600804 5.95 2021-12-10 6.46 2021-12-22 5.98 2021-12-29 6.54 2022-01-04 1
dltp2022-01-04 600834 9.17 2021-11-02 10.37 2021-12-15 9.83 2021-12-24 10.18 2022-01-04 1
dltp2022-01-04 600838 5.81 2021-11-29 5.96 2021-12-06 5.86 2021-12-07 6.7 2022-01-04 2
dltp2022-01-04 600861 20.16 2021-11-29 23.2 2021-12-06 21.69 2021-12-20 24.7 2022-01-04 2
dltp2022-01-04 600897 15.97 2021-11-29 16.44 2021-12-14 16.2 2021-12-20 16.84 2022-01-04 1
dltp2022-01-04 600971 6.11 2021-11-16 6.87 2021-12-16 6.46 2021-12-31 6.69 2022-01-04 2
dltp2022-01-04 600983 8.36 2021-12-07 8.88 2021-12-14 8.42 2021-12-29 8.63 2022-01-04 1
dltp2022-01-04 600997 6.63 2021-11-16 7.58 2021-12-16 7.1 2021-12-28 7.35 2022-01-04 1
dltp2022-01-04 600998 13.55 2021-12-17 13.82 2021-12-22 13.73 2021-12-23 15.66 2022-01-04 1
dltp2022-01-04 601298 5.47 2021-11-30 5.96 2021-12-03 5.66 2021-12-30 5.77 2022-01-04 1
dltp2022-01-04 601368 4.79 2021-11-02 5.48 2021-11-26 5.23 2021-12-24 5.56 2022-01-04 2
dltp2022-01-04 601567 12.09 2021-10-28 16.03 2021-11-17 14.32 2021-12-07 17.35 2022-01-04 1
dltp2022-01-04 601728 4.18 2021-11-18 4.44 2021-12-10 4.31 2021-12-30 4.38 2022-01-04 1
dltp2022-01-04 601789 3.49 2021-11-29 3.67 2021-12-03 3.58 2021-12-14 3.92 2022-01-04 2
dltp2022-01-04 601866 3.21 2021-12-20 3.37 2021-12-21 3.25 2021-12-31 3.33 2022-01-04 1
dltp2022-01-04 601918 4.05 2021-11-16 4.87 2021-12-23 4.54 2021-12-31 4.73 2022-01-04 1
dltp2022-01-04 601933 3.85 2021-10-27 4.2 2021-11-11 3.88 2021-12-20 4.17 2022-01-04 1
dltp2022-01-04 601949 5.32 2021-11-29 5.84 2021-12-22 5.59 2021-12-29 6.09 2022-01-04 3
dltp2022-01-04 601963 8.62 2021-11-30 8.99 2021-12-09 8.76 2021-12-20 9 2022-01-04 1
dltp2022-01-04 601975 1.93 2021-11-29 2 2021-12-03 1.95 2021-12-14 2.09 2021-12-21 1
dltp2022-01-04 603021 4.27 2021-11-03 5.44 2021-12-22 5.16 2021-12-31 5.45 2022-01-04 1
dltp2022-01-04 603059 22.51 2021-12-17 23.2 2021-12-21 22.61 2021-12-23 23.79 2022-01-04 1
dltp2022-01-04 603123 6.14 2021-10-28 8.25 2021-11-29 7.14 2021-12-10 8.97 2022-01-04 2
dltp2022-01-04 603167 7.77 2021-12-13 8.02 2021-12-22 7.82 2021-12-27 8.17 2022-01-04 2
dltp2022-01-04 603196 7.8 2021-12-24 8.24 2021-12-28 7.98 2021-12-31 8.35 2022-01-04 1
dltp2022-01-04 603316 5.13 2021-12-07 5.16 2021-12-08 5.16 2021-12-09 5.75 2022-01-04 1
dltp2022-01-04 603327 15.85 2021-12-24 16.34 2021-12-28 16.27 2021-12-29 17.69 2022-01-04 3
dltp2022-01-04 603336 7.67 2021-11-24 8.46 2021-12-14 7.72 2021-12-30 8.59 2022-01-04 1
dltp2022-01-04 603366 4.72 2021-12-06 5.09 2021-12-23 4.86 2021-12-24 5.27 2022-01-04 1
dltp2022-01-04 603458 12.08 2021-12-09 13.25 2021-12-20 12.19 2021-12-24 13.65 2022-01-04 3
dltp2022-01-04 603477 11.51 2021-09-14 15.81 2021-10-22 12.05 2021-12-07 17.05 2022-01-04 1
dltp2022-01-04 603488 8.34 2021-12-13 9.03 2021-12-22 8.76 2021-12-24 9.79 2022-01-04 1
dltp2022-01-04 603496 14.35 2021-11-29 16.26 2021-12-06 15.09 2021-12-27 15.96 2022-01-04 1
dltp2022-01-04 603616 5.27 2021-11-29 6.44 2021-12-21 6.05 2021-12-31 6.66 2022-01-04 1
dltp2022-01-04 603629 20.77 2021-12-15 23.02 2021-12-17 21.78 2021-12-27 23.7 2022-01-04 2
dltp2022-01-04 603797 6.73 2021-12-07 7.15 2021-12-21 6.87 2021-12-28 7.12 2022-01-04 3
dltp2022-01-04 603860 20.35 2021-12-07 21.77 2021-12-21 20.42 2021-12-24 22.68 2022-01-04 3
dltp2022-01-04 603889 5.99 2021-12-27 6.14 2021-12-29 6.09 2021-12-30 6.43 2022-01-04 1
dltp2022-01-04 605218 15.77 2021-12-20 17.11 2021-12-27 16.39 2021-12-31 17.26 2022-01-04 2
dltp2022-01-04 605266 72.2 2021-12-20 77.6 2021-12-27 74 2021-12-30 83.29 2022-01-04 2
dltp2022-01-04 605268 11.47 2021-12-06 12.94 2021-12-17 12.48 2021-12-30 13.24 2022-01-04 2
dltp2022-01-04 605299 18.11 2021-12-24 18.72 2021-12-28 18.31 2021-12-29 20 2022-01-04 2
date==xc=2022-01-04
day industry code name turnover_ratio pe_ratio industry_cnt inc_revenue_year_rank inc_revenue_annual_rank cfo_sales_rank leverage_ratio_rank
xc2022-01-04 000557 []
xc2022-01-04 000951 []
xc2022-01-04 000990 []
xc2022-01-04 002213 []
xc2022-01-04 002852 []
xc2022-01-04 600170 []
xc2022-01-04 600642 []
xc2022-01-04 600703 []
xc2022-01-04 600872 []
xc2022-01-04 601168 []
xc2022-01-04 603301 []
xc2022-01-04 603385 []
xc2022-01-04 603755 []
date==qkht=2022-01-04
day industry code name turnover_ratio pe_ratio industry_cnt inc_revenue_year_rank inc_revenue_annual_rank cfo_sales_rank leverage_ratio_rank
qkht2022-01-04 000048 [-1 16.88] [0000-00-00 2021-01-18] [17.75]
qkht2022-01-04 000151 [-1 8.28] [0000-00-00 2021-12-20] [8.62]
qkht2022-01-04 000166 [-1 4.9] [0000-00-00 2021-09-03] [5.13]
qkht2022-01-04 000411 [-1 13.95] [0000-00-00 2021-12-14] [14.88]
qkht2022-01-04 000416 [-1 3.4 3.88] [0000-00-00 2018-10-22 2021-10-22] [4.03]
qkht2022-01-04 000420 [-1 2.02 3.19 4.08 5.16] [0000-00-00 2021-02-08 2021-08-10 2021-11-04 2021-11-15] [5.41]
qkht2022-01-04 000498 [-1 4.69 5.39 5.72 6.04] [0000-00-00 2021-01-29 2021-07-15 2021-10-15 2021-12-02] [6.4]
qkht2022-01-04 000514 [-1 3.19 3.45 3.8] [0000-00-00 2021-12-15 2021-12-16 2021-12-17] [4]
qkht2022-01-04 000519 [-1 6.06 10.77 23.32] [0000-00-00 2018-10-22 2021-07-15 2021-10-15] [24.24]
qkht2022-01-04 000593 [-1 5.91 6.32] [0000-00-00 2021-12-22 2021-12-31] [6.5]
qkht2022-01-04 000625 [-1 9.62 12.17 13.26 14.5] [0000-00-00 2020-10-09 2020-11-16 2020-11-17 2021-04-16] [15.39]
qkht2022-01-04 000656 [-1 4.3] [0000-00-00 2021-12-06] [4.52]
qkht2022-01-04 000663 [-1 3.63 3.89 6.49 8.94] [0000-00-00 2020-05-18 2021-01-21 2021-05-24 2021-06-07] [9.33]
qkht2022-01-04 000673 [-1 1.54 2.17 2.35] [0000-00-00 2021-11-04 2021-12-30 2022-01-04] [2.41]
qkht2022-01-04 000753 [-1 3.03 3.31] [0000-00-00 2021-12-16 2021-12-17] [3.57]
qkht2022-01-04 000757 [-1 4.5] [0000-00-00 2021-12-16] [4.73]
qkht2022-01-04 000767 [-1 2.12 3.6] [0000-00-00 2020-04-15 2021-12-14] [3.77]
qkht2022-01-04 000812 [-1 3.8 8.51] [0000-00-00 2021-11-24 2021-12-15] [9.11]
qkht2022-01-04 000850 [-1 3.43 4.42] [0000-00-00 2021-02-18 2021-12-29] [4.78]
qkht2022-01-04 000860 [-1 15.57 19.55 32.43 35.66] [0000-00-00 2018-04-02 2018-05-02 2021-12-02 2021-12-03] [39.58]
qkht2022-01-04 000862 [-1 3.6 8.43] [0000-00-00 2020-06-09 2021-12-24] [8.93]
qkht2022-01-04 000937 [-1 3.21 3.66 5.56] [0000-00-00 2021-02-18 2021-05-27 2022-01-04] [5.6]
qkht2022-01-04 000966 [-1 2.75 6.31 7.11] [0000-00-00 2018-11-09 2021-03-22 2021-11-09] [7.38]
qkht2022-01-04 000983 [-1 4.73 8.36] [0000-00-00 2021-02-18 2022-01-04] [8.66]
qkht2022-01-04 001872 [-1 13.95 16.16] [0000-00-00 2021-02-18 2021-12-03] [17.31]
qkht2022-01-04 001914 [-1 5.72 9.67 11.47 14.72 19.05] [0000-00-00 2018-10-22 2019-04-29 2021-11-11 2021-12-06 2021-12-31] [20.17]
qkht2022-01-04 002019 [-1 12.05 16.83] [0000-00-00 2019-08-27 2021-12-28] [18.3]
qkht2022-01-04 002064 [-1 9.97] [0000-00-00 2021-12-28] [10.56]
qkht2022-01-04 002066 [-1 10.79] [0000-00-00 2021-12-31] [11.34]
qkht2022-01-04 002072 [-1 4.57 4.69 4.92 6.02] [0000-00-00 2021-07-29 2021-07-30 2021-08-02 2022-01-04] [6.18]
qkht2022-01-04 002086 [-1 2.03 2.13 2.41 2.53 2.93] [0000-00-00 2021-12-06 2021-12-07 2021-12-27 2021-12-28 2021-12-31] [3.23]
qkht2022-01-04 002095 [-1 14.3 16.16] [0000-00-00 2021-11-11 2021-11-15] [16.94]
qkht2022-01-04 002135 [-1 6.96 7.86 10.95] [0000-00-00 2021-06-24 2021-08-24 2021-12-31] [11.62]
qkht2022-01-04 002145 [-1 3.94 5.41 12.28] [0000-00-00 2020-03-31 2020-12-31 2021-12-29] [12.45]
qkht2022-01-04 002155 [-1 6.62 9.92] [0000-00-00 2018-11-29 2021-08-13] [10.38]
qkht2022-01-04 002190 [-1 19.34 20 33.77] [0000-00-00 2020-05-29 2020-06-01 2022-01-04] [35.45]
qkht2022-01-04 002204 [-1 4.17] [0000-00-00 2021-12-28] [4.45]
qkht2022-01-04 002267 [-1 7.19] [0000-00-00 2021-12-22] [7.44]
qkht2022-01-04 002322 [-1 11.54] [0000-00-00 2021-12-01] [12.05]
qkht2022-01-04 002357 [-1 5.18 6.07] [0000-00-00 2021-12-13 2021-12-15] [6.37]
qkht2022-01-04 002362 [-1 17.43] [0000-00-00 2022-01-04] [17.98]
qkht2022-01-04 002386 [-1 6.19 7.06 7.73 8.5 11.84] [0000-00-00 2021-04-28 2021-05-24 2021-05-25 2021-05-26 2021-12-14] [12.3]
qkht2022-01-04 002404 [-1 5.77] [0000-00-00 2022-01-04] [5.93]
qkht2022-01-04 002425 [-1 9.26] [0000-00-00 2021-12-31] [9.82]
qkht2022-01-04 002470 [-1 1.14 1.16 1.41 1.46 1.98 2.59 2.81 2.95] [0000-00-00 2021-02-01 2021-02-02 2021-06-03 2021-06-04 2021-08-16 2021-12-02 2021-12-29 2021-12-30] [3.16]
qkht2022-01-04 002479 [-1 5.65] [0000-00-00 2021-12-09] [6.03]
qkht2022-01-04 002490 [-1 5.5] [0000-00-00 2021-12-17] [5.77]
qkht2022-01-04 002496 [-1 2.16 2.27 2.33 2.45 2.79] [0000-00-00 2020-05-28 2021-04-30 2021-05-06 2021-05-07 2022-01-04] [2.84]
qkht2022-01-04 002497 [-1 6.07 22.82 26.81] [0000-00-00 2019-12-17 2021-07-05 2021-12-29] [27.54]
qkht2022-01-04 002518 [-1 23.48] [0000-00-00 2021-07-29] [24.65]
qkht2022-01-04 002535 [-1 1.81] [0000-00-00 2021-12-28] [1.91]
qkht2022-01-04 002570 [-1 4.09 4.41 4.91] [0000-00-00 2018-10-22 2021-04-15 2021-12-10] [5.23]
qkht2022-01-04 002577 [-1 11.94] [0000-00-00 2022-01-04] [12.28]
qkht2022-01-04 002586 [-1 2.45 2.82 3.27 3.41] [0000-00-00 2021-10-21 2021-12-01 2021-12-30 2021-12-31] [3.7]
qkht2022-01-04 002599 [-1 3.79 5.19 5.51 7.4] [0000-00-00 2021-08-02 2021-08-16 2021-08-17 2021-12-30] [7.78]
qkht2022-01-04 002601 [-1 27.17] [0000-00-00 2021-11-30] [28.16]
qkht2022-01-04 002603 [-1 8.96 9.71 10.27 11.19 18.46 19.85] [0000-00-00 2020-01-20 2020-01-21 2020-03-16 2020-03-17 2021-12-31 2022-01-04] [20.35]
qkht2022-01-04 002625 [-1 9.09 14.83 16.31 22.39] [0000-00-00 2020-07-13 2020-07-29 2020-07-30 2021-12-31] [23.03]
qkht2022-01-04 002682 [-1 3.82 4.14 4.55 5.51] [0000-00-00 2021-12-13 2021-12-14 2021-12-15 2021-12-17] [5.81]
qkht2022-01-04 002725 [-1 7.72 8.49 9.34 10.27] [0000-00-00 2021-12-07 2021-12-08 2021-12-09 2021-12-10] [10.5]
qkht2022-01-04 002748 [-1 4.89 8.5 10.76] [0000-00-00 2021-02-18 2021-09-08 2021-11-09] [11.37]
qkht2022-01-04 002776 [-1 3.33] [0000-00-00 2021-11-03] [3.51]
qkht2022-01-04 002790 [-1 5.93 9] [0000-00-00 2021-10-12 2021-12-09] [9.27]
qkht2022-01-04 002872 [-1 5] [0000-00-00 2021-12-31] [5.35]
qkht2022-01-04 002922 [-1 7.21 10.34 12.45 18.9] [0000-00-00 2021-01-18 2021-08-02 2021-09-14 2021-10-19] [20.15]
qkht2022-01-04 002932 [-1 19.83 21.81 34.23 41.17 45.01 51.47 64.09 72.96] [0000-00-00 2018-07-11 2018-07-12 2020-06-15 2020-06-29 2021-01-06 2021-01-13 2021-10-12 2021-12-30] [73.4]
qkht2022-01-04 002985 [-1 18.86 20.74 22.81 25.1 27.61 30.37 33.41 36.75 40.43 44.47 48.92 53.81 122.34] [0000-00-00 2020-04-30 2020-05-06 2020-05-07 2020-05-08 2020-05-11 2020-05-12 2020-05-13 2020-05-14 2020-05-15 2020-05-18 2020-05-19 2020-05-20 2022-01-04] [126]
qkht2022-01-04 003036 [-1 8.24 9.06 12.08] [0000-00-00 2021-01-29 2021-02-01 2021-12-14] [12.85]
qkht2022-01-04 600026 [-1 5.93] [0000-00-00 2022-01-04] [6.11]
qkht2022-01-04 600030 [-1 14.78 15.27 24.9] [0000-00-00 2018-10-22 2019-01-10 2021-12-06] [26.44]
qkht2022-01-04 600123 [-1 4.76 5.19 9.43] [0000-00-00 2021-02-18 2021-03-29 2022-01-04] [9.8]
qkht2022-01-04 600132 [-1 25.02 61.4 69.58 138.9] [0000-00-00 2018-12-03 2020-06-22 2020-08-17 2021-10-29] [144.6]
qkht2022-01-04 600139 [-1 2.49] [0000-00-00 2022-01-04] [2.56]
qkht2022-01-04 600150 [-1 23.83] [0000-00-00 2021-12-29] [24.8]
qkht2022-01-04 600167 [-1 8.84] [0000-00-00 2021-12-21] [9.09]
qkht2022-01-04 600187 [-1 2.13 2.58] [0000-00-00 2021-02-18 2022-01-04] [2.65]
qkht2022-01-04 600190 [-1 2.85] [0000-00-00 2022-01-04] [2.88]
qkht2022-01-04 600191 [-1 3.09 3.49] [0000-00-00 2021-09-06 2021-11-17] [3.67]
qkht2022-01-04 600208 [-1 2.89] [0000-00-00 2021-12-16] [3.01]
qkht2022-01-04 600225 [-1 1.32 1.39 1.61 3.12] [0000-00-00 2021-02-03 2021-02-04 2021-02-10 2021-12-31] [3.3]
qkht2022-01-04 600241 [-1 4.87 5.52 6.48 7.72 8.56] [0000-00-00 2021-06-02 2021-06-08 2021-08-06 2021-11-01 2021-11-05] [8.93]
qkht2022-01-04 600251 [-1 5.68 6.36 9.48] [0000-00-00 2021-02-18 2021-03-25 2022-01-04] [9.63]
qkht2022-01-04 600265 [-1 16.86 17.31 20.42] [0000-00-00 2021-07-02 2021-07-05 2021-12-31] [21.5]
qkht2022-01-04 600275 [-1 2.37 2.57] [0000-00-00 2021-03-16 2021-12-29] [2.72]
qkht2022-01-04 600288 [-1 8.06 8.46 12.86] [0000-00-00 2019-02-25 2019-03-04 2021-12-14] [13.63]
qkht2022-01-04 600289 [-1 2.09 2.73 3.08 3.42 3.92] [0000-00-00 2018-10-22 2019-12-02 2021-08-10 2021-11-02 2021-12-28] [4.08]
qkht2022-01-04 600291 [-1 3.65 3.73 4.42 4.87 5.1 5.8] [0000-00-00 2021-09-06 2021-09-07 2021-09-29 2021-10-08 2021-10-11 2021-10-25] [6.25]
qkht2022-01-04 600295 [-1 7.85 14.81 22.68] [0000-00-00 2020-07-30 2021-02-22 2021-08-23] [23.64]
qkht2022-01-04 600300 [-1 3.98] [0000-00-00 2021-12-31] [4.15]
qkht2022-01-04 600306 [-1 4.08 4.28 6.38 6.51 6.84 7.18 7.54 7.92 8.32 8.74 9.18 15.3 17.5] [0000-00-00 2020-10-09 2020-10-12 2021-05-31 2021-06-01 2021-06-02 2021-06-03 2021-06-04 2021-06-07 2021-06-08 2021-06-09 2021-06-10 2021-11-08 2022-01-04] [17.75]
qkht2022-01-04 600323 [-1 11.22 15.33 20.13] [0000-00-00 2018-10-22 2019-06-14 2021-07-21] [21.3]
qkht2022-01-04 600332 [-1 28.09 34.37] [0000-00-00 2021-04-28 2022-01-04] [34.49]
qkht2022-01-04 600338 [-1 12.76 18.43 27.67 32.54] [0000-00-00 2021-05-06 2021-07-13 2021-11-17 2021-12-29] [33.89]
qkht2022-01-04 600366 [-1 5.09 11.99 12.62] [0000-00-00 2020-03-25 2021-11-18 2021-12-30] [13.07]
qkht2022-01-04 600388 [-1 7.48 8.19] [0000-00-00 2018-10-22 2021-12-15] [8.72]
qkht2022-01-04 600395 [-1 7.34] [0000-00-00 2022-01-04] [7.54]
qkht2022-01-04 600396 [-1 1.84 2.85 3.14] [0000-00-00 2020-03-27 2021-12-14 2021-12-15] [3.35]
qkht2022-01-04 600406 [-1 11.95 36.65] [0000-00-00 2018-08-28 2021-11-12] [38.71]
qkht2022-01-04 600505 [-1 3.8 9.79] [0000-00-00 2018-10-22 2021-12-31] [11.01]
qkht2022-01-04 600508 [-1 8.46 11.36] [0000-00-00 2021-02-18 2022-01-04] [11.6]
qkht2022-01-04 600518 [-1 1.86 2.1 2.51 2.8 2.94 3.09] [0000-00-00 2021-04-23 2021-05-12 2021-05-27 2021-12-30 2021-12-31 2022-01-04] [3.24]
qkht2022-01-04 600526 [-1 3.9 4.86 6.04] [0000-00-00 2021-02-18 2021-03-16 2021-12-31] [6.37]
qkht2022-01-04 600540 [-1 5.2 5.93] [0000-00-00 2021-09-16 2021-12-24] [6.15]
qkht2022-01-04 600585 [-1 38.4] [0000-00-00 2021-12-06] [41.67]
qkht2022-01-04 600595 [-1 1.54 1.77 1.92 2.02 2.12 2.23 2.58 3.23 4.14 4.27] [0000-00-00 2020-07-06 2020-08-24 2021-01-18 2021-01-19 2021-01-20 2021-01-21 2021-02-18 2021-06-24 2021-12-30 2021-12-31] [4.59]
qkht2022-01-04 600599 [-1 6.76 7.93 8.23] [0000-00-00 2021-06-24 2021-12-31 2022-01-04] [8.64]
qkht2022-01-04 600605 [-1 5.67 8.93] [0000-00-00 2018-10-22 2021-12-17] [9.57]
qkht2022-01-04 600628 [-1 7.83] [0000-00-00 2022-01-04] [7.97]
qkht2022-01-04 600640 [-1 11.87 14.73] [0000-00-00 2021-11-05 2021-12-31] [15.4]
qkht2022-01-04 600688 [-1 3.43 4] [0000-00-00 2021-09-03 2021-11-15] [4.19]
qkht2022-01-04 600696 [-1 3.34 5.74 5.94 6.24 8.88 9.16 10.61 12.22 12.83 22.3 26.99 33.77] [0000-00-00 2018-10-22 2019-04-01 2019-04-02 2019-04-03 2020-12-15 2020-12-16 2020-12-31 2021-02-24 2021-02-25 2021-05-25 2021-10-29 2021-12-09] [35.8]
qkht2022-01-04 600734 [-1 0.98 1.06 1.17 1.23 1.29 1.35 2.26 2.71 3.02] [0000-00-00 2021-02-02 2021-02-08 2021-02-18 2021-02-19 2021-02-22 2021-02-23 2021-06-08 2021-11-29 2022-01-04] [3.17]
qkht2022-01-04 600740 [-1 4.49 5.47 5.75 6.24] [0000-00-00 2021-01-18 2021-08-23 2021-08-24 2022-01-04] [6.35]
qkht2022-01-04 600744 [-1 4 4.4 5.55] [0000-00-00 2021-03-11 2021-03-12 2021-11-09] [5.87]
qkht2022-01-04 600750 [-1 14.66] [0000-00-00 2022-01-04] [14.95]
qkht2022-01-04 600768 [-1 9.46] [0000-00-00 2022-01-04] [9.7]
qkht2022-01-04 600792 [-1 2.89 4.15] [0000-00-00 2020-11-03 2022-01-04] [4.29]
qkht2022-01-04 600795 [-1 2.92] [0000-00-00 2021-12-31] [3.04]
qkht2022-01-04 600881 [-1 3.16] [0000-00-00 2021-10-11] [3.31]
qkht2022-01-04 600896 [-1 5.02] [0000-00-00 2021-12-31] [5.33]
qkht2022-01-04 600903 [-1 9.3] [0000-00-00 2021-08-23] [9.76]
qkht2022-01-04 600939 [-1 3.59 3.92] [0000-00-00 2021-12-15 2021-12-16] [4.15]
qkht2022-01-04 600971 [-1 5.39 6.51] [0000-00-00 2021-03-29 2022-01-04] [6.69]
qkht2022-01-04 600985 [-1 7.74 10.14 11.25] [0000-00-00 2020-07-03 2021-02-18 2022-01-04] [11.42]
qkht2022-01-04 600989 [-1 8.52 10.95 16.68] [0000-00-00 2020-07-03 2020-11-17 2021-12-13] [17.27]
qkht2022-01-04 600997 [-1 5.3 7.17] [0000-00-00 2021-01-18 2022-01-04] [7.35]
qkht2022-01-04 601000 [-1 2.04 2.17 2.31 2.65] [0000-00-00 2020-07-06 2021-01-18 2021-02-18 2021-12-03] [2.85]
qkht2022-01-04 601001 [-1 5.12 8.11 9.62] [0000-00-00 2021-04-16 2021-08-23 2022-01-04] [9.8]
qkht2022-01-04 601015 [-1 3.01 3.49 4.5 4.95 5.45 6.37 6.53] [0000-00-00 2020-12-08 2021-01-18 2021-01-19 2021-01-20 2021-01-21 2021-11-18 2022-01-04] [6.74]
qkht2022-01-04 601118 [-1 5.08] [0000-00-00 2021-10-08] [5.38]
qkht2022-01-04 601218 [-1 5.32] [0000-00-00 2021-11-01] [5.59]
qkht2022-01-04 601228 [-1 3.21] [0000-00-00 2021-12-03] [3.37]
qkht2022-01-04 601319 [-1 4.55] [0000-00-00 2018-11-19] [4.72]
qkht2022-01-04 601326 [-1 2.66] [0000-00-00 2021-12-03] [2.83]
qkht2022-01-04 601336 [-1 37.08] [0000-00-00 2020-03-25] [39.05]
qkht2022-01-04 601633 [-1 5.29 8.36 46.3] [0000-00-00 2019-01-09 2020-07-06 2021-07-21] [47.78]
qkht2022-01-04 601699 [-1 5.46 6.57 7.43 11.43] [0000-00-00 2021-02-18 2021-04-19 2021-04-26 2022-01-04] [11.69]
qkht2022-01-04 601700 [-1 3 3.64 5.48 6.03] [0000-00-00 2018-12-27 2019-01-02 2021-12-15 2021-12-16] [6.21]
qkht2022-01-04 601717 [-1 7 11.09] [0000-00-00 2020-08-18 2021-12-31] [11.9]
qkht2022-01-04 601798 [-1 4.57 6.42 7.06 7.77 8.55] [0000-00-00 2018-12-03 2021-12-10 2021-12-13 2021-12-14 2021-12-15] [8.82]
qkht2022-01-04 601838 [-1 9.53 11.44] [0000-00-00 2021-01-18 2021-12-06] [12.14]
qkht2022-01-04 601888 [-1 76.73 139.01 152.9 204.38] [0000-00-00 2020-04-17 2020-06-30 2020-07-01 2021-12-06] [214.06]
qkht2022-01-04 601898 [-1 4.02 4.25 6.37] [0000-00-00 2021-02-18 2021-02-22 2022-01-04] [6.43]
qkht2022-01-04 601918 [-1 4.63] [0000-00-00 2022-01-04] [4.73]
qkht2022-01-04 601919 [-1 2.82 3.4 5.29 15.1 18.9] [0000-00-00 2020-07-03 2020-08-03 2020-11-05 2021-11-29 2022-01-04] [19.6]
qkht2022-01-04 603011 [-1 7.69] [0000-00-00 2021-12-28] [8.39]
qkht2022-01-04 603013 [-1 11.49 16.06] [0000-00-00 2020-03-25 2021-11-22] [16.86]
qkht2022-01-04 603071 [-1 22.2 24.42] [0000-00-00 2021-12-17 2021-12-20] [24.86]
qkht2022-01-04 603098 [-1 9.58 10.52 11.57 12.73 14 28.73 31.6 44.3] [0000-00-00 2021-03-05 2021-03-08 2021-03-09 2021-03-10 2021-03-11 2021-06-23 2021-06-24 2021-12-31] [45.5]
qkht2022-01-04 603115 [-1 16.16 24.7] [0000-00-00 2021-07-29 2021-11-04] [26.5]
qkht2022-01-04 603167 [-1 7.95] [0000-00-00 2022-01-04] [8.17]
qkht2022-01-04 603169 [-1 8.1 8.91] [0000-00-00 2021-12-16 2021-12-17] [9.17]
qkht2022-01-04 603192 [-1 31.52 34.67 51.58] [0000-00-00 2021-11-09 2021-11-10 2021-12-24] [53.8]
qkht2022-01-04 603216 [-1 24.28] [0000-00-00 2021-12-16] [25.35]
qkht2022-01-04 603324 [-1 28.61 38.93 42.82 54.8] [0000-00-00 2021-04-08 2021-07-06 2021-07-07 2021-10-25] [57.21]
qkht2022-01-04 603335 [-1 5.61 6.17] [0000-00-00 2021-12-07 2021-12-08] [6.32]
qkht2022-01-04 603595 [-1 34.76] [0000-00-00 2021-11-10] [34.95]
qkht2022-01-04 603603 [-1 4.93 6.35] [0000-00-00 2021-09-01 2021-11-11] [7.01]
qkht2022-01-04 603803 [-1 7.26] [0000-00-00 2021-12-29] [7.96]
qkht2022-01-04 605020 [-1 9.98 10.98 12.08 13.29 14.62 16.08 17.69 19.46 21.41 23.55 25.91 28.5] [0000-00-00 2021-07-12 2021-07-13 2021-07-14 2021-07-15 2021-07-16 2021-07-19 2021-07-20 2021-07-21 2021-07-22 2021-07-23 2021-07-26 2021-07-27] [30.11]
qkht2022-01-04 605168 [-1 84.69 93.16 102.47 158.4] [0000-00-00 2020-05-29 2020-06-01 2020-06-02 2021-12-31] [175]
qkht2022-01-04 605399 [-1 37.56] [0000-00-00 2021-11-18] [40.36]
 cost is :201914422 
